[0.065s] Invoking command in '/home/spiderweb/TestBase/build/more_interfaces': CMAKE_PREFIX_PATH=${CMAKE_PREFIX_PATH}:/home/spiderweb/TestBase/install/my_station_pkg:/opt/ros/humble /usr/bin/cmake --build /home/spiderweb/TestBase/build/more_interfaces -- -j4 -l4
[0.303s] [  1%] Built target more_interfaces__cpp
[0.313s] [ 12%] Built target more_interfaces__rosidl_generator_c
[0.392s] [ 12%] Built target ament_cmake_python_copy_more_interfaces
[0.429s] [ 24%] Built target more_interfaces__rosidl_typesupport_cpp
[0.444s] [ 35%] Built target more_interfaces__rosidl_typesupport_introspection_cpp
[0.447s] [ 47%] Built target more_interfaces__rosidl_typesupport_fastrtps_cpp
[0.532s] [ 58%] Built target more_interfaces__rosidl_typesupport_fastrtps_c
[0.553s] [ 70%] Built target more_interfaces__rosidl_typesupport_c
[0.559s] [ 82%] Built target more_interfaces__rosidl_typesupport_introspection_c
[0.656s] [ 82%] Built target more_interfaces
[0.748s] [ 83%] Built target more_interfaces__py
[0.857s] [ 93%] Built target more_interfaces__rosidl_generator_py
[0.981s] [ 95%] Built target more_interfaces__rosidl_typesupport_introspection_c__pyext
[0.987s] [ 97%] Built target more_interfaces__rosidl_typesupport_c__pyext
[0.991s] [100%] Built target more_interfaces__rosidl_typesupport_fastrtps_c__pyext
[1.781s] running egg_info
[1.784s] writing more_interfaces.egg-info/PKG-INFO
[1.785s] writing dependency_links to more_interfaces.egg-info/dependency_links.txt
[1.786s] writing top-level names to more_interfaces.egg-info/top_level.txt
[1.797s] reading manifest file 'more_interfaces.egg-info/SOURCES.txt'
[1.800s] writing manifest file 'more_interfaces.egg-info/SOURCES.txt'
[1.926s] [100%] Built target ament_cmake_python_build_more_interfaces_egg
[1.974s] Invoked command in '/home/spiderweb/TestBase/build/more_interfaces' returned '0': CMAKE_PREFIX_PATH=${CMAKE_PREFIX_PATH}:/home/spiderweb/TestBase/install/my_station_pkg:/opt/ros/humble /usr/bin/cmake --build /home/spiderweb/TestBase/build/more_interfaces -- -j4 -l4
[3.504s] Invoking command in '/home/spiderweb/TestBase/build/more_interfaces': CMAKE_PREFIX_PATH=${CMAKE_PREFIX_PATH}:/home/spiderweb/TestBase/install/my_station_pkg:/opt/ros/humble /usr/bin/cmake --install /home/spiderweb/TestBase/build/more_interfaces
[3.533s] -- Install configuration: ""
[3.534s] -- Up-to-date: /home/spiderweb/TestBase/install/more_interfaces/share/ament_index/resource_index/rosidl_interfaces/more_interfaces
[3.534s] -- Up-to-date: /home/spiderweb/TestBase/install/more_interfaces/include/more_interfaces/more_interfaces
[3.535s] -- Up-to-date: /home/spiderweb/TestBase/install/more_interfaces/include/more_interfaces/more_interfaces/srv
[3.535s] -- Up-to-date: /home/spiderweb/TestBase/install/more_interfaces/include/more_interfaces/more_interfaces/srv/timer.h
[3.535s] -- Up-to-date: /home/spiderweb/TestBase/install/more_interfaces/include/more_interfaces/more_interfaces/srv/arduino1.h
[3.536s] -- Up-to-date: /home/spiderweb/TestBase/install/more_interfaces/include/more_interfaces/more_interfaces/srv/detail
[3.536s] -- Up-to-date: /home/spiderweb/TestBase/install/more_interfaces/include/more_interfaces/more_interfaces/srv/detail/comms__type_support.h
[3.537s] -- Up-to-date: /home/spiderweb/TestBase/install/more_interfaces/include/more_interfaces/more_interfaces/srv/detail/trigger__type_support.h
[3.537s] -- Up-to-date: /home/spiderweb/TestBase/install/more_interfaces/include/more_interfaces/more_interfaces/srv/detail/alert__functions.c
[3.537s] -- Up-to-date: /home/spiderweb/TestBase/install/more_interfaces/include/more_interfaces/more_interfaces/srv/detail/arduino1__functions.c
[3.538s] -- Up-to-date: /home/spiderweb/TestBase/install/more_interfaces/include/more_interfaces/more_interfaces/srv/detail/trigger__functions.c
[3.538s] -- Up-to-date: /home/spiderweb/TestBase/install/more_interfaces/include/more_interfaces/more_interfaces/srv/detail/comms__struct.h
[3.539s] -- Up-to-date: /home/spiderweb/TestBase/install/more_interfaces/include/more_interfaces/more_interfaces/srv/detail/trigger__functions.h
[3.539s] -- Up-to-date: /home/spiderweb/TestBase/install/more_interfaces/include/more_interfaces/more_interfaces/srv/detail/trigger__struct.h
[3.540s] -- Up-to-date: /home/spiderweb/TestBase/install/more_interfaces/include/more_interfaces/more_interfaces/srv/detail/arduino1__functions.h
[3.540s] -- Up-to-date: /home/spiderweb/TestBase/install/more_interfaces/include/more_interfaces/more_interfaces/srv/detail/alert__type_support.h
[3.540s] -- Up-to-date: /home/spiderweb/TestBase/install/more_interfaces/include/more_interfaces/more_interfaces/srv/detail/error__type_support.h
[3.541s] -- Up-to-date: /home/spiderweb/TestBase/install/more_interfaces/include/more_interfaces/more_interfaces/srv/detail/mission__functions.h
[3.541s] -- Up-to-date: /home/spiderweb/TestBase/install/more_interfaces/include/more_interfaces/more_interfaces/srv/detail/comms__functions.c
[3.542s] -- Up-to-date: /home/spiderweb/TestBase/install/more_interfaces/include/more_interfaces/more_interfaces/srv/detail/error__functions.h
[3.542s] -- Up-to-date: /home/spiderweb/TestBase/install/more_interfaces/include/more_interfaces/more_interfaces/srv/detail/mission__type_support.h
[3.543s] -- Up-to-date: /home/spiderweb/TestBase/install/more_interfaces/include/more_interfaces/more_interfaces/srv/detail/alert__struct.h
[3.543s] -- Up-to-date: /home/spiderweb/TestBase/install/more_interfaces/include/more_interfaces/more_interfaces/srv/detail/error__struct.h
[3.543s] -- Up-to-date: /home/spiderweb/TestBase/install/more_interfaces/include/more_interfaces/more_interfaces/srv/detail/timer__functions.h
[3.544s] -- Up-to-date: /home/spiderweb/TestBase/install/more_interfaces/include/more_interfaces/more_interfaces/srv/detail/arduino1__struct.h
[3.544s] -- Up-to-date: /home/spiderweb/TestBase/install/more_interfaces/include/more_interfaces/more_interfaces/srv/detail/comms__functions.h
[3.545s] -- Up-to-date: /home/spiderweb/TestBase/install/more_interfaces/include/more_interfaces/more_interfaces/srv/detail/string__struct.h
[3.545s] -- Up-to-date: /home/spiderweb/TestBase/install/more_interfaces/include/more_interfaces/more_interfaces/srv/detail/string__type_support.h
[3.546s] -- Up-to-date: /home/spiderweb/TestBase/install/more_interfaces/include/more_interfaces/more_interfaces/srv/detail/timer__functions.c
[3.546s] -- Up-to-date: /home/spiderweb/TestBase/install/more_interfaces/include/more_interfaces/more_interfaces/srv/detail/timer__struct.h
[3.547s] -- Up-to-date: /home/spiderweb/TestBase/install/more_interfaces/include/more_interfaces/more_interfaces/srv/detail/string__functions.c
[3.547s] -- Up-to-date: /home/spiderweb/TestBase/install/more_interfaces/include/more_interfaces/more_interfaces/srv/detail/alert__functions.h
[3.547s] -- Up-to-date: /home/spiderweb/TestBase/install/more_interfaces/include/more_interfaces/more_interfaces/srv/detail/arduino1__type_support.h
[3.548s] -- Up-to-date: /home/spiderweb/TestBase/install/more_interfaces/include/more_interfaces/more_interfaces/srv/detail/mission__struct.h
[3.548s] -- Up-to-date: /home/spiderweb/TestBase/install/more_interfaces/include/more_interfaces/more_interfaces/srv/detail/error__functions.c
[3.549s] -- Up-to-date: /home/spiderweb/TestBase/install/more_interfaces/include/more_interfaces/more_interfaces/srv/detail/mission__functions.c
[3.549s] -- Up-to-date: /home/spiderweb/TestBase/install/more_interfaces/include/more_interfaces/more_interfaces/srv/detail/string__functions.h
[3.549s] -- Up-to-date: /home/spiderweb/TestBase/install/more_interfaces/include/more_interfaces/more_interfaces/srv/detail/timer__type_support.h
[3.550s] -- Up-to-date: /home/spiderweb/TestBase/install/more_interfaces/include/more_interfaces/more_interfaces/srv/mission.h
[3.550s] -- Up-to-date: /home/spiderweb/TestBase/install/more_interfaces/include/more_interfaces/more_interfaces/srv/alert.h
[3.551s] -- Up-to-date: /home/spiderweb/TestBase/install/more_interfaces/include/more_interfaces/more_interfaces/srv/comms.h
[3.551s] -- Up-to-date: /home/spiderweb/TestBase/install/more_interfaces/include/more_interfaces/more_interfaces/srv/error.h
[3.551s] -- Up-to-date: /home/spiderweb/TestBase/install/more_interfaces/include/more_interfaces/more_interfaces/srv/trigger.h
[3.552s] -- Up-to-date: /home/spiderweb/TestBase/install/more_interfaces/include/more_interfaces/more_interfaces/srv/string.h
[3.552s] -- Up-to-date: /home/spiderweb/TestBase/install/more_interfaces/include/more_interfaces/more_interfaces/msg
[3.553s] -- Up-to-date: /home/spiderweb/TestBase/install/more_interfaces/include/more_interfaces/more_interfaces/msg/rosidl_generator_c__visibility_control.h
[3.553s] -- Up-to-date: /home/spiderweb/TestBase/install/more_interfaces/include/more_interfaces/more_interfaces/msg/detail
[3.553s] -- Up-to-date: /home/spiderweb/TestBase/install/more_interfaces/include/more_interfaces/more_interfaces/msg/detail/trials1__functions.h
[3.554s] -- Up-to-date: /home/spiderweb/TestBase/install/more_interfaces/include/more_interfaces/more_interfaces/msg/detail/trials1__functions.c
[3.554s] -- Up-to-date: /home/spiderweb/TestBase/install/more_interfaces/include/more_interfaces/more_interfaces/msg/detail/trials1__type_support.h
[3.555s] -- Up-to-date: /home/spiderweb/TestBase/install/more_interfaces/include/more_interfaces/more_interfaces/msg/detail/trials1__struct.h
[3.555s] -- Up-to-date: /home/spiderweb/TestBase/install/more_interfaces/include/more_interfaces/more_interfaces/msg/trials1.h
[3.556s] -- Up-to-date: /home/spiderweb/TestBase/install/more_interfaces/share/more_interfaces/environment/library_path.sh
[3.556s] -- Up-to-date: /home/spiderweb/TestBase/install/more_interfaces/share/more_interfaces/environment/library_path.dsv
[3.556s] -- Up-to-date: /home/spiderweb/TestBase/install/more_interfaces/lib/libmore_interfaces__rosidl_generator_c.so
[3.557s] -- Up-to-date: /home/spiderweb/TestBase/install/more_interfaces/include/more_interfaces/more_interfaces
[3.557s] -- Up-to-date: /home/spiderweb/TestBase/install/more_interfaces/include/more_interfaces/more_interfaces/srv
[3.558s] -- Up-to-date: /home/spiderweb/TestBase/install/more_interfaces/include/more_interfaces/more_interfaces/srv/detail
[3.558s] -- Up-to-date: /home/spiderweb/TestBase/install/more_interfaces/include/more_interfaces/more_interfaces/srv/detail/error__rosidl_typesupport_fastrtps_c.h
[3.559s] -- Up-to-date: /home/spiderweb/TestBase/install/more_interfaces/include/more_interfaces/more_interfaces/srv/detail/arduino1__rosidl_typesupport_fastrtps_c.h
[3.559s] -- Up-to-date: /home/spiderweb/TestBase/install/more_interfaces/include/more_interfaces/more_interfaces/srv/detail/string__rosidl_typesupport_fastrtps_c.h
[3.559s] -- Up-to-date: /home/spiderweb/TestBase/install/more_interfaces/include/more_interfaces/more_interfaces/srv/detail/timer__rosidl_typesupport_fastrtps_c.h
[3.560s] -- Up-to-date: /home/spiderweb/TestBase/install/more_interfaces/include/more_interfaces/more_interfaces/srv/detail/alert__rosidl_typesupport_fastrtps_c.h
[3.560s] -- Up-to-date: /home/spiderweb/TestBase/install/more_interfaces/include/more_interfaces/more_interfaces/srv/detail/trigger__rosidl_typesupport_fastrtps_c.h
[3.560s] -- Up-to-date: /home/spiderweb/TestBase/install/more_interfaces/include/more_interfaces/more_interfaces/srv/detail/mission__rosidl_typesupport_fastrtps_c.h
[3.561s] -- Up-to-date: /home/spiderweb/TestBase/install/more_interfaces/include/more_interfaces/more_interfaces/srv/detail/comms__rosidl_typesupport_fastrtps_c.h
[3.561s] -- Up-to-date: /home/spiderweb/TestBase/install/more_interfaces/include/more_interfaces/more_interfaces/msg
[3.561s] -- Up-to-date: /home/spiderweb/TestBase/install/more_interfaces/include/more_interfaces/more_interfaces/msg/rosidl_typesupport_fastrtps_c__visibility_control.h
[3.562s] -- Up-to-date: /home/spiderweb/TestBase/install/more_interfaces/include/more_interfaces/more_interfaces/msg/detail
[3.562s] -- Up-to-date: /home/spiderweb/TestBase/install/more_interfaces/include/more_interfaces/more_interfaces/msg/detail/trials1__rosidl_typesupport_fastrtps_c.h
[3.563s] -- Up-to-date: /home/spiderweb/TestBase/install/more_interfaces/lib/libmore_interfaces__rosidl_typesupport_fastrtps_c.so
[3.563s] -- Up-to-date: /home/spiderweb/TestBase/install/more_interfaces/include/more_interfaces/more_interfaces
[3.564s] -- Up-to-date: /home/spiderweb/TestBase/install/more_interfaces/include/more_interfaces/more_interfaces/srv
[3.564s] -- Up-to-date: /home/spiderweb/TestBase/install/more_interfaces/include/more_interfaces/more_interfaces/srv/detail
[3.565s] -- Up-to-date: /home/spiderweb/TestBase/install/more_interfaces/include/more_interfaces/more_interfaces/srv/detail/arduino1__type_support.c
[3.565s] -- Up-to-date: /home/spiderweb/TestBase/install/more_interfaces/include/more_interfaces/more_interfaces/srv/detail/timer__rosidl_typesupport_introspection_c.h
[3.565s] -- Up-to-date: /home/spiderweb/TestBase/install/more_interfaces/include/more_interfaces/more_interfaces/srv/detail/trigger__rosidl_typesupport_introspection_c.h
[3.566s] -- Up-to-date: /home/spiderweb/TestBase/install/more_interfaces/include/more_interfaces/more_interfaces/srv/detail/arduino1__rosidl_typesupport_introspection_c.h
[3.566s] -- Up-to-date: /home/spiderweb/TestBase/install/more_interfaces/include/more_interfaces/more_interfaces/srv/detail/mission__type_support.c
[3.567s] -- Up-to-date: /home/spiderweb/TestBase/install/more_interfaces/include/more_interfaces/more_interfaces/srv/detail/error__type_support.c
[3.567s] -- Up-to-date: /home/spiderweb/TestBase/install/more_interfaces/include/more_interfaces/more_interfaces/srv/detail/timer__type_support.c
[3.568s] -- Up-to-date: /home/spiderweb/TestBase/install/more_interfaces/include/more_interfaces/more_interfaces/srv/detail/alert__rosidl_typesupport_introspection_c.h
[3.568s] -- Up-to-date: /home/spiderweb/TestBase/install/more_interfaces/include/more_interfaces/more_interfaces/srv/detail/error__rosidl_typesupport_introspection_c.h
[3.568s] -- Up-to-date: /home/spiderweb/TestBase/install/more_interfaces/include/more_interfaces/more_interfaces/srv/detail/comms__type_support.c
[3.569s] -- Up-to-date: /home/spiderweb/TestBase/install/more_interfaces/include/more_interfaces/more_interfaces/srv/detail/string__rosidl_typesupport_introspection_c.h
[3.569s] -- Up-to-date: /home/spiderweb/TestBase/install/more_interfaces/include/more_interfaces/more_interfaces/srv/detail/mission__rosidl_typesupport_introspection_c.h
[3.569s] -- Up-to-date: /home/spiderweb/TestBase/install/more_interfaces/include/more_interfaces/more_interfaces/srv/detail/string__type_support.c
[3.570s] -- Up-to-date: /home/spiderweb/TestBase/install/more_interfaces/include/more_interfaces/more_interfaces/srv/detail/trigger__type_support.c
[3.570s] -- Up-to-date: /home/spiderweb/TestBase/install/more_interfaces/include/more_interfaces/more_interfaces/srv/detail/comms__rosidl_typesupport_introspection_c.h
[3.571s] -- Up-to-date: /home/spiderweb/TestBase/install/more_interfaces/include/more_interfaces/more_interfaces/srv/detail/alert__type_support.c
[3.571s] -- Up-to-date: /home/spiderweb/TestBase/install/more_interfaces/include/more_interfaces/more_interfaces/msg
[3.571s] -- Up-to-date: /home/spiderweb/TestBase/install/more_interfaces/include/more_interfaces/more_interfaces/msg/detail
[3.572s] -- Up-to-date: /home/spiderweb/TestBase/install/more_interfaces/include/more_interfaces/more_interfaces/msg/detail/trials1__type_support.c
[3.572s] -- Up-to-date: /home/spiderweb/TestBase/install/more_interfaces/include/more_interfaces/more_interfaces/msg/detail/trials1__rosidl_typesupport_introspection_c.h
[3.574s] -- Up-to-date: /home/spiderweb/TestBase/install/more_interfaces/include/more_interfaces/more_interfaces/msg/rosidl_typesupport_introspection_c__visibility_control.h
[3.574s] -- Up-to-date: /home/spiderweb/TestBase/install/more_interfaces/lib/libmore_interfaces__rosidl_typesupport_introspection_c.so
[3.575s] -- Up-to-date: /home/spiderweb/TestBase/install/more_interfaces/lib/libmore_interfaces__rosidl_typesupport_c.so
[3.575s] -- Up-to-date: /home/spiderweb/TestBase/install/more_interfaces/include/more_interfaces/more_interfaces
[3.576s] -- Up-to-date: /home/spiderweb/TestBase/install/more_interfaces/include/more_interfaces/more_interfaces/srv
[3.576s] -- Up-to-date: /home/spiderweb/TestBase/install/more_interfaces/include/more_interfaces/more_interfaces/srv/arduino1.hpp
[3.577s] -- Up-to-date: /home/spiderweb/TestBase/install/more_interfaces/include/more_interfaces/more_interfaces/srv/alert.hpp
[3.577s] -- Up-to-date: /home/spiderweb/TestBase/install/more_interfaces/include/more_interfaces/more_interfaces/srv/detail
[3.578s] -- Up-to-date: /home/spiderweb/TestBase/install/more_interfaces/include/more_interfaces/more_interfaces/srv/detail/trigger__struct.hpp
[3.578s] -- Up-to-date: /home/spiderweb/TestBase/install/more_interfaces/include/more_interfaces/more_interfaces/srv/detail/error__struct.hpp
[3.578s] -- Up-to-date: /home/spiderweb/TestBase/install/more_interfaces/include/more_interfaces/more_interfaces/srv/detail/alert__struct.hpp
[3.579s] -- Up-to-date: /home/spiderweb/TestBase/install/more_interfaces/include/more_interfaces/more_interfaces/srv/detail/comms__traits.hpp
[3.579s] -- Up-to-date: /home/spiderweb/TestBase/install/more_interfaces/include/more_interfaces/more_interfaces/srv/detail/comms__struct.hpp
[3.580s] -- Up-to-date: /home/spiderweb/TestBase/install/more_interfaces/include/more_interfaces/more_interfaces/srv/detail/string__builder.hpp
[3.580s] -- Up-to-date: /home/spiderweb/TestBase/install/more_interfaces/include/more_interfaces/more_interfaces/srv/detail/arduino1__traits.hpp
[3.580s] -- Up-to-date: /home/spiderweb/TestBase/install/more_interfaces/include/more_interfaces/more_interfaces/srv/detail/arduino1__struct.hpp
[3.581s] -- Up-to-date: /home/spiderweb/TestBase/install/more_interfaces/include/more_interfaces/more_interfaces/srv/detail/arduino1__builder.hpp
[3.581s] -- Up-to-date: /home/spiderweb/TestBase/install/more_interfaces/include/more_interfaces/more_interfaces/srv/detail/timer__builder.hpp
[3.582s] -- Up-to-date: /home/spiderweb/TestBase/install/more_interfaces/include/more_interfaces/more_interfaces/srv/detail/mission__builder.hpp
[3.582s] -- Up-to-date: /home/spiderweb/TestBase/install/more_interfaces/include/more_interfaces/more_interfaces/srv/detail/string__struct.hpp
[3.583s] -- Up-to-date: /home/spiderweb/TestBase/install/more_interfaces/include/more_interfaces/more_interfaces/srv/detail/string__traits.hpp
[3.584s] -- Up-to-date: /home/spiderweb/TestBase/install/more_interfaces/include/more_interfaces/more_interfaces/srv/detail/trigger__traits.hpp
[3.584s] -- Up-to-date: /home/spiderweb/TestBase/install/more_interfaces/include/more_interfaces/more_interfaces/srv/detail/trigger__builder.hpp
[3.585s] -- Up-to-date: /home/spiderweb/TestBase/install/more_interfaces/include/more_interfaces/more_interfaces/srv/detail/alert__traits.hpp
[3.585s] -- Up-to-date: /home/spiderweb/TestBase/install/more_interfaces/include/more_interfaces/more_interfaces/srv/detail/mission__struct.hpp
[3.585s] -- Up-to-date: /home/spiderweb/TestBase/install/more_interfaces/include/more_interfaces/more_interfaces/srv/detail/error__traits.hpp
[3.586s] -- Up-to-date: /home/spiderweb/TestBase/install/more_interfaces/include/more_interfaces/more_interfaces/srv/detail/alert__builder.hpp
[3.586s] -- Up-to-date: /home/spiderweb/TestBase/install/more_interfaces/include/more_interfaces/more_interfaces/srv/detail/error__builder.hpp
[3.587s] -- Up-to-date: /home/spiderweb/TestBase/install/more_interfaces/include/more_interfaces/more_interfaces/srv/detail/timer__struct.hpp
[3.587s] -- Up-to-date: /home/spiderweb/TestBase/install/more_interfaces/include/more_interfaces/more_interfaces/srv/detail/timer__traits.hpp
[3.587s] -- Up-to-date: /home/spiderweb/TestBase/install/more_interfaces/include/more_interfaces/more_interfaces/srv/detail/mission__traits.hpp
[3.588s] -- Up-to-date: /home/spiderweb/TestBase/install/more_interfaces/include/more_interfaces/more_interfaces/srv/detail/comms__builder.hpp
[3.588s] -- Up-to-date: /home/spiderweb/TestBase/install/more_interfaces/include/more_interfaces/more_interfaces/srv/mission.hpp
[3.589s] -- Up-to-date: /home/spiderweb/TestBase/install/more_interfaces/include/more_interfaces/more_interfaces/srv/comms.hpp
[3.589s] -- Up-to-date: /home/spiderweb/TestBase/install/more_interfaces/include/more_interfaces/more_interfaces/srv/trigger.hpp
[3.589s] -- Up-to-date: /home/spiderweb/TestBase/install/more_interfaces/include/more_interfaces/more_interfaces/srv/string.hpp
[3.590s] -- Up-to-date: /home/spiderweb/TestBase/install/more_interfaces/include/more_interfaces/more_interfaces/srv/timer.hpp
[3.590s] -- Up-to-date: /home/spiderweb/TestBase/install/more_interfaces/include/more_interfaces/more_interfaces/srv/error.hpp
[3.591s] -- Up-to-date: /home/spiderweb/TestBase/install/more_interfaces/include/more_interfaces/more_interfaces/msg
[3.591s] -- Up-to-date: /home/spiderweb/TestBase/install/more_interfaces/include/more_interfaces/more_interfaces/msg/detail
[3.591s] -- Up-to-date: /home/spiderweb/TestBase/install/more_interfaces/include/more_interfaces/more_interfaces/msg/detail/trials1__struct.hpp
[3.592s] -- Up-to-date: /home/spiderweb/TestBase/install/more_interfaces/include/more_interfaces/more_interfaces/msg/detail/trials1__traits.hpp
[3.592s] -- Up-to-date: /home/spiderweb/TestBase/install/more_interfaces/include/more_interfaces/more_interfaces/msg/detail/trials1__builder.hpp
[3.592s] -- Up-to-date: /home/spiderweb/TestBase/install/more_interfaces/include/more_interfaces/more_interfaces/msg/trials1.hpp
[3.593s] -- Up-to-date: /home/spiderweb/TestBase/install/more_interfaces/include/more_interfaces/more_interfaces
[3.593s] -- Up-to-date: /home/spiderweb/TestBase/install/more_interfaces/include/more_interfaces/more_interfaces/srv
[3.594s] -- Up-to-date: /home/spiderweb/TestBase/install/more_interfaces/include/more_interfaces/more_interfaces/srv/detail
[3.594s] -- Up-to-date: /home/spiderweb/TestBase/install/more_interfaces/include/more_interfaces/more_interfaces/srv/detail/comms__rosidl_typesupport_fastrtps_cpp.hpp
[3.595s] -- Up-to-date: /home/spiderweb/TestBase/install/more_interfaces/include/more_interfaces/more_interfaces/srv/detail/error__rosidl_typesupport_fastrtps_cpp.hpp
[3.595s] -- Up-to-date: /home/spiderweb/TestBase/install/more_interfaces/include/more_interfaces/more_interfaces/srv/detail/trigger__rosidl_typesupport_fastrtps_cpp.hpp
[3.595s] -- Up-to-date: /home/spiderweb/TestBase/install/more_interfaces/include/more_interfaces/more_interfaces/srv/detail/mission__rosidl_typesupport_fastrtps_cpp.hpp
[3.596s] -- Up-to-date: /home/spiderweb/TestBase/install/more_interfaces/include/more_interfaces/more_interfaces/srv/detail/dds_fastrtps
[3.596s] -- Up-to-date: /home/spiderweb/TestBase/install/more_interfaces/include/more_interfaces/more_interfaces/srv/detail/arduino1__rosidl_typesupport_fastrtps_cpp.hpp
[3.597s] -- Up-to-date: /home/spiderweb/TestBase/install/more_interfaces/include/more_interfaces/more_interfaces/srv/detail/string__rosidl_typesupport_fastrtps_cpp.hpp
[3.597s] -- Up-to-date: /home/spiderweb/TestBase/install/more_interfaces/include/more_interfaces/more_interfaces/srv/detail/timer__rosidl_typesupport_fastrtps_cpp.hpp
[3.598s] -- Up-to-date: /home/spiderweb/TestBase/install/more_interfaces/include/more_interfaces/more_interfaces/srv/detail/alert__rosidl_typesupport_fastrtps_cpp.hpp
[3.598s] -- Up-to-date: /home/spiderweb/TestBase/install/more_interfaces/include/more_interfaces/more_interfaces/msg
[3.598s] -- Up-to-date: /home/spiderweb/TestBase/install/more_interfaces/include/more_interfaces/more_interfaces/msg/rosidl_typesupport_fastrtps_cpp__visibility_control.h
[3.599s] -- Up-to-date: /home/spiderweb/TestBase/install/more_interfaces/include/more_interfaces/more_interfaces/msg/detail
[3.599s] -- Up-to-date: /home/spiderweb/TestBase/install/more_interfaces/include/more_interfaces/more_interfaces/msg/detail/dds_fastrtps
[3.600s] -- Up-to-date: /home/spiderweb/TestBase/install/more_interfaces/include/more_interfaces/more_interfaces/msg/detail/trials1__rosidl_typesupport_fastrtps_cpp.hpp
[3.600s] -- Up-to-date: /home/spiderweb/TestBase/install/more_interfaces/lib/libmore_interfaces__rosidl_typesupport_fastrtps_cpp.so
[3.600s] -- Up-to-date: /home/spiderweb/TestBase/install/more_interfaces/include/more_interfaces/more_interfaces
[3.601s] -- Up-to-date: /home/spiderweb/TestBase/install/more_interfaces/include/more_interfaces/more_interfaces/srv
[3.601s] -- Up-to-date: /home/spiderweb/TestBase/install/more_interfaces/include/more_interfaces/more_interfaces/srv/detail
[3.602s] -- Up-to-date: /home/spiderweb/TestBase/install/more_interfaces/include/more_interfaces/more_interfaces/srv/detail/arduino1__rosidl_typesupport_introspection_cpp.hpp
[3.602s] -- Up-to-date: /home/spiderweb/TestBase/install/more_interfaces/include/more_interfaces/more_interfaces/srv/detail/alert__type_support.cpp
[3.602s] -- Up-to-date: /home/spiderweb/TestBase/install/more_interfaces/include/more_interfaces/more_interfaces/srv/detail/arduino1__type_support.cpp
[3.603s] -- Up-to-date: /home/spiderweb/TestBase/install/more_interfaces/include/more_interfaces/more_interfaces/srv/detail/comms__rosidl_typesupport_introspection_cpp.hpp
[3.603s] -- Up-to-date: /home/spiderweb/TestBase/install/more_interfaces/include/more_interfaces/more_interfaces/srv/detail/timer__rosidl_typesupport_introspection_cpp.hpp
[3.603s] -- Up-to-date: /home/spiderweb/TestBase/install/more_interfaces/include/more_interfaces/more_interfaces/srv/detail/mission__rosidl_typesupport_introspection_cpp.hpp
[3.604s] -- Up-to-date: /home/spiderweb/TestBase/install/more_interfaces/include/more_interfaces/more_interfaces/srv/detail/mission__type_support.cpp
[3.604s] -- Up-to-date: /home/spiderweb/TestBase/install/more_interfaces/include/more_interfaces/more_interfaces/srv/detail/error__rosidl_typesupport_introspection_cpp.hpp
[3.604s] -- Up-to-date: /home/spiderweb/TestBase/install/more_interfaces/include/more_interfaces/more_interfaces/srv/detail/error__type_support.cpp
[3.605s] -- Up-to-date: /home/spiderweb/TestBase/install/more_interfaces/include/more_interfaces/more_interfaces/srv/detail/string__rosidl_typesupport_introspection_cpp.hpp
[3.605s] -- Up-to-date: /home/spiderweb/TestBase/install/more_interfaces/include/more_interfaces/more_interfaces/srv/detail/timer__type_support.cpp
[3.606s] -- Up-to-date: /home/spiderweb/TestBase/install/more_interfaces/include/more_interfaces/more_interfaces/srv/detail/string__type_support.cpp
[3.606s] -- Up-to-date: /home/spiderweb/TestBase/install/more_interfaces/include/more_interfaces/more_interfaces/srv/detail/comms__type_support.cpp
[3.606s] -- Up-to-date: /home/spiderweb/TestBase/install/more_interfaces/include/more_interfaces/more_interfaces/srv/detail/trigger__rosidl_typesupport_introspection_cpp.hpp
[3.607s] -- Up-to-date: /home/spiderweb/TestBase/install/more_interfaces/include/more_interfaces/more_interfaces/srv/detail/trigger__type_support.cpp
[3.607s] -- Up-to-date: /home/spiderweb/TestBase/install/more_interfaces/include/more_interfaces/more_interfaces/srv/detail/alert__rosidl_typesupport_introspection_cpp.hpp
[3.608s] -- Up-to-date: /home/spiderweb/TestBase/install/more_interfaces/include/more_interfaces/more_interfaces/msg
[3.608s] -- Up-to-date: /home/spiderweb/TestBase/install/more_interfaces/include/more_interfaces/more_interfaces/msg/detail
[3.608s] -- Up-to-date: /home/spiderweb/TestBase/install/more_interfaces/include/more_interfaces/more_interfaces/msg/detail/trials1__type_support.cpp
[3.609s] -- Up-to-date: /home/spiderweb/TestBase/install/more_interfaces/include/more_interfaces/more_interfaces/msg/detail/trials1__rosidl_typesupport_introspection_cpp.hpp
[3.609s] -- Up-to-date: /home/spiderweb/TestBase/install/more_interfaces/lib/libmore_interfaces__rosidl_typesupport_introspection_cpp.so
[3.609s] -- Up-to-date: /home/spiderweb/TestBase/install/more_interfaces/lib/libmore_interfaces__rosidl_typesupport_cpp.so
[3.610s] -- Up-to-date: /home/spiderweb/TestBase/install/more_interfaces/share/more_interfaces/environment/pythonpath.sh
[3.610s] -- Up-to-date: /home/spiderweb/TestBase/install/more_interfaces/share/more_interfaces/environment/pythonpath.dsv
[3.611s] -- Up-to-date: /home/spiderweb/TestBase/install/more_interfaces/local/lib/python3.10/dist-packages/more_interfaces-0.0.0-py3.10.egg-info
[3.611s] -- Installing: /home/spiderweb/TestBase/install/more_interfaces/local/lib/python3.10/dist-packages/more_interfaces-0.0.0-py3.10.egg-info/top_level.txt
[3.611s] -- Installing: /home/spiderweb/TestBase/install/more_interfaces/local/lib/python3.10/dist-packages/more_interfaces-0.0.0-py3.10.egg-info/dependency_links.txt
[3.612s] -- Installing: /home/spiderweb/TestBase/install/more_interfaces/local/lib/python3.10/dist-packages/more_interfaces-0.0.0-py3.10.egg-info/PKG-INFO
[3.612s] -- Installing: /home/spiderweb/TestBase/install/more_interfaces/local/lib/python3.10/dist-packages/more_interfaces-0.0.0-py3.10.egg-info/SOURCES.txt
[3.613s] -- Up-to-date: /home/spiderweb/TestBase/install/more_interfaces/local/lib/python3.10/dist-packages/more_interfaces
[3.613s] -- Up-to-date: /home/spiderweb/TestBase/install/more_interfaces/local/lib/python3.10/dist-packages/more_interfaces/more_interfaces_s__rosidl_typesupport_fastrtps_c.cpython-310-aarch64-linux-gnu.so
[3.613s] -- Up-to-date: /home/spiderweb/TestBase/install/more_interfaces/local/lib/python3.10/dist-packages/more_interfaces/srv
[3.614s] -- Up-to-date: /home/spiderweb/TestBase/install/more_interfaces/local/lib/python3.10/dist-packages/more_interfaces/srv/_string_s.c
[3.614s] -- Up-to-date: /home/spiderweb/TestBase/install/more_interfaces/local/lib/python3.10/dist-packages/more_interfaces/srv/_timer_s.c
[3.615s] -- Up-to-date: /home/spiderweb/TestBase/install/more_interfaces/local/lib/python3.10/dist-packages/more_interfaces/srv/_string.py
[3.615s] -- Up-to-date: /home/spiderweb/TestBase/install/more_interfaces/local/lib/python3.10/dist-packages/more_interfaces/srv/_alert.py
[3.616s] -- Up-to-date: /home/spiderweb/TestBase/install/more_interfaces/local/lib/python3.10/dist-packages/more_interfaces/srv/_comms_s.c
[3.616s] -- Up-to-date: /home/spiderweb/TestBase/install/more_interfaces/local/lib/python3.10/dist-packages/more_interfaces/srv/_arduino1_s.c
[3.616s] -- Up-to-date: /home/spiderweb/TestBase/install/more_interfaces/local/lib/python3.10/dist-packages/more_interfaces/srv/_trigger_s.c
[3.617s] -- Up-to-date: /home/spiderweb/TestBase/install/more_interfaces/local/lib/python3.10/dist-packages/more_interfaces/srv/_error.py
[3.617s] -- Up-to-date: /home/spiderweb/TestBase/install/more_interfaces/local/lib/python3.10/dist-packages/more_interfaces/srv/_mission_s.c
[3.618s] -- Up-to-date: /home/spiderweb/TestBase/install/more_interfaces/local/lib/python3.10/dist-packages/more_interfaces/srv/_arduino1.py
[3.618s] -- Up-to-date: /home/spiderweb/TestBase/install/more_interfaces/local/lib/python3.10/dist-packages/more_interfaces/srv/_mission.py
[3.619s] -- Up-to-date: /home/spiderweb/TestBase/install/more_interfaces/local/lib/python3.10/dist-packages/more_interfaces/srv/_error_s.c
[3.619s] -- Up-to-date: /home/spiderweb/TestBase/install/more_interfaces/local/lib/python3.10/dist-packages/more_interfaces/srv/_alert_s.c
[3.619s] -- Up-to-date: /home/spiderweb/TestBase/install/more_interfaces/local/lib/python3.10/dist-packages/more_interfaces/srv/_comms.py
[3.620s] -- Up-to-date: /home/spiderweb/TestBase/install/more_interfaces/local/lib/python3.10/dist-packages/more_interfaces/srv/__init__.py
[3.620s] -- Up-to-date: /home/spiderweb/TestBase/install/more_interfaces/local/lib/python3.10/dist-packages/more_interfaces/srv/_trigger.py
[3.621s] -- Up-to-date: /home/spiderweb/TestBase/install/more_interfaces/local/lib/python3.10/dist-packages/more_interfaces/srv/_timer.py
[3.621s] -- Up-to-date: /home/spiderweb/TestBase/install/more_interfaces/local/lib/python3.10/dist-packages/more_interfaces/_more_interfaces_s.ep.rosidl_typesupport_c.c
[3.622s] -- Up-to-date: /home/spiderweb/TestBase/install/more_interfaces/local/lib/python3.10/dist-packages/more_interfaces/msg
[3.622s] -- Up-to-date: /home/spiderweb/TestBase/install/more_interfaces/local/lib/python3.10/dist-packages/more_interfaces/msg/_trials1.py
[3.625s] -- Up-to-date: /home/spiderweb/TestBase/install/more_interfaces/local/lib/python3.10/dist-packages/more_interfaces/msg/__init__.py
[3.626s] -- Up-to-date: /home/spiderweb/TestBase/install/more_interfaces/local/lib/python3.10/dist-packages/more_interfaces/msg/_trials1_s.c
[3.626s] -- Up-to-date: /home/spiderweb/TestBase/install/more_interfaces/local/lib/python3.10/dist-packages/more_interfaces/more_interfaces_s__rosidl_typesupport_introspection_c.cpython-310-aarch64-linux-gnu.so
[3.627s] -- Up-to-date: /home/spiderweb/TestBase/install/more_interfaces/local/lib/python3.10/dist-packages/more_interfaces/more_interfaces_s__rosidl_typesupport_c.cpython-310-aarch64-linux-gnu.so
[3.627s] -- Up-to-date: /home/spiderweb/TestBase/install/more_interfaces/local/lib/python3.10/dist-packages/more_interfaces/_more_interfaces_s.ep.rosidl_typesupport_introspection_c.c
[3.628s] -- Up-to-date: /home/spiderweb/TestBase/install/more_interfaces/local/lib/python3.10/dist-packages/more_interfaces/__init__.py
[3.628s] -- Up-to-date: /home/spiderweb/TestBase/install/more_interfaces/local/lib/python3.10/dist-packages/more_interfaces/libmore_interfaces__rosidl_generator_py.so
[3.629s] -- Up-to-date: /home/spiderweb/TestBase/install/more_interfaces/local/lib/python3.10/dist-packages/more_interfaces/_more_interfaces_s.ep.rosidl_typesupport_fastrtps_c.c
[3.778s] Listing '/home/spiderweb/TestBase/install/more_interfaces/local/lib/python3.10/dist-packages/more_interfaces'...
[3.779s] Listing '/home/spiderweb/TestBase/install/more_interfaces/local/lib/python3.10/dist-packages/more_interfaces/msg'...
[3.780s] Listing '/home/spiderweb/TestBase/install/more_interfaces/local/lib/python3.10/dist-packages/more_interfaces/srv'...
[3.803s] -- Up-to-date: /home/spiderweb/TestBase/install/more_interfaces/local/lib/python3.10/dist-packages/more_interfaces/more_interfaces_s__rosidl_typesupport_fastrtps_c.cpython-310-aarch64-linux-gnu.so
[3.805s] -- Up-to-date: /home/spiderweb/TestBase/install/more_interfaces/local/lib/python3.10/dist-packages/more_interfaces/more_interfaces_s__rosidl_typesupport_introspection_c.cpython-310-aarch64-linux-gnu.so
[3.808s] -- Up-to-date: /home/spiderweb/TestBase/install/more_interfaces/local/lib/python3.10/dist-packages/more_interfaces/more_interfaces_s__rosidl_typesupport_c.cpython-310-aarch64-linux-gnu.so
[3.810s] -- Up-to-date: /home/spiderweb/TestBase/install/more_interfaces/lib/libmore_interfaces__rosidl_generator_py.so
[3.812s] -- Up-to-date: /home/spiderweb/TestBase/install/more_interfaces/share/more_interfaces/msg/Trials1.idl
[3.812s] -- Up-to-date: /home/spiderweb/TestBase/install/more_interfaces/share/more_interfaces/srv/Alert.idl
[3.813s] -- Up-to-date: /home/spiderweb/TestBase/install/more_interfaces/share/more_interfaces/srv/Arduino1.idl
[3.814s] -- Up-to-date: /home/spiderweb/TestBase/install/more_interfaces/share/more_interfaces/srv/Comms.idl
[3.814s] -- Up-to-date: /home/spiderweb/TestBase/install/more_interfaces/share/more_interfaces/srv/Error.idl
[3.815s] -- Up-to-date: /home/spiderweb/TestBase/install/more_interfaces/share/more_interfaces/srv/Mission.idl
[3.815s] -- Up-to-date: /home/spiderweb/TestBase/install/more_interfaces/share/more_interfaces/srv/String.idl
[3.816s] -- Up-to-date: /home/spiderweb/TestBase/install/more_interfaces/share/more_interfaces/srv/Trigger.idl
[3.817s] -- Up-to-date: /home/spiderweb/TestBase/install/more_interfaces/share/more_interfaces/srv/Timer.idl
[3.817s] -- Up-to-date: /home/spiderweb/TestBase/install/more_interfaces/share/more_interfaces/msg/Trials1.msg
[3.818s] -- Up-to-date: /home/spiderweb/TestBase/install/more_interfaces/share/more_interfaces/srv/Alert.srv
[3.818s] -- Up-to-date: /home/spiderweb/TestBase/install/more_interfaces/share/more_interfaces/srv/Alert_Request.msg
[3.819s] -- Up-to-date: /home/spiderweb/TestBase/install/more_interfaces/share/more_interfaces/srv/Alert_Response.msg
[3.819s] -- Up-to-date: /home/spiderweb/TestBase/install/more_interfaces/share/more_interfaces/srv/Arduino1.srv
[3.820s] -- Up-to-date: /home/spiderweb/TestBase/install/more_interfaces/share/more_interfaces/srv/Arduino1_Request.msg
[3.820s] -- Up-to-date: /home/spiderweb/TestBase/install/more_interfaces/share/more_interfaces/srv/Arduino1_Response.msg
[3.821s] -- Up-to-date: /home/spiderweb/TestBase/install/more_interfaces/share/more_interfaces/srv/Comms.srv
[3.821s] -- Up-to-date: /home/spiderweb/TestBase/install/more_interfaces/share/more_interfaces/srv/Comms_Request.msg
[3.822s] -- Up-to-date: /home/spiderweb/TestBase/install/more_interfaces/share/more_interfaces/srv/Comms_Response.msg
[3.822s] -- Up-to-date: /home/spiderweb/TestBase/install/more_interfaces/share/more_interfaces/srv/Error.srv
[3.823s] -- Up-to-date: /home/spiderweb/TestBase/install/more_interfaces/share/more_interfaces/srv/Error_Request.msg
[3.824s] -- Up-to-date: /home/spiderweb/TestBase/install/more_interfaces/share/more_interfaces/srv/Error_Response.msg
[3.825s] -- Up-to-date: /home/spiderweb/TestBase/install/more_interfaces/share/more_interfaces/srv/Mission.srv
[3.825s] -- Up-to-date: /home/spiderweb/TestBase/install/more_interfaces/share/more_interfaces/srv/Mission_Request.msg
[3.826s] -- Up-to-date: /home/spiderweb/TestBase/install/more_interfaces/share/more_interfaces/srv/Mission_Response.msg
[3.827s] -- Up-to-date: /home/spiderweb/TestBase/install/more_interfaces/share/more_interfaces/srv/String.srv
[3.827s] -- Up-to-date: /home/spiderweb/TestBase/install/more_interfaces/share/more_interfaces/srv/String_Request.msg
[3.828s] -- Up-to-date: /home/spiderweb/TestBase/install/more_interfaces/share/more_interfaces/srv/String_Response.msg
[3.828s] -- Up-to-date: /home/spiderweb/TestBase/install/more_interfaces/share/more_interfaces/srv/Trigger.srv
[3.829s] -- Up-to-date: /home/spiderweb/TestBase/install/more_interfaces/share/more_interfaces/srv/Trigger_Request.msg
[3.830s] -- Up-to-date: /home/spiderweb/TestBase/install/more_interfaces/share/more_interfaces/srv/Trigger_Response.msg
[3.830s] -- Up-to-date: /home/spiderweb/TestBase/install/more_interfaces/share/more_interfaces/srv/Timer.srv
[3.831s] -- Up-to-date: /home/spiderweb/TestBase/install/more_interfaces/share/more_interfaces/srv/Timer_Request.msg
[3.831s] -- Up-to-date: /home/spiderweb/TestBase/install/more_interfaces/share/more_interfaces/srv/Timer_Response.msg
[3.832s] -- Up-to-date: /home/spiderweb/TestBase/install/more_interfaces/share/ament_index/resource_index/package_run_dependencies/more_interfaces
[3.832s] -- Up-to-date: /home/spiderweb/TestBase/install/more_interfaces/share/ament_index/resource_index/parent_prefix_path/more_interfaces
[3.832s] -- Up-to-date: /home/spiderweb/TestBase/install/more_interfaces/share/more_interfaces/environment/ament_prefix_path.sh
[3.833s] -- Up-to-date: /home/spiderweb/TestBase/install/more_interfaces/share/more_interfaces/environment/ament_prefix_path.dsv
[3.833s] -- Up-to-date: /home/spiderweb/TestBase/install/more_interfaces/share/more_interfaces/environment/path.sh
[3.834s] -- Up-to-date: /home/spiderweb/TestBase/install/more_interfaces/share/more_interfaces/environment/path.dsv
[3.834s] -- Up-to-date: /home/spiderweb/TestBase/install/more_interfaces/share/more_interfaces/local_setup.bash
[3.835s] -- Up-to-date: /home/spiderweb/TestBase/install/more_interfaces/share/more_interfaces/local_setup.sh
[3.835s] -- Up-to-date: /home/spiderweb/TestBase/install/more_interfaces/share/more_interfaces/local_setup.zsh
[3.835s] -- Up-to-date: /home/spiderweb/TestBase/install/more_interfaces/share/more_interfaces/local_setup.dsv
[3.836s] -- Installing: /home/spiderweb/TestBase/install/more_interfaces/share/more_interfaces/package.dsv
[3.837s] -- Up-to-date: /home/spiderweb/TestBase/install/more_interfaces/share/ament_index/resource_index/packages/more_interfaces
[3.837s] -- Up-to-date: /home/spiderweb/TestBase/install/more_interfaces/share/more_interfaces/cmake/export_more_interfaces__rosidl_generator_cExport.cmake
[3.838s] -- Up-to-date: /home/spiderweb/TestBase/install/more_interfaces/share/more_interfaces/cmake/export_more_interfaces__rosidl_generator_cExport-noconfig.cmake
[3.839s] -- Up-to-date: /home/spiderweb/TestBase/install/more_interfaces/share/more_interfaces/cmake/export_more_interfaces__rosidl_typesupport_fastrtps_cExport.cmake
[3.840s] -- Up-to-date: /home/spiderweb/TestBase/install/more_interfaces/share/more_interfaces/cmake/export_more_interfaces__rosidl_typesupport_fastrtps_cExport-noconfig.cmake
[3.840s] -- Up-to-date: /home/spiderweb/TestBase/install/more_interfaces/share/more_interfaces/cmake/more_interfaces__rosidl_typesupport_introspection_cExport.cmake
[3.841s] -- Up-to-date: /home/spiderweb/TestBase/install/more_interfaces/share/more_interfaces/cmake/more_interfaces__rosidl_typesupport_introspection_cExport-noconfig.cmake
[3.842s] -- Up-to-date: /home/spiderweb/TestBase/install/more_interfaces/share/more_interfaces/cmake/more_interfaces__rosidl_typesupport_cExport.cmake
[3.842s] -- Up-to-date: /home/spiderweb/TestBase/install/more_interfaces/share/more_interfaces/cmake/more_interfaces__rosidl_typesupport_cExport-noconfig.cmake
[3.842s] -- Up-to-date: /home/spiderweb/TestBase/install/more_interfaces/share/more_interfaces/cmake/export_more_interfaces__rosidl_generator_cppExport.cmake
[3.843s] -- Up-to-date: /home/spiderweb/TestBase/install/more_interfaces/share/more_interfaces/cmake/export_more_interfaces__rosidl_typesupport_fastrtps_cppExport.cmake
[3.843s] -- Up-to-date: /home/spiderweb/TestBase/install/more_interfaces/share/more_interfaces/cmake/export_more_interfaces__rosidl_typesupport_fastrtps_cppExport-noconfig.cmake
[3.844s] -- Up-to-date: /home/spiderweb/TestBase/install/more_interfaces/share/more_interfaces/cmake/more_interfaces__rosidl_typesupport_introspection_cppExport.cmake
[3.845s] -- Up-to-date: /home/spiderweb/TestBase/install/more_interfaces/share/more_interfaces/cmake/more_interfaces__rosidl_typesupport_introspection_cppExport-noconfig.cmake
[3.845s] -- Up-to-date: /home/spiderweb/TestBase/install/more_interfaces/share/more_interfaces/cmake/more_interfaces__rosidl_typesupport_cppExport.cmake
[3.846s] -- Up-to-date: /home/spiderweb/TestBase/install/more_interfaces/share/more_interfaces/cmake/more_interfaces__rosidl_typesupport_cppExport-noconfig.cmake
[3.847s] -- Up-to-date: /home/spiderweb/TestBase/install/more_interfaces/share/more_interfaces/cmake/export_more_interfaces__rosidl_generator_pyExport.cmake
[3.847s] -- Up-to-date: /home/spiderweb/TestBase/install/more_interfaces/share/more_interfaces/cmake/export_more_interfaces__rosidl_generator_pyExport-noconfig.cmake
[3.848s] -- Up-to-date: /home/spiderweb/TestBase/install/more_interfaces/share/more_interfaces/cmake/rosidl_cmake-extras.cmake
[3.848s] -- Up-to-date: /home/spiderweb/TestBase/install/more_interfaces/share/more_interfaces/cmake/ament_cmake_export_include_directories-extras.cmake
[3.849s] -- Up-to-date: /home/spiderweb/TestBase/install/more_interfaces/share/more_interfaces/cmake/ament_cmake_export_libraries-extras.cmake
[3.849s] -- Up-to-date: /home/spiderweb/TestBase/install/more_interfaces/share/more_interfaces/cmake/ament_cmake_export_targets-extras.cmake
[3.850s] -- Up-to-date: /home/spiderweb/TestBase/install/more_interfaces/share/more_interfaces/cmake/rosidl_cmake_export_typesupport_targets-extras.cmake
[3.850s] -- Up-to-date: /home/spiderweb/TestBase/install/more_interfaces/share/more_interfaces/cmake/ament_cmake_export_dependencies-extras.cmake
[3.851s] -- Up-to-date: /home/spiderweb/TestBase/install/more_interfaces/share/more_interfaces/cmake/rosidl_cmake_export_typesupport_libraries-extras.cmake
[3.851s] -- Up-to-date: /home/spiderweb/TestBase/install/more_interfaces/share/more_interfaces/cmake/more_interfacesConfig.cmake
[3.852s] -- Up-to-date: /home/spiderweb/TestBase/install/more_interfaces/share/more_interfaces/cmake/more_interfacesConfig-version.cmake
[3.852s] -- Up-to-date: /home/spiderweb/TestBase/install/more_interfaces/share/more_interfaces/package.xml
[3.860s] Invoked command in '/home/spiderweb/TestBase/build/more_interfaces' returned '0': CMAKE_PREFIX_PATH=${CMAKE_PREFIX_PATH}:/home/spiderweb/TestBase/install/my_station_pkg:/opt/ros/humble /usr/bin/cmake --install /home/spiderweb/TestBase/build/more_interfaces
