[4.696s] Invoking command in '/home/spiderweb/TestBase/src/my_station_pkg': CMAKE_PREFIX_PATH=/home/spiderweb/TestBase/install/more_interfaces:/home/spiderweb/TestBase/install/my_drone_bringup PYTHONPATH=/home/spiderweb/TestBase/build/my_station_pkg/prefix_override:/home/spiderweb/TestBase/install/my_station_pkg/lib/python3.10/site-packages:${PYTHONPATH} /usr/bin/python3 setup.py egg_info --egg-base ../../build/my_station_pkg build --build-base /home/spiderweb/TestBase/build/my_station_pkg/build install --record /home/spiderweb/TestBase/build/my_station_pkg/install.log --single-version-externally-managed
[6.707s] running egg_info
[6.711s] writing ../../build/my_station_pkg/my_station_pkg.egg-info/PKG-INFO
[6.712s] writing dependency_links to ../../build/my_station_pkg/my_station_pkg.egg-info/dependency_links.txt
[6.713s] writing entry points to ../../build/my_station_pkg/my_station_pkg.egg-info/entry_points.txt
[6.714s] writing requirements to ../../build/my_station_pkg/my_station_pkg.egg-info/requires.txt
[6.716s] writing top-level names to ../../build/my_station_pkg/my_station_pkg.egg-info/top_level.txt
[6.729s] reading manifest file '../../build/my_station_pkg/my_station_pkg.egg-info/SOURCES.txt'
[6.739s] writing manifest file '../../build/my_station_pkg/my_station_pkg.egg-info/SOURCES.txt'
[6.742s] running build
[6.743s] running build_py
[6.745s] copying my_station_pkg/serialrecv.py -> /home/spiderweb/TestBase/build/my_station_pkg/build/lib/my_station_pkg
[6.747s] copying my_station_pkg/telemetrypoll_node.py -> /home/spiderweb/TestBase/build/my_station_pkg/build/lib/my_station_pkg
[6.749s] running install
[6.751s] running install_lib
[6.755s] copying /home/spiderweb/TestBase/build/my_station_pkg/build/lib/my_station_pkg/serialrecv.py -> /home/spiderweb/TestBase/install/my_station_pkg/lib/python3.10/site-packages/my_station_pkg
[6.757s] copying /home/spiderweb/TestBase/build/my_station_pkg/build/lib/my_station_pkg/telemetrypoll_node.py -> /home/spiderweb/TestBase/install/my_station_pkg/lib/python3.10/site-packages/my_station_pkg
[6.760s] byte-compiling /home/spiderweb/TestBase/install/my_station_pkg/lib/python3.10/site-packages/my_station_pkg/serialrecv.py to serialrecv.cpython-310.pyc
[6.766s] byte-compiling /home/spiderweb/TestBase/install/my_station_pkg/lib/python3.10/site-packages/my_station_pkg/telemetrypoll_node.py to telemetrypoll_node.cpython-310.pyc
[6.773s] running install_data
[6.777s] running install_egg_info
[6.787s] removing '/home/spiderweb/TestBase/install/my_station_pkg/lib/python3.10/site-packages/my_station_pkg-0.0.0-py3.10.egg-info' (and everything under it)
[6.791s] Copying ../../build/my_station_pkg/my_station_pkg.egg-info to /home/spiderweb/TestBase/install/my_station_pkg/lib/python3.10/site-packages/my_station_pkg-0.0.0-py3.10.egg-info
[6.804s] running install_scripts
[6.904s] Installing drone_comms_node script to /home/spiderweb/TestBase/install/my_station_pkg/lib/my_station_pkg
[6.906s] Installing serialrecv script to /home/spiderweb/TestBase/install/my_station_pkg/lib/my_station_pkg
[6.907s] Installing telemetrypoll_node script to /home/spiderweb/TestBase/install/my_station_pkg/lib/my_station_pkg
[6.912s] writing list of installed files to '/home/spiderweb/TestBase/build/my_station_pkg/install.log'
[7.093s] Invoked command in '/home/spiderweb/TestBase/src/my_station_pkg' returned '0': CMAKE_PREFIX_PATH=/home/spiderweb/TestBase/install/more_interfaces:/home/spiderweb/TestBase/install/my_drone_bringup PYTHONPATH=/home/spiderweb/TestBase/build/my_station_pkg/prefix_override:/home/spiderweb/TestBase/install/my_station_pkg/lib/python3.10/site-packages:${PYTHONPATH} /usr/bin/python3 setup.py egg_info --egg-base ../../build/my_station_pkg build --build-base /home/spiderweb/TestBase/build/my_station_pkg/build install --record /home/spiderweb/TestBase/build/my_station_pkg/install.log --single-version-externally-managed
