[1.541s] DEBUG:colcon:Command line arguments: ['/usr/bin/colcon', 'build']
[1.542s] DEBUG:colcon:Parsed command line arguments: Namespace(log_base=None, log_level=None, verb_name='build', build_base='build', install_base='install', merge_install=False, symlink_install=False, test_result_base=None, continue_on_error=False, executor='parallel', parallel_workers=4, event_handlers=None, ignore_user_meta=False, metas=['./colcon.meta'], base_paths=['.'], packages_ignore=None, packages_ignore_regex=None, paths=None, packages_up_to=None, packages_up_to_regex=None, packages_above=None, packages_above_and_dependencies=None, packages_above_depth=None, packages_select_by_dep=None, packages_skip_by_dep=None, packages_skip_up_to=None, packages_select_build_failed=False, packages_skip_build_finished=False, packages_select_test_failures=False, packages_skip_test_passed=False, packages_select=None, packages_skip=None, packages_select_regex=None, packages_skip_regex=None, packages_start=None, packages_end=None, allow_overriding=[], cmake_args=None, cmake_target=None, cmake_target_skip_unavailable=False, cmake_clean_cache=False, cmake_clean_first=False, cmake_force_configure=False, ament_cmake_args=None, catkin_cmake_args=None, catkin_skip_building_tests=False, verb_parser=<colcon_defaults.argument_parser.defaults.DefaultArgumentsDecorator object at 0xffff90ac8310>, verb_extension=<colcon_core.verb.build.BuildVerb object at 0xffff90a97d60>, main=<bound method BuildVerb.main of <colcon_core.verb.build.BuildVerb object at 0xffff90a97d60>>)
[1.642s] Level 1:colcon.colcon_core.package_discovery:discover_packages(colcon_meta) check parameters
[1.642s] Level 1:colcon.colcon_core.package_discovery:discover_packages(recursive) check parameters
[1.642s] Level 1:colcon.colcon_core.package_discovery:discover_packages(ignore) check parameters
[1.642s] Level 1:colcon.colcon_core.package_discovery:discover_packages(path) check parameters
[1.643s] Level 1:colcon.colcon_core.package_discovery:discover_packages(colcon_meta) discover
[1.643s] Level 1:colcon.colcon_core.package_discovery:discover_packages(recursive) discover
[1.643s] INFO:colcon.colcon_core.package_discovery:Crawling recursively for packages in '/home/spiderweb/TestBase'
[1.643s] Level 1:colcon.colcon_core.package_identification:_identify(.) by extensions ['ignore', 'ignore_ament_install']
[1.644s] Level 1:colcon.colcon_core.package_identification:_identify(.) by extension 'ignore'
[1.644s] Level 1:colcon.colcon_core.package_identification:_identify(.) by extension 'ignore_ament_install'
[1.644s] Level 1:colcon.colcon_core.package_identification:_identify(.) by extensions ['colcon_pkg']
[1.645s] Level 1:colcon.colcon_core.package_identification:_identify(.) by extension 'colcon_pkg'
[1.645s] Level 1:colcon.colcon_core.package_identification:_identify(.) by extensions ['colcon_meta']
[1.645s] Level 1:colcon.colcon_core.package_identification:_identify(.) by extension 'colcon_meta'
[1.645s] Level 1:colcon.colcon_core.package_identification:_identify(.) by extensions ['ros']
[1.645s] Level 1:colcon.colcon_core.package_identification:_identify(.) by extension 'ros'
[1.690s] Level 1:colcon.colcon_core.package_identification:_identify(.) by extensions ['cmake', 'python']
[1.690s] Level 1:colcon.colcon_core.package_identification:_identify(.) by extension 'cmake'
[1.690s] Level 1:colcon.colcon_core.package_identification:_identify(.) by extension 'python'
[1.690s] Level 1:colcon.colcon_core.package_identification:_identify(.) by extensions ['python_setup_py']
[1.690s] Level 1:colcon.colcon_core.package_identification:_identify(.) by extension 'python_setup_py'
[1.691s] Level 1:colcon.colcon_core.package_identification:_identify(build) by extensions ['ignore', 'ignore_ament_install']
[1.691s] Level 1:colcon.colcon_core.package_identification:_identify(build) by extension 'ignore'
[1.692s] Level 1:colcon.colcon_core.package_identification:_identify(build) ignored
[1.692s] Level 1:colcon.colcon_core.package_identification:_identify(install) by extensions ['ignore', 'ignore_ament_install']
[1.693s] Level 1:colcon.colcon_core.package_identification:_identify(install) by extension 'ignore'
[1.693s] Level 1:colcon.colcon_core.package_identification:_identify(install) ignored
[1.695s] Level 1:colcon.colcon_core.package_identification:_identify(log) by extensions ['ignore', 'ignore_ament_install']
[1.695s] Level 1:colcon.colcon_core.package_identification:_identify(log) by extension 'ignore'
[1.696s] Level 1:colcon.colcon_core.package_identification:_identify(log) ignored
[1.696s] Level 1:colcon.colcon_core.package_identification:_identify(src) by extensions ['ignore', 'ignore_ament_install']
[1.696s] Level 1:colcon.colcon_core.package_identification:_identify(src) by extension 'ignore'
[1.697s] Level 1:colcon.colcon_core.package_identification:_identify(src) by extension 'ignore_ament_install'
[1.697s] Level 1:colcon.colcon_core.package_identification:_identify(src) by extensions ['colcon_pkg']
[1.697s] Level 1:colcon.colcon_core.package_identification:_identify(src) by extension 'colcon_pkg'
[1.697s] Level 1:colcon.colcon_core.package_identification:_identify(src) by extensions ['colcon_meta']
[1.697s] Level 1:colcon.colcon_core.package_identification:_identify(src) by extension 'colcon_meta'
[1.698s] Level 1:colcon.colcon_core.package_identification:_identify(src) by extensions ['ros']
[1.698s] Level 1:colcon.colcon_core.package_identification:_identify(src) by extension 'ros'
[1.698s] Level 1:colcon.colcon_core.package_identification:_identify(src) by extensions ['cmake', 'python']
[1.698s] Level 1:colcon.colcon_core.package_identification:_identify(src) by extension 'cmake'
[1.698s] Level 1:colcon.colcon_core.package_identification:_identify(src) by extension 'python'
[1.698s] Level 1:colcon.colcon_core.package_identification:_identify(src) by extensions ['python_setup_py']
[1.699s] Level 1:colcon.colcon_core.package_identification:_identify(src) by extension 'python_setup_py'
[1.699s] Level 1:colcon.colcon_core.package_identification:_identify(src/more_interfaces) by extensions ['ignore', 'ignore_ament_install']
[1.699s] Level 1:colcon.colcon_core.package_identification:_identify(src/more_interfaces) by extension 'ignore'
[1.700s] Level 1:colcon.colcon_core.package_identification:_identify(src/more_interfaces) by extension 'ignore_ament_install'
[1.700s] Level 1:colcon.colcon_core.package_identification:_identify(src/more_interfaces) by extensions ['colcon_pkg']
[1.700s] Level 1:colcon.colcon_core.package_identification:_identify(src/more_interfaces) by extension 'colcon_pkg'
[1.700s] Level 1:colcon.colcon_core.package_identification:_identify(src/more_interfaces) by extensions ['colcon_meta']
[1.700s] Level 1:colcon.colcon_core.package_identification:_identify(src/more_interfaces) by extension 'colcon_meta'
[1.701s] Level 1:colcon.colcon_core.package_identification:_identify(src/more_interfaces) by extensions ['ros']
[1.701s] Level 1:colcon.colcon_core.package_identification:_identify(src/more_interfaces) by extension 'ros'
[1.709s] DEBUG:colcon.colcon_core.package_identification:Package 'src/more_interfaces' with type 'ros.ament_cmake' and name 'more_interfaces'
[1.710s] Level 1:colcon.colcon_core.package_identification:_identify(src/my_drone_bringup) by extensions ['ignore', 'ignore_ament_install']
[1.710s] Level 1:colcon.colcon_core.package_identification:_identify(src/my_drone_bringup) by extension 'ignore'
[1.710s] Level 1:colcon.colcon_core.package_identification:_identify(src/my_drone_bringup) by extension 'ignore_ament_install'
[1.711s] Level 1:colcon.colcon_core.package_identification:_identify(src/my_drone_bringup) by extensions ['colcon_pkg']
[1.711s] Level 1:colcon.colcon_core.package_identification:_identify(src/my_drone_bringup) by extension 'colcon_pkg'
[1.711s] Level 1:colcon.colcon_core.package_identification:_identify(src/my_drone_bringup) by extensions ['colcon_meta']
[1.711s] Level 1:colcon.colcon_core.package_identification:_identify(src/my_drone_bringup) by extension 'colcon_meta'
[1.711s] Level 1:colcon.colcon_core.package_identification:_identify(src/my_drone_bringup) by extensions ['ros']
[1.712s] Level 1:colcon.colcon_core.package_identification:_identify(src/my_drone_bringup) by extension 'ros'
[1.714s] DEBUG:colcon.colcon_core.package_identification:Package 'src/my_drone_bringup' with type 'ros.ament_cmake' and name 'my_drone_bringup'
[1.714s] Level 1:colcon.colcon_core.package_identification:_identify(src/my_station_pkg) by extensions ['ignore', 'ignore_ament_install']
[1.715s] Level 1:colcon.colcon_core.package_identification:_identify(src/my_station_pkg) by extension 'ignore'
[1.715s] Level 1:colcon.colcon_core.package_identification:_identify(src/my_station_pkg) by extension 'ignore_ament_install'
[1.715s] Level 1:colcon.colcon_core.package_identification:_identify(src/my_station_pkg) by extensions ['colcon_pkg']
[1.715s] Level 1:colcon.colcon_core.package_identification:_identify(src/my_station_pkg) by extension 'colcon_pkg'
[1.715s] Level 1:colcon.colcon_core.package_identification:_identify(src/my_station_pkg) by extensions ['colcon_meta']
[1.716s] Level 1:colcon.colcon_core.package_identification:_identify(src/my_station_pkg) by extension 'colcon_meta'
[1.716s] Level 1:colcon.colcon_core.package_identification:_identify(src/my_station_pkg) by extensions ['ros']
[1.716s] Level 1:colcon.colcon_core.package_identification:_identify(src/my_station_pkg) by extension 'ros'
[1.719s] DEBUG:colcon.colcon_core.package_identification:Package 'src/my_station_pkg' with type 'ros.ament_python' and name 'my_station_pkg'
[1.719s] Level 1:colcon.colcon_core.package_discovery:discover_packages(recursive) using defaults
[1.719s] Level 1:colcon.colcon_core.package_discovery:discover_packages(ignore) discover
[1.719s] Level 1:colcon.colcon_core.package_discovery:discover_packages(ignore) using defaults
[1.719s] Level 1:colcon.colcon_core.package_discovery:discover_packages(path) discover
[1.719s] Level 1:colcon.colcon_core.package_discovery:discover_packages(path) using defaults
[1.815s] Level 1:colcon.colcon_core.package_discovery:discover_packages(prefix_path) check parameters
[1.815s] Level 1:colcon.colcon_core.package_discovery:discover_packages(prefix_path) discover
[1.829s] DEBUG:colcon.colcon_installed_package_information.package_discovery:Found 3 installed packages in /home/spiderweb/TestBase/install
[1.840s] DEBUG:colcon.colcon_installed_package_information.package_discovery:Found 270 installed packages in /opt/ros/humble
[1.846s] Level 1:colcon.colcon_core.package_discovery:discover_packages(prefix_path) using defaults
[2.103s] Level 5:colcon.colcon_core.verb:set package 'more_interfaces' build argument 'cmake_args' from command line to 'None'
[2.104s] Level 5:colcon.colcon_core.verb:set package 'more_interfaces' build argument 'cmake_target' from command line to 'None'
[2.104s] Level 5:colcon.colcon_core.verb:set package 'more_interfaces' build argument 'cmake_target_skip_unavailable' from command line to 'False'
[2.104s] Level 5:colcon.colcon_core.verb:set package 'more_interfaces' build argument 'cmake_clean_cache' from command line to 'False'
[2.104s] Level 5:colcon.colcon_core.verb:set package 'more_interfaces' build argument 'cmake_clean_first' from command line to 'False'
[2.104s] Level 5:colcon.colcon_core.verb:set package 'more_interfaces' build argument 'cmake_force_configure' from command line to 'False'
[2.104s] Level 5:colcon.colcon_core.verb:set package 'more_interfaces' build argument 'ament_cmake_args' from command line to 'None'
[2.104s] Level 5:colcon.colcon_core.verb:set package 'more_interfaces' build argument 'catkin_cmake_args' from command line to 'None'
[2.104s] Level 5:colcon.colcon_core.verb:set package 'more_interfaces' build argument 'catkin_skip_building_tests' from command line to 'False'
[2.104s] DEBUG:colcon.colcon_core.verb:Building package 'more_interfaces' with the following arguments: {'ament_cmake_args': None, 'build_base': '/home/spiderweb/TestBase/build/more_interfaces', 'catkin_cmake_args': None, 'catkin_skip_building_tests': False, 'cmake_args': None, 'cmake_clean_cache': False, 'cmake_clean_first': False, 'cmake_force_configure': False, 'cmake_target': None, 'cmake_target_skip_unavailable': False, 'install_base': '/home/spiderweb/TestBase/install/more_interfaces', 'merge_install': False, 'path': '/home/spiderweb/TestBase/src/more_interfaces', 'symlink_install': False, 'test_result_base': None}
[2.109s] Level 5:colcon.colcon_core.verb:set package 'my_station_pkg' build argument 'cmake_args' from command line to 'None'
[2.109s] Level 5:colcon.colcon_core.verb:set package 'my_station_pkg' build argument 'cmake_target' from command line to 'None'
[2.109s] Level 5:colcon.colcon_core.verb:set package 'my_station_pkg' build argument 'cmake_target_skip_unavailable' from command line to 'False'
[2.109s] Level 5:colcon.colcon_core.verb:set package 'my_station_pkg' build argument 'cmake_clean_cache' from command line to 'False'
[2.109s] Level 5:colcon.colcon_core.verb:set package 'my_station_pkg' build argument 'cmake_clean_first' from command line to 'False'
[2.109s] Level 5:colcon.colcon_core.verb:set package 'my_station_pkg' build argument 'cmake_force_configure' from command line to 'False'
[2.109s] Level 5:colcon.colcon_core.verb:set package 'my_station_pkg' build argument 'ament_cmake_args' from command line to 'None'
[2.109s] Level 5:colcon.colcon_core.verb:set package 'my_station_pkg' build argument 'catkin_cmake_args' from command line to 'None'
[2.110s] Level 5:colcon.colcon_core.verb:set package 'my_station_pkg' build argument 'catkin_skip_building_tests' from command line to 'False'
[2.110s] DEBUG:colcon.colcon_core.verb:Building package 'my_station_pkg' with the following arguments: {'ament_cmake_args': None, 'build_base': '/home/spiderweb/TestBase/build/my_station_pkg', 'catkin_cmake_args': None, 'catkin_skip_building_tests': False, 'cmake_args': None, 'cmake_clean_cache': False, 'cmake_clean_first': False, 'cmake_force_configure': False, 'cmake_target': None, 'cmake_target_skip_unavailable': False, 'install_base': '/home/spiderweb/TestBase/install/my_station_pkg', 'merge_install': False, 'path': '/home/spiderweb/TestBase/src/my_station_pkg', 'symlink_install': False, 'test_result_base': None}
[2.114s] Level 5:colcon.colcon_core.verb:set package 'my_drone_bringup' build argument 'cmake_args' from command line to 'None'
[2.114s] Level 5:colcon.colcon_core.verb:set package 'my_drone_bringup' build argument 'cmake_target' from command line to 'None'
[2.114s] Level 5:colcon.colcon_core.verb:set package 'my_drone_bringup' build argument 'cmake_target_skip_unavailable' from command line to 'False'
[2.114s] Level 5:colcon.colcon_core.verb:set package 'my_drone_bringup' build argument 'cmake_clean_cache' from command line to 'False'
[2.114s] Level 5:colcon.colcon_core.verb:set package 'my_drone_bringup' build argument 'cmake_clean_first' from command line to 'False'
[2.114s] Level 5:colcon.colcon_core.verb:set package 'my_drone_bringup' build argument 'cmake_force_configure' from command line to 'False'
[2.115s] Level 5:colcon.colcon_core.verb:set package 'my_drone_bringup' build argument 'ament_cmake_args' from command line to 'None'
[2.115s] Level 5:colcon.colcon_core.verb:set package 'my_drone_bringup' build argument 'catkin_cmake_args' from command line to 'None'
[2.115s] Level 5:colcon.colcon_core.verb:set package 'my_drone_bringup' build argument 'catkin_skip_building_tests' from command line to 'False'
[2.115s] DEBUG:colcon.colcon_core.verb:Building package 'my_drone_bringup' with the following arguments: {'ament_cmake_args': None, 'build_base': '/home/spiderweb/TestBase/build/my_drone_bringup', 'catkin_cmake_args': None, 'catkin_skip_building_tests': False, 'cmake_args': None, 'cmake_clean_cache': False, 'cmake_clean_first': False, 'cmake_force_configure': False, 'cmake_target': None, 'cmake_target_skip_unavailable': False, 'install_base': '/home/spiderweb/TestBase/install/my_drone_bringup', 'merge_install': False, 'path': '/home/spiderweb/TestBase/src/my_drone_bringup', 'symlink_install': False, 'test_result_base': None}
[2.118s] INFO:colcon.colcon_core.executor:Executing jobs using 'parallel' executor
[2.130s] DEBUG:colcon.colcon_parallel_executor.executor.parallel:run_until_complete
[2.131s] INFO:colcon.colcon_ros.task.ament_cmake.build:Building ROS package in '/home/spiderweb/TestBase/src/more_interfaces' with build type 'ament_cmake'
[2.132s] INFO:colcon.colcon_cmake.task.cmake.build:Building CMake package in '/home/spiderweb/TestBase/src/more_interfaces'
[2.150s] INFO:colcon.colcon_core.plugin_system:Skipping extension 'colcon_core.shell.bat': Not used on non-Windows systems
[2.151s] INFO:colcon.colcon_core.shell:Skip shell extension 'powershell' for command environment: Not usable outside of PowerShell
[2.151s] DEBUG:colcon.colcon_core.shell:Skip shell extension 'dsv' for command environment
[2.196s] DEBUG:colcon.colcon_core.event_handler.log_command:Invoking command in '/home/spiderweb/TestBase/build/more_interfaces': CMAKE_PREFIX_PATH=${CMAKE_PREFIX_PATH}:/home/spiderweb/TestBase/install/my_station_pkg:/opt/ros/humble /usr/bin/cmake --build /home/spiderweb/TestBase/build/more_interfaces -- -j4 -l4
[4.189s] DEBUG:colcon.colcon_core.event_handler.log_command:Invoked command in '/home/spiderweb/TestBase/build/more_interfaces' returned '0': CMAKE_PREFIX_PATH=${CMAKE_PREFIX_PATH}:/home/spiderweb/TestBase/install/my_station_pkg:/opt/ros/humble /usr/bin/cmake --build /home/spiderweb/TestBase/build/more_interfaces -- -j4 -l4
[5.755s] DEBUG:colcon.colcon_core.event_handler.log_command:Invoking command in '/home/spiderweb/TestBase/build/more_interfaces': CMAKE_PREFIX_PATH=${CMAKE_PREFIX_PATH}:/home/spiderweb/TestBase/install/my_station_pkg:/opt/ros/humble /usr/bin/cmake --install /home/spiderweb/TestBase/build/more_interfaces
[6.134s] Level 1:colcon.colcon_core.environment:create_environment_scripts_only(more_interfaces)
[6.137s] DEBUG:colcon.colcon_core.event_handler.log_command:Invoked command in '/home/spiderweb/TestBase/build/more_interfaces' returned '0': CMAKE_PREFIX_PATH=${CMAKE_PREFIX_PATH}:/home/spiderweb/TestBase/install/my_station_pkg:/opt/ros/humble /usr/bin/cmake --install /home/spiderweb/TestBase/build/more_interfaces
[6.156s] Level 1:colcon.colcon_core.environment:checking '/home/spiderweb/TestBase/install/more_interfaces' for CMake module files
[6.161s] Level 1:colcon.colcon_core.environment:checking '/home/spiderweb/TestBase/install/more_interfaces' for CMake config files
[6.164s] Level 1:colcon.colcon_core.shell:create_environment_hook('more_interfaces', 'cmake_prefix_path')
[6.169s] INFO:colcon.colcon_core.shell:Creating environment hook '/home/spiderweb/TestBase/install/more_interfaces/share/more_interfaces/hook/cmake_prefix_path.ps1'
[6.172s] INFO:colcon.colcon_core.shell:Creating environment descriptor '/home/spiderweb/TestBase/install/more_interfaces/share/more_interfaces/hook/cmake_prefix_path.dsv'
[6.174s] INFO:colcon.colcon_core.shell:Creating environment hook '/home/spiderweb/TestBase/install/more_interfaces/share/more_interfaces/hook/cmake_prefix_path.sh'
[6.178s] Level 1:colcon.colcon_core.environment:checking '/home/spiderweb/TestBase/install/more_interfaces/lib'
[6.178s] Level 1:colcon.colcon_core.shell:create_environment_hook('more_interfaces', 'ld_library_path_lib')
[6.184s] INFO:colcon.colcon_core.shell:Creating environment hook '/home/spiderweb/TestBase/install/more_interfaces/share/more_interfaces/hook/ld_library_path_lib.ps1'
[6.186s] INFO:colcon.colcon_core.shell:Creating environment descriptor '/home/spiderweb/TestBase/install/more_interfaces/share/more_interfaces/hook/ld_library_path_lib.dsv'
[6.187s] INFO:colcon.colcon_core.shell:Creating environment hook '/home/spiderweb/TestBase/install/more_interfaces/share/more_interfaces/hook/ld_library_path_lib.sh'
[6.189s] Level 1:colcon.colcon_core.environment:checking '/home/spiderweb/TestBase/install/more_interfaces/bin'
[6.189s] Level 1:colcon.colcon_core.environment:checking '/home/spiderweb/TestBase/install/more_interfaces/lib/pkgconfig/more_interfaces.pc'
[6.190s] Level 1:colcon.colcon_core.environment:checking '/home/spiderweb/TestBase/install/more_interfaces/lib/python3.10/site-packages'
[6.191s] Level 1:colcon.colcon_core.environment:checking '/home/spiderweb/TestBase/install/more_interfaces/bin'
[6.197s] INFO:colcon.colcon_core.shell:Creating package script '/home/spiderweb/TestBase/install/more_interfaces/share/more_interfaces/package.ps1'
[6.200s] INFO:colcon.colcon_core.shell:Creating package descriptor '/home/spiderweb/TestBase/install/more_interfaces/share/more_interfaces/package.dsv'
[6.203s] INFO:colcon.colcon_core.shell:Creating package script '/home/spiderweb/TestBase/install/more_interfaces/share/more_interfaces/package.sh'
[6.206s] INFO:colcon.colcon_core.shell:Creating package script '/home/spiderweb/TestBase/install/more_interfaces/share/more_interfaces/package.bash'
[6.209s] INFO:colcon.colcon_core.shell:Creating package script '/home/spiderweb/TestBase/install/more_interfaces/share/more_interfaces/package.zsh'
[6.213s] Level 1:colcon.colcon_core.environment:create_file_with_runtime_dependencies(/home/spiderweb/TestBase/install/more_interfaces/share/colcon-core/packages/more_interfaces)
[7.732s] Level 1:colcon.colcon_core.environment:create_environment_scripts_only(more_interfaces)
[7.742s] Level 1:colcon.colcon_core.environment:checking '/home/spiderweb/TestBase/install/more_interfaces' for CMake module files
[7.747s] Level 1:colcon.colcon_core.environment:checking '/home/spiderweb/TestBase/install/more_interfaces' for CMake config files
[7.750s] Level 1:colcon.colcon_core.shell:create_environment_hook('more_interfaces', 'cmake_prefix_path')
[7.755s] INFO:colcon.colcon_core.shell:Creating environment hook '/home/spiderweb/TestBase/install/more_interfaces/share/more_interfaces/hook/cmake_prefix_path.ps1'
[7.757s] INFO:colcon.colcon_core.shell:Creating environment descriptor '/home/spiderweb/TestBase/install/more_interfaces/share/more_interfaces/hook/cmake_prefix_path.dsv'
[7.758s] INFO:colcon.colcon_core.shell:Creating environment hook '/home/spiderweb/TestBase/install/more_interfaces/share/more_interfaces/hook/cmake_prefix_path.sh'
[7.761s] Level 1:colcon.colcon_core.environment:checking '/home/spiderweb/TestBase/install/more_interfaces/lib'
[7.762s] Level 1:colcon.colcon_core.shell:create_environment_hook('more_interfaces', 'ld_library_path_lib')
[7.767s] INFO:colcon.colcon_core.shell:Creating environment hook '/home/spiderweb/TestBase/install/more_interfaces/share/more_interfaces/hook/ld_library_path_lib.ps1'
[7.769s] INFO:colcon.colcon_core.shell:Creating environment descriptor '/home/spiderweb/TestBase/install/more_interfaces/share/more_interfaces/hook/ld_library_path_lib.dsv'
[7.770s] INFO:colcon.colcon_core.shell:Creating environment hook '/home/spiderweb/TestBase/install/more_interfaces/share/more_interfaces/hook/ld_library_path_lib.sh'
[7.772s] Level 1:colcon.colcon_core.environment:checking '/home/spiderweb/TestBase/install/more_interfaces/bin'
[7.773s] Level 1:colcon.colcon_core.environment:checking '/home/spiderweb/TestBase/install/more_interfaces/lib/pkgconfig/more_interfaces.pc'
[7.774s] Level 1:colcon.colcon_core.environment:checking '/home/spiderweb/TestBase/install/more_interfaces/lib/python3.10/site-packages'
[7.775s] Level 1:colcon.colcon_core.environment:checking '/home/spiderweb/TestBase/install/more_interfaces/bin'
[7.781s] INFO:colcon.colcon_core.shell:Creating package script '/home/spiderweb/TestBase/install/more_interfaces/share/more_interfaces/package.ps1'
[7.783s] INFO:colcon.colcon_core.shell:Creating package descriptor '/home/spiderweb/TestBase/install/more_interfaces/share/more_interfaces/package.dsv'
[7.786s] INFO:colcon.colcon_core.shell:Creating package script '/home/spiderweb/TestBase/install/more_interfaces/share/more_interfaces/package.sh'
[7.788s] INFO:colcon.colcon_core.shell:Creating package script '/home/spiderweb/TestBase/install/more_interfaces/share/more_interfaces/package.bash'
[7.790s] INFO:colcon.colcon_core.shell:Creating package script '/home/spiderweb/TestBase/install/more_interfaces/share/more_interfaces/package.zsh'
[7.792s] Level 1:colcon.colcon_core.environment:create_file_with_runtime_dependencies(/home/spiderweb/TestBase/install/more_interfaces/share/colcon-core/packages/more_interfaces)
[7.794s] INFO:colcon.colcon_ros.task.ament_python.build:Building ROS package in '/home/spiderweb/TestBase/src/my_station_pkg' with build type 'ament_python'
[7.794s] Level 1:colcon.colcon_core.shell:create_environment_hook('my_station_pkg', 'ament_prefix_path')
[7.801s] INFO:colcon.colcon_core.shell:Creating environment hook '/home/spiderweb/TestBase/install/my_station_pkg/share/my_station_pkg/hook/ament_prefix_path.ps1'
[7.804s] INFO:colcon.colcon_core.shell:Creating environment descriptor '/home/spiderweb/TestBase/install/my_station_pkg/share/my_station_pkg/hook/ament_prefix_path.dsv'
[7.806s] INFO:colcon.colcon_core.shell:Creating environment hook '/home/spiderweb/TestBase/install/my_station_pkg/share/my_station_pkg/hook/ament_prefix_path.sh'
[7.814s] INFO:colcon.colcon_core.shell:Skip shell extension 'powershell' for command environment: Not usable outside of PowerShell
[7.814s] DEBUG:colcon.colcon_core.shell:Skip shell extension 'dsv' for command environment
[9.158s] INFO:colcon.colcon_core.task.python.build:Building Python package in '/home/spiderweb/TestBase/src/my_station_pkg'
[9.163s] INFO:colcon.colcon_core.shell:Skip shell extension 'powershell' for command environment: Not usable outside of PowerShell
[9.163s] DEBUG:colcon.colcon_core.shell:Skip shell extension 'dsv' for command environment
[11.005s] DEBUG:colcon.colcon_core.event_handler.log_command:Invoking command in '/home/spiderweb/TestBase/src/my_station_pkg': CMAKE_PREFIX_PATH=/home/spiderweb/TestBase/install/more_interfaces:/home/spiderweb/TestBase/install/my_drone_bringup PYTHONPATH=/home/spiderweb/TestBase/build/my_station_pkg/prefix_override:/home/spiderweb/TestBase/install/my_station_pkg/lib/python3.10/site-packages:${PYTHONPATH} /usr/bin/python3 setup.py egg_info --egg-base ../../build/my_station_pkg build --build-base /home/spiderweb/TestBase/build/my_station_pkg/build install --record /home/spiderweb/TestBase/build/my_station_pkg/install.log --single-version-externally-managed
[12.484s] Level 1:colcon.colcon_core.environment:checking '/home/spiderweb/TestBase/install/my_station_pkg' for CMake module files
[12.486s] DEBUG:colcon.colcon_core.event_handler.log_command:Invoked command in '/home/spiderweb/TestBase/src/my_station_pkg' returned '0': CMAKE_PREFIX_PATH=/home/spiderweb/TestBase/install/more_interfaces:/home/spiderweb/TestBase/install/my_drone_bringup PYTHONPATH=/home/spiderweb/TestBase/build/my_station_pkg/prefix_override:/home/spiderweb/TestBase/install/my_station_pkg/lib/python3.10/site-packages:${PYTHONPATH} /usr/bin/python3 setup.py egg_info --egg-base ../../build/my_station_pkg build --build-base /home/spiderweb/TestBase/build/my_station_pkg/build install --record /home/spiderweb/TestBase/build/my_station_pkg/install.log --single-version-externally-managed
[12.488s] Level 1:colcon.colcon_core.environment:checking '/home/spiderweb/TestBase/install/my_station_pkg' for CMake config files
[12.493s] Level 1:colcon.colcon_core.environment:checking '/home/spiderweb/TestBase/install/my_station_pkg/lib'
[12.494s] Level 1:colcon.colcon_core.environment:checking '/home/spiderweb/TestBase/install/my_station_pkg/bin'
[12.494s] Level 1:colcon.colcon_core.environment:checking '/home/spiderweb/TestBase/install/my_station_pkg/lib/pkgconfig/my_station_pkg.pc'
[12.496s] Level 1:colcon.colcon_core.environment:checking '/home/spiderweb/TestBase/install/my_station_pkg/lib/python3.10/site-packages'
[12.496s] Level 1:colcon.colcon_core.shell:create_environment_hook('my_station_pkg', 'pythonpath')
[12.502s] INFO:colcon.colcon_core.shell:Creating environment hook '/home/spiderweb/TestBase/install/my_station_pkg/share/my_station_pkg/hook/pythonpath.ps1'
[12.505s] INFO:colcon.colcon_core.shell:Creating environment descriptor '/home/spiderweb/TestBase/install/my_station_pkg/share/my_station_pkg/hook/pythonpath.dsv'
[12.506s] INFO:colcon.colcon_core.shell:Creating environment hook '/home/spiderweb/TestBase/install/my_station_pkg/share/my_station_pkg/hook/pythonpath.sh'
[12.509s] Level 1:colcon.colcon_core.environment:checking '/home/spiderweb/TestBase/install/my_station_pkg/bin'
[12.509s] Level 1:colcon.colcon_core.environment:create_environment_scripts_only(my_station_pkg)
[12.515s] INFO:colcon.colcon_core.shell:Creating package script '/home/spiderweb/TestBase/install/my_station_pkg/share/my_station_pkg/package.ps1'
[12.517s] INFO:colcon.colcon_core.shell:Creating package descriptor '/home/spiderweb/TestBase/install/my_station_pkg/share/my_station_pkg/package.dsv'
[12.520s] INFO:colcon.colcon_core.shell:Creating package script '/home/spiderweb/TestBase/install/my_station_pkg/share/my_station_pkg/package.sh'
[12.522s] INFO:colcon.colcon_core.shell:Creating package script '/home/spiderweb/TestBase/install/my_station_pkg/share/my_station_pkg/package.bash'
[12.524s] INFO:colcon.colcon_core.shell:Creating package script '/home/spiderweb/TestBase/install/my_station_pkg/share/my_station_pkg/package.zsh'
[12.526s] Level 1:colcon.colcon_core.environment:create_file_with_runtime_dependencies(/home/spiderweb/TestBase/install/my_station_pkg/share/colcon-core/packages/my_station_pkg)
[12.528s] INFO:colcon.colcon_ros.task.ament_cmake.build:Building ROS package in '/home/spiderweb/TestBase/src/my_drone_bringup' with build type 'ament_cmake'
[12.529s] INFO:colcon.colcon_cmake.task.cmake.build:Building CMake package in '/home/spiderweb/TestBase/src/my_drone_bringup'
[12.534s] INFO:colcon.colcon_core.shell:Skip shell extension 'powershell' for command environment: Not usable outside of PowerShell
[12.534s] DEBUG:colcon.colcon_core.shell:Skip shell extension 'dsv' for command environment
[12.597s] DEBUG:colcon.colcon_core.event_handler.log_command:Invoking command in '/home/spiderweb/TestBase/build/my_drone_bringup': AMENT_PREFIX_PATH=/home/spiderweb/TestBase/install/my_station_pkg:/home/spiderweb/TestBase/install/my_drone_bringup:/home/spiderweb/TestBase/install/more_interfaces:/opt/ros/humble CMAKE_PREFIX_PATH=/home/spiderweb/TestBase/install/more_interfaces:/home/spiderweb/TestBase/install/my_drone_bringup:/home/spiderweb/TestBase/install/my_station_pkg:/opt/ros/humble /usr/bin/cmake --build /home/spiderweb/TestBase/build/my_drone_bringup -- -j4 -l4
[12.741s] DEBUG:colcon.colcon_core.event_handler.log_command:Invoked command in '/home/spiderweb/TestBase/build/my_drone_bringup' returned '0': AMENT_PREFIX_PATH=/home/spiderweb/TestBase/install/my_station_pkg:/home/spiderweb/TestBase/install/my_drone_bringup:/home/spiderweb/TestBase/install/more_interfaces:/opt/ros/humble CMAKE_PREFIX_PATH=/home/spiderweb/TestBase/install/more_interfaces:/home/spiderweb/TestBase/install/my_drone_bringup:/home/spiderweb/TestBase/install/my_station_pkg:/opt/ros/humble /usr/bin/cmake --build /home/spiderweb/TestBase/build/my_drone_bringup -- -j4 -l4
[12.871s] DEBUG:colcon.colcon_core.event_handler.log_command:Invoking command in '/home/spiderweb/TestBase/build/my_drone_bringup': AMENT_PREFIX_PATH=/home/spiderweb/TestBase/install/my_station_pkg:/home/spiderweb/TestBase/install/my_drone_bringup:/home/spiderweb/TestBase/install/more_interfaces:/opt/ros/humble CMAKE_PREFIX_PATH=/home/spiderweb/TestBase/install/more_interfaces:/home/spiderweb/TestBase/install/my_drone_bringup:/home/spiderweb/TestBase/install/my_station_pkg:/opt/ros/humble /usr/bin/cmake --install /home/spiderweb/TestBase/build/my_drone_bringup
[12.911s] Level 1:colcon.colcon_core.environment:create_environment_scripts_only(my_drone_bringup)
[12.919s] Level 1:colcon.colcon_core.environment:checking '/home/spiderweb/TestBase/install/my_drone_bringup' for CMake module files
[12.920s] DEBUG:colcon.colcon_core.event_handler.log_command:Invoked command in '/home/spiderweb/TestBase/build/my_drone_bringup' returned '0': AMENT_PREFIX_PATH=/home/spiderweb/TestBase/install/my_station_pkg:/home/spiderweb/TestBase/install/my_drone_bringup:/home/spiderweb/TestBase/install/more_interfaces:/opt/ros/humble CMAKE_PREFIX_PATH=/home/spiderweb/TestBase/install/more_interfaces:/home/spiderweb/TestBase/install/my_drone_bringup:/home/spiderweb/TestBase/install/my_station_pkg:/opt/ros/humble /usr/bin/cmake --install /home/spiderweb/TestBase/build/my_drone_bringup
[12.923s] Level 1:colcon.colcon_core.environment:checking '/home/spiderweb/TestBase/install/my_drone_bringup' for CMake config files
[12.926s] Level 1:colcon.colcon_core.shell:create_environment_hook('my_drone_bringup', 'cmake_prefix_path')
[12.932s] INFO:colcon.colcon_core.shell:Creating environment hook '/home/spiderweb/TestBase/install/my_drone_bringup/share/my_drone_bringup/hook/cmake_prefix_path.ps1'
[12.934s] INFO:colcon.colcon_core.shell:Creating environment descriptor '/home/spiderweb/TestBase/install/my_drone_bringup/share/my_drone_bringup/hook/cmake_prefix_path.dsv'
[12.935s] INFO:colcon.colcon_core.shell:Creating environment hook '/home/spiderweb/TestBase/install/my_drone_bringup/share/my_drone_bringup/hook/cmake_prefix_path.sh'
[12.938s] Level 1:colcon.colcon_core.environment:checking '/home/spiderweb/TestBase/install/my_drone_bringup/bin'
[12.938s] Level 1:colcon.colcon_core.environment:checking '/home/spiderweb/TestBase/install/my_drone_bringup/lib/pkgconfig/my_drone_bringup.pc'
[12.939s] Level 1:colcon.colcon_core.environment:checking '/home/spiderweb/TestBase/install/my_drone_bringup/lib/python3.10/site-packages'
[12.940s] Level 1:colcon.colcon_core.environment:checking '/home/spiderweb/TestBase/install/my_drone_bringup/bin'
[12.946s] INFO:colcon.colcon_core.shell:Creating package script '/home/spiderweb/TestBase/install/my_drone_bringup/share/my_drone_bringup/package.ps1'
[12.948s] INFO:colcon.colcon_core.shell:Creating package descriptor '/home/spiderweb/TestBase/install/my_drone_bringup/share/my_drone_bringup/package.dsv'
[12.950s] INFO:colcon.colcon_core.shell:Creating package script '/home/spiderweb/TestBase/install/my_drone_bringup/share/my_drone_bringup/package.sh'
[12.952s] INFO:colcon.colcon_core.shell:Creating package script '/home/spiderweb/TestBase/install/my_drone_bringup/share/my_drone_bringup/package.bash'
[12.954s] INFO:colcon.colcon_core.shell:Creating package script '/home/spiderweb/TestBase/install/my_drone_bringup/share/my_drone_bringup/package.zsh'
[12.956s] Level 1:colcon.colcon_core.environment:create_file_with_runtime_dependencies(/home/spiderweb/TestBase/install/my_drone_bringup/share/colcon-core/packages/my_drone_bringup)
[13.080s] Level 1:colcon.colcon_core.environment:create_environment_scripts_only(my_drone_bringup)
[13.091s] Level 1:colcon.colcon_core.environment:checking '/home/spiderweb/TestBase/install/my_drone_bringup' for CMake module files
[13.094s] Level 1:colcon.colcon_core.environment:checking '/home/spiderweb/TestBase/install/my_drone_bringup' for CMake config files
[13.096s] Level 1:colcon.colcon_core.shell:create_environment_hook('my_drone_bringup', 'cmake_prefix_path')
[13.102s] INFO:colcon.colcon_core.shell:Creating environment hook '/home/spiderweb/TestBase/install/my_drone_bringup/share/my_drone_bringup/hook/cmake_prefix_path.ps1'
[13.104s] INFO:colcon.colcon_core.shell:Creating environment descriptor '/home/spiderweb/TestBase/install/my_drone_bringup/share/my_drone_bringup/hook/cmake_prefix_path.dsv'
[13.106s] INFO:colcon.colcon_core.shell:Creating environment hook '/home/spiderweb/TestBase/install/my_drone_bringup/share/my_drone_bringup/hook/cmake_prefix_path.sh'
[13.109s] Level 1:colcon.colcon_core.environment:checking '/home/spiderweb/TestBase/install/my_drone_bringup/bin'
[13.109s] Level 1:colcon.colcon_core.environment:checking '/home/spiderweb/TestBase/install/my_drone_bringup/lib/pkgconfig/my_drone_bringup.pc'
[13.110s] Level 1:colcon.colcon_core.environment:checking '/home/spiderweb/TestBase/install/my_drone_bringup/lib/python3.10/site-packages'
[13.111s] Level 1:colcon.colcon_core.environment:checking '/home/spiderweb/TestBase/install/my_drone_bringup/bin'
[13.116s] INFO:colcon.colcon_core.shell:Creating package script '/home/spiderweb/TestBase/install/my_drone_bringup/share/my_drone_bringup/package.ps1'
[13.118s] INFO:colcon.colcon_core.shell:Creating package descriptor '/home/spiderweb/TestBase/install/my_drone_bringup/share/my_drone_bringup/package.dsv'
[13.121s] INFO:colcon.colcon_core.shell:Creating package script '/home/spiderweb/TestBase/install/my_drone_bringup/share/my_drone_bringup/package.sh'
[13.123s] INFO:colcon.colcon_core.shell:Creating package script '/home/spiderweb/TestBase/install/my_drone_bringup/share/my_drone_bringup/package.bash'
[13.126s] INFO:colcon.colcon_core.shell:Creating package script '/home/spiderweb/TestBase/install/my_drone_bringup/share/my_drone_bringup/package.zsh'
[13.127s] Level 1:colcon.colcon_core.environment:create_file_with_runtime_dependencies(/home/spiderweb/TestBase/install/my_drone_bringup/share/colcon-core/packages/my_drone_bringup)
[13.129s] DEBUG:colcon.colcon_parallel_executor.executor.parallel:closing loop
[13.130s] DEBUG:colcon.colcon_parallel_executor.executor.parallel:loop closed
[13.131s] DEBUG:colcon.colcon_parallel_executor.executor.parallel:run_until_complete finished with '0'
[13.132s] DEBUG:colcon.colcon_core.event_reactor:joining thread
[13.159s] INFO:colcon.colcon_core.plugin_system:Skipping extension 'colcon_notification.desktop_notification.notify_send': Could not find 'notify-send'
[13.160s] INFO:colcon.colcon_core.plugin_system:Skipping extension 'colcon_notification.desktop_notification.terminal_notifier': Not used on non-Darwin systems
[13.161s] INFO:colcon.colcon_core.plugin_system:Skipping extension 'colcon_notification.desktop_notification.win32': Not used on non-Windows systems
[13.161s] INFO:colcon.colcon_notification.desktop_notification:Sending desktop notification using 'notify2'
[13.172s] DEBUG:colcon.colcon_notification.desktop_notification.notify2:Failed to initialize notify2: org.freedesktop.DBus.Error.ServiceUnknown: The name org.freedesktop.Notifications was not provided by any .service files
[13.173s] DEBUG:colcon.colcon_core.event_reactor:joined thread
[13.181s] INFO:colcon.colcon_core.shell:Creating prefix script '/home/spiderweb/TestBase/install/local_setup.ps1'
[13.187s] INFO:colcon.colcon_core.shell:Creating prefix util module '/home/spiderweb/TestBase/install/_local_setup_util_ps1.py'
[13.200s] INFO:colcon.colcon_core.shell:Creating prefix chain script '/home/spiderweb/TestBase/install/setup.ps1'
[13.213s] INFO:colcon.colcon_core.shell:Creating prefix script '/home/spiderweb/TestBase/install/local_setup.sh'
[13.223s] INFO:colcon.colcon_core.shell:Creating prefix util module '/home/spiderweb/TestBase/install/_local_setup_util_sh.py'
[13.228s] INFO:colcon.colcon_core.shell:Creating prefix chain script '/home/spiderweb/TestBase/install/setup.sh'
[13.240s] INFO:colcon.colcon_core.shell:Creating prefix script '/home/spiderweb/TestBase/install/local_setup.bash'
[13.244s] INFO:colcon.colcon_core.shell:Creating prefix chain script '/home/spiderweb/TestBase/install/setup.bash'
[13.262s] INFO:colcon.colcon_core.shell:Creating prefix script '/home/spiderweb/TestBase/install/local_setup.zsh'
[13.266s] INFO:colcon.colcon_core.shell:Creating prefix chain script '/home/spiderweb/TestBase/install/setup.zsh'
