[0.074s] Invoking command in '/home/spiderweb/TestBase/build/more_interfaces': CMAKE_PREFIX_PATH=${CMAKE_PREFIX_PATH}:/home/spiderweb/TestBase/install/my_station_pkg:/opt/ros/humble /usr/bin/cmake --build /home/spiderweb/TestBase/build/more_interfaces -- -j4 -l4
[0.308s] [  1%] Built target more_interfaces__cpp
[0.323s] [ 12%] Built target more_interfaces__rosidl_generator_c
[0.418s] [ 12%] Built target ament_cmake_python_copy_more_interfaces
[0.455s] [ 24%] Built target more_interfaces__rosidl_typesupport_cpp
[0.495s] [ 35%] Built target more_interfaces__rosidl_typesupport_introspection_cpp
[0.512s] [ 47%] Built target more_interfaces__rosidl_typesupport_fastrtps_cpp
[0.563s] [ 58%] Built target more_interfaces__rosidl_typesupport_fastrtps_c
[0.581s] [ 70%] Built target more_interfaces__rosidl_typesupport_introspection_c
[0.630s] [ 82%] Built target more_interfaces__rosidl_typesupport_c
[0.730s] [ 82%] Built target more_interfaces
[0.825s] [ 83%] Built target more_interfaces__py
[0.940s] [ 93%] Built target more_interfaces__rosidl_generator_py
[1.083s] [ 95%] Built target more_interfaces__rosidl_typesupport_fastrtps_c__pyext
[1.086s] [ 97%] Built target more_interfaces__rosidl_typesupport_c__pyext
[1.089s] [100%] Built target more_interfaces__rosidl_typesupport_introspection_c__pyext
[2.153s] running egg_info
[2.156s] writing more_interfaces.egg-info/PKG-INFO
[2.157s] writing dependency_links to more_interfaces.egg-info/dependency_links.txt
[2.158s] writing top-level names to more_interfaces.egg-info/top_level.txt
[2.174s] reading manifest file 'more_interfaces.egg-info/SOURCES.txt'
[2.178s] writing manifest file 'more_interfaces.egg-info/SOURCES.txt'
[2.379s] [100%] Built target ament_cmake_python_build_more_interfaces_egg
[2.580s] Invoked command in '/home/spiderweb/TestBase/build/more_interfaces' returned '0': CMAKE_PREFIX_PATH=${CMAKE_PREFIX_PATH}:/home/spiderweb/TestBase/install/my_station_pkg:/opt/ros/humble /usr/bin/cmake --build /home/spiderweb/TestBase/build/more_interfaces -- -j4 -l4
[4.304s] Invoking command in '/home/spiderweb/TestBase/build/more_interfaces': CMAKE_PREFIX_PATH=${CMAKE_PREFIX_PATH}:/home/spiderweb/TestBase/install/my_station_pkg:/opt/ros/humble /usr/bin/cmake --install /home/spiderweb/TestBase/build/more_interfaces
[4.336s] -- Install configuration: ""
[4.337s] -- Up-to-date: /home/spiderweb/TestBase/install/more_interfaces/share/ament_index/resource_index/rosidl_interfaces/more_interfaces
[4.338s] -- Up-to-date: /home/spiderweb/TestBase/install/more_interfaces/include/more_interfaces/more_interfaces
[4.339s] -- Up-to-date: /home/spiderweb/TestBase/install/more_interfaces/include/more_interfaces/more_interfaces/srv
[4.339s] -- Up-to-date: /home/spiderweb/TestBase/install/more_interfaces/include/more_interfaces/more_interfaces/srv/timer.h
[4.340s] -- Up-to-date: /home/spiderweb/TestBase/install/more_interfaces/include/more_interfaces/more_interfaces/srv/arduino1.h
[4.341s] -- Up-to-date: /home/spiderweb/TestBase/install/more_interfaces/include/more_interfaces/more_interfaces/srv/detail
[4.341s] -- Up-to-date: /home/spiderweb/TestBase/install/more_interfaces/include/more_interfaces/more_interfaces/srv/detail/comms__type_support.h
[4.342s] -- Up-to-date: /home/spiderweb/TestBase/install/more_interfaces/include/more_interfaces/more_interfaces/srv/detail/trigger__type_support.h
[4.343s] -- Up-to-date: /home/spiderweb/TestBase/install/more_interfaces/include/more_interfaces/more_interfaces/srv/detail/alert__functions.c
[4.344s] -- Up-to-date: /home/spiderweb/TestBase/install/more_interfaces/include/more_interfaces/more_interfaces/srv/detail/arduino1__functions.c
[4.344s] -- Up-to-date: /home/spiderweb/TestBase/install/more_interfaces/include/more_interfaces/more_interfaces/srv/detail/trigger__functions.c
[4.345s] -- Up-to-date: /home/spiderweb/TestBase/install/more_interfaces/include/more_interfaces/more_interfaces/srv/detail/comms__struct.h
[4.347s] -- Up-to-date: /home/spiderweb/TestBase/install/more_interfaces/include/more_interfaces/more_interfaces/srv/detail/trigger__functions.h
[4.366s] -- Up-to-date: /home/spiderweb/TestBase/install/more_interfaces/include/more_interfaces/more_interfaces/srv/detail/trigger__struct.h
[4.370s] -- Up-to-date: /home/spiderweb/TestBase/install/more_interfaces/include/more_interfaces/more_interfaces/srv/detail/arduino1__functions.h
[4.371s] -- Up-to-date: /home/spiderweb/TestBase/install/more_interfaces/include/more_interfaces/more_interfaces/srv/detail/alert__type_support.h
[4.372s] -- Up-to-date: /home/spiderweb/TestBase/install/more_interfaces/include/more_interfaces/more_interfaces/srv/detail/error__type_support.h
[4.373s] -- Up-to-date: /home/spiderweb/TestBase/install/more_interfaces/include/more_interfaces/more_interfaces/srv/detail/mission__functions.h
[4.374s] -- Up-to-date: /home/spiderweb/TestBase/install/more_interfaces/include/more_interfaces/more_interfaces/srv/detail/comms__functions.c
[4.376s] -- Up-to-date: /home/spiderweb/TestBase/install/more_interfaces/include/more_interfaces/more_interfaces/srv/detail/error__functions.h
[4.377s] -- Up-to-date: /home/spiderweb/TestBase/install/more_interfaces/include/more_interfaces/more_interfaces/srv/detail/mission__type_support.h
[4.379s] -- Up-to-date: /home/spiderweb/TestBase/install/more_interfaces/include/more_interfaces/more_interfaces/srv/detail/alert__struct.h
[4.380s] -- Up-to-date: /home/spiderweb/TestBase/install/more_interfaces/include/more_interfaces/more_interfaces/srv/detail/error__struct.h
[4.381s] -- Up-to-date: /home/spiderweb/TestBase/install/more_interfaces/include/more_interfaces/more_interfaces/srv/detail/timer__functions.h
[4.382s] -- Up-to-date: /home/spiderweb/TestBase/install/more_interfaces/include/more_interfaces/more_interfaces/srv/detail/arduino1__struct.h
[4.383s] -- Up-to-date: /home/spiderweb/TestBase/install/more_interfaces/include/more_interfaces/more_interfaces/srv/detail/comms__functions.h
[4.384s] -- Up-to-date: /home/spiderweb/TestBase/install/more_interfaces/include/more_interfaces/more_interfaces/srv/detail/string__struct.h
[4.385s] -- Up-to-date: /home/spiderweb/TestBase/install/more_interfaces/include/more_interfaces/more_interfaces/srv/detail/string__type_support.h
[4.386s] -- Up-to-date: /home/spiderweb/TestBase/install/more_interfaces/include/more_interfaces/more_interfaces/srv/detail/timer__functions.c
[4.387s] -- Up-to-date: /home/spiderweb/TestBase/install/more_interfaces/include/more_interfaces/more_interfaces/srv/detail/timer__struct.h
[4.388s] -- Up-to-date: /home/spiderweb/TestBase/install/more_interfaces/include/more_interfaces/more_interfaces/srv/detail/string__functions.c
[4.389s] -- Up-to-date: /home/spiderweb/TestBase/install/more_interfaces/include/more_interfaces/more_interfaces/srv/detail/alert__functions.h
[4.390s] -- Up-to-date: /home/spiderweb/TestBase/install/more_interfaces/include/more_interfaces/more_interfaces/srv/detail/arduino1__type_support.h
[4.390s] -- Up-to-date: /home/spiderweb/TestBase/install/more_interfaces/include/more_interfaces/more_interfaces/srv/detail/mission__struct.h
[4.391s] -- Up-to-date: /home/spiderweb/TestBase/install/more_interfaces/include/more_interfaces/more_interfaces/srv/detail/error__functions.c
[4.392s] -- Up-to-date: /home/spiderweb/TestBase/install/more_interfaces/include/more_interfaces/more_interfaces/srv/detail/mission__functions.c
[4.393s] -- Up-to-date: /home/spiderweb/TestBase/install/more_interfaces/include/more_interfaces/more_interfaces/srv/detail/string__functions.h
[4.394s] -- Up-to-date: /home/spiderweb/TestBase/install/more_interfaces/include/more_interfaces/more_interfaces/srv/detail/timer__type_support.h
[4.394s] -- Up-to-date: /home/spiderweb/TestBase/install/more_interfaces/include/more_interfaces/more_interfaces/srv/mission.h
[4.395s] -- Up-to-date: /home/spiderweb/TestBase/install/more_interfaces/include/more_interfaces/more_interfaces/srv/alert.h
[4.396s] -- Up-to-date: /home/spiderweb/TestBase/install/more_interfaces/include/more_interfaces/more_interfaces/srv/comms.h
[4.396s] -- Up-to-date: /home/spiderweb/TestBase/install/more_interfaces/include/more_interfaces/more_interfaces/srv/error.h
[4.397s] -- Up-to-date: /home/spiderweb/TestBase/install/more_interfaces/include/more_interfaces/more_interfaces/srv/trigger.h
[4.398s] -- Up-to-date: /home/spiderweb/TestBase/install/more_interfaces/include/more_interfaces/more_interfaces/srv/string.h
[4.399s] -- Up-to-date: /home/spiderweb/TestBase/install/more_interfaces/include/more_interfaces/more_interfaces/msg
[4.401s] -- Up-to-date: /home/spiderweb/TestBase/install/more_interfaces/include/more_interfaces/more_interfaces/msg/rosidl_generator_c__visibility_control.h
[4.403s] -- Up-to-date: /home/spiderweb/TestBase/install/more_interfaces/include/more_interfaces/more_interfaces/msg/detail
[4.404s] -- Up-to-date: /home/spiderweb/TestBase/install/more_interfaces/include/more_interfaces/more_interfaces/msg/detail/trials1__functions.h
[4.405s] -- Up-to-date: /home/spiderweb/TestBase/install/more_interfaces/include/more_interfaces/more_interfaces/msg/detail/trials1__functions.c
[4.407s] -- Up-to-date: /home/spiderweb/TestBase/install/more_interfaces/include/more_interfaces/more_interfaces/msg/detail/trials1__type_support.h
[4.408s] -- Up-to-date: /home/spiderweb/TestBase/install/more_interfaces/include/more_interfaces/more_interfaces/msg/detail/trials1__struct.h
[4.409s] -- Up-to-date: /home/spiderweb/TestBase/install/more_interfaces/include/more_interfaces/more_interfaces/msg/trials1.h
[4.410s] -- Up-to-date: /home/spiderweb/TestBase/install/more_interfaces/share/more_interfaces/environment/library_path.sh
[4.412s] -- Up-to-date: /home/spiderweb/TestBase/install/more_interfaces/share/more_interfaces/environment/library_path.dsv
[4.413s] -- Up-to-date: /home/spiderweb/TestBase/install/more_interfaces/lib/libmore_interfaces__rosidl_generator_c.so
[4.414s] -- Up-to-date: /home/spiderweb/TestBase/install/more_interfaces/include/more_interfaces/more_interfaces
[4.416s] -- Up-to-date: /home/spiderweb/TestBase/install/more_interfaces/include/more_interfaces/more_interfaces/srv
[4.417s] -- Up-to-date: /home/spiderweb/TestBase/install/more_interfaces/include/more_interfaces/more_interfaces/srv/detail
[4.418s] -- Up-to-date: /home/spiderweb/TestBase/install/more_interfaces/include/more_interfaces/more_interfaces/srv/detail/error__rosidl_typesupport_fastrtps_c.h
[4.419s] -- Up-to-date: /home/spiderweb/TestBase/install/more_interfaces/include/more_interfaces/more_interfaces/srv/detail/arduino1__rosidl_typesupport_fastrtps_c.h
[4.420s] -- Up-to-date: /home/spiderweb/TestBase/install/more_interfaces/include/more_interfaces/more_interfaces/srv/detail/string__rosidl_typesupport_fastrtps_c.h
[4.421s] -- Up-to-date: /home/spiderweb/TestBase/install/more_interfaces/include/more_interfaces/more_interfaces/srv/detail/timer__rosidl_typesupport_fastrtps_c.h
[4.422s] -- Up-to-date: /home/spiderweb/TestBase/install/more_interfaces/include/more_interfaces/more_interfaces/srv/detail/alert__rosidl_typesupport_fastrtps_c.h
[4.423s] -- Up-to-date: /home/spiderweb/TestBase/install/more_interfaces/include/more_interfaces/more_interfaces/srv/detail/trigger__rosidl_typesupport_fastrtps_c.h
[4.424s] -- Up-to-date: /home/spiderweb/TestBase/install/more_interfaces/include/more_interfaces/more_interfaces/srv/detail/mission__rosidl_typesupport_fastrtps_c.h
[4.424s] -- Up-to-date: /home/spiderweb/TestBase/install/more_interfaces/include/more_interfaces/more_interfaces/srv/detail/comms__rosidl_typesupport_fastrtps_c.h
[4.425s] -- Up-to-date: /home/spiderweb/TestBase/install/more_interfaces/include/more_interfaces/more_interfaces/msg
[4.426s] -- Up-to-date: /home/spiderweb/TestBase/install/more_interfaces/include/more_interfaces/more_interfaces/msg/rosidl_typesupport_fastrtps_c__visibility_control.h
[4.427s] -- Up-to-date: /home/spiderweb/TestBase/install/more_interfaces/include/more_interfaces/more_interfaces/msg/detail
[4.428s] -- Up-to-date: /home/spiderweb/TestBase/install/more_interfaces/include/more_interfaces/more_interfaces/msg/detail/trials1__rosidl_typesupport_fastrtps_c.h
[4.434s] -- Up-to-date: /home/spiderweb/TestBase/install/more_interfaces/lib/libmore_interfaces__rosidl_typesupport_fastrtps_c.so
[4.445s] -- Up-to-date: /home/spiderweb/TestBase/install/more_interfaces/include/more_interfaces/more_interfaces
[4.447s] -- Up-to-date: /home/spiderweb/TestBase/install/more_interfaces/include/more_interfaces/more_interfaces/srv
[4.448s] -- Up-to-date: /home/spiderweb/TestBase/install/more_interfaces/include/more_interfaces/more_interfaces/srv/detail
[4.449s] -- Up-to-date: /home/spiderweb/TestBase/install/more_interfaces/include/more_interfaces/more_interfaces/srv/detail/arduino1__type_support.c
[4.450s] -- Up-to-date: /home/spiderweb/TestBase/install/more_interfaces/include/more_interfaces/more_interfaces/srv/detail/timer__rosidl_typesupport_introspection_c.h
[4.451s] -- Up-to-date: /home/spiderweb/TestBase/install/more_interfaces/include/more_interfaces/more_interfaces/srv/detail/trigger__rosidl_typesupport_introspection_c.h
[4.452s] -- Up-to-date: /home/spiderweb/TestBase/install/more_interfaces/include/more_interfaces/more_interfaces/srv/detail/arduino1__rosidl_typesupport_introspection_c.h
[4.453s] -- Up-to-date: /home/spiderweb/TestBase/install/more_interfaces/include/more_interfaces/more_interfaces/srv/detail/mission__type_support.c
[4.454s] -- Up-to-date: /home/spiderweb/TestBase/install/more_interfaces/include/more_interfaces/more_interfaces/srv/detail/error__type_support.c
[4.454s] -- Up-to-date: /home/spiderweb/TestBase/install/more_interfaces/include/more_interfaces/more_interfaces/srv/detail/timer__type_support.c
[4.455s] -- Up-to-date: /home/spiderweb/TestBase/install/more_interfaces/include/more_interfaces/more_interfaces/srv/detail/alert__rosidl_typesupport_introspection_c.h
[4.456s] -- Up-to-date: /home/spiderweb/TestBase/install/more_interfaces/include/more_interfaces/more_interfaces/srv/detail/error__rosidl_typesupport_introspection_c.h
[4.457s] -- Up-to-date: /home/spiderweb/TestBase/install/more_interfaces/include/more_interfaces/more_interfaces/srv/detail/comms__type_support.c
[4.458s] -- Up-to-date: /home/spiderweb/TestBase/install/more_interfaces/include/more_interfaces/more_interfaces/srv/detail/string__rosidl_typesupport_introspection_c.h
[4.459s] -- Up-to-date: /home/spiderweb/TestBase/install/more_interfaces/include/more_interfaces/more_interfaces/srv/detail/mission__rosidl_typesupport_introspection_c.h
[4.460s] -- Up-to-date: /home/spiderweb/TestBase/install/more_interfaces/include/more_interfaces/more_interfaces/srv/detail/string__type_support.c
[4.461s] -- Up-to-date: /home/spiderweb/TestBase/install/more_interfaces/include/more_interfaces/more_interfaces/srv/detail/trigger__type_support.c
[4.461s] -- Up-to-date: /home/spiderweb/TestBase/install/more_interfaces/include/more_interfaces/more_interfaces/srv/detail/comms__rosidl_typesupport_introspection_c.h
[4.462s] -- Up-to-date: /home/spiderweb/TestBase/install/more_interfaces/include/more_interfaces/more_interfaces/srv/detail/alert__type_support.c
[4.463s] -- Up-to-date: /home/spiderweb/TestBase/install/more_interfaces/include/more_interfaces/more_interfaces/msg
[4.464s] -- Up-to-date: /home/spiderweb/TestBase/install/more_interfaces/include/more_interfaces/more_interfaces/msg/detail
[4.464s] -- Up-to-date: /home/spiderweb/TestBase/install/more_interfaces/include/more_interfaces/more_interfaces/msg/detail/trials1__type_support.c
[4.465s] -- Up-to-date: /home/spiderweb/TestBase/install/more_interfaces/include/more_interfaces/more_interfaces/msg/detail/trials1__rosidl_typesupport_introspection_c.h
[4.466s] -- Up-to-date: /home/spiderweb/TestBase/install/more_interfaces/include/more_interfaces/more_interfaces/msg/rosidl_typesupport_introspection_c__visibility_control.h
[4.467s] -- Up-to-date: /home/spiderweb/TestBase/install/more_interfaces/lib/libmore_interfaces__rosidl_typesupport_introspection_c.so
[4.467s] -- Up-to-date: /home/spiderweb/TestBase/install/more_interfaces/lib/libmore_interfaces__rosidl_typesupport_c.so
[4.469s] -- Up-to-date: /home/spiderweb/TestBase/install/more_interfaces/include/more_interfaces/more_interfaces
[4.470s] -- Up-to-date: /home/spiderweb/TestBase/install/more_interfaces/include/more_interfaces/more_interfaces/srv
[4.471s] -- Up-to-date: /home/spiderweb/TestBase/install/more_interfaces/include/more_interfaces/more_interfaces/srv/arduino1.hpp
[4.471s] -- Up-to-date: /home/spiderweb/TestBase/install/more_interfaces/include/more_interfaces/more_interfaces/srv/alert.hpp
[4.472s] -- Up-to-date: /home/spiderweb/TestBase/install/more_interfaces/include/more_interfaces/more_interfaces/srv/detail
[4.473s] -- Up-to-date: /home/spiderweb/TestBase/install/more_interfaces/include/more_interfaces/more_interfaces/srv/detail/trigger__struct.hpp
[4.474s] -- Up-to-date: /home/spiderweb/TestBase/install/more_interfaces/include/more_interfaces/more_interfaces/srv/detail/error__struct.hpp
[4.475s] -- Up-to-date: /home/spiderweb/TestBase/install/more_interfaces/include/more_interfaces/more_interfaces/srv/detail/alert__struct.hpp
[4.476s] -- Up-to-date: /home/spiderweb/TestBase/install/more_interfaces/include/more_interfaces/more_interfaces/srv/detail/comms__traits.hpp
[4.476s] -- Up-to-date: /home/spiderweb/TestBase/install/more_interfaces/include/more_interfaces/more_interfaces/srv/detail/comms__struct.hpp
[4.477s] -- Up-to-date: /home/spiderweb/TestBase/install/more_interfaces/include/more_interfaces/more_interfaces/srv/detail/string__builder.hpp
[4.478s] -- Up-to-date: /home/spiderweb/TestBase/install/more_interfaces/include/more_interfaces/more_interfaces/srv/detail/arduino1__traits.hpp
[4.478s] -- Up-to-date: /home/spiderweb/TestBase/install/more_interfaces/include/more_interfaces/more_interfaces/srv/detail/arduino1__struct.hpp
[4.479s] -- Up-to-date: /home/spiderweb/TestBase/install/more_interfaces/include/more_interfaces/more_interfaces/srv/detail/arduino1__builder.hpp
[4.480s] -- Up-to-date: /home/spiderweb/TestBase/install/more_interfaces/include/more_interfaces/more_interfaces/srv/detail/timer__builder.hpp
[4.480s] -- Up-to-date: /home/spiderweb/TestBase/install/more_interfaces/include/more_interfaces/more_interfaces/srv/detail/mission__builder.hpp
[4.482s] -- Up-to-date: /home/spiderweb/TestBase/install/more_interfaces/include/more_interfaces/more_interfaces/srv/detail/string__struct.hpp
[4.483s] -- Up-to-date: /home/spiderweb/TestBase/install/more_interfaces/include/more_interfaces/more_interfaces/srv/detail/string__traits.hpp
[4.483s] -- Up-to-date: /home/spiderweb/TestBase/install/more_interfaces/include/more_interfaces/more_interfaces/srv/detail/trigger__traits.hpp
[4.484s] -- Up-to-date: /home/spiderweb/TestBase/install/more_interfaces/include/more_interfaces/more_interfaces/srv/detail/trigger__builder.hpp
[4.485s] -- Up-to-date: /home/spiderweb/TestBase/install/more_interfaces/include/more_interfaces/more_interfaces/srv/detail/alert__traits.hpp
[4.486s] -- Up-to-date: /home/spiderweb/TestBase/install/more_interfaces/include/more_interfaces/more_interfaces/srv/detail/mission__struct.hpp
[4.487s] -- Up-to-date: /home/spiderweb/TestBase/install/more_interfaces/include/more_interfaces/more_interfaces/srv/detail/error__traits.hpp
[4.487s] -- Up-to-date: /home/spiderweb/TestBase/install/more_interfaces/include/more_interfaces/more_interfaces/srv/detail/alert__builder.hpp
[4.488s] -- Up-to-date: /home/spiderweb/TestBase/install/more_interfaces/include/more_interfaces/more_interfaces/srv/detail/error__builder.hpp
[4.489s] -- Up-to-date: /home/spiderweb/TestBase/install/more_interfaces/include/more_interfaces/more_interfaces/srv/detail/timer__struct.hpp
[4.489s] -- Up-to-date: /home/spiderweb/TestBase/install/more_interfaces/include/more_interfaces/more_interfaces/srv/detail/timer__traits.hpp
[4.490s] -- Up-to-date: /home/spiderweb/TestBase/install/more_interfaces/include/more_interfaces/more_interfaces/srv/detail/mission__traits.hpp
[4.491s] -- Up-to-date: /home/spiderweb/TestBase/install/more_interfaces/include/more_interfaces/more_interfaces/srv/detail/comms__builder.hpp
[4.491s] -- Up-to-date: /home/spiderweb/TestBase/install/more_interfaces/include/more_interfaces/more_interfaces/srv/mission.hpp
[4.492s] -- Up-to-date: /home/spiderweb/TestBase/install/more_interfaces/include/more_interfaces/more_interfaces/srv/comms.hpp
[4.492s] -- Up-to-date: /home/spiderweb/TestBase/install/more_interfaces/include/more_interfaces/more_interfaces/srv/trigger.hpp
[4.493s] -- Up-to-date: /home/spiderweb/TestBase/install/more_interfaces/include/more_interfaces/more_interfaces/srv/string.hpp
[4.494s] -- Up-to-date: /home/spiderweb/TestBase/install/more_interfaces/include/more_interfaces/more_interfaces/srv/timer.hpp
[4.494s] -- Up-to-date: /home/spiderweb/TestBase/install/more_interfaces/include/more_interfaces/more_interfaces/srv/error.hpp
[4.495s] -- Up-to-date: /home/spiderweb/TestBase/install/more_interfaces/include/more_interfaces/more_interfaces/msg
[4.495s] -- Up-to-date: /home/spiderweb/TestBase/install/more_interfaces/include/more_interfaces/more_interfaces/msg/detail
[4.496s] -- Up-to-date: /home/spiderweb/TestBase/install/more_interfaces/include/more_interfaces/more_interfaces/msg/detail/trials1__struct.hpp
[4.496s] -- Up-to-date: /home/spiderweb/TestBase/install/more_interfaces/include/more_interfaces/more_interfaces/msg/detail/trials1__traits.hpp
[4.497s] -- Up-to-date: /home/spiderweb/TestBase/install/more_interfaces/include/more_interfaces/more_interfaces/msg/detail/trials1__builder.hpp
[4.498s] -- Up-to-date: /home/spiderweb/TestBase/install/more_interfaces/include/more_interfaces/more_interfaces/msg/trials1.hpp
[4.498s] -- Up-to-date: /home/spiderweb/TestBase/install/more_interfaces/include/more_interfaces/more_interfaces
[4.499s] -- Up-to-date: /home/spiderweb/TestBase/install/more_interfaces/include/more_interfaces/more_interfaces/srv
[4.500s] -- Up-to-date: /home/spiderweb/TestBase/install/more_interfaces/include/more_interfaces/more_interfaces/srv/detail
[4.500s] -- Up-to-date: /home/spiderweb/TestBase/install/more_interfaces/include/more_interfaces/more_interfaces/srv/detail/comms__rosidl_typesupport_fastrtps_cpp.hpp
[4.501s] -- Up-to-date: /home/spiderweb/TestBase/install/more_interfaces/include/more_interfaces/more_interfaces/srv/detail/error__rosidl_typesupport_fastrtps_cpp.hpp
[4.502s] -- Up-to-date: /home/spiderweb/TestBase/install/more_interfaces/include/more_interfaces/more_interfaces/srv/detail/trigger__rosidl_typesupport_fastrtps_cpp.hpp
[4.502s] -- Up-to-date: /home/spiderweb/TestBase/install/more_interfaces/include/more_interfaces/more_interfaces/srv/detail/mission__rosidl_typesupport_fastrtps_cpp.hpp
[4.503s] -- Up-to-date: /home/spiderweb/TestBase/install/more_interfaces/include/more_interfaces/more_interfaces/srv/detail/dds_fastrtps
[4.504s] -- Up-to-date: /home/spiderweb/TestBase/install/more_interfaces/include/more_interfaces/more_interfaces/srv/detail/arduino1__rosidl_typesupport_fastrtps_cpp.hpp
[4.505s] -- Up-to-date: /home/spiderweb/TestBase/install/more_interfaces/include/more_interfaces/more_interfaces/srv/detail/string__rosidl_typesupport_fastrtps_cpp.hpp
[4.505s] -- Up-to-date: /home/spiderweb/TestBase/install/more_interfaces/include/more_interfaces/more_interfaces/srv/detail/timer__rosidl_typesupport_fastrtps_cpp.hpp
[4.506s] -- Up-to-date: /home/spiderweb/TestBase/install/more_interfaces/include/more_interfaces/more_interfaces/srv/detail/alert__rosidl_typesupport_fastrtps_cpp.hpp
[4.507s] -- Up-to-date: /home/spiderweb/TestBase/install/more_interfaces/include/more_interfaces/more_interfaces/msg
[4.508s] -- Up-to-date: /home/spiderweb/TestBase/install/more_interfaces/include/more_interfaces/more_interfaces/msg/rosidl_typesupport_fastrtps_cpp__visibility_control.h
[4.508s] -- Up-to-date: /home/spiderweb/TestBase/install/more_interfaces/include/more_interfaces/more_interfaces/msg/detail
[4.509s] -- Up-to-date: /home/spiderweb/TestBase/install/more_interfaces/include/more_interfaces/more_interfaces/msg/detail/dds_fastrtps
[4.510s] -- Up-to-date: /home/spiderweb/TestBase/install/more_interfaces/include/more_interfaces/more_interfaces/msg/detail/trials1__rosidl_typesupport_fastrtps_cpp.hpp
[4.510s] -- Up-to-date: /home/spiderweb/TestBase/install/more_interfaces/lib/libmore_interfaces__rosidl_typesupport_fastrtps_cpp.so
[4.511s] -- Up-to-date: /home/spiderweb/TestBase/install/more_interfaces/include/more_interfaces/more_interfaces
[4.512s] -- Up-to-date: /home/spiderweb/TestBase/install/more_interfaces/include/more_interfaces/more_interfaces/srv
[4.513s] -- Up-to-date: /home/spiderweb/TestBase/install/more_interfaces/include/more_interfaces/more_interfaces/srv/detail
[4.514s] -- Up-to-date: /home/spiderweb/TestBase/install/more_interfaces/include/more_interfaces/more_interfaces/srv/detail/arduino1__rosidl_typesupport_introspection_cpp.hpp
[4.514s] -- Up-to-date: /home/spiderweb/TestBase/install/more_interfaces/include/more_interfaces/more_interfaces/srv/detail/alert__type_support.cpp
[4.515s] -- Up-to-date: /home/spiderweb/TestBase/install/more_interfaces/include/more_interfaces/more_interfaces/srv/detail/arduino1__type_support.cpp
[4.516s] -- Up-to-date: /home/spiderweb/TestBase/install/more_interfaces/include/more_interfaces/more_interfaces/srv/detail/comms__rosidl_typesupport_introspection_cpp.hpp
[4.517s] -- Up-to-date: /home/spiderweb/TestBase/install/more_interfaces/include/more_interfaces/more_interfaces/srv/detail/timer__rosidl_typesupport_introspection_cpp.hpp
[4.517s] -- Up-to-date: /home/spiderweb/TestBase/install/more_interfaces/include/more_interfaces/more_interfaces/srv/detail/mission__rosidl_typesupport_introspection_cpp.hpp
[4.518s] -- Up-to-date: /home/spiderweb/TestBase/install/more_interfaces/include/more_interfaces/more_interfaces/srv/detail/mission__type_support.cpp
[4.518s] -- Up-to-date: /home/spiderweb/TestBase/install/more_interfaces/include/more_interfaces/more_interfaces/srv/detail/error__rosidl_typesupport_introspection_cpp.hpp
[4.519s] -- Up-to-date: /home/spiderweb/TestBase/install/more_interfaces/include/more_interfaces/more_interfaces/srv/detail/error__type_support.cpp
[4.520s] -- Up-to-date: /home/spiderweb/TestBase/install/more_interfaces/include/more_interfaces/more_interfaces/srv/detail/string__rosidl_typesupport_introspection_cpp.hpp
[4.520s] -- Up-to-date: /home/spiderweb/TestBase/install/more_interfaces/include/more_interfaces/more_interfaces/srv/detail/timer__type_support.cpp
[4.521s] -- Up-to-date: /home/spiderweb/TestBase/install/more_interfaces/include/more_interfaces/more_interfaces/srv/detail/string__type_support.cpp
[4.521s] -- Up-to-date: /home/spiderweb/TestBase/install/more_interfaces/include/more_interfaces/more_interfaces/srv/detail/comms__type_support.cpp
[4.522s] -- Up-to-date: /home/spiderweb/TestBase/install/more_interfaces/include/more_interfaces/more_interfaces/srv/detail/trigger__rosidl_typesupport_introspection_cpp.hpp
[4.523s] -- Up-to-date: /home/spiderweb/TestBase/install/more_interfaces/include/more_interfaces/more_interfaces/srv/detail/trigger__type_support.cpp
[4.523s] -- Up-to-date: /home/spiderweb/TestBase/install/more_interfaces/include/more_interfaces/more_interfaces/srv/detail/alert__rosidl_typesupport_introspection_cpp.hpp
[4.524s] -- Up-to-date: /home/spiderweb/TestBase/install/more_interfaces/include/more_interfaces/more_interfaces/msg
[4.524s] -- Up-to-date: /home/spiderweb/TestBase/install/more_interfaces/include/more_interfaces/more_interfaces/msg/detail
[4.525s] -- Up-to-date: /home/spiderweb/TestBase/install/more_interfaces/include/more_interfaces/more_interfaces/msg/detail/trials1__type_support.cpp
[4.526s] -- Up-to-date: /home/spiderweb/TestBase/install/more_interfaces/include/more_interfaces/more_interfaces/msg/detail/trials1__rosidl_typesupport_introspection_cpp.hpp
[4.527s] -- Up-to-date: /home/spiderweb/TestBase/install/more_interfaces/lib/libmore_interfaces__rosidl_typesupport_introspection_cpp.so
[4.527s] -- Up-to-date: /home/spiderweb/TestBase/install/more_interfaces/lib/libmore_interfaces__rosidl_typesupport_cpp.so
[4.527s] -- Up-to-date: /home/spiderweb/TestBase/install/more_interfaces/share/more_interfaces/environment/pythonpath.sh
[4.528s] -- Up-to-date: /home/spiderweb/TestBase/install/more_interfaces/share/more_interfaces/environment/pythonpath.dsv
[4.528s] -- Up-to-date: /home/spiderweb/TestBase/install/more_interfaces/local/lib/python3.10/dist-packages/more_interfaces-0.0.0-py3.10.egg-info
[4.529s] -- Installing: /home/spiderweb/TestBase/install/more_interfaces/local/lib/python3.10/dist-packages/more_interfaces-0.0.0-py3.10.egg-info/top_level.txt
[4.529s] -- Installing: /home/spiderweb/TestBase/install/more_interfaces/local/lib/python3.10/dist-packages/more_interfaces-0.0.0-py3.10.egg-info/dependency_links.txt
[4.530s] -- Installing: /home/spiderweb/TestBase/install/more_interfaces/local/lib/python3.10/dist-packages/more_interfaces-0.0.0-py3.10.egg-info/PKG-INFO
[4.530s] -- Installing: /home/spiderweb/TestBase/install/more_interfaces/local/lib/python3.10/dist-packages/more_interfaces-0.0.0-py3.10.egg-info/SOURCES.txt
[4.530s] -- Up-to-date: /home/spiderweb/TestBase/install/more_interfaces/local/lib/python3.10/dist-packages/more_interfaces
[4.531s] -- Up-to-date: /home/spiderweb/TestBase/install/more_interfaces/local/lib/python3.10/dist-packages/more_interfaces/more_interfaces_s__rosidl_typesupport_fastrtps_c.cpython-310-aarch64-linux-gnu.so
[4.531s] -- Up-to-date: /home/spiderweb/TestBase/install/more_interfaces/local/lib/python3.10/dist-packages/more_interfaces/srv
[4.532s] -- Up-to-date: /home/spiderweb/TestBase/install/more_interfaces/local/lib/python3.10/dist-packages/more_interfaces/srv/_string_s.c
[4.532s] -- Up-to-date: /home/spiderweb/TestBase/install/more_interfaces/local/lib/python3.10/dist-packages/more_interfaces/srv/_timer_s.c
[4.533s] -- Up-to-date: /home/spiderweb/TestBase/install/more_interfaces/local/lib/python3.10/dist-packages/more_interfaces/srv/_string.py
[4.534s] -- Up-to-date: /home/spiderweb/TestBase/install/more_interfaces/local/lib/python3.10/dist-packages/more_interfaces/srv/_alert.py
[4.534s] -- Up-to-date: /home/spiderweb/TestBase/install/more_interfaces/local/lib/python3.10/dist-packages/more_interfaces/srv/_comms_s.c
[4.535s] -- Up-to-date: /home/spiderweb/TestBase/install/more_interfaces/local/lib/python3.10/dist-packages/more_interfaces/srv/_arduino1_s.c
[4.536s] -- Up-to-date: /home/spiderweb/TestBase/install/more_interfaces/local/lib/python3.10/dist-packages/more_interfaces/srv/_trigger_s.c
[4.537s] -- Up-to-date: /home/spiderweb/TestBase/install/more_interfaces/local/lib/python3.10/dist-packages/more_interfaces/srv/_error.py
[4.537s] -- Up-to-date: /home/spiderweb/TestBase/install/more_interfaces/local/lib/python3.10/dist-packages/more_interfaces/srv/_mission_s.c
[4.538s] -- Up-to-date: /home/spiderweb/TestBase/install/more_interfaces/local/lib/python3.10/dist-packages/more_interfaces/srv/_arduino1.py
[4.539s] -- Up-to-date: /home/spiderweb/TestBase/install/more_interfaces/local/lib/python3.10/dist-packages/more_interfaces/srv/_mission.py
[4.539s] -- Up-to-date: /home/spiderweb/TestBase/install/more_interfaces/local/lib/python3.10/dist-packages/more_interfaces/srv/_error_s.c
[4.540s] -- Up-to-date: /home/spiderweb/TestBase/install/more_interfaces/local/lib/python3.10/dist-packages/more_interfaces/srv/_alert_s.c
[4.541s] -- Up-to-date: /home/spiderweb/TestBase/install/more_interfaces/local/lib/python3.10/dist-packages/more_interfaces/srv/_comms.py
[4.541s] -- Up-to-date: /home/spiderweb/TestBase/install/more_interfaces/local/lib/python3.10/dist-packages/more_interfaces/srv/__init__.py
[4.542s] -- Up-to-date: /home/spiderweb/TestBase/install/more_interfaces/local/lib/python3.10/dist-packages/more_interfaces/srv/_trigger.py
[4.542s] -- Up-to-date: /home/spiderweb/TestBase/install/more_interfaces/local/lib/python3.10/dist-packages/more_interfaces/srv/_timer.py
[4.543s] -- Up-to-date: /home/spiderweb/TestBase/install/more_interfaces/local/lib/python3.10/dist-packages/more_interfaces/_more_interfaces_s.ep.rosidl_typesupport_c.c
[4.543s] -- Up-to-date: /home/spiderweb/TestBase/install/more_interfaces/local/lib/python3.10/dist-packages/more_interfaces/msg
[4.543s] -- Up-to-date: /home/spiderweb/TestBase/install/more_interfaces/local/lib/python3.10/dist-packages/more_interfaces/msg/_trials1.py
[4.544s] -- Up-to-date: /home/spiderweb/TestBase/install/more_interfaces/local/lib/python3.10/dist-packages/more_interfaces/msg/__init__.py
[4.544s] -- Up-to-date: /home/spiderweb/TestBase/install/more_interfaces/local/lib/python3.10/dist-packages/more_interfaces/msg/_trials1_s.c
[4.544s] -- Up-to-date: /home/spiderweb/TestBase/install/more_interfaces/local/lib/python3.10/dist-packages/more_interfaces/more_interfaces_s__rosidl_typesupport_introspection_c.cpython-310-aarch64-linux-gnu.so
[4.545s] -- Up-to-date: /home/spiderweb/TestBase/install/more_interfaces/local/lib/python3.10/dist-packages/more_interfaces/more_interfaces_s__rosidl_typesupport_c.cpython-310-aarch64-linux-gnu.so
[4.545s] -- Up-to-date: /home/spiderweb/TestBase/install/more_interfaces/local/lib/python3.10/dist-packages/more_interfaces/_more_interfaces_s.ep.rosidl_typesupport_introspection_c.c
[4.545s] -- Up-to-date: /home/spiderweb/TestBase/install/more_interfaces/local/lib/python3.10/dist-packages/more_interfaces/__init__.py
[4.546s] -- Up-to-date: /home/spiderweb/TestBase/install/more_interfaces/local/lib/python3.10/dist-packages/more_interfaces/libmore_interfaces__rosidl_generator_py.so
[4.546s] -- Up-to-date: /home/spiderweb/TestBase/install/more_interfaces/local/lib/python3.10/dist-packages/more_interfaces/_more_interfaces_s.ep.rosidl_typesupport_fastrtps_c.c
[4.726s] Listing '/home/spiderweb/TestBase/install/more_interfaces/local/lib/python3.10/dist-packages/more_interfaces'...
[4.728s] Listing '/home/spiderweb/TestBase/install/more_interfaces/local/lib/python3.10/dist-packages/more_interfaces/msg'...
[4.730s] Listing '/home/spiderweb/TestBase/install/more_interfaces/local/lib/python3.10/dist-packages/more_interfaces/srv'...
[4.773s] -- Up-to-date: /home/spiderweb/TestBase/install/more_interfaces/local/lib/python3.10/dist-packages/more_interfaces/more_interfaces_s__rosidl_typesupport_fastrtps_c.cpython-310-aarch64-linux-gnu.so
[4.780s] -- Up-to-date: /home/spiderweb/TestBase/install/more_interfaces/local/lib/python3.10/dist-packages/more_interfaces/more_interfaces_s__rosidl_typesupport_introspection_c.cpython-310-aarch64-linux-gnu.so
[4.787s] -- Up-to-date: /home/spiderweb/TestBase/install/more_interfaces/local/lib/python3.10/dist-packages/more_interfaces/more_interfaces_s__rosidl_typesupport_c.cpython-310-aarch64-linux-gnu.so
[4.793s] -- Up-to-date: /home/spiderweb/TestBase/install/more_interfaces/lib/libmore_interfaces__rosidl_generator_py.so
[4.798s] -- Up-to-date: /home/spiderweb/TestBase/install/more_interfaces/share/more_interfaces/msg/Trials1.idl
[4.800s] -- Up-to-date: /home/spiderweb/TestBase/install/more_interfaces/share/more_interfaces/srv/Alert.idl
[4.803s] -- Up-to-date: /home/spiderweb/TestBase/install/more_interfaces/share/more_interfaces/srv/Arduino1.idl
[4.806s] -- Up-to-date: /home/spiderweb/TestBase/install/more_interfaces/share/more_interfaces/srv/Comms.idl
[4.809s] -- Up-to-date: /home/spiderweb/TestBase/install/more_interfaces/share/more_interfaces/srv/Error.idl
[4.811s] -- Up-to-date: /home/spiderweb/TestBase/install/more_interfaces/share/more_interfaces/srv/Mission.idl
[4.814s] -- Up-to-date: /home/spiderweb/TestBase/install/more_interfaces/share/more_interfaces/srv/String.idl
[4.816s] -- Up-to-date: /home/spiderweb/TestBase/install/more_interfaces/share/more_interfaces/srv/Trigger.idl
[4.819s] -- Up-to-date: /home/spiderweb/TestBase/install/more_interfaces/share/more_interfaces/srv/Timer.idl
[4.820s] -- Up-to-date: /home/spiderweb/TestBase/install/more_interfaces/share/more_interfaces/msg/Trials1.msg
[4.824s] -- Up-to-date: /home/spiderweb/TestBase/install/more_interfaces/share/more_interfaces/srv/Alert.srv
[4.826s] -- Up-to-date: /home/spiderweb/TestBase/install/more_interfaces/share/more_interfaces/srv/Alert_Request.msg
[4.828s] -- Up-to-date: /home/spiderweb/TestBase/install/more_interfaces/share/more_interfaces/srv/Alert_Response.msg
[4.829s] -- Up-to-date: /home/spiderweb/TestBase/install/more_interfaces/share/more_interfaces/srv/Arduino1.srv
[4.830s] -- Up-to-date: /home/spiderweb/TestBase/install/more_interfaces/share/more_interfaces/srv/Arduino1_Request.msg
[4.831s] -- Up-to-date: /home/spiderweb/TestBase/install/more_interfaces/share/more_interfaces/srv/Arduino1_Response.msg
[4.832s] -- Up-to-date: /home/spiderweb/TestBase/install/more_interfaces/share/more_interfaces/srv/Comms.srv
[4.833s] -- Up-to-date: /home/spiderweb/TestBase/install/more_interfaces/share/more_interfaces/srv/Comms_Request.msg
[4.842s] -- Up-to-date: /home/spiderweb/TestBase/install/more_interfaces/share/more_interfaces/srv/Comms_Response.msg
[4.843s] -- Up-to-date: /home/spiderweb/TestBase/install/more_interfaces/share/more_interfaces/srv/Error.srv
[4.844s] -- Up-to-date: /home/spiderweb/TestBase/install/more_interfaces/share/more_interfaces/srv/Error_Request.msg
[4.845s] -- Up-to-date: /home/spiderweb/TestBase/install/more_interfaces/share/more_interfaces/srv/Error_Response.msg
[4.846s] -- Up-to-date: /home/spiderweb/TestBase/install/more_interfaces/share/more_interfaces/srv/Mission.srv
[4.847s] -- Up-to-date: /home/spiderweb/TestBase/install/more_interfaces/share/more_interfaces/srv/Mission_Request.msg
[4.848s] -- Up-to-date: /home/spiderweb/TestBase/install/more_interfaces/share/more_interfaces/srv/Mission_Response.msg
[4.849s] -- Up-to-date: /home/spiderweb/TestBase/install/more_interfaces/share/more_interfaces/srv/String.srv
[4.858s] -- Up-to-date: /home/spiderweb/TestBase/install/more_interfaces/share/more_interfaces/srv/String_Request.msg
[4.859s] -- Up-to-date: /home/spiderweb/TestBase/install/more_interfaces/share/more_interfaces/srv/String_Response.msg
[4.859s] -- Up-to-date: /home/spiderweb/TestBase/install/more_interfaces/share/more_interfaces/srv/Trigger.srv
[4.860s] -- Up-to-date: /home/spiderweb/TestBase/install/more_interfaces/share/more_interfaces/srv/Trigger_Request.msg
[4.860s] -- Up-to-date: /home/spiderweb/TestBase/install/more_interfaces/share/more_interfaces/srv/Trigger_Response.msg
[4.860s] -- Up-to-date: /home/spiderweb/TestBase/install/more_interfaces/share/more_interfaces/srv/Timer.srv
[4.861s] -- Up-to-date: /home/spiderweb/TestBase/install/more_interfaces/share/more_interfaces/srv/Timer_Request.msg
[4.861s] -- Up-to-date: /home/spiderweb/TestBase/install/more_interfaces/share/more_interfaces/srv/Timer_Response.msg
[4.862s] -- Up-to-date: /home/spiderweb/TestBase/install/more_interfaces/share/ament_index/resource_index/package_run_dependencies/more_interfaces
[4.862s] -- Up-to-date: /home/spiderweb/TestBase/install/more_interfaces/share/ament_index/resource_index/parent_prefix_path/more_interfaces
[4.863s] -- Up-to-date: /home/spiderweb/TestBase/install/more_interfaces/share/more_interfaces/environment/ament_prefix_path.sh
[4.863s] -- Up-to-date: /home/spiderweb/TestBase/install/more_interfaces/share/more_interfaces/environment/ament_prefix_path.dsv
[4.864s] -- Up-to-date: /home/spiderweb/TestBase/install/more_interfaces/share/more_interfaces/environment/path.sh
[4.865s] -- Up-to-date: /home/spiderweb/TestBase/install/more_interfaces/share/more_interfaces/environment/path.dsv
[4.865s] -- Up-to-date: /home/spiderweb/TestBase/install/more_interfaces/share/more_interfaces/local_setup.bash
[4.878s] -- Up-to-date: /home/spiderweb/TestBase/install/more_interfaces/share/more_interfaces/local_setup.sh
[4.879s] -- Up-to-date: /home/spiderweb/TestBase/install/more_interfaces/share/more_interfaces/local_setup.zsh
[4.880s] -- Up-to-date: /home/spiderweb/TestBase/install/more_interfaces/share/more_interfaces/local_setup.dsv
[4.881s] -- Installing: /home/spiderweb/TestBase/install/more_interfaces/share/more_interfaces/package.dsv
[4.881s] -- Up-to-date: /home/spiderweb/TestBase/install/more_interfaces/share/ament_index/resource_index/packages/more_interfaces
[4.882s] -- Up-to-date: /home/spiderweb/TestBase/install/more_interfaces/share/more_interfaces/cmake/export_more_interfaces__rosidl_generator_cExport.cmake
[4.882s] -- Up-to-date: /home/spiderweb/TestBase/install/more_interfaces/share/more_interfaces/cmake/export_more_interfaces__rosidl_generator_cExport-noconfig.cmake
[4.882s] -- Up-to-date: /home/spiderweb/TestBase/install/more_interfaces/share/more_interfaces/cmake/export_more_interfaces__rosidl_typesupport_fastrtps_cExport.cmake
[4.883s] -- Up-to-date: /home/spiderweb/TestBase/install/more_interfaces/share/more_interfaces/cmake/export_more_interfaces__rosidl_typesupport_fastrtps_cExport-noconfig.cmake
[4.883s] -- Up-to-date: /home/spiderweb/TestBase/install/more_interfaces/share/more_interfaces/cmake/more_interfaces__rosidl_typesupport_introspection_cExport.cmake
[4.884s] -- Up-to-date: /home/spiderweb/TestBase/install/more_interfaces/share/more_interfaces/cmake/more_interfaces__rosidl_typesupport_introspection_cExport-noconfig.cmake
[4.884s] -- Up-to-date: /home/spiderweb/TestBase/install/more_interfaces/share/more_interfaces/cmake/more_interfaces__rosidl_typesupport_cExport.cmake
[4.895s] -- Up-to-date: /home/spiderweb/TestBase/install/more_interfaces/share/more_interfaces/cmake/more_interfaces__rosidl_typesupport_cExport-noconfig.cmake
[4.897s] -- Up-to-date: /home/spiderweb/TestBase/install/more_interfaces/share/more_interfaces/cmake/export_more_interfaces__rosidl_generator_cppExport.cmake
[4.900s] -- Up-to-date: /home/spiderweb/TestBase/install/more_interfaces/share/more_interfaces/cmake/export_more_interfaces__rosidl_typesupport_fastrtps_cppExport.cmake
[4.901s] -- Up-to-date: /home/spiderweb/TestBase/install/more_interfaces/share/more_interfaces/cmake/export_more_interfaces__rosidl_typesupport_fastrtps_cppExport-noconfig.cmake
[4.902s] -- Up-to-date: /home/spiderweb/TestBase/install/more_interfaces/share/more_interfaces/cmake/more_interfaces__rosidl_typesupport_introspection_cppExport.cmake
[4.903s] -- Up-to-date: /home/spiderweb/TestBase/install/more_interfaces/share/more_interfaces/cmake/more_interfaces__rosidl_typesupport_introspection_cppExport-noconfig.cmake
[4.904s] -- Up-to-date: /home/spiderweb/TestBase/install/more_interfaces/share/more_interfaces/cmake/more_interfaces__rosidl_typesupport_cppExport.cmake
[4.906s] -- Up-to-date: /home/spiderweb/TestBase/install/more_interfaces/share/more_interfaces/cmake/more_interfaces__rosidl_typesupport_cppExport-noconfig.cmake
[4.913s] -- Up-to-date: /home/spiderweb/TestBase/install/more_interfaces/share/more_interfaces/cmake/export_more_interfaces__rosidl_generator_pyExport.cmake
[4.915s] -- Up-to-date: /home/spiderweb/TestBase/install/more_interfaces/share/more_interfaces/cmake/export_more_interfaces__rosidl_generator_pyExport-noconfig.cmake
[4.916s] -- Up-to-date: /home/spiderweb/TestBase/install/more_interfaces/share/more_interfaces/cmake/rosidl_cmake-extras.cmake
[4.917s] -- Up-to-date: /home/spiderweb/TestBase/install/more_interfaces/share/more_interfaces/cmake/ament_cmake_export_include_directories-extras.cmake
[4.918s] -- Up-to-date: /home/spiderweb/TestBase/install/more_interfaces/share/more_interfaces/cmake/ament_cmake_export_libraries-extras.cmake
[4.920s] -- Up-to-date: /home/spiderweb/TestBase/install/more_interfaces/share/more_interfaces/cmake/ament_cmake_export_targets-extras.cmake
[4.922s] -- Up-to-date: /home/spiderweb/TestBase/install/more_interfaces/share/more_interfaces/cmake/rosidl_cmake_export_typesupport_targets-extras.cmake
[4.923s] -- Up-to-date: /home/spiderweb/TestBase/install/more_interfaces/share/more_interfaces/cmake/ament_cmake_export_dependencies-extras.cmake
[4.925s] -- Up-to-date: /home/spiderweb/TestBase/install/more_interfaces/share/more_interfaces/cmake/rosidl_cmake_export_typesupport_libraries-extras.cmake
[4.926s] -- Up-to-date: /home/spiderweb/TestBase/install/more_interfaces/share/more_interfaces/cmake/more_interfacesConfig.cmake
[4.942s] -- Up-to-date: /home/spiderweb/TestBase/install/more_interfaces/share/more_interfaces/cmake/more_interfacesConfig-version.cmake
[4.947s] -- Up-to-date: /home/spiderweb/TestBase/install/more_interfaces/share/more_interfaces/package.xml
[4.950s] Invoked command in '/home/spiderweb/TestBase/build/more_interfaces' returned '0': CMAKE_PREFIX_PATH=${CMAKE_PREFIX_PATH}:/home/spiderweb/TestBase/install/my_station_pkg:/opt/ros/humble /usr/bin/cmake --install /home/spiderweb/TestBase/build/more_interfaces
