[0.131s] Invoking command in '/home/spiderweb/TestBase/build/my_drone_bringup': AMENT_PREFIX_PATH=/home/spiderweb/TestBase/install/my_station_pkg:/home/spiderweb/TestBase/install/my_drone_bringup:/home/spiderweb/TestBase/install/more_interfaces:/opt/ros/humble CMAKE_PREFIX_PATH=/home/spiderweb/TestBase/install/more_interfaces:/home/spiderweb/TestBase/install/my_drone_bringup:/home/spiderweb/TestBase/install/my_station_pkg:/opt/ros/humble /usr/bin/cmake --build /home/spiderweb/TestBase/build/my_drone_bringup -- -j4 -l4
[0.385s] Invoked command in '/home/spiderweb/TestBase/build/my_drone_bringup' returned '0': AMENT_PREFIX_PATH=/home/spiderweb/TestBase/install/my_station_pkg:/home/spiderweb/TestBase/install/my_drone_bringup:/home/spiderweb/TestBase/install/more_interfaces:/opt/ros/humble CMAKE_PREFIX_PATH=/home/spiderweb/TestBase/install/more_interfaces:/home/spiderweb/TestBase/install/my_drone_bringup:/home/spiderweb/TestBase/install/my_station_pkg:/opt/ros/humble /usr/bin/cmake --build /home/spiderweb/TestBase/build/my_drone_bringup -- -j4 -l4
[0.512s] Invoking command in '/home/spiderweb/TestBase/build/my_drone_bringup': AMENT_PREFIX_PATH=/home/spiderweb/TestBase/install/my_station_pkg:/home/spiderweb/TestBase/install/my_drone_bringup:/home/spiderweb/TestBase/install/more_interfaces:/opt/ros/humble CMAKE_PREFIX_PATH=/home/spiderweb/TestBase/install/more_interfaces:/home/spiderweb/TestBase/install/my_drone_bringup:/home/spiderweb/TestBase/install/my_station_pkg:/opt/ros/humble /usr/bin/cmake --install /home/spiderweb/TestBase/build/my_drone_bringup
[0.547s] -- Install configuration: ""
[0.549s] -- Up-to-date: /home/spiderweb/TestBase/install/my_drone_bringup/share/my_drone_bringup/launch
[0.549s] -- Up-to-date: /home/spiderweb/TestBase/install/my_drone_bringup/share/my_drone_bringup/launch/drone_app.launch.py
[0.550s] -- Up-to-date: /home/spiderweb/TestBase/install/my_drone_bringup/share/ament_index/resource_index/package_run_dependencies/my_drone_bringup
[0.551s] -- Up-to-date: /home/spiderweb/TestBase/install/my_drone_bringup/share/ament_index/resource_index/parent_prefix_path/my_drone_bringup
[0.552s] -- Up-to-date: /home/spiderweb/TestBase/install/my_drone_bringup/share/my_drone_bringup/environment/ament_prefix_path.sh
[0.552s] -- Up-to-date: /home/spiderweb/TestBase/install/my_drone_bringup/share/my_drone_bringup/environment/ament_prefix_path.dsv
[0.553s] -- Up-to-date: /home/spiderweb/TestBase/install/my_drone_bringup/share/my_drone_bringup/environment/path.sh
[0.554s] -- Up-to-date: /home/spiderweb/TestBase/install/my_drone_bringup/share/my_drone_bringup/environment/path.dsv
[0.554s] -- Up-to-date: /home/spiderweb/TestBase/install/my_drone_bringup/share/my_drone_bringup/local_setup.bash
[0.555s] -- Up-to-date: /home/spiderweb/TestBase/install/my_drone_bringup/share/my_drone_bringup/local_setup.sh
[0.555s] -- Up-to-date: /home/spiderweb/TestBase/install/my_drone_bringup/share/my_drone_bringup/local_setup.zsh
[0.556s] -- Up-to-date: /home/spiderweb/TestBase/install/my_drone_bringup/share/my_drone_bringup/local_setup.dsv
[0.556s] -- Installing: /home/spiderweb/TestBase/install/my_drone_bringup/share/my_drone_bringup/package.dsv
[0.562s] -- Up-to-date: /home/spiderweb/TestBase/install/my_drone_bringup/share/ament_index/resource_index/packages/my_drone_bringup
[0.563s] -- Up-to-date: /home/spiderweb/TestBase/install/my_drone_bringup/share/my_drone_bringup/cmake/my_drone_bringupConfig.cmake
[0.564s] -- Up-to-date: /home/spiderweb/TestBase/install/my_drone_bringup/share/my_drone_bringup/cmake/my_drone_bringupConfig-version.cmake
[0.564s] -- Up-to-date: /home/spiderweb/TestBase/install/my_drone_bringup/share/my_drone_bringup/package.xml
[0.580s] Invoked command in '/home/spiderweb/TestBase/build/my_drone_bringup' returned '0': AMENT_PREFIX_PATH=/home/spiderweb/TestBase/install/my_station_pkg:/home/spiderweb/TestBase/install/my_drone_bringup:/home/spiderweb/TestBase/install/more_interfaces:/opt/ros/humble CMAKE_PREFIX_PATH=/home/spiderweb/TestBase/install/more_interfaces:/home/spiderweb/TestBase/install/my_drone_bringup:/home/spiderweb/TestBase/install/my_station_pkg:/opt/ros/humble /usr/bin/cmake --install /home/spiderweb/TestBase/build/my_drone_bringup
