[0.065s] Invoking command in '/home/spiderweb/TestBase/build/my_drone_bringup': AMENT_PREFIX_PATH=/home/spiderweb/TestBase/install/my_station_pkg:/home/spiderweb/TestBase/install/my_drone_bringup:/home/spiderweb/TestBase/install/more_interfaces:/opt/ros/humble CMAKE_PREFIX_PATH=/home/spiderweb/TestBase/install/more_interfaces:/home/spiderweb/TestBase/install/my_drone_bringup:/home/spiderweb/TestBase/install/my_station_pkg:/opt/ros/humble /usr/bin/cmake --build /home/spiderweb/TestBase/build/my_drone_bringup -- -j4 -l4
[0.222s] Invoked command in '/home/spiderweb/TestBase/build/my_drone_bringup' returned '0': AMENT_PREFIX_PATH=/home/spiderweb/TestBase/install/my_station_pkg:/home/spiderweb/TestBase/install/my_drone_bringup:/home/spiderweb/TestBase/install/more_interfaces:/opt/ros/humble CMAKE_PREFIX_PATH=/home/spiderweb/TestBase/install/more_interfaces:/home/spiderweb/TestBase/install/my_drone_bringup:/home/spiderweb/TestBase/install/my_station_pkg:/opt/ros/humble /usr/bin/cmake --build /home/spiderweb/TestBase/build/my_drone_bringup -- -j4 -l4
[0.344s] Invoking command in '/home/spiderweb/TestBase/build/my_drone_bringup': AMENT_PREFIX_PATH=/home/spiderweb/TestBase/install/my_station_pkg:/home/spiderweb/TestBase/install/my_drone_bringup:/home/spiderweb/TestBase/install/more_interfaces:/opt/ros/humble CMAKE_PREFIX_PATH=/home/spiderweb/TestBase/install/more_interfaces:/home/spiderweb/TestBase/install/my_drone_bringup:/home/spiderweb/TestBase/install/my_station_pkg:/opt/ros/humble /usr/bin/cmake --install /home/spiderweb/TestBase/build/my_drone_bringup
[0.377s] -- Install configuration: ""
[0.378s] -- Up-to-date: /home/spiderweb/TestBase/install/my_drone_bringup/share/my_drone_bringup/launch
[0.379s] -- Up-to-date: /home/spiderweb/TestBase/install/my_drone_bringup/share/my_drone_bringup/launch/drone_app.launch.py
[0.379s] -- Up-to-date: /home/spiderweb/TestBase/install/my_drone_bringup/share/ament_index/resource_index/package_run_dependencies/my_drone_bringup
[0.380s] -- Up-to-date: /home/spiderweb/TestBase/install/my_drone_bringup/share/ament_index/resource_index/parent_prefix_path/my_drone_bringup
[0.381s] -- Up-to-date: /home/spiderweb/TestBase/install/my_drone_bringup/share/my_drone_bringup/environment/ament_prefix_path.sh
[0.381s] -- Up-to-date: /home/spiderweb/TestBase/install/my_drone_bringup/share/my_drone_bringup/environment/ament_prefix_path.dsv
[0.382s] -- Up-to-date: /home/spiderweb/TestBase/install/my_drone_bringup/share/my_drone_bringup/environment/path.sh
[0.382s] -- Up-to-date: /home/spiderweb/TestBase/install/my_drone_bringup/share/my_drone_bringup/environment/path.dsv
[0.383s] -- Up-to-date: /home/spiderweb/TestBase/install/my_drone_bringup/share/my_drone_bringup/local_setup.bash
[0.384s] -- Up-to-date: /home/spiderweb/TestBase/install/my_drone_bringup/share/my_drone_bringup/local_setup.sh
[0.384s] -- Up-to-date: /home/spiderweb/TestBase/install/my_drone_bringup/share/my_drone_bringup/local_setup.zsh
[0.385s] -- Up-to-date: /home/spiderweb/TestBase/install/my_drone_bringup/share/my_drone_bringup/local_setup.dsv
[0.386s] -- Installing: /home/spiderweb/TestBase/install/my_drone_bringup/share/my_drone_bringup/package.dsv
[0.390s] -- Up-to-date: /home/spiderweb/TestBase/install/my_drone_bringup/share/ament_index/resource_index/packages/my_drone_bringup
[0.391s] -- Up-to-date: /home/spiderweb/TestBase/install/my_drone_bringup/share/my_drone_bringup/cmake/my_drone_bringupConfig.cmake
[0.391s] -- Up-to-date: /home/spiderweb/TestBase/install/my_drone_bringup/share/my_drone_bringup/cmake/my_drone_bringupConfig-version.cmake
[0.392s] -- Up-to-date: /home/spiderweb/TestBase/install/my_drone_bringup/share/my_drone_bringup/package.xml
[0.404s] Invoked command in '/home/spiderweb/TestBase/build/my_drone_bringup' returned '0': AMENT_PREFIX_PATH=/home/spiderweb/TestBase/install/my_station_pkg:/home/spiderweb/TestBase/install/my_drone_bringup:/home/spiderweb/TestBase/install/more_interfaces:/opt/ros/humble CMAKE_PREFIX_PATH=/home/spiderweb/TestBase/install/more_interfaces:/home/spiderweb/TestBase/install/my_drone_bringup:/home/spiderweb/TestBase/install/my_station_pkg:/opt/ros/humble /usr/bin/cmake --install /home/spiderweb/TestBase/build/my_drone_bringup
