[0.384s] Invoking command in '/home/spiderweb/TestBase/build/more_interfaces': CMAKE_PREFIX_PATH=${CMAKE_PREFIX_PATH}:/home/spiderweb/TestBase/install/my_station_pkg:/opt/ros/humble /usr/bin/cmake --build /home/spiderweb/TestBase/build/more_interfaces -- -j4 -l4
[0.746s] [  1%] Built target more_interfaces__cpp
[0.780s] [ 12%] Built target more_interfaces__rosidl_generator_c
[0.865s] [ 12%] Built target ament_cmake_python_copy_more_interfaces
[0.961s] [ 24%] Built target more_interfaces__rosidl_typesupport_cpp
[0.965s] [ 35%] Built target more_interfaces__rosidl_typesupport_fastrtps_cpp
[0.971s] [ 47%] Built target more_interfaces__rosidl_typesupport_introspection_cpp
[1.038s] [ 58%] Built target more_interfaces__rosidl_typesupport_fastrtps_c
[1.103s] [ 70%] Built target more_interfaces__rosidl_typesupport_introspection_c
[1.124s] [ 82%] Built target more_interfaces__rosidl_typesupport_c
[1.217s] [ 82%] Built target more_interfaces
[1.332s] [ 83%] Built target more_interfaces__py
[1.479s] [ 93%] Built target more_interfaces__rosidl_generator_py
[1.605s] [ 95%] Built target more_interfaces__rosidl_typesupport_fastrtps_c__pyext
[1.610s] [ 97%] Built target more_interfaces__rosidl_typesupport_c__pyext
[1.614s] [100%] Built target more_interfaces__rosidl_typesupport_introspection_c__pyext
[2.392s] running egg_info
[2.394s] writing more_interfaces.egg-info/PKG-INFO
[2.395s] writing dependency_links to more_interfaces.egg-info/dependency_links.txt
[2.397s] writing top-level names to more_interfaces.egg-info/top_level.txt
[2.412s] reading manifest file 'more_interfaces.egg-info/SOURCES.txt'
[2.416s] writing manifest file 'more_interfaces.egg-info/SOURCES.txt'
[2.543s] [100%] Built target ament_cmake_python_build_more_interfaces_egg
[2.590s] Invoked command in '/home/spiderweb/TestBase/build/more_interfaces' returned '0': CMAKE_PREFIX_PATH=${CMAKE_PREFIX_PATH}:/home/spiderweb/TestBase/install/my_station_pkg:/opt/ros/humble /usr/bin/cmake --build /home/spiderweb/TestBase/build/more_interfaces -- -j4 -l4
[4.108s] Invoking command in '/home/spiderweb/TestBase/build/more_interfaces': CMAKE_PREFIX_PATH=${CMAKE_PREFIX_PATH}:/home/spiderweb/TestBase/install/my_station_pkg:/opt/ros/humble /usr/bin/cmake --install /home/spiderweb/TestBase/build/more_interfaces
[4.147s] -- Install configuration: ""
[4.149s] -- Up-to-date: /home/spiderweb/TestBase/install/more_interfaces/share/ament_index/resource_index/rosidl_interfaces/more_interfaces
[4.150s] -- Up-to-date: /home/spiderweb/TestBase/install/more_interfaces/include/more_interfaces/more_interfaces
[4.152s] -- Up-to-date: /home/spiderweb/TestBase/install/more_interfaces/include/more_interfaces/more_interfaces/srv
[4.153s] -- Up-to-date: /home/spiderweb/TestBase/install/more_interfaces/include/more_interfaces/more_interfaces/srv/timer.h
[4.154s] -- Up-to-date: /home/spiderweb/TestBase/install/more_interfaces/include/more_interfaces/more_interfaces/srv/arduino1.h
[4.154s] -- Up-to-date: /home/spiderweb/TestBase/install/more_interfaces/include/more_interfaces/more_interfaces/srv/detail
[4.155s] -- Up-to-date: /home/spiderweb/TestBase/install/more_interfaces/include/more_interfaces/more_interfaces/srv/detail/comms__type_support.h
[4.155s] -- Up-to-date: /home/spiderweb/TestBase/install/more_interfaces/include/more_interfaces/more_interfaces/srv/detail/trigger__type_support.h
[4.156s] -- Up-to-date: /home/spiderweb/TestBase/install/more_interfaces/include/more_interfaces/more_interfaces/srv/detail/alert__functions.c
[4.156s] -- Up-to-date: /home/spiderweb/TestBase/install/more_interfaces/include/more_interfaces/more_interfaces/srv/detail/arduino1__functions.c
[4.157s] -- Up-to-date: /home/spiderweb/TestBase/install/more_interfaces/include/more_interfaces/more_interfaces/srv/detail/trigger__functions.c
[4.157s] -- Up-to-date: /home/spiderweb/TestBase/install/more_interfaces/include/more_interfaces/more_interfaces/srv/detail/comms__struct.h
[4.158s] -- Up-to-date: /home/spiderweb/TestBase/install/more_interfaces/include/more_interfaces/more_interfaces/srv/detail/trigger__functions.h
[4.158s] -- Up-to-date: /home/spiderweb/TestBase/install/more_interfaces/include/more_interfaces/more_interfaces/srv/detail/trigger__struct.h
[4.159s] -- Up-to-date: /home/spiderweb/TestBase/install/more_interfaces/include/more_interfaces/more_interfaces/srv/detail/arduino1__functions.h
[4.159s] -- Up-to-date: /home/spiderweb/TestBase/install/more_interfaces/include/more_interfaces/more_interfaces/srv/detail/alert__type_support.h
[4.159s] -- Up-to-date: /home/spiderweb/TestBase/install/more_interfaces/include/more_interfaces/more_interfaces/srv/detail/error__type_support.h
[4.160s] -- Up-to-date: /home/spiderweb/TestBase/install/more_interfaces/include/more_interfaces/more_interfaces/srv/detail/mission__functions.h
[4.160s] -- Up-to-date: /home/spiderweb/TestBase/install/more_interfaces/include/more_interfaces/more_interfaces/srv/detail/comms__functions.c
[4.161s] -- Up-to-date: /home/spiderweb/TestBase/install/more_interfaces/include/more_interfaces/more_interfaces/srv/detail/error__functions.h
[4.161s] -- Up-to-date: /home/spiderweb/TestBase/install/more_interfaces/include/more_interfaces/more_interfaces/srv/detail/mission__type_support.h
[4.162s] -- Up-to-date: /home/spiderweb/TestBase/install/more_interfaces/include/more_interfaces/more_interfaces/srv/detail/alert__struct.h
[4.162s] -- Up-to-date: /home/spiderweb/TestBase/install/more_interfaces/include/more_interfaces/more_interfaces/srv/detail/error__struct.h
[4.163s] -- Up-to-date: /home/spiderweb/TestBase/install/more_interfaces/include/more_interfaces/more_interfaces/srv/detail/timer__functions.h
[4.163s] -- Up-to-date: /home/spiderweb/TestBase/install/more_interfaces/include/more_interfaces/more_interfaces/srv/detail/arduino1__struct.h
[4.164s] -- Up-to-date: /home/spiderweb/TestBase/install/more_interfaces/include/more_interfaces/more_interfaces/srv/detail/comms__functions.h
[4.164s] -- Up-to-date: /home/spiderweb/TestBase/install/more_interfaces/include/more_interfaces/more_interfaces/srv/detail/string__struct.h
[4.165s] -- Up-to-date: /home/spiderweb/TestBase/install/more_interfaces/include/more_interfaces/more_interfaces/srv/detail/string__type_support.h
[4.166s] -- Up-to-date: /home/spiderweb/TestBase/install/more_interfaces/include/more_interfaces/more_interfaces/srv/detail/timer__functions.c
[4.167s] -- Up-to-date: /home/spiderweb/TestBase/install/more_interfaces/include/more_interfaces/more_interfaces/srv/detail/timer__struct.h
[4.171s] -- Up-to-date: /home/spiderweb/TestBase/install/more_interfaces/include/more_interfaces/more_interfaces/srv/detail/string__functions.c
[4.171s] -- Up-to-date: /home/spiderweb/TestBase/install/more_interfaces/include/more_interfaces/more_interfaces/srv/detail/alert__functions.h
[4.173s] -- Up-to-date: /home/spiderweb/TestBase/install/more_interfaces/include/more_interfaces/more_interfaces/srv/detail/arduino1__type_support.h
[4.174s] -- Up-to-date: /home/spiderweb/TestBase/install/more_interfaces/include/more_interfaces/more_interfaces/srv/detail/mission__struct.h
[4.174s] -- Up-to-date: /home/spiderweb/TestBase/install/more_interfaces/include/more_interfaces/more_interfaces/srv/detail/error__functions.c
[4.175s] -- Up-to-date: /home/spiderweb/TestBase/install/more_interfaces/include/more_interfaces/more_interfaces/srv/detail/mission__functions.c
[4.176s] -- Up-to-date: /home/spiderweb/TestBase/install/more_interfaces/include/more_interfaces/more_interfaces/srv/detail/string__functions.h
[4.178s] -- Up-to-date: /home/spiderweb/TestBase/install/more_interfaces/include/more_interfaces/more_interfaces/srv/detail/timer__type_support.h
[4.178s] -- Up-to-date: /home/spiderweb/TestBase/install/more_interfaces/include/more_interfaces/more_interfaces/srv/mission.h
[4.179s] -- Up-to-date: /home/spiderweb/TestBase/install/more_interfaces/include/more_interfaces/more_interfaces/srv/alert.h
[4.179s] -- Up-to-date: /home/spiderweb/TestBase/install/more_interfaces/include/more_interfaces/more_interfaces/srv/comms.h
[4.180s] -- Up-to-date: /home/spiderweb/TestBase/install/more_interfaces/include/more_interfaces/more_interfaces/srv/error.h
[4.180s] -- Up-to-date: /home/spiderweb/TestBase/install/more_interfaces/include/more_interfaces/more_interfaces/srv/trigger.h
[4.181s] -- Up-to-date: /home/spiderweb/TestBase/install/more_interfaces/include/more_interfaces/more_interfaces/srv/string.h
[4.181s] -- Up-to-date: /home/spiderweb/TestBase/install/more_interfaces/include/more_interfaces/more_interfaces/msg
[4.181s] -- Up-to-date: /home/spiderweb/TestBase/install/more_interfaces/include/more_interfaces/more_interfaces/msg/rosidl_generator_c__visibility_control.h
[4.182s] -- Up-to-date: /home/spiderweb/TestBase/install/more_interfaces/include/more_interfaces/more_interfaces/msg/detail
[4.182s] -- Up-to-date: /home/spiderweb/TestBase/install/more_interfaces/include/more_interfaces/more_interfaces/msg/detail/trials1__functions.h
[4.183s] -- Up-to-date: /home/spiderweb/TestBase/install/more_interfaces/include/more_interfaces/more_interfaces/msg/detail/trials1__functions.c
[4.183s] -- Up-to-date: /home/spiderweb/TestBase/install/more_interfaces/include/more_interfaces/more_interfaces/msg/detail/trials1__type_support.h
[4.184s] -- Up-to-date: /home/spiderweb/TestBase/install/more_interfaces/include/more_interfaces/more_interfaces/msg/detail/trials1__struct.h
[4.184s] -- Up-to-date: /home/spiderweb/TestBase/install/more_interfaces/include/more_interfaces/more_interfaces/msg/trials1.h
[4.184s] -- Up-to-date: /home/spiderweb/TestBase/install/more_interfaces/share/more_interfaces/environment/library_path.sh
[4.185s] -- Up-to-date: /home/spiderweb/TestBase/install/more_interfaces/share/more_interfaces/environment/library_path.dsv
[4.185s] -- Up-to-date: /home/spiderweb/TestBase/install/more_interfaces/lib/libmore_interfaces__rosidl_generator_c.so
[4.186s] -- Up-to-date: /home/spiderweb/TestBase/install/more_interfaces/include/more_interfaces/more_interfaces
[4.186s] -- Up-to-date: /home/spiderweb/TestBase/install/more_interfaces/include/more_interfaces/more_interfaces/srv
[4.187s] -- Up-to-date: /home/spiderweb/TestBase/install/more_interfaces/include/more_interfaces/more_interfaces/srv/detail
[4.187s] -- Up-to-date: /home/spiderweb/TestBase/install/more_interfaces/include/more_interfaces/more_interfaces/srv/detail/error__rosidl_typesupport_fastrtps_c.h
[4.187s] -- Up-to-date: /home/spiderweb/TestBase/install/more_interfaces/include/more_interfaces/more_interfaces/srv/detail/arduino1__rosidl_typesupport_fastrtps_c.h
[4.188s] -- Up-to-date: /home/spiderweb/TestBase/install/more_interfaces/include/more_interfaces/more_interfaces/srv/detail/string__rosidl_typesupport_fastrtps_c.h
[4.188s] -- Up-to-date: /home/spiderweb/TestBase/install/more_interfaces/include/more_interfaces/more_interfaces/srv/detail/timer__rosidl_typesupport_fastrtps_c.h
[4.189s] -- Up-to-date: /home/spiderweb/TestBase/install/more_interfaces/include/more_interfaces/more_interfaces/srv/detail/alert__rosidl_typesupport_fastrtps_c.h
[4.189s] -- Up-to-date: /home/spiderweb/TestBase/install/more_interfaces/include/more_interfaces/more_interfaces/srv/detail/trigger__rosidl_typesupport_fastrtps_c.h
[4.189s] -- Up-to-date: /home/spiderweb/TestBase/install/more_interfaces/include/more_interfaces/more_interfaces/srv/detail/mission__rosidl_typesupport_fastrtps_c.h
[4.189s] -- Up-to-date: /home/spiderweb/TestBase/install/more_interfaces/include/more_interfaces/more_interfaces/srv/detail/comms__rosidl_typesupport_fastrtps_c.h
[4.190s] -- Up-to-date: /home/spiderweb/TestBase/install/more_interfaces/include/more_interfaces/more_interfaces/msg
[4.190s] -- Up-to-date: /home/spiderweb/TestBase/install/more_interfaces/include/more_interfaces/more_interfaces/msg/rosidl_typesupport_fastrtps_c__visibility_control.h
[4.191s] -- Up-to-date: /home/spiderweb/TestBase/install/more_interfaces/include/more_interfaces/more_interfaces/msg/detail
[4.191s] -- Up-to-date: /home/spiderweb/TestBase/install/more_interfaces/include/more_interfaces/more_interfaces/msg/detail/trials1__rosidl_typesupport_fastrtps_c.h
[4.191s] -- Up-to-date: /home/spiderweb/TestBase/install/more_interfaces/lib/libmore_interfaces__rosidl_typesupport_fastrtps_c.so
[4.192s] -- Up-to-date: /home/spiderweb/TestBase/install/more_interfaces/include/more_interfaces/more_interfaces
[4.192s] -- Up-to-date: /home/spiderweb/TestBase/install/more_interfaces/include/more_interfaces/more_interfaces/srv
[4.193s] -- Up-to-date: /home/spiderweb/TestBase/install/more_interfaces/include/more_interfaces/more_interfaces/srv/detail
[4.193s] -- Up-to-date: /home/spiderweb/TestBase/install/more_interfaces/include/more_interfaces/more_interfaces/srv/detail/arduino1__type_support.c
[4.193s] -- Up-to-date: /home/spiderweb/TestBase/install/more_interfaces/include/more_interfaces/more_interfaces/srv/detail/timer__rosidl_typesupport_introspection_c.h
[4.194s] -- Up-to-date: /home/spiderweb/TestBase/install/more_interfaces/include/more_interfaces/more_interfaces/srv/detail/trigger__rosidl_typesupport_introspection_c.h
[4.194s] -- Up-to-date: /home/spiderweb/TestBase/install/more_interfaces/include/more_interfaces/more_interfaces/srv/detail/arduino1__rosidl_typesupport_introspection_c.h
[4.195s] -- Up-to-date: /home/spiderweb/TestBase/install/more_interfaces/include/more_interfaces/more_interfaces/srv/detail/mission__type_support.c
[4.196s] -- Up-to-date: /home/spiderweb/TestBase/install/more_interfaces/include/more_interfaces/more_interfaces/srv/detail/error__type_support.c
[4.198s] -- Up-to-date: /home/spiderweb/TestBase/install/more_interfaces/include/more_interfaces/more_interfaces/srv/detail/timer__type_support.c
[4.200s] -- Up-to-date: /home/spiderweb/TestBase/install/more_interfaces/include/more_interfaces/more_interfaces/srv/detail/alert__rosidl_typesupport_introspection_c.h
[4.202s] -- Up-to-date: /home/spiderweb/TestBase/install/more_interfaces/include/more_interfaces/more_interfaces/srv/detail/error__rosidl_typesupport_introspection_c.h
[4.204s] -- Up-to-date: /home/spiderweb/TestBase/install/more_interfaces/include/more_interfaces/more_interfaces/srv/detail/comms__type_support.c
[4.205s] -- Up-to-date: /home/spiderweb/TestBase/install/more_interfaces/include/more_interfaces/more_interfaces/srv/detail/string__rosidl_typesupport_introspection_c.h
[4.206s] -- Up-to-date: /home/spiderweb/TestBase/install/more_interfaces/include/more_interfaces/more_interfaces/srv/detail/mission__rosidl_typesupport_introspection_c.h
[4.207s] -- Up-to-date: /home/spiderweb/TestBase/install/more_interfaces/include/more_interfaces/more_interfaces/srv/detail/string__type_support.c
[4.207s] -- Up-to-date: /home/spiderweb/TestBase/install/more_interfaces/include/more_interfaces/more_interfaces/srv/detail/trigger__type_support.c
[4.207s] -- Up-to-date: /home/spiderweb/TestBase/install/more_interfaces/include/more_interfaces/more_interfaces/srv/detail/comms__rosidl_typesupport_introspection_c.h
[4.208s] -- Up-to-date: /home/spiderweb/TestBase/install/more_interfaces/include/more_interfaces/more_interfaces/srv/detail/alert__type_support.c
[4.208s] -- Up-to-date: /home/spiderweb/TestBase/install/more_interfaces/include/more_interfaces/more_interfaces/msg
[4.209s] -- Up-to-date: /home/spiderweb/TestBase/install/more_interfaces/include/more_interfaces/more_interfaces/msg/detail
[4.209s] -- Up-to-date: /home/spiderweb/TestBase/install/more_interfaces/include/more_interfaces/more_interfaces/msg/detail/trials1__type_support.c
[4.209s] -- Up-to-date: /home/spiderweb/TestBase/install/more_interfaces/include/more_interfaces/more_interfaces/msg/detail/trials1__rosidl_typesupport_introspection_c.h
[4.210s] -- Up-to-date: /home/spiderweb/TestBase/install/more_interfaces/include/more_interfaces/more_interfaces/msg/rosidl_typesupport_introspection_c__visibility_control.h
[4.210s] -- Up-to-date: /home/spiderweb/TestBase/install/more_interfaces/lib/libmore_interfaces__rosidl_typesupport_introspection_c.so
[4.211s] -- Up-to-date: /home/spiderweb/TestBase/install/more_interfaces/lib/libmore_interfaces__rosidl_typesupport_c.so
[4.211s] -- Up-to-date: /home/spiderweb/TestBase/install/more_interfaces/include/more_interfaces/more_interfaces
[4.212s] -- Up-to-date: /home/spiderweb/TestBase/install/more_interfaces/include/more_interfaces/more_interfaces/srv
[4.212s] -- Up-to-date: /home/spiderweb/TestBase/install/more_interfaces/include/more_interfaces/more_interfaces/srv/arduino1.hpp
[4.212s] -- Up-to-date: /home/spiderweb/TestBase/install/more_interfaces/include/more_interfaces/more_interfaces/srv/alert.hpp
[4.213s] -- Up-to-date: /home/spiderweb/TestBase/install/more_interfaces/include/more_interfaces/more_interfaces/srv/detail
[4.213s] -- Up-to-date: /home/spiderweb/TestBase/install/more_interfaces/include/more_interfaces/more_interfaces/srv/detail/trigger__struct.hpp
[4.214s] -- Up-to-date: /home/spiderweb/TestBase/install/more_interfaces/include/more_interfaces/more_interfaces/srv/detail/error__struct.hpp
[4.214s] -- Up-to-date: /home/spiderweb/TestBase/install/more_interfaces/include/more_interfaces/more_interfaces/srv/detail/alert__struct.hpp
[4.214s] -- Up-to-date: /home/spiderweb/TestBase/install/more_interfaces/include/more_interfaces/more_interfaces/srv/detail/comms__traits.hpp
[4.215s] -- Up-to-date: /home/spiderweb/TestBase/install/more_interfaces/include/more_interfaces/more_interfaces/srv/detail/comms__struct.hpp
[4.215s] -- Up-to-date: /home/spiderweb/TestBase/install/more_interfaces/include/more_interfaces/more_interfaces/srv/detail/string__builder.hpp
[4.215s] -- Up-to-date: /home/spiderweb/TestBase/install/more_interfaces/include/more_interfaces/more_interfaces/srv/detail/arduino1__traits.hpp
[4.215s] -- Up-to-date: /home/spiderweb/TestBase/install/more_interfaces/include/more_interfaces/more_interfaces/srv/detail/arduino1__struct.hpp
[4.216s] -- Up-to-date: /home/spiderweb/TestBase/install/more_interfaces/include/more_interfaces/more_interfaces/srv/detail/arduino1__builder.hpp
[4.216s] -- Up-to-date: /home/spiderweb/TestBase/install/more_interfaces/include/more_interfaces/more_interfaces/srv/detail/timer__builder.hpp
[4.216s] -- Up-to-date: /home/spiderweb/TestBase/install/more_interfaces/include/more_interfaces/more_interfaces/srv/detail/mission__builder.hpp
[4.217s] -- Up-to-date: /home/spiderweb/TestBase/install/more_interfaces/include/more_interfaces/more_interfaces/srv/detail/string__struct.hpp
[4.217s] -- Up-to-date: /home/spiderweb/TestBase/install/more_interfaces/include/more_interfaces/more_interfaces/srv/detail/string__traits.hpp
[4.217s] -- Up-to-date: /home/spiderweb/TestBase/install/more_interfaces/include/more_interfaces/more_interfaces/srv/detail/trigger__traits.hpp
[4.218s] -- Up-to-date: /home/spiderweb/TestBase/install/more_interfaces/include/more_interfaces/more_interfaces/srv/detail/trigger__builder.hpp
[4.218s] -- Up-to-date: /home/spiderweb/TestBase/install/more_interfaces/include/more_interfaces/more_interfaces/srv/detail/alert__traits.hpp
[4.219s] -- Up-to-date: /home/spiderweb/TestBase/install/more_interfaces/include/more_interfaces/more_interfaces/srv/detail/mission__struct.hpp
[4.219s] -- Up-to-date: /home/spiderweb/TestBase/install/more_interfaces/include/more_interfaces/more_interfaces/srv/detail/error__traits.hpp
[4.219s] -- Up-to-date: /home/spiderweb/TestBase/install/more_interfaces/include/more_interfaces/more_interfaces/srv/detail/alert__builder.hpp
[4.220s] -- Up-to-date: /home/spiderweb/TestBase/install/more_interfaces/include/more_interfaces/more_interfaces/srv/detail/error__builder.hpp
[4.220s] -- Up-to-date: /home/spiderweb/TestBase/install/more_interfaces/include/more_interfaces/more_interfaces/srv/detail/timer__struct.hpp
[4.221s] -- Up-to-date: /home/spiderweb/TestBase/install/more_interfaces/include/more_interfaces/more_interfaces/srv/detail/timer__traits.hpp
[4.221s] -- Up-to-date: /home/spiderweb/TestBase/install/more_interfaces/include/more_interfaces/more_interfaces/srv/detail/mission__traits.hpp
[4.221s] -- Up-to-date: /home/spiderweb/TestBase/install/more_interfaces/include/more_interfaces/more_interfaces/srv/detail/comms__builder.hpp
[4.222s] -- Up-to-date: /home/spiderweb/TestBase/install/more_interfaces/include/more_interfaces/more_interfaces/srv/mission.hpp
[4.222s] -- Up-to-date: /home/spiderweb/TestBase/install/more_interfaces/include/more_interfaces/more_interfaces/srv/comms.hpp
[4.223s] -- Up-to-date: /home/spiderweb/TestBase/install/more_interfaces/include/more_interfaces/more_interfaces/srv/trigger.hpp
[4.223s] -- Up-to-date: /home/spiderweb/TestBase/install/more_interfaces/include/more_interfaces/more_interfaces/srv/string.hpp
[4.223s] -- Up-to-date: /home/spiderweb/TestBase/install/more_interfaces/include/more_interfaces/more_interfaces/srv/timer.hpp
[4.224s] -- Up-to-date: /home/spiderweb/TestBase/install/more_interfaces/include/more_interfaces/more_interfaces/srv/error.hpp
[4.224s] -- Up-to-date: /home/spiderweb/TestBase/install/more_interfaces/include/more_interfaces/more_interfaces/msg
[4.224s] -- Up-to-date: /home/spiderweb/TestBase/install/more_interfaces/include/more_interfaces/more_interfaces/msg/detail
[4.225s] -- Up-to-date: /home/spiderweb/TestBase/install/more_interfaces/include/more_interfaces/more_interfaces/msg/detail/trials1__struct.hpp
[4.225s] -- Up-to-date: /home/spiderweb/TestBase/install/more_interfaces/include/more_interfaces/more_interfaces/msg/detail/trials1__traits.hpp
[4.226s] -- Up-to-date: /home/spiderweb/TestBase/install/more_interfaces/include/more_interfaces/more_interfaces/msg/detail/trials1__builder.hpp
[4.226s] -- Up-to-date: /home/spiderweb/TestBase/install/more_interfaces/include/more_interfaces/more_interfaces/msg/trials1.hpp
[4.227s] -- Up-to-date: /home/spiderweb/TestBase/install/more_interfaces/include/more_interfaces/more_interfaces
[4.227s] -- Up-to-date: /home/spiderweb/TestBase/install/more_interfaces/include/more_interfaces/more_interfaces/srv
[4.227s] -- Up-to-date: /home/spiderweb/TestBase/install/more_interfaces/include/more_interfaces/more_interfaces/srv/detail
[4.228s] -- Up-to-date: /home/spiderweb/TestBase/install/more_interfaces/include/more_interfaces/more_interfaces/srv/detail/comms__rosidl_typesupport_fastrtps_cpp.hpp
[4.228s] -- Up-to-date: /home/spiderweb/TestBase/install/more_interfaces/include/more_interfaces/more_interfaces/srv/detail/error__rosidl_typesupport_fastrtps_cpp.hpp
[4.229s] -- Up-to-date: /home/spiderweb/TestBase/install/more_interfaces/include/more_interfaces/more_interfaces/srv/detail/trigger__rosidl_typesupport_fastrtps_cpp.hpp
[4.229s] -- Up-to-date: /home/spiderweb/TestBase/install/more_interfaces/include/more_interfaces/more_interfaces/srv/detail/mission__rosidl_typesupport_fastrtps_cpp.hpp
[4.229s] -- Up-to-date: /home/spiderweb/TestBase/install/more_interfaces/include/more_interfaces/more_interfaces/srv/detail/dds_fastrtps
[4.230s] -- Up-to-date: /home/spiderweb/TestBase/install/more_interfaces/include/more_interfaces/more_interfaces/srv/detail/arduino1__rosidl_typesupport_fastrtps_cpp.hpp
[4.230s] -- Up-to-date: /home/spiderweb/TestBase/install/more_interfaces/include/more_interfaces/more_interfaces/srv/detail/string__rosidl_typesupport_fastrtps_cpp.hpp
[4.230s] -- Up-to-date: /home/spiderweb/TestBase/install/more_interfaces/include/more_interfaces/more_interfaces/srv/detail/timer__rosidl_typesupport_fastrtps_cpp.hpp
[4.231s] -- Up-to-date: /home/spiderweb/TestBase/install/more_interfaces/include/more_interfaces/more_interfaces/srv/detail/alert__rosidl_typesupport_fastrtps_cpp.hpp
[4.231s] -- Up-to-date: /home/spiderweb/TestBase/install/more_interfaces/include/more_interfaces/more_interfaces/msg
[4.231s] -- Up-to-date: /home/spiderweb/TestBase/install/more_interfaces/include/more_interfaces/more_interfaces/msg/rosidl_typesupport_fastrtps_cpp__visibility_control.h
[4.231s] -- Up-to-date: /home/spiderweb/TestBase/install/more_interfaces/include/more_interfaces/more_interfaces/msg/detail
[4.232s] -- Up-to-date: /home/spiderweb/TestBase/install/more_interfaces/include/more_interfaces/more_interfaces/msg/detail/dds_fastrtps
[4.232s] -- Up-to-date: /home/spiderweb/TestBase/install/more_interfaces/include/more_interfaces/more_interfaces/msg/detail/trials1__rosidl_typesupport_fastrtps_cpp.hpp
[4.232s] -- Up-to-date: /home/spiderweb/TestBase/install/more_interfaces/lib/libmore_interfaces__rosidl_typesupport_fastrtps_cpp.so
[4.233s] -- Up-to-date: /home/spiderweb/TestBase/install/more_interfaces/include/more_interfaces/more_interfaces
[4.233s] -- Up-to-date: /home/spiderweb/TestBase/install/more_interfaces/include/more_interfaces/more_interfaces/srv
[4.234s] -- Up-to-date: /home/spiderweb/TestBase/install/more_interfaces/include/more_interfaces/more_interfaces/srv/detail
[4.234s] -- Up-to-date: /home/spiderweb/TestBase/install/more_interfaces/include/more_interfaces/more_interfaces/srv/detail/arduino1__rosidl_typesupport_introspection_cpp.hpp
[4.234s] -- Up-to-date: /home/spiderweb/TestBase/install/more_interfaces/include/more_interfaces/more_interfaces/srv/detail/alert__type_support.cpp
[4.235s] -- Up-to-date: /home/spiderweb/TestBase/install/more_interfaces/include/more_interfaces/more_interfaces/srv/detail/arduino1__type_support.cpp
[4.235s] -- Up-to-date: /home/spiderweb/TestBase/install/more_interfaces/include/more_interfaces/more_interfaces/srv/detail/comms__rosidl_typesupport_introspection_cpp.hpp
[4.236s] -- Up-to-date: /home/spiderweb/TestBase/install/more_interfaces/include/more_interfaces/more_interfaces/srv/detail/timer__rosidl_typesupport_introspection_cpp.hpp
[4.236s] -- Up-to-date: /home/spiderweb/TestBase/install/more_interfaces/include/more_interfaces/more_interfaces/srv/detail/mission__rosidl_typesupport_introspection_cpp.hpp
[4.236s] -- Up-to-date: /home/spiderweb/TestBase/install/more_interfaces/include/more_interfaces/more_interfaces/srv/detail/mission__type_support.cpp
[4.237s] -- Up-to-date: /home/spiderweb/TestBase/install/more_interfaces/include/more_interfaces/more_interfaces/srv/detail/error__rosidl_typesupport_introspection_cpp.hpp
[4.237s] -- Up-to-date: /home/spiderweb/TestBase/install/more_interfaces/include/more_interfaces/more_interfaces/srv/detail/error__type_support.cpp
[4.237s] -- Up-to-date: /home/spiderweb/TestBase/install/more_interfaces/include/more_interfaces/more_interfaces/srv/detail/string__rosidl_typesupport_introspection_cpp.hpp
[4.238s] -- Up-to-date: /home/spiderweb/TestBase/install/more_interfaces/include/more_interfaces/more_interfaces/srv/detail/timer__type_support.cpp
[4.238s] -- Up-to-date: /home/spiderweb/TestBase/install/more_interfaces/include/more_interfaces/more_interfaces/srv/detail/string__type_support.cpp
[4.239s] -- Up-to-date: /home/spiderweb/TestBase/install/more_interfaces/include/more_interfaces/more_interfaces/srv/detail/comms__type_support.cpp
[4.239s] -- Up-to-date: /home/spiderweb/TestBase/install/more_interfaces/include/more_interfaces/more_interfaces/srv/detail/trigger__rosidl_typesupport_introspection_cpp.hpp
[4.239s] -- Up-to-date: /home/spiderweb/TestBase/install/more_interfaces/include/more_interfaces/more_interfaces/srv/detail/trigger__type_support.cpp
[4.240s] -- Up-to-date: /home/spiderweb/TestBase/install/more_interfaces/include/more_interfaces/more_interfaces/srv/detail/alert__rosidl_typesupport_introspection_cpp.hpp
[4.240s] -- Up-to-date: /home/spiderweb/TestBase/install/more_interfaces/include/more_interfaces/more_interfaces/msg
[4.241s] -- Up-to-date: /home/spiderweb/TestBase/install/more_interfaces/include/more_interfaces/more_interfaces/msg/detail
[4.241s] -- Up-to-date: /home/spiderweb/TestBase/install/more_interfaces/include/more_interfaces/more_interfaces/msg/detail/trials1__type_support.cpp
[4.241s] -- Up-to-date: /home/spiderweb/TestBase/install/more_interfaces/include/more_interfaces/more_interfaces/msg/detail/trials1__rosidl_typesupport_introspection_cpp.hpp
[4.242s] -- Up-to-date: /home/spiderweb/TestBase/install/more_interfaces/lib/libmore_interfaces__rosidl_typesupport_introspection_cpp.so
[4.244s] -- Up-to-date: /home/spiderweb/TestBase/install/more_interfaces/lib/libmore_interfaces__rosidl_typesupport_cpp.so
[4.249s] -- Up-to-date: /home/spiderweb/TestBase/install/more_interfaces/share/more_interfaces/environment/pythonpath.sh
[4.250s] -- Up-to-date: /home/spiderweb/TestBase/install/more_interfaces/share/more_interfaces/environment/pythonpath.dsv
[4.252s] -- Up-to-date: /home/spiderweb/TestBase/install/more_interfaces/local/lib/python3.10/dist-packages/more_interfaces-0.0.0-py3.10.egg-info
[4.252s] -- Installing: /home/spiderweb/TestBase/install/more_interfaces/local/lib/python3.10/dist-packages/more_interfaces-0.0.0-py3.10.egg-info/top_level.txt
[4.255s] -- Installing: /home/spiderweb/TestBase/install/more_interfaces/local/lib/python3.10/dist-packages/more_interfaces-0.0.0-py3.10.egg-info/dependency_links.txt
[4.256s] -- Installing: /home/spiderweb/TestBase/install/more_interfaces/local/lib/python3.10/dist-packages/more_interfaces-0.0.0-py3.10.egg-info/PKG-INFO
[4.258s] -- Installing: /home/spiderweb/TestBase/install/more_interfaces/local/lib/python3.10/dist-packages/more_interfaces-0.0.0-py3.10.egg-info/SOURCES.txt
[4.259s] -- Up-to-date: /home/spiderweb/TestBase/install/more_interfaces/local/lib/python3.10/dist-packages/more_interfaces
[4.262s] -- Up-to-date: /home/spiderweb/TestBase/install/more_interfaces/local/lib/python3.10/dist-packages/more_interfaces/more_interfaces_s__rosidl_typesupport_fastrtps_c.cpython-310-aarch64-linux-gnu.so
[4.263s] -- Up-to-date: /home/spiderweb/TestBase/install/more_interfaces/local/lib/python3.10/dist-packages/more_interfaces/srv
[4.264s] -- Up-to-date: /home/spiderweb/TestBase/install/more_interfaces/local/lib/python3.10/dist-packages/more_interfaces/srv/_string_s.c
[4.264s] -- Up-to-date: /home/spiderweb/TestBase/install/more_interfaces/local/lib/python3.10/dist-packages/more_interfaces/srv/_timer_s.c
[4.265s] -- Up-to-date: /home/spiderweb/TestBase/install/more_interfaces/local/lib/python3.10/dist-packages/more_interfaces/srv/_string.py
[4.266s] -- Up-to-date: /home/spiderweb/TestBase/install/more_interfaces/local/lib/python3.10/dist-packages/more_interfaces/srv/_alert.py
[4.267s] -- Up-to-date: /home/spiderweb/TestBase/install/more_interfaces/local/lib/python3.10/dist-packages/more_interfaces/srv/_comms_s.c
[4.268s] -- Up-to-date: /home/spiderweb/TestBase/install/more_interfaces/local/lib/python3.10/dist-packages/more_interfaces/srv/_arduino1_s.c
[4.269s] -- Up-to-date: /home/spiderweb/TestBase/install/more_interfaces/local/lib/python3.10/dist-packages/more_interfaces/srv/_trigger_s.c
[4.269s] -- Up-to-date: /home/spiderweb/TestBase/install/more_interfaces/local/lib/python3.10/dist-packages/more_interfaces/srv/_error.py
[4.270s] -- Up-to-date: /home/spiderweb/TestBase/install/more_interfaces/local/lib/python3.10/dist-packages/more_interfaces/srv/_mission_s.c
[4.270s] -- Up-to-date: /home/spiderweb/TestBase/install/more_interfaces/local/lib/python3.10/dist-packages/more_interfaces/srv/_arduino1.py
[4.271s] -- Up-to-date: /home/spiderweb/TestBase/install/more_interfaces/local/lib/python3.10/dist-packages/more_interfaces/srv/_mission.py
[4.272s] -- Up-to-date: /home/spiderweb/TestBase/install/more_interfaces/local/lib/python3.10/dist-packages/more_interfaces/srv/_error_s.c
[4.273s] -- Up-to-date: /home/spiderweb/TestBase/install/more_interfaces/local/lib/python3.10/dist-packages/more_interfaces/srv/_alert_s.c
[4.274s] -- Up-to-date: /home/spiderweb/TestBase/install/more_interfaces/local/lib/python3.10/dist-packages/more_interfaces/srv/_comms.py
[4.276s] -- Up-to-date: /home/spiderweb/TestBase/install/more_interfaces/local/lib/python3.10/dist-packages/more_interfaces/srv/__init__.py
[4.278s] -- Up-to-date: /home/spiderweb/TestBase/install/more_interfaces/local/lib/python3.10/dist-packages/more_interfaces/srv/_trigger.py
[4.278s] -- Up-to-date: /home/spiderweb/TestBase/install/more_interfaces/local/lib/python3.10/dist-packages/more_interfaces/srv/_timer.py
[4.280s] -- Up-to-date: /home/spiderweb/TestBase/install/more_interfaces/local/lib/python3.10/dist-packages/more_interfaces/_more_interfaces_s.ep.rosidl_typesupport_c.c
[4.281s] -- Up-to-date: /home/spiderweb/TestBase/install/more_interfaces/local/lib/python3.10/dist-packages/more_interfaces/msg
[4.282s] -- Up-to-date: /home/spiderweb/TestBase/install/more_interfaces/local/lib/python3.10/dist-packages/more_interfaces/msg/_trials1.py
[4.283s] -- Up-to-date: /home/spiderweb/TestBase/install/more_interfaces/local/lib/python3.10/dist-packages/more_interfaces/msg/__init__.py
[4.284s] -- Up-to-date: /home/spiderweb/TestBase/install/more_interfaces/local/lib/python3.10/dist-packages/more_interfaces/msg/_trials1_s.c
[4.284s] -- Up-to-date: /home/spiderweb/TestBase/install/more_interfaces/local/lib/python3.10/dist-packages/more_interfaces/more_interfaces_s__rosidl_typesupport_introspection_c.cpython-310-aarch64-linux-gnu.so
[4.285s] -- Up-to-date: /home/spiderweb/TestBase/install/more_interfaces/local/lib/python3.10/dist-packages/more_interfaces/more_interfaces_s__rosidl_typesupport_c.cpython-310-aarch64-linux-gnu.so
[4.286s] -- Up-to-date: /home/spiderweb/TestBase/install/more_interfaces/local/lib/python3.10/dist-packages/more_interfaces/_more_interfaces_s.ep.rosidl_typesupport_introspection_c.c
[4.287s] -- Up-to-date: /home/spiderweb/TestBase/install/more_interfaces/local/lib/python3.10/dist-packages/more_interfaces/__init__.py
[4.287s] -- Up-to-date: /home/spiderweb/TestBase/install/more_interfaces/local/lib/python3.10/dist-packages/more_interfaces/libmore_interfaces__rosidl_generator_py.so
[4.287s] -- Up-to-date: /home/spiderweb/TestBase/install/more_interfaces/local/lib/python3.10/dist-packages/more_interfaces/_more_interfaces_s.ep.rosidl_typesupport_fastrtps_c.c
[4.451s] Listing '/home/spiderweb/TestBase/install/more_interfaces/local/lib/python3.10/dist-packages/more_interfaces'...
[4.455s] Listing '/home/spiderweb/TestBase/install/more_interfaces/local/lib/python3.10/dist-packages/more_interfaces/msg'...
[4.456s] Listing '/home/spiderweb/TestBase/install/more_interfaces/local/lib/python3.10/dist-packages/more_interfaces/srv'...
[4.483s] -- Up-to-date: /home/spiderweb/TestBase/install/more_interfaces/local/lib/python3.10/dist-packages/more_interfaces/more_interfaces_s__rosidl_typesupport_fastrtps_c.cpython-310-aarch64-linux-gnu.so
[4.489s] -- Up-to-date: /home/spiderweb/TestBase/install/more_interfaces/local/lib/python3.10/dist-packages/more_interfaces/more_interfaces_s__rosidl_typesupport_introspection_c.cpython-310-aarch64-linux-gnu.so
[4.493s] -- Up-to-date: /home/spiderweb/TestBase/install/more_interfaces/local/lib/python3.10/dist-packages/more_interfaces/more_interfaces_s__rosidl_typesupport_c.cpython-310-aarch64-linux-gnu.so
[4.496s] -- Up-to-date: /home/spiderweb/TestBase/install/more_interfaces/lib/libmore_interfaces__rosidl_generator_py.so
[4.498s] -- Up-to-date: /home/spiderweb/TestBase/install/more_interfaces/share/more_interfaces/msg/Trials1.idl
[4.499s] -- Up-to-date: /home/spiderweb/TestBase/install/more_interfaces/share/more_interfaces/srv/Alert.idl
[4.499s] -- Up-to-date: /home/spiderweb/TestBase/install/more_interfaces/share/more_interfaces/srv/Arduino1.idl
[4.500s] -- Up-to-date: /home/spiderweb/TestBase/install/more_interfaces/share/more_interfaces/srv/Comms.idl
[4.500s] -- Up-to-date: /home/spiderweb/TestBase/install/more_interfaces/share/more_interfaces/srv/Error.idl
[4.501s] -- Up-to-date: /home/spiderweb/TestBase/install/more_interfaces/share/more_interfaces/srv/Mission.idl
[4.501s] -- Up-to-date: /home/spiderweb/TestBase/install/more_interfaces/share/more_interfaces/srv/String.idl
[4.502s] -- Up-to-date: /home/spiderweb/TestBase/install/more_interfaces/share/more_interfaces/srv/Trigger.idl
[4.503s] -- Up-to-date: /home/spiderweb/TestBase/install/more_interfaces/share/more_interfaces/srv/Timer.idl
[4.503s] -- Up-to-date: /home/spiderweb/TestBase/install/more_interfaces/share/more_interfaces/msg/Trials1.msg
[4.504s] -- Up-to-date: /home/spiderweb/TestBase/install/more_interfaces/share/more_interfaces/srv/Alert.srv
[4.504s] -- Up-to-date: /home/spiderweb/TestBase/install/more_interfaces/share/more_interfaces/srv/Alert_Request.msg
[4.505s] -- Up-to-date: /home/spiderweb/TestBase/install/more_interfaces/share/more_interfaces/srv/Alert_Response.msg
[4.505s] -- Up-to-date: /home/spiderweb/TestBase/install/more_interfaces/share/more_interfaces/srv/Arduino1.srv
[4.506s] -- Up-to-date: /home/spiderweb/TestBase/install/more_interfaces/share/more_interfaces/srv/Arduino1_Request.msg
[4.507s] -- Up-to-date: /home/spiderweb/TestBase/install/more_interfaces/share/more_interfaces/srv/Arduino1_Response.msg
[4.507s] -- Up-to-date: /home/spiderweb/TestBase/install/more_interfaces/share/more_interfaces/srv/Comms.srv
[4.508s] -- Up-to-date: /home/spiderweb/TestBase/install/more_interfaces/share/more_interfaces/srv/Comms_Request.msg
[4.508s] -- Up-to-date: /home/spiderweb/TestBase/install/more_interfaces/share/more_interfaces/srv/Comms_Response.msg
[4.509s] -- Up-to-date: /home/spiderweb/TestBase/install/more_interfaces/share/more_interfaces/srv/Error.srv
[4.509s] -- Up-to-date: /home/spiderweb/TestBase/install/more_interfaces/share/more_interfaces/srv/Error_Request.msg
[4.510s] -- Up-to-date: /home/spiderweb/TestBase/install/more_interfaces/share/more_interfaces/srv/Error_Response.msg
[4.510s] -- Up-to-date: /home/spiderweb/TestBase/install/more_interfaces/share/more_interfaces/srv/Mission.srv
[4.511s] -- Up-to-date: /home/spiderweb/TestBase/install/more_interfaces/share/more_interfaces/srv/Mission_Request.msg
[4.511s] -- Up-to-date: /home/spiderweb/TestBase/install/more_interfaces/share/more_interfaces/srv/Mission_Response.msg
[4.512s] -- Up-to-date: /home/spiderweb/TestBase/install/more_interfaces/share/more_interfaces/srv/String.srv
[4.512s] -- Up-to-date: /home/spiderweb/TestBase/install/more_interfaces/share/more_interfaces/srv/String_Request.msg
[4.513s] -- Up-to-date: /home/spiderweb/TestBase/install/more_interfaces/share/more_interfaces/srv/String_Response.msg
[4.513s] -- Up-to-date: /home/spiderweb/TestBase/install/more_interfaces/share/more_interfaces/srv/Trigger.srv
[4.514s] -- Up-to-date: /home/spiderweb/TestBase/install/more_interfaces/share/more_interfaces/srv/Trigger_Request.msg
[4.514s] -- Up-to-date: /home/spiderweb/TestBase/install/more_interfaces/share/more_interfaces/srv/Trigger_Response.msg
[4.515s] -- Up-to-date: /home/spiderweb/TestBase/install/more_interfaces/share/more_interfaces/srv/Timer.srv
[4.515s] -- Up-to-date: /home/spiderweb/TestBase/install/more_interfaces/share/more_interfaces/srv/Timer_Request.msg
[4.516s] -- Up-to-date: /home/spiderweb/TestBase/install/more_interfaces/share/more_interfaces/srv/Timer_Response.msg
[4.516s] -- Up-to-date: /home/spiderweb/TestBase/install/more_interfaces/share/ament_index/resource_index/package_run_dependencies/more_interfaces
[4.517s] -- Up-to-date: /home/spiderweb/TestBase/install/more_interfaces/share/ament_index/resource_index/parent_prefix_path/more_interfaces
[4.517s] -- Up-to-date: /home/spiderweb/TestBase/install/more_interfaces/share/more_interfaces/environment/ament_prefix_path.sh
[4.517s] -- Up-to-date: /home/spiderweb/TestBase/install/more_interfaces/share/more_interfaces/environment/ament_prefix_path.dsv
[4.517s] -- Up-to-date: /home/spiderweb/TestBase/install/more_interfaces/share/more_interfaces/environment/path.sh
[4.518s] -- Up-to-date: /home/spiderweb/TestBase/install/more_interfaces/share/more_interfaces/environment/path.dsv
[4.518s] -- Up-to-date: /home/spiderweb/TestBase/install/more_interfaces/share/more_interfaces/local_setup.bash
[4.518s] -- Up-to-date: /home/spiderweb/TestBase/install/more_interfaces/share/more_interfaces/local_setup.sh
[4.519s] -- Up-to-date: /home/spiderweb/TestBase/install/more_interfaces/share/more_interfaces/local_setup.zsh
[4.519s] -- Up-to-date: /home/spiderweb/TestBase/install/more_interfaces/share/more_interfaces/local_setup.dsv
[4.519s] -- Installing: /home/spiderweb/TestBase/install/more_interfaces/share/more_interfaces/package.dsv
[4.520s] -- Up-to-date: /home/spiderweb/TestBase/install/more_interfaces/share/ament_index/resource_index/packages/more_interfaces
[4.523s] -- Up-to-date: /home/spiderweb/TestBase/install/more_interfaces/share/more_interfaces/cmake/export_more_interfaces__rosidl_generator_cExport.cmake
[4.523s] -- Up-to-date: /home/spiderweb/TestBase/install/more_interfaces/share/more_interfaces/cmake/export_more_interfaces__rosidl_generator_cExport-noconfig.cmake
[4.526s] -- Up-to-date: /home/spiderweb/TestBase/install/more_interfaces/share/more_interfaces/cmake/export_more_interfaces__rosidl_typesupport_fastrtps_cExport.cmake
[4.527s] -- Up-to-date: /home/spiderweb/TestBase/install/more_interfaces/share/more_interfaces/cmake/export_more_interfaces__rosidl_typesupport_fastrtps_cExport-noconfig.cmake
[4.529s] -- Up-to-date: /home/spiderweb/TestBase/install/more_interfaces/share/more_interfaces/cmake/more_interfaces__rosidl_typesupport_introspection_cExport.cmake
[4.530s] -- Up-to-date: /home/spiderweb/TestBase/install/more_interfaces/share/more_interfaces/cmake/more_interfaces__rosidl_typesupport_introspection_cExport-noconfig.cmake
[4.535s] -- Up-to-date: /home/spiderweb/TestBase/install/more_interfaces/share/more_interfaces/cmake/more_interfaces__rosidl_typesupport_cExport.cmake
[4.535s] -- Up-to-date: /home/spiderweb/TestBase/install/more_interfaces/share/more_interfaces/cmake/more_interfaces__rosidl_typesupport_cExport-noconfig.cmake
[4.537s] -- Up-to-date: /home/spiderweb/TestBase/install/more_interfaces/share/more_interfaces/cmake/export_more_interfaces__rosidl_generator_cppExport.cmake
[4.540s] -- Up-to-date: /home/spiderweb/TestBase/install/more_interfaces/share/more_interfaces/cmake/export_more_interfaces__rosidl_typesupport_fastrtps_cppExport.cmake
[4.540s] -- Up-to-date: /home/spiderweb/TestBase/install/more_interfaces/share/more_interfaces/cmake/export_more_interfaces__rosidl_typesupport_fastrtps_cppExport-noconfig.cmake
[4.543s] -- Up-to-date: /home/spiderweb/TestBase/install/more_interfaces/share/more_interfaces/cmake/more_interfaces__rosidl_typesupport_introspection_cppExport.cmake
[4.544s] -- Up-to-date: /home/spiderweb/TestBase/install/more_interfaces/share/more_interfaces/cmake/more_interfaces__rosidl_typesupport_introspection_cppExport-noconfig.cmake
[4.546s] -- Up-to-date: /home/spiderweb/TestBase/install/more_interfaces/share/more_interfaces/cmake/more_interfaces__rosidl_typesupport_cppExport.cmake
[4.547s] -- Up-to-date: /home/spiderweb/TestBase/install/more_interfaces/share/more_interfaces/cmake/more_interfaces__rosidl_typesupport_cppExport-noconfig.cmake
[4.550s] -- Up-to-date: /home/spiderweb/TestBase/install/more_interfaces/share/more_interfaces/cmake/export_more_interfaces__rosidl_generator_pyExport.cmake
[4.551s] -- Up-to-date: /home/spiderweb/TestBase/install/more_interfaces/share/more_interfaces/cmake/export_more_interfaces__rosidl_generator_pyExport-noconfig.cmake
[4.552s] -- Up-to-date: /home/spiderweb/TestBase/install/more_interfaces/share/more_interfaces/cmake/rosidl_cmake-extras.cmake
[4.552s] -- Up-to-date: /home/spiderweb/TestBase/install/more_interfaces/share/more_interfaces/cmake/ament_cmake_export_include_directories-extras.cmake
[4.553s] -- Up-to-date: /home/spiderweb/TestBase/install/more_interfaces/share/more_interfaces/cmake/ament_cmake_export_libraries-extras.cmake
[4.554s] -- Up-to-date: /home/spiderweb/TestBase/install/more_interfaces/share/more_interfaces/cmake/ament_cmake_export_targets-extras.cmake
[4.554s] -- Up-to-date: /home/spiderweb/TestBase/install/more_interfaces/share/more_interfaces/cmake/rosidl_cmake_export_typesupport_targets-extras.cmake
[4.555s] -- Up-to-date: /home/spiderweb/TestBase/install/more_interfaces/share/more_interfaces/cmake/ament_cmake_export_dependencies-extras.cmake
[4.556s] -- Up-to-date: /home/spiderweb/TestBase/install/more_interfaces/share/more_interfaces/cmake/rosidl_cmake_export_typesupport_libraries-extras.cmake
[4.556s] -- Up-to-date: /home/spiderweb/TestBase/install/more_interfaces/share/more_interfaces/cmake/more_interfacesConfig.cmake
[4.557s] -- Up-to-date: /home/spiderweb/TestBase/install/more_interfaces/share/more_interfaces/cmake/more_interfacesConfig-version.cmake
[4.557s] -- Up-to-date: /home/spiderweb/TestBase/install/more_interfaces/share/more_interfaces/package.xml
[4.569s] Invoked command in '/home/spiderweb/TestBase/build/more_interfaces' returned '0': CMAKE_PREFIX_PATH=${CMAKE_PREFIX_PATH}:/home/spiderweb/TestBase/install/my_station_pkg:/opt/ros/humble /usr/bin/cmake --install /home/spiderweb/TestBase/build/more_interfaces
