[1.477s] DEBUG:colcon:Command line arguments: ['/usr/bin/colcon', 'build']
[1.478s] DEBUG:colcon:Parsed command line arguments: Namespace(log_base=None, log_level=None, verb_name='build', build_base='build', install_base='install', merge_install=False, symlink_install=False, test_result_base=None, continue_on_error=False, executor='parallel', parallel_workers=4, event_handlers=None, ignore_user_meta=False, metas=['./colcon.meta'], base_paths=['.'], packages_ignore=None, packages_ignore_regex=None, paths=None, packages_up_to=None, packages_up_to_regex=None, packages_above=None, packages_above_and_dependencies=None, packages_above_depth=None, packages_select_by_dep=None, packages_skip_by_dep=None, packages_skip_up_to=None, packages_select_build_failed=False, packages_skip_build_finished=False, packages_select_test_failures=False, packages_skip_test_passed=False, packages_select=None, packages_skip=None, packages_select_regex=None, packages_skip_regex=None, packages_start=None, packages_end=None, allow_overriding=[], cmake_args=None, cmake_target=None, cmake_target_skip_unavailable=False, cmake_clean_cache=False, cmake_clean_first=False, cmake_force_configure=False, ament_cmake_args=None, catkin_cmake_args=None, catkin_skip_building_tests=False, verb_parser=<colcon_defaults.argument_parser.defaults.DefaultArgumentsDecorator object at 0xffffac89f8e0>, verb_extension=<colcon_core.verb.build.BuildVerb object at 0xffffac89f370>, main=<bound method BuildVerb.main of <colcon_core.verb.build.BuildVerb object at 0xffffac89f370>>)
[1.604s] Level 1:colcon.colcon_core.package_discovery:discover_packages(colcon_meta) check parameters
[1.605s] Level 1:colcon.colcon_core.package_discovery:discover_packages(recursive) check parameters
[1.605s] Level 1:colcon.colcon_core.package_discovery:discover_packages(ignore) check parameters
[1.605s] Level 1:colcon.colcon_core.package_discovery:discover_packages(path) check parameters
[1.605s] Level 1:colcon.colcon_core.package_discovery:discover_packages(colcon_meta) discover
[1.605s] Level 1:colcon.colcon_core.package_discovery:discover_packages(recursive) discover
[1.606s] INFO:colcon.colcon_core.package_discovery:Crawling recursively for packages in '/home/spiderweb/TestBase'
[1.606s] Level 1:colcon.colcon_core.package_identification:_identify(.) by extensions ['ignore', 'ignore_ament_install']
[1.606s] Level 1:colcon.colcon_core.package_identification:_identify(.) by extension 'ignore'
[1.607s] Level 1:colcon.colcon_core.package_identification:_identify(.) by extension 'ignore_ament_install'
[1.607s] Level 1:colcon.colcon_core.package_identification:_identify(.) by extensions ['colcon_pkg']
[1.608s] Level 1:colcon.colcon_core.package_identification:_identify(.) by extension 'colcon_pkg'
[1.608s] Level 1:colcon.colcon_core.package_identification:_identify(.) by extensions ['colcon_meta']
[1.608s] Level 1:colcon.colcon_core.package_identification:_identify(.) by extension 'colcon_meta'
[1.609s] Level 1:colcon.colcon_core.package_identification:_identify(.) by extensions ['ros']
[1.609s] Level 1:colcon.colcon_core.package_identification:_identify(.) by extension 'ros'
[1.655s] Level 1:colcon.colcon_core.package_identification:_identify(.) by extensions ['cmake', 'python']
[1.656s] Level 1:colcon.colcon_core.package_identification:_identify(.) by extension 'cmake'
[1.656s] Level 1:colcon.colcon_core.package_identification:_identify(.) by extension 'python'
[1.657s] Level 1:colcon.colcon_core.package_identification:_identify(.) by extensions ['python_setup_py']
[1.657s] Level 1:colcon.colcon_core.package_identification:_identify(.) by extension 'python_setup_py'
[1.657s] Level 1:colcon.colcon_core.package_identification:_identify(build) by extensions ['ignore', 'ignore_ament_install']
[1.658s] Level 1:colcon.colcon_core.package_identification:_identify(build) by extension 'ignore'
[1.658s] Level 1:colcon.colcon_core.package_identification:_identify(build) ignored
[1.659s] Level 1:colcon.colcon_core.package_identification:_identify(install) by extensions ['ignore', 'ignore_ament_install']
[1.659s] Level 1:colcon.colcon_core.package_identification:_identify(install) by extension 'ignore'
[1.659s] Level 1:colcon.colcon_core.package_identification:_identify(install) ignored
[1.660s] Level 1:colcon.colcon_core.package_identification:_identify(log) by extensions ['ignore', 'ignore_ament_install']
[1.660s] Level 1:colcon.colcon_core.package_identification:_identify(log) by extension 'ignore'
[1.661s] Level 1:colcon.colcon_core.package_identification:_identify(log) ignored
[1.661s] Level 1:colcon.colcon_core.package_identification:_identify(src) by extensions ['ignore', 'ignore_ament_install']
[1.661s] Level 1:colcon.colcon_core.package_identification:_identify(src) by extension 'ignore'
[1.662s] Level 1:colcon.colcon_core.package_identification:_identify(src) by extension 'ignore_ament_install'
[1.662s] Level 1:colcon.colcon_core.package_identification:_identify(src) by extensions ['colcon_pkg']
[1.662s] Level 1:colcon.colcon_core.package_identification:_identify(src) by extension 'colcon_pkg'
[1.662s] Level 1:colcon.colcon_core.package_identification:_identify(src) by extensions ['colcon_meta']
[1.662s] Level 1:colcon.colcon_core.package_identification:_identify(src) by extension 'colcon_meta'
[1.663s] Level 1:colcon.colcon_core.package_identification:_identify(src) by extensions ['ros']
[1.663s] Level 1:colcon.colcon_core.package_identification:_identify(src) by extension 'ros'
[1.663s] Level 1:colcon.colcon_core.package_identification:_identify(src) by extensions ['cmake', 'python']
[1.663s] Level 1:colcon.colcon_core.package_identification:_identify(src) by extension 'cmake'
[1.663s] Level 1:colcon.colcon_core.package_identification:_identify(src) by extension 'python'
[1.664s] Level 1:colcon.colcon_core.package_identification:_identify(src) by extensions ['python_setup_py']
[1.664s] Level 1:colcon.colcon_core.package_identification:_identify(src) by extension 'python_setup_py'
[1.664s] Level 1:colcon.colcon_core.package_identification:_identify(src/more_interfaces) by extensions ['ignore', 'ignore_ament_install']
[1.664s] Level 1:colcon.colcon_core.package_identification:_identify(src/more_interfaces) by extension 'ignore'
[1.665s] Level 1:colcon.colcon_core.package_identification:_identify(src/more_interfaces) by extension 'ignore_ament_install'
[1.665s] Level 1:colcon.colcon_core.package_identification:_identify(src/more_interfaces) by extensions ['colcon_pkg']
[1.665s] Level 1:colcon.colcon_core.package_identification:_identify(src/more_interfaces) by extension 'colcon_pkg'
[1.665s] Level 1:colcon.colcon_core.package_identification:_identify(src/more_interfaces) by extensions ['colcon_meta']
[1.665s] Level 1:colcon.colcon_core.package_identification:_identify(src/more_interfaces) by extension 'colcon_meta'
[1.666s] Level 1:colcon.colcon_core.package_identification:_identify(src/more_interfaces) by extensions ['ros']
[1.666s] Level 1:colcon.colcon_core.package_identification:_identify(src/more_interfaces) by extension 'ros'
[1.674s] DEBUG:colcon.colcon_core.package_identification:Package 'src/more_interfaces' with type 'ros.ament_cmake' and name 'more_interfaces'
[1.675s] Level 1:colcon.colcon_core.package_identification:_identify(src/my_drone_bringup) by extensions ['ignore', 'ignore_ament_install']
[1.675s] Level 1:colcon.colcon_core.package_identification:_identify(src/my_drone_bringup) by extension 'ignore'
[1.676s] Level 1:colcon.colcon_core.package_identification:_identify(src/my_drone_bringup) by extension 'ignore_ament_install'
[1.676s] Level 1:colcon.colcon_core.package_identification:_identify(src/my_drone_bringup) by extensions ['colcon_pkg']
[1.676s] Level 1:colcon.colcon_core.package_identification:_identify(src/my_drone_bringup) by extension 'colcon_pkg'
[1.676s] Level 1:colcon.colcon_core.package_identification:_identify(src/my_drone_bringup) by extensions ['colcon_meta']
[1.676s] Level 1:colcon.colcon_core.package_identification:_identify(src/my_drone_bringup) by extension 'colcon_meta'
[1.677s] Level 1:colcon.colcon_core.package_identification:_identify(src/my_drone_bringup) by extensions ['ros']
[1.677s] Level 1:colcon.colcon_core.package_identification:_identify(src/my_drone_bringup) by extension 'ros'
[1.679s] DEBUG:colcon.colcon_core.package_identification:Package 'src/my_drone_bringup' with type 'ros.ament_cmake' and name 'my_drone_bringup'
[1.679s] Level 1:colcon.colcon_core.package_identification:_identify(src/my_station_pkg) by extensions ['ignore', 'ignore_ament_install']
[1.680s] Level 1:colcon.colcon_core.package_identification:_identify(src/my_station_pkg) by extension 'ignore'
[1.680s] Level 1:colcon.colcon_core.package_identification:_identify(src/my_station_pkg) by extension 'ignore_ament_install'
[1.680s] Level 1:colcon.colcon_core.package_identification:_identify(src/my_station_pkg) by extensions ['colcon_pkg']
[1.680s] Level 1:colcon.colcon_core.package_identification:_identify(src/my_station_pkg) by extension 'colcon_pkg'
[1.681s] Level 1:colcon.colcon_core.package_identification:_identify(src/my_station_pkg) by extensions ['colcon_meta']
[1.681s] Level 1:colcon.colcon_core.package_identification:_identify(src/my_station_pkg) by extension 'colcon_meta'
[1.681s] Level 1:colcon.colcon_core.package_identification:_identify(src/my_station_pkg) by extensions ['ros']
[1.681s] Level 1:colcon.colcon_core.package_identification:_identify(src/my_station_pkg) by extension 'ros'
[1.684s] DEBUG:colcon.colcon_core.package_identification:Package 'src/my_station_pkg' with type 'ros.ament_python' and name 'my_station_pkg'
[1.684s] Level 1:colcon.colcon_core.package_discovery:discover_packages(recursive) using defaults
[1.684s] Level 1:colcon.colcon_core.package_discovery:discover_packages(ignore) discover
[1.684s] Level 1:colcon.colcon_core.package_discovery:discover_packages(ignore) using defaults
[1.685s] Level 1:colcon.colcon_core.package_discovery:discover_packages(path) discover
[1.685s] Level 1:colcon.colcon_core.package_discovery:discover_packages(path) using defaults
[1.777s] Level 1:colcon.colcon_core.package_discovery:discover_packages(prefix_path) check parameters
[1.777s] Level 1:colcon.colcon_core.package_discovery:discover_packages(prefix_path) discover
[1.790s] DEBUG:colcon.colcon_installed_package_information.package_discovery:Found 3 installed packages in /home/spiderweb/TestBase/install
[1.800s] DEBUG:colcon.colcon_installed_package_information.package_discovery:Found 270 installed packages in /opt/ros/humble
[1.806s] Level 1:colcon.colcon_core.package_discovery:discover_packages(prefix_path) using defaults
[2.070s] Level 5:colcon.colcon_core.verb:set package 'more_interfaces' build argument 'cmake_args' from command line to 'None'
[2.070s] Level 5:colcon.colcon_core.verb:set package 'more_interfaces' build argument 'cmake_target' from command line to 'None'
[2.070s] Level 5:colcon.colcon_core.verb:set package 'more_interfaces' build argument 'cmake_target_skip_unavailable' from command line to 'False'
[2.070s] Level 5:colcon.colcon_core.verb:set package 'more_interfaces' build argument 'cmake_clean_cache' from command line to 'False'
[2.071s] Level 5:colcon.colcon_core.verb:set package 'more_interfaces' build argument 'cmake_clean_first' from command line to 'False'
[2.071s] Level 5:colcon.colcon_core.verb:set package 'more_interfaces' build argument 'cmake_force_configure' from command line to 'False'
[2.071s] Level 5:colcon.colcon_core.verb:set package 'more_interfaces' build argument 'ament_cmake_args' from command line to 'None'
[2.071s] Level 5:colcon.colcon_core.verb:set package 'more_interfaces' build argument 'catkin_cmake_args' from command line to 'None'
[2.071s] Level 5:colcon.colcon_core.verb:set package 'more_interfaces' build argument 'catkin_skip_building_tests' from command line to 'False'
[2.071s] DEBUG:colcon.colcon_core.verb:Building package 'more_interfaces' with the following arguments: {'ament_cmake_args': None, 'build_base': '/home/spiderweb/TestBase/build/more_interfaces', 'catkin_cmake_args': None, 'catkin_skip_building_tests': False, 'cmake_args': None, 'cmake_clean_cache': False, 'cmake_clean_first': False, 'cmake_force_configure': False, 'cmake_target': None, 'cmake_target_skip_unavailable': False, 'install_base': '/home/spiderweb/TestBase/install/more_interfaces', 'merge_install': False, 'path': '/home/spiderweb/TestBase/src/more_interfaces', 'symlink_install': False, 'test_result_base': None}
[2.075s] Level 5:colcon.colcon_core.verb:set package 'my_station_pkg' build argument 'cmake_args' from command line to 'None'
[2.076s] Level 5:colcon.colcon_core.verb:set package 'my_station_pkg' build argument 'cmake_target' from command line to 'None'
[2.076s] Level 5:colcon.colcon_core.verb:set package 'my_station_pkg' build argument 'cmake_target_skip_unavailable' from command line to 'False'
[2.076s] Level 5:colcon.colcon_core.verb:set package 'my_station_pkg' build argument 'cmake_clean_cache' from command line to 'False'
[2.076s] Level 5:colcon.colcon_core.verb:set package 'my_station_pkg' build argument 'cmake_clean_first' from command line to 'False'
[2.076s] Level 5:colcon.colcon_core.verb:set package 'my_station_pkg' build argument 'cmake_force_configure' from command line to 'False'
[2.076s] Level 5:colcon.colcon_core.verb:set package 'my_station_pkg' build argument 'ament_cmake_args' from command line to 'None'
[2.076s] Level 5:colcon.colcon_core.verb:set package 'my_station_pkg' build argument 'catkin_cmake_args' from command line to 'None'
[2.076s] Level 5:colcon.colcon_core.verb:set package 'my_station_pkg' build argument 'catkin_skip_building_tests' from command line to 'False'
[2.077s] DEBUG:colcon.colcon_core.verb:Building package 'my_station_pkg' with the following arguments: {'ament_cmake_args': None, 'build_base': '/home/spiderweb/TestBase/build/my_station_pkg', 'catkin_cmake_args': None, 'catkin_skip_building_tests': False, 'cmake_args': None, 'cmake_clean_cache': False, 'cmake_clean_first': False, 'cmake_force_configure': False, 'cmake_target': None, 'cmake_target_skip_unavailable': False, 'install_base': '/home/spiderweb/TestBase/install/my_station_pkg', 'merge_install': False, 'path': '/home/spiderweb/TestBase/src/my_station_pkg', 'symlink_install': False, 'test_result_base': None}
[2.081s] Level 5:colcon.colcon_core.verb:set package 'my_drone_bringup' build argument 'cmake_args' from command line to 'None'
[2.081s] Level 5:colcon.colcon_core.verb:set package 'my_drone_bringup' build argument 'cmake_target' from command line to 'None'
[2.081s] Level 5:colcon.colcon_core.verb:set package 'my_drone_bringup' build argument 'cmake_target_skip_unavailable' from command line to 'False'
[2.081s] Level 5:colcon.colcon_core.verb:set package 'my_drone_bringup' build argument 'cmake_clean_cache' from command line to 'False'
[2.081s] Level 5:colcon.colcon_core.verb:set package 'my_drone_bringup' build argument 'cmake_clean_first' from command line to 'False'
[2.081s] Level 5:colcon.colcon_core.verb:set package 'my_drone_bringup' build argument 'cmake_force_configure' from command line to 'False'
[2.081s] Level 5:colcon.colcon_core.verb:set package 'my_drone_bringup' build argument 'ament_cmake_args' from command line to 'None'
[2.081s] Level 5:colcon.colcon_core.verb:set package 'my_drone_bringup' build argument 'catkin_cmake_args' from command line to 'None'
[2.082s] Level 5:colcon.colcon_core.verb:set package 'my_drone_bringup' build argument 'catkin_skip_building_tests' from command line to 'False'
[2.082s] DEBUG:colcon.colcon_core.verb:Building package 'my_drone_bringup' with the following arguments: {'ament_cmake_args': None, 'build_base': '/home/spiderweb/TestBase/build/my_drone_bringup', 'catkin_cmake_args': None, 'catkin_skip_building_tests': False, 'cmake_args': None, 'cmake_clean_cache': False, 'cmake_clean_first': False, 'cmake_force_configure': False, 'cmake_target': None, 'cmake_target_skip_unavailable': False, 'install_base': '/home/spiderweb/TestBase/install/my_drone_bringup', 'merge_install': False, 'path': '/home/spiderweb/TestBase/src/my_drone_bringup', 'symlink_install': False, 'test_result_base': None}
[2.084s] INFO:colcon.colcon_core.executor:Executing jobs using 'parallel' executor
[2.097s] DEBUG:colcon.colcon_parallel_executor.executor.parallel:run_until_complete
[2.098s] INFO:colcon.colcon_ros.task.ament_cmake.build:Building ROS package in '/home/spiderweb/TestBase/src/more_interfaces' with build type 'ament_cmake'
[2.099s] INFO:colcon.colcon_cmake.task.cmake.build:Building CMake package in '/home/spiderweb/TestBase/src/more_interfaces'
[2.119s] INFO:colcon.colcon_core.plugin_system:Skipping extension 'colcon_core.shell.bat': Not used on non-Windows systems
[2.120s] INFO:colcon.colcon_core.shell:Skip shell extension 'powershell' for command environment: Not usable outside of PowerShell
[2.120s] DEBUG:colcon.colcon_core.shell:Skip shell extension 'dsv' for command environment
[2.174s] DEBUG:colcon.colcon_core.event_handler.log_command:Invoking command in '/home/spiderweb/TestBase/build/more_interfaces': CMAKE_PREFIX_PATH=${CMAKE_PREFIX_PATH}:/home/spiderweb/TestBase/install/my_station_pkg:/opt/ros/humble /usr/bin/cmake --build /home/spiderweb/TestBase/build/more_interfaces -- -j4 -l4
[4.076s] DEBUG:colcon.colcon_core.event_handler.log_command:Invoked command in '/home/spiderweb/TestBase/build/more_interfaces' returned '0': CMAKE_PREFIX_PATH=${CMAKE_PREFIX_PATH}:/home/spiderweb/TestBase/install/my_station_pkg:/opt/ros/humble /usr/bin/cmake --build /home/spiderweb/TestBase/build/more_interfaces -- -j4 -l4
[5.630s] DEBUG:colcon.colcon_core.event_handler.log_command:Invoking command in '/home/spiderweb/TestBase/build/more_interfaces': CMAKE_PREFIX_PATH=${CMAKE_PREFIX_PATH}:/home/spiderweb/TestBase/install/my_station_pkg:/opt/ros/humble /usr/bin/cmake --install /home/spiderweb/TestBase/build/more_interfaces
[6.005s] Level 1:colcon.colcon_core.environment:create_environment_scripts_only(more_interfaces)
[6.024s] DEBUG:colcon.colcon_core.event_handler.log_command:Invoked command in '/home/spiderweb/TestBase/build/more_interfaces' returned '0': CMAKE_PREFIX_PATH=${CMAKE_PREFIX_PATH}:/home/spiderweb/TestBase/install/my_station_pkg:/opt/ros/humble /usr/bin/cmake --install /home/spiderweb/TestBase/build/more_interfaces
[6.038s] Level 1:colcon.colcon_core.environment:checking '/home/spiderweb/TestBase/install/more_interfaces' for CMake module files
[6.042s] Level 1:colcon.colcon_core.environment:checking '/home/spiderweb/TestBase/install/more_interfaces' for CMake config files
[6.045s] Level 1:colcon.colcon_core.shell:create_environment_hook('more_interfaces', 'cmake_prefix_path')
[6.050s] INFO:colcon.colcon_core.shell:Creating environment hook '/home/spiderweb/TestBase/install/more_interfaces/share/more_interfaces/hook/cmake_prefix_path.ps1'
[6.053s] INFO:colcon.colcon_core.shell:Creating environment descriptor '/home/spiderweb/TestBase/install/more_interfaces/share/more_interfaces/hook/cmake_prefix_path.dsv'
[6.055s] INFO:colcon.colcon_core.shell:Creating environment hook '/home/spiderweb/TestBase/install/more_interfaces/share/more_interfaces/hook/cmake_prefix_path.sh'
[6.059s] Level 1:colcon.colcon_core.environment:checking '/home/spiderweb/TestBase/install/more_interfaces/lib'
[6.059s] Level 1:colcon.colcon_core.shell:create_environment_hook('more_interfaces', 'ld_library_path_lib')
[6.065s] INFO:colcon.colcon_core.shell:Creating environment hook '/home/spiderweb/TestBase/install/more_interfaces/share/more_interfaces/hook/ld_library_path_lib.ps1'
[6.068s] INFO:colcon.colcon_core.shell:Creating environment descriptor '/home/spiderweb/TestBase/install/more_interfaces/share/more_interfaces/hook/ld_library_path_lib.dsv'
[6.070s] INFO:colcon.colcon_core.shell:Creating environment hook '/home/spiderweb/TestBase/install/more_interfaces/share/more_interfaces/hook/ld_library_path_lib.sh'
[6.072s] Level 1:colcon.colcon_core.environment:checking '/home/spiderweb/TestBase/install/more_interfaces/bin'
[6.073s] Level 1:colcon.colcon_core.environment:checking '/home/spiderweb/TestBase/install/more_interfaces/lib/pkgconfig/more_interfaces.pc'
[6.074s] Level 1:colcon.colcon_core.environment:checking '/home/spiderweb/TestBase/install/more_interfaces/lib/python3.10/site-packages'
[6.075s] Level 1:colcon.colcon_core.environment:checking '/home/spiderweb/TestBase/install/more_interfaces/bin'
[6.082s] INFO:colcon.colcon_core.shell:Creating package script '/home/spiderweb/TestBase/install/more_interfaces/share/more_interfaces/package.ps1'
[6.086s] INFO:colcon.colcon_core.shell:Creating package descriptor '/home/spiderweb/TestBase/install/more_interfaces/share/more_interfaces/package.dsv'
[6.089s] INFO:colcon.colcon_core.shell:Creating package script '/home/spiderweb/TestBase/install/more_interfaces/share/more_interfaces/package.sh'
[6.094s] INFO:colcon.colcon_core.shell:Creating package script '/home/spiderweb/TestBase/install/more_interfaces/share/more_interfaces/package.bash'
[6.099s] INFO:colcon.colcon_core.shell:Creating package script '/home/spiderweb/TestBase/install/more_interfaces/share/more_interfaces/package.zsh'
[6.104s] Level 1:colcon.colcon_core.environment:create_file_with_runtime_dependencies(/home/spiderweb/TestBase/install/more_interfaces/share/colcon-core/packages/more_interfaces)
[7.619s] Level 1:colcon.colcon_core.environment:create_environment_scripts_only(more_interfaces)
[7.629s] Level 1:colcon.colcon_core.environment:checking '/home/spiderweb/TestBase/install/more_interfaces' for CMake module files
[7.633s] Level 1:colcon.colcon_core.environment:checking '/home/spiderweb/TestBase/install/more_interfaces' for CMake config files
[7.636s] Level 1:colcon.colcon_core.shell:create_environment_hook('more_interfaces', 'cmake_prefix_path')
[7.641s] INFO:colcon.colcon_core.shell:Creating environment hook '/home/spiderweb/TestBase/install/more_interfaces/share/more_interfaces/hook/cmake_prefix_path.ps1'
[7.643s] INFO:colcon.colcon_core.shell:Creating environment descriptor '/home/spiderweb/TestBase/install/more_interfaces/share/more_interfaces/hook/cmake_prefix_path.dsv'
[7.646s] INFO:colcon.colcon_core.shell:Creating environment hook '/home/spiderweb/TestBase/install/more_interfaces/share/more_interfaces/hook/cmake_prefix_path.sh'
[7.649s] Level 1:colcon.colcon_core.environment:checking '/home/spiderweb/TestBase/install/more_interfaces/lib'
[7.649s] Level 1:colcon.colcon_core.shell:create_environment_hook('more_interfaces', 'ld_library_path_lib')
[7.654s] INFO:colcon.colcon_core.shell:Creating environment hook '/home/spiderweb/TestBase/install/more_interfaces/share/more_interfaces/hook/ld_library_path_lib.ps1'
[7.656s] INFO:colcon.colcon_core.shell:Creating environment descriptor '/home/spiderweb/TestBase/install/more_interfaces/share/more_interfaces/hook/ld_library_path_lib.dsv'
[7.658s] INFO:colcon.colcon_core.shell:Creating environment hook '/home/spiderweb/TestBase/install/more_interfaces/share/more_interfaces/hook/ld_library_path_lib.sh'
[7.660s] Level 1:colcon.colcon_core.environment:checking '/home/spiderweb/TestBase/install/more_interfaces/bin'
[7.660s] Level 1:colcon.colcon_core.environment:checking '/home/spiderweb/TestBase/install/more_interfaces/lib/pkgconfig/more_interfaces.pc'
[7.661s] Level 1:colcon.colcon_core.environment:checking '/home/spiderweb/TestBase/install/more_interfaces/lib/python3.10/site-packages'
[7.662s] Level 1:colcon.colcon_core.environment:checking '/home/spiderweb/TestBase/install/more_interfaces/bin'
[7.667s] INFO:colcon.colcon_core.shell:Creating package script '/home/spiderweb/TestBase/install/more_interfaces/share/more_interfaces/package.ps1'
[7.670s] INFO:colcon.colcon_core.shell:Creating package descriptor '/home/spiderweb/TestBase/install/more_interfaces/share/more_interfaces/package.dsv'
[7.673s] INFO:colcon.colcon_core.shell:Creating package script '/home/spiderweb/TestBase/install/more_interfaces/share/more_interfaces/package.sh'
[7.675s] INFO:colcon.colcon_core.shell:Creating package script '/home/spiderweb/TestBase/install/more_interfaces/share/more_interfaces/package.bash'
[7.677s] INFO:colcon.colcon_core.shell:Creating package script '/home/spiderweb/TestBase/install/more_interfaces/share/more_interfaces/package.zsh'
[7.679s] Level 1:colcon.colcon_core.environment:create_file_with_runtime_dependencies(/home/spiderweb/TestBase/install/more_interfaces/share/colcon-core/packages/more_interfaces)
[7.681s] INFO:colcon.colcon_ros.task.ament_python.build:Building ROS package in '/home/spiderweb/TestBase/src/my_station_pkg' with build type 'ament_python'
[7.681s] Level 1:colcon.colcon_core.shell:create_environment_hook('my_station_pkg', 'ament_prefix_path')
[7.688s] INFO:colcon.colcon_core.shell:Creating environment hook '/home/spiderweb/TestBase/install/my_station_pkg/share/my_station_pkg/hook/ament_prefix_path.ps1'
[7.690s] INFO:colcon.colcon_core.shell:Creating environment descriptor '/home/spiderweb/TestBase/install/my_station_pkg/share/my_station_pkg/hook/ament_prefix_path.dsv'
[7.693s] INFO:colcon.colcon_core.shell:Creating environment hook '/home/spiderweb/TestBase/install/my_station_pkg/share/my_station_pkg/hook/ament_prefix_path.sh'
[7.701s] INFO:colcon.colcon_core.shell:Skip shell extension 'powershell' for command environment: Not usable outside of PowerShell
[7.701s] DEBUG:colcon.colcon_core.shell:Skip shell extension 'dsv' for command environment
[9.029s] INFO:colcon.colcon_core.task.python.build:Building Python package in '/home/spiderweb/TestBase/src/my_station_pkg'
[9.034s] INFO:colcon.colcon_core.shell:Skip shell extension 'powershell' for command environment: Not usable outside of PowerShell
[9.035s] DEBUG:colcon.colcon_core.shell:Skip shell extension 'dsv' for command environment
[10.788s] DEBUG:colcon.colcon_core.event_handler.log_command:Invoking command in '/home/spiderweb/TestBase/src/my_station_pkg': CMAKE_PREFIX_PATH=/home/spiderweb/TestBase/install/more_interfaces:/home/spiderweb/TestBase/install/my_drone_bringup PYTHONPATH=/home/spiderweb/TestBase/build/my_station_pkg/prefix_override:/home/spiderweb/TestBase/install/my_station_pkg/lib/python3.10/site-packages:${PYTHONPATH} /usr/bin/python3 setup.py egg_info --egg-base ../../build/my_station_pkg build --build-base /home/spiderweb/TestBase/build/my_station_pkg/build install --record /home/spiderweb/TestBase/build/my_station_pkg/install.log --single-version-externally-managed
[12.265s] Level 1:colcon.colcon_core.environment:checking '/home/spiderweb/TestBase/install/my_station_pkg' for CMake module files
[12.268s] Level 1:colcon.colcon_core.environment:checking '/home/spiderweb/TestBase/install/my_station_pkg' for CMake config files
[12.273s] DEBUG:colcon.colcon_core.event_handler.log_command:Invoked command in '/home/spiderweb/TestBase/src/my_station_pkg' returned '0': CMAKE_PREFIX_PATH=/home/spiderweb/TestBase/install/more_interfaces:/home/spiderweb/TestBase/install/my_drone_bringup PYTHONPATH=/home/spiderweb/TestBase/build/my_station_pkg/prefix_override:/home/spiderweb/TestBase/install/my_station_pkg/lib/python3.10/site-packages:${PYTHONPATH} /usr/bin/python3 setup.py egg_info --egg-base ../../build/my_station_pkg build --build-base /home/spiderweb/TestBase/build/my_station_pkg/build install --record /home/spiderweb/TestBase/build/my_station_pkg/install.log --single-version-externally-managed
[12.278s] Level 1:colcon.colcon_core.environment:checking '/home/spiderweb/TestBase/install/my_station_pkg/lib'
[12.279s] Level 1:colcon.colcon_core.environment:checking '/home/spiderweb/TestBase/install/my_station_pkg/bin'
[12.279s] Level 1:colcon.colcon_core.environment:checking '/home/spiderweb/TestBase/install/my_station_pkg/lib/pkgconfig/my_station_pkg.pc'
[12.280s] Level 1:colcon.colcon_core.environment:checking '/home/spiderweb/TestBase/install/my_station_pkg/lib/python3.10/site-packages'
[12.281s] Level 1:colcon.colcon_core.shell:create_environment_hook('my_station_pkg', 'pythonpath')
[12.289s] INFO:colcon.colcon_core.shell:Creating environment hook '/home/spiderweb/TestBase/install/my_station_pkg/share/my_station_pkg/hook/pythonpath.ps1'
[12.292s] INFO:colcon.colcon_core.shell:Creating environment descriptor '/home/spiderweb/TestBase/install/my_station_pkg/share/my_station_pkg/hook/pythonpath.dsv'
[12.294s] INFO:colcon.colcon_core.shell:Creating environment hook '/home/spiderweb/TestBase/install/my_station_pkg/share/my_station_pkg/hook/pythonpath.sh'
[12.297s] Level 1:colcon.colcon_core.environment:checking '/home/spiderweb/TestBase/install/my_station_pkg/bin'
[12.297s] Level 1:colcon.colcon_core.environment:create_environment_scripts_only(my_station_pkg)
[12.304s] INFO:colcon.colcon_core.shell:Creating package script '/home/spiderweb/TestBase/install/my_station_pkg/share/my_station_pkg/package.ps1'
[12.306s] INFO:colcon.colcon_core.shell:Creating package descriptor '/home/spiderweb/TestBase/install/my_station_pkg/share/my_station_pkg/package.dsv'
[12.309s] INFO:colcon.colcon_core.shell:Creating package script '/home/spiderweb/TestBase/install/my_station_pkg/share/my_station_pkg/package.sh'
[12.311s] INFO:colcon.colcon_core.shell:Creating package script '/home/spiderweb/TestBase/install/my_station_pkg/share/my_station_pkg/package.bash'
[12.313s] INFO:colcon.colcon_core.shell:Creating package script '/home/spiderweb/TestBase/install/my_station_pkg/share/my_station_pkg/package.zsh'
[12.315s] Level 1:colcon.colcon_core.environment:create_file_with_runtime_dependencies(/home/spiderweb/TestBase/install/my_station_pkg/share/colcon-core/packages/my_station_pkg)
[12.317s] INFO:colcon.colcon_ros.task.ament_cmake.build:Building ROS package in '/home/spiderweb/TestBase/src/my_drone_bringup' with build type 'ament_cmake'
[12.317s] INFO:colcon.colcon_cmake.task.cmake.build:Building CMake package in '/home/spiderweb/TestBase/src/my_drone_bringup'
[12.324s] INFO:colcon.colcon_core.shell:Skip shell extension 'powershell' for command environment: Not usable outside of PowerShell
[12.325s] DEBUG:colcon.colcon_core.shell:Skip shell extension 'dsv' for command environment
[12.406s] DEBUG:colcon.colcon_core.event_handler.log_command:Invoking command in '/home/spiderweb/TestBase/build/my_drone_bringup': AMENT_PREFIX_PATH=/home/spiderweb/TestBase/install/my_station_pkg:/home/spiderweb/TestBase/install/my_drone_bringup:/home/spiderweb/TestBase/install/more_interfaces:/opt/ros/humble CMAKE_PREFIX_PATH=/home/spiderweb/TestBase/install/more_interfaces:/home/spiderweb/TestBase/install/my_drone_bringup:/home/spiderweb/TestBase/install/my_station_pkg:/opt/ros/humble /usr/bin/cmake --build /home/spiderweb/TestBase/build/my_drone_bringup -- -j4 -l4
[12.568s] DEBUG:colcon.colcon_core.event_handler.log_command:Invoked command in '/home/spiderweb/TestBase/build/my_drone_bringup' returned '0': AMENT_PREFIX_PATH=/home/spiderweb/TestBase/install/my_station_pkg:/home/spiderweb/TestBase/install/my_drone_bringup:/home/spiderweb/TestBase/install/more_interfaces:/opt/ros/humble CMAKE_PREFIX_PATH=/home/spiderweb/TestBase/install/more_interfaces:/home/spiderweb/TestBase/install/my_drone_bringup:/home/spiderweb/TestBase/install/my_station_pkg:/opt/ros/humble /usr/bin/cmake --build /home/spiderweb/TestBase/build/my_drone_bringup -- -j4 -l4
[12.681s] DEBUG:colcon.colcon_core.event_handler.log_command:Invoking command in '/home/spiderweb/TestBase/build/my_drone_bringup': AMENT_PREFIX_PATH=/home/spiderweb/TestBase/install/my_station_pkg:/home/spiderweb/TestBase/install/my_drone_bringup:/home/spiderweb/TestBase/install/more_interfaces:/opt/ros/humble CMAKE_PREFIX_PATH=/home/spiderweb/TestBase/install/more_interfaces:/home/spiderweb/TestBase/install/my_drone_bringup:/home/spiderweb/TestBase/install/my_station_pkg:/opt/ros/humble /usr/bin/cmake --install /home/spiderweb/TestBase/build/my_drone_bringup
[12.728s] Level 1:colcon.colcon_core.environment:create_environment_scripts_only(my_drone_bringup)
[12.736s] Level 1:colcon.colcon_core.environment:checking '/home/spiderweb/TestBase/install/my_drone_bringup' for CMake module files
[12.739s] DEBUG:colcon.colcon_core.event_handler.log_command:Invoked command in '/home/spiderweb/TestBase/build/my_drone_bringup' returned '0': AMENT_PREFIX_PATH=/home/spiderweb/TestBase/install/my_station_pkg:/home/spiderweb/TestBase/install/my_drone_bringup:/home/spiderweb/TestBase/install/more_interfaces:/opt/ros/humble CMAKE_PREFIX_PATH=/home/spiderweb/TestBase/install/more_interfaces:/home/spiderweb/TestBase/install/my_drone_bringup:/home/spiderweb/TestBase/install/my_station_pkg:/opt/ros/humble /usr/bin/cmake --install /home/spiderweb/TestBase/build/my_drone_bringup
[12.741s] Level 1:colcon.colcon_core.environment:checking '/home/spiderweb/TestBase/install/my_drone_bringup' for CMake config files
[12.743s] Level 1:colcon.colcon_core.shell:create_environment_hook('my_drone_bringup', 'cmake_prefix_path')
[12.751s] INFO:colcon.colcon_core.shell:Creating environment hook '/home/spiderweb/TestBase/install/my_drone_bringup/share/my_drone_bringup/hook/cmake_prefix_path.ps1'
[12.755s] INFO:colcon.colcon_core.shell:Creating environment descriptor '/home/spiderweb/TestBase/install/my_drone_bringup/share/my_drone_bringup/hook/cmake_prefix_path.dsv'
[12.757s] INFO:colcon.colcon_core.shell:Creating environment hook '/home/spiderweb/TestBase/install/my_drone_bringup/share/my_drone_bringup/hook/cmake_prefix_path.sh'
[12.761s] Level 1:colcon.colcon_core.environment:checking '/home/spiderweb/TestBase/install/my_drone_bringup/bin'
[12.761s] Level 1:colcon.colcon_core.environment:checking '/home/spiderweb/TestBase/install/my_drone_bringup/lib/pkgconfig/my_drone_bringup.pc'
[12.762s] Level 1:colcon.colcon_core.environment:checking '/home/spiderweb/TestBase/install/my_drone_bringup/lib/python3.10/site-packages'
[12.763s] Level 1:colcon.colcon_core.environment:checking '/home/spiderweb/TestBase/install/my_drone_bringup/bin'
[12.771s] INFO:colcon.colcon_core.shell:Creating package script '/home/spiderweb/TestBase/install/my_drone_bringup/share/my_drone_bringup/package.ps1'
[12.774s] INFO:colcon.colcon_core.shell:Creating package descriptor '/home/spiderweb/TestBase/install/my_drone_bringup/share/my_drone_bringup/package.dsv'
[12.776s] INFO:colcon.colcon_core.shell:Creating package script '/home/spiderweb/TestBase/install/my_drone_bringup/share/my_drone_bringup/package.sh'
[12.779s] INFO:colcon.colcon_core.shell:Creating package script '/home/spiderweb/TestBase/install/my_drone_bringup/share/my_drone_bringup/package.bash'
[12.781s] INFO:colcon.colcon_core.shell:Creating package script '/home/spiderweb/TestBase/install/my_drone_bringup/share/my_drone_bringup/package.zsh'
[12.783s] Level 1:colcon.colcon_core.environment:create_file_with_runtime_dependencies(/home/spiderweb/TestBase/install/my_drone_bringup/share/colcon-core/packages/my_drone_bringup)
[12.905s] Level 1:colcon.colcon_core.environment:create_environment_scripts_only(my_drone_bringup)
[12.916s] Level 1:colcon.colcon_core.environment:checking '/home/spiderweb/TestBase/install/my_drone_bringup' for CMake module files
[12.920s] Level 1:colcon.colcon_core.environment:checking '/home/spiderweb/TestBase/install/my_drone_bringup' for CMake config files
[12.923s] Level 1:colcon.colcon_core.shell:create_environment_hook('my_drone_bringup', 'cmake_prefix_path')
[12.929s] INFO:colcon.colcon_core.shell:Creating environment hook '/home/spiderweb/TestBase/install/my_drone_bringup/share/my_drone_bringup/hook/cmake_prefix_path.ps1'
[12.931s] INFO:colcon.colcon_core.shell:Creating environment descriptor '/home/spiderweb/TestBase/install/my_drone_bringup/share/my_drone_bringup/hook/cmake_prefix_path.dsv'
[12.934s] INFO:colcon.colcon_core.shell:Creating environment hook '/home/spiderweb/TestBase/install/my_drone_bringup/share/my_drone_bringup/hook/cmake_prefix_path.sh'
[12.938s] Level 1:colcon.colcon_core.environment:checking '/home/spiderweb/TestBase/install/my_drone_bringup/bin'
[12.938s] Level 1:colcon.colcon_core.environment:checking '/home/spiderweb/TestBase/install/my_drone_bringup/lib/pkgconfig/my_drone_bringup.pc'
[12.939s] Level 1:colcon.colcon_core.environment:checking '/home/spiderweb/TestBase/install/my_drone_bringup/lib/python3.10/site-packages'
[12.940s] Level 1:colcon.colcon_core.environment:checking '/home/spiderweb/TestBase/install/my_drone_bringup/bin'
[12.947s] INFO:colcon.colcon_core.shell:Creating package script '/home/spiderweb/TestBase/install/my_drone_bringup/share/my_drone_bringup/package.ps1'
[12.950s] INFO:colcon.colcon_core.shell:Creating package descriptor '/home/spiderweb/TestBase/install/my_drone_bringup/share/my_drone_bringup/package.dsv'
[12.953s] INFO:colcon.colcon_core.shell:Creating package script '/home/spiderweb/TestBase/install/my_drone_bringup/share/my_drone_bringup/package.sh'
[12.956s] INFO:colcon.colcon_core.shell:Creating package script '/home/spiderweb/TestBase/install/my_drone_bringup/share/my_drone_bringup/package.bash'
[12.959s] INFO:colcon.colcon_core.shell:Creating package script '/home/spiderweb/TestBase/install/my_drone_bringup/share/my_drone_bringup/package.zsh'
[12.962s] Level 1:colcon.colcon_core.environment:create_file_with_runtime_dependencies(/home/spiderweb/TestBase/install/my_drone_bringup/share/colcon-core/packages/my_drone_bringup)
[12.964s] DEBUG:colcon.colcon_parallel_executor.executor.parallel:closing loop
[12.966s] DEBUG:colcon.colcon_parallel_executor.executor.parallel:loop closed
[12.968s] DEBUG:colcon.colcon_parallel_executor.executor.parallel:run_until_complete finished with '0'
[12.969s] DEBUG:colcon.colcon_core.event_reactor:joining thread
[12.998s] INFO:colcon.colcon_core.plugin_system:Skipping extension 'colcon_notification.desktop_notification.notify_send': Could not find 'notify-send'
[12.999s] INFO:colcon.colcon_core.plugin_system:Skipping extension 'colcon_notification.desktop_notification.terminal_notifier': Not used on non-Darwin systems
[12.999s] INFO:colcon.colcon_core.plugin_system:Skipping extension 'colcon_notification.desktop_notification.win32': Not used on non-Windows systems
[12.999s] INFO:colcon.colcon_notification.desktop_notification:Sending desktop notification using 'notify2'
[13.003s] DEBUG:colcon.colcon_notification.desktop_notification.notify2:Failed to initialize notify2: org.freedesktop.DBus.Error.ServiceUnknown: The name org.freedesktop.Notifications was not provided by any .service files
[13.004s] DEBUG:colcon.colcon_core.event_reactor:joined thread
[13.010s] INFO:colcon.colcon_core.shell:Creating prefix script '/home/spiderweb/TestBase/install/local_setup.ps1'
[13.014s] INFO:colcon.colcon_core.shell:Creating prefix util module '/home/spiderweb/TestBase/install/_local_setup_util_ps1.py'
[13.019s] INFO:colcon.colcon_core.shell:Creating prefix chain script '/home/spiderweb/TestBase/install/setup.ps1'
[13.026s] INFO:colcon.colcon_core.shell:Creating prefix script '/home/spiderweb/TestBase/install/local_setup.sh'
[13.029s] INFO:colcon.colcon_core.shell:Creating prefix util module '/home/spiderweb/TestBase/install/_local_setup_util_sh.py'
[13.032s] INFO:colcon.colcon_core.shell:Creating prefix chain script '/home/spiderweb/TestBase/install/setup.sh'
[13.039s] INFO:colcon.colcon_core.shell:Creating prefix script '/home/spiderweb/TestBase/install/local_setup.bash'
[13.042s] INFO:colcon.colcon_core.shell:Creating prefix chain script '/home/spiderweb/TestBase/install/setup.bash'
[13.049s] INFO:colcon.colcon_core.shell:Creating prefix script '/home/spiderweb/TestBase/install/local_setup.zsh'
[13.052s] INFO:colcon.colcon_core.shell:Creating prefix chain script '/home/spiderweb/TestBase/install/setup.zsh'
