[0.093s] Invoking command in '/home/spiderweb/TestBase/build/more_interfaces': CMAKE_PREFIX_PATH=${CMAKE_PREFIX_PATH}:/home/spiderweb/TestBase/install/my_station_pkg:/opt/ros/humble /usr/bin/cmake /home/spiderweb/TestBase/src/more_interfaces -DCMAKE_INSTALL_PREFIX=/home/spiderweb/TestBase/install/more_interfaces
[1.295s] -- The C compiler identification is GNU 11.3.0
[2.076s] -- The CXX compiler identification is GNU 11.3.0
[2.130s] -- Detecting C compiler ABI info
[2.678s] -- Detecting C compiler ABI info - done
[2.714s] -- Check for working C compiler: /usr/bin/cc - skipped
[2.720s] -- Detecting C compile features
[2.724s] -- Detecting C compile features - done
[2.742s] -- Detecting CXX compiler ABI info
[3.494s] -- Detecting CXX compiler ABI info - done
[3.527s] -- Check for working CXX compiler: /usr/bin/c++ - skipped
[3.529s] -- Detecting CXX compile features
[3.532s] -- Detecting CXX compile features - done
[3.576s] -- Found ament_cmake: 1.3.3 (/opt/ros/humble/share/ament_cmake/cmake)
[4.636s] -- Found Python3: /usr/bin/python3.10 (found version "3.10.6") found components: Interpreter 
[5.379s] -- Found rosidl_default_generators: 1.2.0 (/opt/ros/humble/share/rosidl_default_generators/cmake)
[5.420s] -- Using all available rosidl_typesupport_c: rosidl_typesupport_fastrtps_c;rosidl_typesupport_introspection_c
[5.507s] -- Found rosidl_adapter: 3.1.4 (/opt/ros/humble/share/rosidl_adapter/cmake)
[5.932s] -- Using all available rosidl_typesupport_cpp: rosidl_typesupport_fastrtps_cpp;rosidl_typesupport_introspection_cpp
[7.744s] -- Found ament_cmake_ros: 0.10.0 (/opt/ros/humble/share/ament_cmake_ros/cmake)
[8.699s] -- Using all available rosidl_typesupport_c: rosidl_typesupport_fastrtps_c;rosidl_typesupport_introspection_c
[9.865s] -- Using all available rosidl_typesupport_cpp: rosidl_typesupport_fastrtps_cpp;rosidl_typesupport_introspection_cpp
[9.984s] -- Found PythonInterp: /usr/bin/python3 (found suitable version "3.10.6", minimum required is "3.6") 
[10.008s] -- Found python_cmake_module: 0.10.0 (/opt/ros/humble/share/python_cmake_module/cmake)
[10.151s] -- Found PythonLibs: /usr/lib/aarch64-linux-gnu/libpython3.10.so (found suitable version "3.10.6", minimum required is "3.5") 
[10.152s] -- Using PYTHON_EXECUTABLE: /usr/bin/python3
[10.153s] -- Using PYTHON_INCLUDE_DIRS: /usr/include/python3.10
[10.153s] -- Using PYTHON_LIBRARIES: /usr/lib/aarch64-linux-gnu/libpython3.10.so
[10.257s] -- Found PythonExtra: .so  
[10.510s] -- Configuring done
[10.740s] -- Generating done
[10.753s] -- Build files have been written to: /home/spiderweb/TestBase/build/more_interfaces
[10.774s] Invoked command in '/home/spiderweb/TestBase/build/more_interfaces' returned '0': CMAKE_PREFIX_PATH=${CMAKE_PREFIX_PATH}:/home/spiderweb/TestBase/install/my_station_pkg:/opt/ros/humble /usr/bin/cmake /home/spiderweb/TestBase/src/more_interfaces -DCMAKE_INSTALL_PREFIX=/home/spiderweb/TestBase/install/more_interfaces
[10.785s] Invoking command in '/home/spiderweb/TestBase/build/more_interfaces': CMAKE_PREFIX_PATH=${CMAKE_PREFIX_PATH}:/home/spiderweb/TestBase/install/my_station_pkg:/opt/ros/humble /usr/bin/cmake --build /home/spiderweb/TestBase/build/more_interfaces -- -j4 -l4
[10.960s] [  1%] [34m[1mGenerating C code for ROS interfaces[0m
[11.012s] [  2%] [34m[1mGenerating C++ code for ROS interfaces[0m
[11.074s] [  2%] Built target ament_cmake_python_copy_more_interfaces
[12.829s] running egg_info
[12.831s] creating more_interfaces.egg-info
[12.832s] writing more_interfaces.egg-info/PKG-INFO
[12.833s] writing dependency_links to more_interfaces.egg-info/dependency_links.txt
[12.834s] writing top-level names to more_interfaces.egg-info/top_level.txt
[12.835s] writing manifest file 'more_interfaces.egg-info/SOURCES.txt'
[12.853s] reading manifest file 'more_interfaces.egg-info/SOURCES.txt'
[12.856s] writing manifest file 'more_interfaces.egg-info/SOURCES.txt'
[13.010s] [  2%] Built target ament_cmake_python_build_more_interfaces_egg
[15.569s] [  2%] Built target more_interfaces__cpp
[15.647s] [  3%] [34m[1mGenerating C++ type support dispatch for ROS interfaces[0m
[15.834s] [  4%] [34m[1mGenerating C++ type support for eProsima Fast-RTPS[0m
[15.838s] [  5%] [34m[1mGenerating C++ introspection for ROS interfaces[0m
[15.895s] [  6%] [32mBuilding C object CMakeFiles/more_interfaces__rosidl_generator_c.dir/rosidl_generator_c/more_interfaces/msg/detail/trials1__functions.c.o[0m
[16.401s] [  7%] [32mBuilding C object CMakeFiles/more_interfaces__rosidl_generator_c.dir/rosidl_generator_c/more_interfaces/srv/detail/alert__functions.c.o[0m
[16.749s] [  8%] [32mBuilding C object CMakeFiles/more_interfaces__rosidl_generator_c.dir/rosidl_generator_c/more_interfaces/srv/detail/arduino1__functions.c.o[0m
[17.073s] [  9%] [32mBuilding C object CMakeFiles/more_interfaces__rosidl_generator_c.dir/rosidl_generator_c/more_interfaces/srv/detail/comms__functions.c.o[0m
[17.400s] [ 10%] [32mBuilding C object CMakeFiles/more_interfaces__rosidl_generator_c.dir/rosidl_generator_c/more_interfaces/srv/detail/error__functions.c.o[0m
[17.765s] [ 11%] [32mBuilding C object CMakeFiles/more_interfaces__rosidl_generator_c.dir/rosidl_generator_c/more_interfaces/srv/detail/mission__functions.c.o[0m
[18.115s] [ 12%] [32mBuilding C object CMakeFiles/more_interfaces__rosidl_generator_c.dir/rosidl_generator_c/more_interfaces/srv/detail/string__functions.c.o[0m
[18.493s] [ 13%] [32mBuilding C object CMakeFiles/more_interfaces__rosidl_generator_c.dir/rosidl_generator_c/more_interfaces/srv/detail/trigger__functions.c.o[0m
[18.663s] [ 14%] [32mBuilding CXX object CMakeFiles/more_interfaces__rosidl_typesupport_cpp.dir/rosidl_typesupport_cpp/more_interfaces/msg/trials1__type_support.cpp.o[0m
[18.852s] [ 15%] [32mBuilding C object CMakeFiles/more_interfaces__rosidl_generator_c.dir/rosidl_generator_c/more_interfaces/srv/detail/timer__functions.c.o[0m
[19.482s] [ 16%] [32m[1mLinking C shared library libmore_interfaces__rosidl_generator_c.so[0m
[19.812s] [ 16%] Built target more_interfaces__rosidl_generator_c
[19.835s] [ 17%] [32mBuilding CXX object CMakeFiles/more_interfaces__rosidl_typesupport_introspection_cpp.dir/rosidl_typesupport_introspection_cpp/more_interfaces/msg/detail/trials1__type_support.cpp.o[0m
[19.858s] [ 18%] [32mBuilding CXX object CMakeFiles/more_interfaces__rosidl_typesupport_introspection_cpp.dir/rosidl_typesupport_introspection_cpp/more_interfaces/srv/detail/alert__type_support.cpp.o[0m
[20.751s] [ 20%] [32mBuilding CXX object CMakeFiles/more_interfaces__rosidl_typesupport_fastrtps_cpp.dir/rosidl_typesupport_fastrtps_cpp/more_interfaces/msg/detail/dds_fastrtps/trials1__type_support.cpp.o[0m
[21.227s] [ 21%] [32mBuilding CXX object CMakeFiles/more_interfaces__rosidl_typesupport_cpp.dir/rosidl_typesupport_cpp/more_interfaces/srv/alert__type_support.cpp.o[0m
[22.359s] [ 22%] [32mBuilding CXX object CMakeFiles/more_interfaces__rosidl_typesupport_introspection_cpp.dir/rosidl_typesupport_introspection_cpp/more_interfaces/srv/detail/arduino1__type_support.cpp.o[0m
[22.720s] [ 23%] [32mBuilding CXX object CMakeFiles/more_interfaces__rosidl_typesupport_introspection_cpp.dir/rosidl_typesupport_introspection_cpp/more_interfaces/srv/detail/comms__type_support.cpp.o[0m
[23.271s] [ 24%] [32mBuilding CXX object CMakeFiles/more_interfaces__rosidl_typesupport_cpp.dir/rosidl_typesupport_cpp/more_interfaces/srv/arduino1__type_support.cpp.o[0m
[23.565s] [ 25%] [32mBuilding CXX object CMakeFiles/more_interfaces__rosidl_typesupport_fastrtps_cpp.dir/rosidl_typesupport_fastrtps_cpp/more_interfaces/srv/detail/dds_fastrtps/alert__type_support.cpp.o[0m
[25.114s] [ 26%] [32mBuilding CXX object CMakeFiles/more_interfaces__rosidl_typesupport_introspection_cpp.dir/rosidl_typesupport_introspection_cpp/more_interfaces/srv/detail/error__type_support.cpp.o[0m
[25.186s] [ 27%] [32mBuilding CXX object CMakeFiles/more_interfaces__rosidl_typesupport_cpp.dir/rosidl_typesupport_cpp/more_interfaces/srv/comms__type_support.cpp.o[0m
[25.469s] [ 28%] [32mBuilding CXX object CMakeFiles/more_interfaces__rosidl_typesupport_introspection_cpp.dir/rosidl_typesupport_introspection_cpp/more_interfaces/srv/detail/mission__type_support.cpp.o[0m
[26.921s] [ 29%] [32mBuilding CXX object CMakeFiles/more_interfaces__rosidl_typesupport_fastrtps_cpp.dir/rosidl_typesupport_fastrtps_cpp/more_interfaces/srv/detail/dds_fastrtps/arduino1__type_support.cpp.o[0m
[27.004s] [ 30%] [32mBuilding CXX object CMakeFiles/more_interfaces__rosidl_typesupport_cpp.dir/rosidl_typesupport_cpp/more_interfaces/srv/error__type_support.cpp.o[0m
[27.730s] [ 31%] [32mBuilding CXX object CMakeFiles/more_interfaces__rosidl_typesupport_introspection_cpp.dir/rosidl_typesupport_introspection_cpp/more_interfaces/srv/detail/string__type_support.cpp.o[0m
[28.116s] [ 32%] [32mBuilding CXX object CMakeFiles/more_interfaces__rosidl_typesupport_introspection_cpp.dir/rosidl_typesupport_introspection_cpp/more_interfaces/srv/detail/trigger__type_support.cpp.o[0m
[28.802s] [ 33%] [32mBuilding CXX object CMakeFiles/more_interfaces__rosidl_typesupport_cpp.dir/rosidl_typesupport_cpp/more_interfaces/srv/mission__type_support.cpp.o[0m
[29.652s] [ 34%] [32mBuilding CXX object CMakeFiles/more_interfaces__rosidl_typesupport_fastrtps_cpp.dir/rosidl_typesupport_fastrtps_cpp/more_interfaces/srv/detail/dds_fastrtps/comms__type_support.cpp.o[0m
[30.625s] [ 35%] [32mBuilding CXX object CMakeFiles/more_interfaces__rosidl_typesupport_introspection_cpp.dir/rosidl_typesupport_introspection_cpp/more_interfaces/srv/detail/timer__type_support.cpp.o[0m
[30.771s] [ 36%] [32mBuilding CXX object CMakeFiles/more_interfaces__rosidl_typesupport_cpp.dir/rosidl_typesupport_cpp/more_interfaces/srv/string__type_support.cpp.o[0m
[30.934s] [ 37%] [32mBuilding CXX object CMakeFiles/more_interfaces__rosidl_typesupport_cpp.dir/rosidl_typesupport_cpp/more_interfaces/srv/trigger__type_support.cpp.o[0m
[32.440s] [ 38%] [32mBuilding CXX object CMakeFiles/more_interfaces__rosidl_typesupport_fastrtps_cpp.dir/rosidl_typesupport_fastrtps_cpp/more_interfaces/srv/detail/dds_fastrtps/error__type_support.cpp.o[0m
[32.641s] [ 40%] [32mBuilding CXX object CMakeFiles/more_interfaces__rosidl_typesupport_cpp.dir/rosidl_typesupport_cpp/more_interfaces/srv/timer__type_support.cpp.o[0m
[32.851s] [ 41%] [32mBuilding CXX object CMakeFiles/more_interfaces__rosidl_typesupport_fastrtps_cpp.dir/rosidl_typesupport_fastrtps_cpp/more_interfaces/srv/detail/dds_fastrtps/mission__type_support.cpp.o[0m
[33.176s] [ 42%] [32m[1mLinking CXX shared library libmore_interfaces__rosidl_typesupport_introspection_cpp.so[0m
[33.713s] [ 42%] Built target more_interfaces__rosidl_typesupport_introspection_cpp
[33.776s] [ 43%] [34m[1mGenerating C type support for eProsima Fast-RTPS[0m
[34.708s] [ 44%] [32m[1mLinking CXX shared library libmore_interfaces__rosidl_typesupport_cpp.so[0m
[35.105s] [ 44%] Built target more_interfaces__rosidl_typesupport_cpp
[35.183s] [ 45%] [34m[1mGenerating C introspection for ROS interfaces[0m
[35.325s] [ 46%] [32mBuilding CXX object CMakeFiles/more_interfaces__rosidl_typesupport_fastrtps_cpp.dir/rosidl_typesupport_fastrtps_cpp/more_interfaces/srv/detail/dds_fastrtps/string__type_support.cpp.o[0m
[35.932s] [ 47%] [32mBuilding CXX object CMakeFiles/more_interfaces__rosidl_typesupport_fastrtps_cpp.dir/rosidl_typesupport_fastrtps_cpp/more_interfaces/srv/detail/dds_fastrtps/trigger__type_support.cpp.o[0m
[38.019s] [ 48%] [32mBuilding CXX object CMakeFiles/more_interfaces__rosidl_typesupport_fastrtps_cpp.dir/rosidl_typesupport_fastrtps_cpp/more_interfaces/srv/detail/dds_fastrtps/timer__type_support.cpp.o[0m
[38.588s] [ 49%] [34m[1mGenerating C type support dispatch for ROS interfaces[0m
[38.649s] [ 50%] [32mBuilding CXX object CMakeFiles/more_interfaces__rosidl_typesupport_fastrtps_c.dir/rosidl_typesupport_fastrtps_c/more_interfaces/msg/detail/trials1__type_support_c.cpp.o[0m
[40.425s] [ 51%] [32mBuilding C object CMakeFiles/more_interfaces__rosidl_typesupport_introspection_c.dir/rosidl_typesupport_introspection_c/more_interfaces/msg/detail/trials1__type_support.c.o[0m
[40.760s] [ 52%] [32mBuilding C object CMakeFiles/more_interfaces__rosidl_typesupport_introspection_c.dir/rosidl_typesupport_introspection_c/more_interfaces/srv/detail/alert__type_support.c.o[0m
[41.159s] [ 53%] [32mBuilding C object CMakeFiles/more_interfaces__rosidl_typesupport_introspection_c.dir/rosidl_typesupport_introspection_c/more_interfaces/srv/detail/arduino1__type_support.c.o[0m
[41.243s] [ 54%] [32m[1mLinking CXX shared library libmore_interfaces__rosidl_typesupport_fastrtps_cpp.so[0m
[41.432s] [ 55%] [32mBuilding C object CMakeFiles/more_interfaces__rosidl_typesupport_introspection_c.dir/rosidl_typesupport_introspection_c/more_interfaces/srv/detail/comms__type_support.c.o[0m
[41.716s] [ 56%] [32mBuilding C object CMakeFiles/more_interfaces__rosidl_typesupport_introspection_c.dir/rosidl_typesupport_introspection_c/more_interfaces/srv/detail/error__type_support.c.o[0m
[41.721s] [ 57%] [32mBuilding CXX object CMakeFiles/more_interfaces__rosidl_typesupport_fastrtps_c.dir/rosidl_typesupport_fastrtps_c/more_interfaces/srv/detail/alert__type_support_c.cpp.o[0m
[41.737s] [ 57%] Built target more_interfaces__rosidl_typesupport_fastrtps_cpp
[41.785s] [ 58%] [32mBuilding CXX object CMakeFiles/more_interfaces__rosidl_typesupport_fastrtps_c.dir/rosidl_typesupport_fastrtps_c/more_interfaces/srv/detail/arduino1__type_support_c.cpp.o[0m
[41.956s] [ 60%] [32mBuilding C object CMakeFiles/more_interfaces__rosidl_typesupport_introspection_c.dir/rosidl_typesupport_introspection_c/more_interfaces/srv/detail/mission__type_support.c.o[0m
[42.204s] [ 61%] [32mBuilding C object CMakeFiles/more_interfaces__rosidl_typesupport_introspection_c.dir/rosidl_typesupport_introspection_c/more_interfaces/srv/detail/string__type_support.c.o[0m
[42.356s] [ 62%] [32mBuilding CXX object CMakeFiles/more_interfaces__rosidl_typesupport_c.dir/rosidl_typesupport_c/more_interfaces/msg/trials1__type_support.cpp.o[0m
[42.495s] [ 63%] [32mBuilding C object CMakeFiles/more_interfaces__rosidl_typesupport_introspection_c.dir/rosidl_typesupport_introspection_c/more_interfaces/srv/detail/trigger__type_support.c.o[0m
[42.544s] [ 64%] [32mBuilding CXX object CMakeFiles/more_interfaces__rosidl_typesupport_c.dir/rosidl_typesupport_c/more_interfaces/srv/alert__type_support.cpp.o[0m
[42.755s] [ 65%] [32mBuilding CXX object CMakeFiles/more_interfaces__rosidl_typesupport_c.dir/rosidl_typesupport_c/more_interfaces/srv/arduino1__type_support.cpp.o[0m
[42.794s] [ 66%] [32mBuilding C object CMakeFiles/more_interfaces__rosidl_typesupport_introspection_c.dir/rosidl_typesupport_introspection_c/more_interfaces/srv/detail/timer__type_support.c.o[0m
[42.993s] [ 67%] [32mBuilding CXX object CMakeFiles/more_interfaces__rosidl_typesupport_c.dir/rosidl_typesupport_c/more_interfaces/srv/comms__type_support.cpp.o[0m
[43.032s] [ 68%] [32m[1mLinking C shared library libmore_interfaces__rosidl_typesupport_introspection_c.so[0m
[43.210s] [ 69%] [32mBuilding CXX object CMakeFiles/more_interfaces__rosidl_typesupport_c.dir/rosidl_typesupport_c/more_interfaces/srv/error__type_support.cpp.o[0m
[43.257s] [ 69%] Built target more_interfaces__rosidl_typesupport_introspection_c
[43.308s] [ 70%] [32mBuilding CXX object CMakeFiles/more_interfaces__rosidl_typesupport_c.dir/rosidl_typesupport_c/more_interfaces/srv/mission__type_support.cpp.o[0m
[43.464s] [ 71%] [32mBuilding CXX object CMakeFiles/more_interfaces__rosidl_typesupport_c.dir/rosidl_typesupport_c/more_interfaces/srv/string__type_support.cpp.o[0m
[43.530s] [ 72%] [32mBuilding CXX object CMakeFiles/more_interfaces__rosidl_typesupport_c.dir/rosidl_typesupport_c/more_interfaces/srv/trigger__type_support.cpp.o[0m
[43.668s] [ 73%] [32mBuilding CXX object CMakeFiles/more_interfaces__rosidl_typesupport_fastrtps_c.dir/rosidl_typesupport_fastrtps_c/more_interfaces/srv/detail/comms__type_support_c.cpp.o[0m
[43.745s] [ 74%] [32mBuilding CXX object CMakeFiles/more_interfaces__rosidl_typesupport_c.dir/rosidl_typesupport_c/more_interfaces/srv/timer__type_support.cpp.o[0m
[43.932s] [ 75%] [32m[1mLinking CXX shared library libmore_interfaces__rosidl_typesupport_c.so[0m
[44.006s] [ 76%] [32mBuilding CXX object CMakeFiles/more_interfaces__rosidl_typesupport_fastrtps_c.dir/rosidl_typesupport_fastrtps_c/more_interfaces/srv/detail/error__type_support_c.cpp.o[0m
[44.119s] [ 77%] [32mBuilding CXX object CMakeFiles/more_interfaces__rosidl_typesupport_fastrtps_c.dir/rosidl_typesupport_fastrtps_c/more_interfaces/srv/detail/mission__type_support_c.cpp.o[0m
[44.178s] [ 77%] Built target more_interfaces__rosidl_typesupport_c
[44.217s] [ 78%] [32mBuilding CXX object CMakeFiles/more_interfaces__rosidl_typesupport_fastrtps_c.dir/rosidl_typesupport_fastrtps_c/more_interfaces/srv/detail/string__type_support_c.cpp.o[0m
[46.033s] [ 80%] [32mBuilding CXX object CMakeFiles/more_interfaces__rosidl_typesupport_fastrtps_c.dir/rosidl_typesupport_fastrtps_c/more_interfaces/srv/detail/trigger__type_support_c.cpp.o[0m
[46.500s] [ 81%] [32mBuilding CXX object CMakeFiles/more_interfaces__rosidl_typesupport_fastrtps_c.dir/rosidl_typesupport_fastrtps_c/more_interfaces/srv/detail/timer__type_support_c.cpp.o[0m
[48.168s] [ 82%] [32m[1mLinking CXX shared library libmore_interfaces__rosidl_typesupport_fastrtps_c.so[0m
[48.500s] [ 82%] Built target more_interfaces__rosidl_typesupport_fastrtps_c
[48.584s] [ 82%] Built target more_interfaces
[48.673s] [ 83%] [34m[1mGenerating Python code for ROS interfaces[0m
[55.006s] [ 83%] Built target more_interfaces__py
[55.103s] [ 84%] [32mBuilding C object CMakeFiles/more_interfaces__rosidl_generator_py.dir/rosidl_generator_py/more_interfaces/msg/_trials1_s.c.o[0m
[55.109s] [ 85%] [32mBuilding C object CMakeFiles/more_interfaces__rosidl_generator_py.dir/rosidl_generator_py/more_interfaces/srv/_alert_s.c.o[0m
[55.113s] [ 86%] [32mBuilding C object CMakeFiles/more_interfaces__rosidl_generator_py.dir/rosidl_generator_py/more_interfaces/srv/_comms_s.c.o[0m
[55.115s] [ 87%] [32mBuilding C object CMakeFiles/more_interfaces__rosidl_generator_py.dir/rosidl_generator_py/more_interfaces/srv/_arduino1_s.c.o[0m
[55.889s] [ 88%] [32mBuilding C object CMakeFiles/more_interfaces__rosidl_generator_py.dir/rosidl_generator_py/more_interfaces/srv/_error_s.c.o[0m
[55.899s] [ 89%] [32mBuilding C object CMakeFiles/more_interfaces__rosidl_generator_py.dir/rosidl_generator_py/more_interfaces/srv/_mission_s.c.o[0m
[55.936s] [ 90%] [32mBuilding C object CMakeFiles/more_interfaces__rosidl_generator_py.dir/rosidl_generator_py/more_interfaces/srv/_string_s.c.o[0m
[55.945s] [ 91%] [32mBuilding C object CMakeFiles/more_interfaces__rosidl_generator_py.dir/rosidl_generator_py/more_interfaces/srv/_trigger_s.c.o[0m
[56.469s] [ 92%] [32mBuilding C object CMakeFiles/more_interfaces__rosidl_generator_py.dir/rosidl_generator_py/more_interfaces/srv/_timer_s.c.o[0m
[56.950s] [ 93%] [32m[1mLinking C shared library rosidl_generator_py/more_interfaces/libmore_interfaces__rosidl_generator_py.so[0m
[57.157s] [ 93%] Built target more_interfaces__rosidl_generator_py
[57.250s] [ 94%] [32mBuilding C object CMakeFiles/more_interfaces__rosidl_typesupport_fastrtps_c__pyext.dir/rosidl_generator_py/more_interfaces/_more_interfaces_s.ep.rosidl_typesupport_fastrtps_c.c.o[0m
[57.253s] [ 95%] [32mBuilding C object CMakeFiles/more_interfaces__rosidl_typesupport_introspection_c__pyext.dir/rosidl_generator_py/more_interfaces/_more_interfaces_s.ep.rosidl_typesupport_introspection_c.c.o[0m
[57.254s] [ 96%] [32mBuilding C object CMakeFiles/more_interfaces__rosidl_typesupport_c__pyext.dir/rosidl_generator_py/more_interfaces/_more_interfaces_s.ep.rosidl_typesupport_c.c.o[0m
[58.014s] [ 97%] [32m[1mLinking C shared library rosidl_generator_py/more_interfaces/more_interfaces_s__rosidl_typesupport_c.cpython-310-aarch64-linux-gnu.so[0m
[58.047s] [ 98%] [32m[1mLinking C shared library rosidl_generator_py/more_interfaces/more_interfaces_s__rosidl_typesupport_introspection_c.cpython-310-aarch64-linux-gnu.so[0m
[58.062s] [100%] [32m[1mLinking C shared library rosidl_generator_py/more_interfaces/more_interfaces_s__rosidl_typesupport_fastrtps_c.cpython-310-aarch64-linux-gnu.so[0m
[58.215s] [100%] Built target more_interfaces__rosidl_typesupport_c__pyext
[58.247s] [100%] Built target more_interfaces__rosidl_typesupport_introspection_c__pyext
[58.264s] [100%] Built target more_interfaces__rosidl_typesupport_fastrtps_c__pyext
[58.315s] Invoked command in '/home/spiderweb/TestBase/build/more_interfaces' returned '0': CMAKE_PREFIX_PATH=${CMAKE_PREFIX_PATH}:/home/spiderweb/TestBase/install/my_station_pkg:/opt/ros/humble /usr/bin/cmake --build /home/spiderweb/TestBase/build/more_interfaces -- -j4 -l4
[59.894s] Invoking command in '/home/spiderweb/TestBase/build/more_interfaces': CMAKE_PREFIX_PATH=${CMAKE_PREFIX_PATH}:/home/spiderweb/TestBase/install/my_station_pkg:/opt/ros/humble /usr/bin/cmake --install /home/spiderweb/TestBase/build/more_interfaces
[59.923s] -- Install configuration: ""
[59.924s] -- Installing: /home/spiderweb/TestBase/install/more_interfaces/share/ament_index/resource_index/rosidl_interfaces/more_interfaces
[59.925s] -- Installing: /home/spiderweb/TestBase/install/more_interfaces/include/more_interfaces/more_interfaces
[59.926s] -- Installing: /home/spiderweb/TestBase/install/more_interfaces/include/more_interfaces/more_interfaces/srv
[59.926s] -- Installing: /home/spiderweb/TestBase/install/more_interfaces/include/more_interfaces/more_interfaces/srv/timer.h
[59.927s] -- Installing: /home/spiderweb/TestBase/install/more_interfaces/include/more_interfaces/more_interfaces/srv/arduino1.h
[59.928s] -- Installing: /home/spiderweb/TestBase/install/more_interfaces/include/more_interfaces/more_interfaces/srv/detail
[59.929s] -- Installing: /home/spiderweb/TestBase/install/more_interfaces/include/more_interfaces/more_interfaces/srv/detail/comms__type_support.h
[59.930s] -- Installing: /home/spiderweb/TestBase/install/more_interfaces/include/more_interfaces/more_interfaces/srv/detail/trigger__type_support.h
[59.931s] -- Installing: /home/spiderweb/TestBase/install/more_interfaces/include/more_interfaces/more_interfaces/srv/detail/alert__functions.c
[59.932s] -- Installing: /home/spiderweb/TestBase/install/more_interfaces/include/more_interfaces/more_interfaces/srv/detail/arduino1__functions.c
[59.934s] -- Installing: /home/spiderweb/TestBase/install/more_interfaces/include/more_interfaces/more_interfaces/srv/detail/trigger__functions.c
[59.935s] -- Installing: /home/spiderweb/TestBase/install/more_interfaces/include/more_interfaces/more_interfaces/srv/detail/comms__struct.h
[59.936s] -- Installing: /home/spiderweb/TestBase/install/more_interfaces/include/more_interfaces/more_interfaces/srv/detail/trigger__functions.h
[59.937s] -- Installing: /home/spiderweb/TestBase/install/more_interfaces/include/more_interfaces/more_interfaces/srv/detail/trigger__struct.h
[59.938s] -- Installing: /home/spiderweb/TestBase/install/more_interfaces/include/more_interfaces/more_interfaces/srv/detail/arduino1__functions.h
[59.939s] -- Installing: /home/spiderweb/TestBase/install/more_interfaces/include/more_interfaces/more_interfaces/srv/detail/alert__type_support.h
[59.940s] -- Installing: /home/spiderweb/TestBase/install/more_interfaces/include/more_interfaces/more_interfaces/srv/detail/error__type_support.h
[59.941s] -- Installing: /home/spiderweb/TestBase/install/more_interfaces/include/more_interfaces/more_interfaces/srv/detail/mission__functions.h
[59.943s] -- Installing: /home/spiderweb/TestBase/install/more_interfaces/include/more_interfaces/more_interfaces/srv/detail/comms__functions.c
[59.944s] -- Installing: /home/spiderweb/TestBase/install/more_interfaces/include/more_interfaces/more_interfaces/srv/detail/error__functions.h
[59.945s] -- Installing: /home/spiderweb/TestBase/install/more_interfaces/include/more_interfaces/more_interfaces/srv/detail/mission__type_support.h
[59.946s] -- Installing: /home/spiderweb/TestBase/install/more_interfaces/include/more_interfaces/more_interfaces/srv/detail/alert__struct.h
[59.947s] -- Installing: /home/spiderweb/TestBase/install/more_interfaces/include/more_interfaces/more_interfaces/srv/detail/error__struct.h
[59.948s] -- Installing: /home/spiderweb/TestBase/install/more_interfaces/include/more_interfaces/more_interfaces/srv/detail/timer__functions.h
[59.949s] -- Installing: /home/spiderweb/TestBase/install/more_interfaces/include/more_interfaces/more_interfaces/srv/detail/arduino1__struct.h
[59.950s] -- Installing: /home/spiderweb/TestBase/install/more_interfaces/include/more_interfaces/more_interfaces/srv/detail/comms__functions.h
[59.951s] -- Installing: /home/spiderweb/TestBase/install/more_interfaces/include/more_interfaces/more_interfaces/srv/detail/string__struct.h
[59.952s] -- Installing: /home/spiderweb/TestBase/install/more_interfaces/include/more_interfaces/more_interfaces/srv/detail/string__type_support.h
[59.953s] -- Installing: /home/spiderweb/TestBase/install/more_interfaces/include/more_interfaces/more_interfaces/srv/detail/timer__functions.c
[59.954s] -- Installing: /home/spiderweb/TestBase/install/more_interfaces/include/more_interfaces/more_interfaces/srv/detail/timer__struct.h
[59.955s] -- Installing: /home/spiderweb/TestBase/install/more_interfaces/include/more_interfaces/more_interfaces/srv/detail/string__functions.c
[59.957s] -- Installing: /home/spiderweb/TestBase/install/more_interfaces/include/more_interfaces/more_interfaces/srv/detail/alert__functions.h
[59.958s] -- Installing: /home/spiderweb/TestBase/install/more_interfaces/include/more_interfaces/more_interfaces/srv/detail/arduino1__type_support.h
[59.959s] -- Installing: /home/spiderweb/TestBase/install/more_interfaces/include/more_interfaces/more_interfaces/srv/detail/mission__struct.h
[59.960s] -- Installing: /home/spiderweb/TestBase/install/more_interfaces/include/more_interfaces/more_interfaces/srv/detail/error__functions.c
[59.961s] -- Installing: /home/spiderweb/TestBase/install/more_interfaces/include/more_interfaces/more_interfaces/srv/detail/mission__functions.c
[59.962s] -- Installing: /home/spiderweb/TestBase/install/more_interfaces/include/more_interfaces/more_interfaces/srv/detail/string__functions.h
[59.963s] -- Installing: /home/spiderweb/TestBase/install/more_interfaces/include/more_interfaces/more_interfaces/srv/detail/timer__type_support.h
[59.965s] -- Installing: /home/spiderweb/TestBase/install/more_interfaces/include/more_interfaces/more_interfaces/srv/mission.h
[59.966s] -- Installing: /home/spiderweb/TestBase/install/more_interfaces/include/more_interfaces/more_interfaces/srv/alert.h
[59.966s] -- Installing: /home/spiderweb/TestBase/install/more_interfaces/include/more_interfaces/more_interfaces/srv/comms.h
[59.967s] -- Installing: /home/spiderweb/TestBase/install/more_interfaces/include/more_interfaces/more_interfaces/srv/error.h
[59.968s] -- Installing: /home/spiderweb/TestBase/install/more_interfaces/include/more_interfaces/more_interfaces/srv/trigger.h
[59.969s] -- Installing: /home/spiderweb/TestBase/install/more_interfaces/include/more_interfaces/more_interfaces/srv/string.h
[59.970s] -- Installing: /home/spiderweb/TestBase/install/more_interfaces/include/more_interfaces/more_interfaces/msg
[59.971s] -- Installing: /home/spiderweb/TestBase/install/more_interfaces/include/more_interfaces/more_interfaces/msg/rosidl_generator_c__visibility_control.h
[59.972s] -- Installing: /home/spiderweb/TestBase/install/more_interfaces/include/more_interfaces/more_interfaces/msg/detail
[59.973s] -- Installing: /home/spiderweb/TestBase/install/more_interfaces/include/more_interfaces/more_interfaces/msg/detail/trials1__functions.h
[59.974s] -- Installing: /home/spiderweb/TestBase/install/more_interfaces/include/more_interfaces/more_interfaces/msg/detail/trials1__functions.c
[59.975s] -- Installing: /home/spiderweb/TestBase/install/more_interfaces/include/more_interfaces/more_interfaces/msg/detail/trials1__type_support.h
[59.976s] -- Installing: /home/spiderweb/TestBase/install/more_interfaces/include/more_interfaces/more_interfaces/msg/detail/trials1__struct.h
[59.977s] -- Installing: /home/spiderweb/TestBase/install/more_interfaces/include/more_interfaces/more_interfaces/msg/trials1.h
[59.979s] -- Installing: /home/spiderweb/TestBase/install/more_interfaces/share/more_interfaces/environment/library_path.sh
[59.980s] -- Installing: /home/spiderweb/TestBase/install/more_interfaces/share/more_interfaces/environment/library_path.dsv
[59.982s] -- Installing: /home/spiderweb/TestBase/install/more_interfaces/lib/libmore_interfaces__rosidl_generator_c.so
[59.985s] -- Set runtime path of "/home/spiderweb/TestBase/install/more_interfaces/lib/libmore_interfaces__rosidl_generator_c.so" to ""
[59.985s] -- Up-to-date: /home/spiderweb/TestBase/install/more_interfaces/include/more_interfaces/more_interfaces
[59.986s] -- Up-to-date: /home/spiderweb/TestBase/install/more_interfaces/include/more_interfaces/more_interfaces/srv
[59.988s] -- Up-to-date: /home/spiderweb/TestBase/install/more_interfaces/include/more_interfaces/more_interfaces/srv/detail
[59.988s] -- Installing: /home/spiderweb/TestBase/install/more_interfaces/include/more_interfaces/more_interfaces/srv/detail/error__rosidl_typesupport_fastrtps_c.h
[59.989s] -- Installing: /home/spiderweb/TestBase/install/more_interfaces/include/more_interfaces/more_interfaces/srv/detail/arduino1__rosidl_typesupport_fastrtps_c.h
[59.990s] -- Installing: /home/spiderweb/TestBase/install/more_interfaces/include/more_interfaces/more_interfaces/srv/detail/string__rosidl_typesupport_fastrtps_c.h
[59.991s] -- Installing: /home/spiderweb/TestBase/install/more_interfaces/include/more_interfaces/more_interfaces/srv/detail/timer__rosidl_typesupport_fastrtps_c.h
[59.992s] -- Installing: /home/spiderweb/TestBase/install/more_interfaces/include/more_interfaces/more_interfaces/srv/detail/alert__rosidl_typesupport_fastrtps_c.h
[59.993s] -- Installing: /home/spiderweb/TestBase/install/more_interfaces/include/more_interfaces/more_interfaces/srv/detail/trigger__rosidl_typesupport_fastrtps_c.h
[59.995s] -- Installing: /home/spiderweb/TestBase/install/more_interfaces/include/more_interfaces/more_interfaces/srv/detail/mission__rosidl_typesupport_fastrtps_c.h
[59.996s] -- Installing: /home/spiderweb/TestBase/install/more_interfaces/include/more_interfaces/more_interfaces/srv/detail/comms__rosidl_typesupport_fastrtps_c.h
[59.997s] -- Up-to-date: /home/spiderweb/TestBase/install/more_interfaces/include/more_interfaces/more_interfaces/msg
[59.997s] -- Installing: /home/spiderweb/TestBase/install/more_interfaces/include/more_interfaces/more_interfaces/msg/rosidl_typesupport_fastrtps_c__visibility_control.h
[59.999s] -- Up-to-date: /home/spiderweb/TestBase/install/more_interfaces/include/more_interfaces/more_interfaces/msg/detail
[59.999s] -- Installing: /home/spiderweb/TestBase/install/more_interfaces/include/more_interfaces/more_interfaces/msg/detail/trials1__rosidl_typesupport_fastrtps_c.h
[60.001s] -- Installing: /home/spiderweb/TestBase/install/more_interfaces/lib/libmore_interfaces__rosidl_typesupport_fastrtps_c.so
[60.005s] -- Set runtime path of "/home/spiderweb/TestBase/install/more_interfaces/lib/libmore_interfaces__rosidl_typesupport_fastrtps_c.so" to ""
[60.005s] -- Up-to-date: /home/spiderweb/TestBase/install/more_interfaces/include/more_interfaces/more_interfaces
[60.006s] -- Up-to-date: /home/spiderweb/TestBase/install/more_interfaces/include/more_interfaces/more_interfaces/srv
[60.006s] -- Up-to-date: /home/spiderweb/TestBase/install/more_interfaces/include/more_interfaces/more_interfaces/srv/detail
[60.006s] -- Installing: /home/spiderweb/TestBase/install/more_interfaces/include/more_interfaces/more_interfaces/srv/detail/arduino1__type_support.c
[60.007s] -- Installing: /home/spiderweb/TestBase/install/more_interfaces/include/more_interfaces/more_interfaces/srv/detail/timer__rosidl_typesupport_introspection_c.h
[60.009s] -- Installing: /home/spiderweb/TestBase/install/more_interfaces/include/more_interfaces/more_interfaces/srv/detail/trigger__rosidl_typesupport_introspection_c.h
[60.010s] -- Installing: /home/spiderweb/TestBase/install/more_interfaces/include/more_interfaces/more_interfaces/srv/detail/arduino1__rosidl_typesupport_introspection_c.h
[60.011s] -- Installing: /home/spiderweb/TestBase/install/more_interfaces/include/more_interfaces/more_interfaces/srv/detail/mission__type_support.c
[60.012s] -- Installing: /home/spiderweb/TestBase/install/more_interfaces/include/more_interfaces/more_interfaces/srv/detail/error__type_support.c
[60.014s] -- Installing: /home/spiderweb/TestBase/install/more_interfaces/include/more_interfaces/more_interfaces/srv/detail/timer__type_support.c
[60.015s] -- Installing: /home/spiderweb/TestBase/install/more_interfaces/include/more_interfaces/more_interfaces/srv/detail/alert__rosidl_typesupport_introspection_c.h
[60.016s] -- Installing: /home/spiderweb/TestBase/install/more_interfaces/include/more_interfaces/more_interfaces/srv/detail/error__rosidl_typesupport_introspection_c.h
[60.018s] -- Installing: /home/spiderweb/TestBase/install/more_interfaces/include/more_interfaces/more_interfaces/srv/detail/comms__type_support.c
[60.019s] -- Installing: /home/spiderweb/TestBase/install/more_interfaces/include/more_interfaces/more_interfaces/srv/detail/string__rosidl_typesupport_introspection_c.h
[60.021s] -- Installing: /home/spiderweb/TestBase/install/more_interfaces/include/more_interfaces/more_interfaces/srv/detail/mission__rosidl_typesupport_introspection_c.h
[60.022s] -- Installing: /home/spiderweb/TestBase/install/more_interfaces/include/more_interfaces/more_interfaces/srv/detail/string__type_support.c
[60.023s] -- Installing: /home/spiderweb/TestBase/install/more_interfaces/include/more_interfaces/more_interfaces/srv/detail/trigger__type_support.c
[60.024s] -- Installing: /home/spiderweb/TestBase/install/more_interfaces/include/more_interfaces/more_interfaces/srv/detail/comms__rosidl_typesupport_introspection_c.h
[60.026s] -- Installing: /home/spiderweb/TestBase/install/more_interfaces/include/more_interfaces/more_interfaces/srv/detail/alert__type_support.c
[60.027s] -- Up-to-date: /home/spiderweb/TestBase/install/more_interfaces/include/more_interfaces/more_interfaces/msg
[60.027s] -- Up-to-date: /home/spiderweb/TestBase/install/more_interfaces/include/more_interfaces/more_interfaces/msg/detail
[60.028s] -- Installing: /home/spiderweb/TestBase/install/more_interfaces/include/more_interfaces/more_interfaces/msg/detail/trials1__type_support.c
[60.029s] -- Installing: /home/spiderweb/TestBase/install/more_interfaces/include/more_interfaces/more_interfaces/msg/detail/trials1__rosidl_typesupport_introspection_c.h
[60.030s] -- Installing: /home/spiderweb/TestBase/install/more_interfaces/include/more_interfaces/more_interfaces/msg/rosidl_typesupport_introspection_c__visibility_control.h
[60.032s] -- Installing: /home/spiderweb/TestBase/install/more_interfaces/lib/libmore_interfaces__rosidl_typesupport_introspection_c.so
[60.035s] -- Set runtime path of "/home/spiderweb/TestBase/install/more_interfaces/lib/libmore_interfaces__rosidl_typesupport_introspection_c.so" to ""
[60.035s] -- Installing: /home/spiderweb/TestBase/install/more_interfaces/lib/libmore_interfaces__rosidl_typesupport_c.so
[60.038s] -- Set runtime path of "/home/spiderweb/TestBase/install/more_interfaces/lib/libmore_interfaces__rosidl_typesupport_c.so" to ""
[60.038s] -- Up-to-date: /home/spiderweb/TestBase/install/more_interfaces/include/more_interfaces/more_interfaces
[60.039s] -- Up-to-date: /home/spiderweb/TestBase/install/more_interfaces/include/more_interfaces/more_interfaces/srv
[60.039s] -- Installing: /home/spiderweb/TestBase/install/more_interfaces/include/more_interfaces/more_interfaces/srv/arduino1.hpp
[60.040s] -- Installing: /home/spiderweb/TestBase/install/more_interfaces/include/more_interfaces/more_interfaces/srv/alert.hpp
[60.041s] -- Up-to-date: /home/spiderweb/TestBase/install/more_interfaces/include/more_interfaces/more_interfaces/srv/detail
[60.042s] -- Installing: /home/spiderweb/TestBase/install/more_interfaces/include/more_interfaces/more_interfaces/srv/detail/trigger__struct.hpp
[60.043s] -- Installing: /home/spiderweb/TestBase/install/more_interfaces/include/more_interfaces/more_interfaces/srv/detail/error__struct.hpp
[60.044s] -- Installing: /home/spiderweb/TestBase/install/more_interfaces/include/more_interfaces/more_interfaces/srv/detail/alert__struct.hpp
[60.045s] -- Installing: /home/spiderweb/TestBase/install/more_interfaces/include/more_interfaces/more_interfaces/srv/detail/comms__traits.hpp
[60.046s] -- Installing: /home/spiderweb/TestBase/install/more_interfaces/include/more_interfaces/more_interfaces/srv/detail/comms__struct.hpp
[60.047s] -- Installing: /home/spiderweb/TestBase/install/more_interfaces/include/more_interfaces/more_interfaces/srv/detail/string__builder.hpp
[60.048s] -- Installing: /home/spiderweb/TestBase/install/more_interfaces/include/more_interfaces/more_interfaces/srv/detail/arduino1__traits.hpp
[60.050s] -- Installing: /home/spiderweb/TestBase/install/more_interfaces/include/more_interfaces/more_interfaces/srv/detail/arduino1__struct.hpp
[60.051s] -- Installing: /home/spiderweb/TestBase/install/more_interfaces/include/more_interfaces/more_interfaces/srv/detail/arduino1__builder.hpp
[60.052s] -- Installing: /home/spiderweb/TestBase/install/more_interfaces/include/more_interfaces/more_interfaces/srv/detail/timer__builder.hpp
[60.053s] -- Installing: /home/spiderweb/TestBase/install/more_interfaces/include/more_interfaces/more_interfaces/srv/detail/mission__builder.hpp
[60.055s] -- Installing: /home/spiderweb/TestBase/install/more_interfaces/include/more_interfaces/more_interfaces/srv/detail/string__struct.hpp
[60.056s] -- Installing: /home/spiderweb/TestBase/install/more_interfaces/include/more_interfaces/more_interfaces/srv/detail/string__traits.hpp
[60.057s] -- Installing: /home/spiderweb/TestBase/install/more_interfaces/include/more_interfaces/more_interfaces/srv/detail/trigger__traits.hpp
[60.058s] -- Installing: /home/spiderweb/TestBase/install/more_interfaces/include/more_interfaces/more_interfaces/srv/detail/trigger__builder.hpp
[60.060s] -- Installing: /home/spiderweb/TestBase/install/more_interfaces/include/more_interfaces/more_interfaces/srv/detail/alert__traits.hpp
[60.061s] -- Installing: /home/spiderweb/TestBase/install/more_interfaces/include/more_interfaces/more_interfaces/srv/detail/mission__struct.hpp
[60.062s] -- Installing: /home/spiderweb/TestBase/install/more_interfaces/include/more_interfaces/more_interfaces/srv/detail/error__traits.hpp
[60.063s] -- Installing: /home/spiderweb/TestBase/install/more_interfaces/include/more_interfaces/more_interfaces/srv/detail/alert__builder.hpp
[60.064s] -- Installing: /home/spiderweb/TestBase/install/more_interfaces/include/more_interfaces/more_interfaces/srv/detail/error__builder.hpp
[60.065s] -- Installing: /home/spiderweb/TestBase/install/more_interfaces/include/more_interfaces/more_interfaces/srv/detail/timer__struct.hpp
[60.066s] -- Installing: /home/spiderweb/TestBase/install/more_interfaces/include/more_interfaces/more_interfaces/srv/detail/timer__traits.hpp
[60.067s] -- Installing: /home/spiderweb/TestBase/install/more_interfaces/include/more_interfaces/more_interfaces/srv/detail/mission__traits.hpp
[60.069s] -- Installing: /home/spiderweb/TestBase/install/more_interfaces/include/more_interfaces/more_interfaces/srv/detail/comms__builder.hpp
[60.070s] -- Installing: /home/spiderweb/TestBase/install/more_interfaces/include/more_interfaces/more_interfaces/srv/mission.hpp
[60.071s] -- Installing: /home/spiderweb/TestBase/install/more_interfaces/include/more_interfaces/more_interfaces/srv/comms.hpp
[60.072s] -- Installing: /home/spiderweb/TestBase/install/more_interfaces/include/more_interfaces/more_interfaces/srv/trigger.hpp
[60.073s] -- Installing: /home/spiderweb/TestBase/install/more_interfaces/include/more_interfaces/more_interfaces/srv/string.hpp
[60.074s] -- Installing: /home/spiderweb/TestBase/install/more_interfaces/include/more_interfaces/more_interfaces/srv/timer.hpp
[60.075s] -- Installing: /home/spiderweb/TestBase/install/more_interfaces/include/more_interfaces/more_interfaces/srv/error.hpp
[60.075s] -- Up-to-date: /home/spiderweb/TestBase/install/more_interfaces/include/more_interfaces/more_interfaces/msg
[60.076s] -- Up-to-date: /home/spiderweb/TestBase/install/more_interfaces/include/more_interfaces/more_interfaces/msg/detail
[60.076s] -- Installing: /home/spiderweb/TestBase/install/more_interfaces/include/more_interfaces/more_interfaces/msg/detail/trials1__struct.hpp
[60.077s] -- Installing: /home/spiderweb/TestBase/install/more_interfaces/include/more_interfaces/more_interfaces/msg/detail/trials1__traits.hpp
[60.079s] -- Installing: /home/spiderweb/TestBase/install/more_interfaces/include/more_interfaces/more_interfaces/msg/detail/trials1__builder.hpp
[60.080s] -- Installing: /home/spiderweb/TestBase/install/more_interfaces/include/more_interfaces/more_interfaces/msg/trials1.hpp
[60.081s] -- Up-to-date: /home/spiderweb/TestBase/install/more_interfaces/include/more_interfaces/more_interfaces
[60.081s] -- Up-to-date: /home/spiderweb/TestBase/install/more_interfaces/include/more_interfaces/more_interfaces/srv
[60.082s] -- Up-to-date: /home/spiderweb/TestBase/install/more_interfaces/include/more_interfaces/more_interfaces/srv/detail
[60.082s] -- Installing: /home/spiderweb/TestBase/install/more_interfaces/include/more_interfaces/more_interfaces/srv/detail/comms__rosidl_typesupport_fastrtps_cpp.hpp
[60.083s] -- Installing: /home/spiderweb/TestBase/install/more_interfaces/include/more_interfaces/more_interfaces/srv/detail/error__rosidl_typesupport_fastrtps_cpp.hpp
[60.084s] -- Installing: /home/spiderweb/TestBase/install/more_interfaces/include/more_interfaces/more_interfaces/srv/detail/trigger__rosidl_typesupport_fastrtps_cpp.hpp
[60.086s] -- Installing: /home/spiderweb/TestBase/install/more_interfaces/include/more_interfaces/more_interfaces/srv/detail/mission__rosidl_typesupport_fastrtps_cpp.hpp
[60.087s] -- Installing: /home/spiderweb/TestBase/install/more_interfaces/include/more_interfaces/more_interfaces/srv/detail/dds_fastrtps
[60.088s] -- Installing: /home/spiderweb/TestBase/install/more_interfaces/include/more_interfaces/more_interfaces/srv/detail/arduino1__rosidl_typesupport_fastrtps_cpp.hpp
[60.090s] -- Installing: /home/spiderweb/TestBase/install/more_interfaces/include/more_interfaces/more_interfaces/srv/detail/string__rosidl_typesupport_fastrtps_cpp.hpp
[60.091s] -- Installing: /home/spiderweb/TestBase/install/more_interfaces/include/more_interfaces/more_interfaces/srv/detail/timer__rosidl_typesupport_fastrtps_cpp.hpp
[60.093s] -- Installing: /home/spiderweb/TestBase/install/more_interfaces/include/more_interfaces/more_interfaces/srv/detail/alert__rosidl_typesupport_fastrtps_cpp.hpp
[60.094s] -- Up-to-date: /home/spiderweb/TestBase/install/more_interfaces/include/more_interfaces/more_interfaces/msg
[60.094s] -- Installing: /home/spiderweb/TestBase/install/more_interfaces/include/more_interfaces/more_interfaces/msg/rosidl_typesupport_fastrtps_cpp__visibility_control.h
[60.095s] -- Up-to-date: /home/spiderweb/TestBase/install/more_interfaces/include/more_interfaces/more_interfaces/msg/detail
[60.096s] -- Installing: /home/spiderweb/TestBase/install/more_interfaces/include/more_interfaces/more_interfaces/msg/detail/dds_fastrtps
[60.096s] -- Installing: /home/spiderweb/TestBase/install/more_interfaces/include/more_interfaces/more_interfaces/msg/detail/trials1__rosidl_typesupport_fastrtps_cpp.hpp
[60.098s] -- Installing: /home/spiderweb/TestBase/install/more_interfaces/lib/libmore_interfaces__rosidl_typesupport_fastrtps_cpp.so
[60.102s] -- Set runtime path of "/home/spiderweb/TestBase/install/more_interfaces/lib/libmore_interfaces__rosidl_typesupport_fastrtps_cpp.so" to ""
[60.103s] -- Up-to-date: /home/spiderweb/TestBase/install/more_interfaces/include/more_interfaces/more_interfaces
[60.103s] -- Up-to-date: /home/spiderweb/TestBase/install/more_interfaces/include/more_interfaces/more_interfaces/srv
[60.103s] -- Up-to-date: /home/spiderweb/TestBase/install/more_interfaces/include/more_interfaces/more_interfaces/srv/detail
[60.104s] -- Installing: /home/spiderweb/TestBase/install/more_interfaces/include/more_interfaces/more_interfaces/srv/detail/arduino1__rosidl_typesupport_introspection_cpp.hpp
[60.105s] -- Installing: /home/spiderweb/TestBase/install/more_interfaces/include/more_interfaces/more_interfaces/srv/detail/alert__type_support.cpp
[60.106s] -- Installing: /home/spiderweb/TestBase/install/more_interfaces/include/more_interfaces/more_interfaces/srv/detail/arduino1__type_support.cpp
[60.107s] -- Installing: /home/spiderweb/TestBase/install/more_interfaces/include/more_interfaces/more_interfaces/srv/detail/comms__rosidl_typesupport_introspection_cpp.hpp
[60.108s] -- Installing: /home/spiderweb/TestBase/install/more_interfaces/include/more_interfaces/more_interfaces/srv/detail/timer__rosidl_typesupport_introspection_cpp.hpp
[60.110s] -- Installing: /home/spiderweb/TestBase/install/more_interfaces/include/more_interfaces/more_interfaces/srv/detail/mission__rosidl_typesupport_introspection_cpp.hpp
[60.111s] -- Installing: /home/spiderweb/TestBase/install/more_interfaces/include/more_interfaces/more_interfaces/srv/detail/mission__type_support.cpp
[60.112s] -- Installing: /home/spiderweb/TestBase/install/more_interfaces/include/more_interfaces/more_interfaces/srv/detail/error__rosidl_typesupport_introspection_cpp.hpp
[60.113s] -- Installing: /home/spiderweb/TestBase/install/more_interfaces/include/more_interfaces/more_interfaces/srv/detail/error__type_support.cpp
[60.114s] -- Installing: /home/spiderweb/TestBase/install/more_interfaces/include/more_interfaces/more_interfaces/srv/detail/string__rosidl_typesupport_introspection_cpp.hpp
[60.116s] -- Installing: /home/spiderweb/TestBase/install/more_interfaces/include/more_interfaces/more_interfaces/srv/detail/timer__type_support.cpp
[60.117s] -- Installing: /home/spiderweb/TestBase/install/more_interfaces/include/more_interfaces/more_interfaces/srv/detail/string__type_support.cpp
[60.118s] -- Installing: /home/spiderweb/TestBase/install/more_interfaces/include/more_interfaces/more_interfaces/srv/detail/comms__type_support.cpp
[60.119s] -- Installing: /home/spiderweb/TestBase/install/more_interfaces/include/more_interfaces/more_interfaces/srv/detail/trigger__rosidl_typesupport_introspection_cpp.hpp
[60.121s] -- Installing: /home/spiderweb/TestBase/install/more_interfaces/include/more_interfaces/more_interfaces/srv/detail/trigger__type_support.cpp
[60.122s] -- Installing: /home/spiderweb/TestBase/install/more_interfaces/include/more_interfaces/more_interfaces/srv/detail/alert__rosidl_typesupport_introspection_cpp.hpp
[60.123s] -- Up-to-date: /home/spiderweb/TestBase/install/more_interfaces/include/more_interfaces/more_interfaces/msg
[60.123s] -- Up-to-date: /home/spiderweb/TestBase/install/more_interfaces/include/more_interfaces/more_interfaces/msg/detail
[60.124s] -- Installing: /home/spiderweb/TestBase/install/more_interfaces/include/more_interfaces/more_interfaces/msg/detail/trials1__type_support.cpp
[60.125s] -- Installing: /home/spiderweb/TestBase/install/more_interfaces/include/more_interfaces/more_interfaces/msg/detail/trials1__rosidl_typesupport_introspection_cpp.hpp
[60.127s] -- Installing: /home/spiderweb/TestBase/install/more_interfaces/lib/libmore_interfaces__rosidl_typesupport_introspection_cpp.so
[60.130s] -- Set runtime path of "/home/spiderweb/TestBase/install/more_interfaces/lib/libmore_interfaces__rosidl_typesupport_introspection_cpp.so" to ""
[60.131s] -- Installing: /home/spiderweb/TestBase/install/more_interfaces/lib/libmore_interfaces__rosidl_typesupport_cpp.so
[60.134s] -- Set runtime path of "/home/spiderweb/TestBase/install/more_interfaces/lib/libmore_interfaces__rosidl_typesupport_cpp.so" to ""
[60.134s] -- Installing: /home/spiderweb/TestBase/install/more_interfaces/share/more_interfaces/environment/pythonpath.sh
[60.135s] -- Installing: /home/spiderweb/TestBase/install/more_interfaces/share/more_interfaces/environment/pythonpath.dsv
[60.137s] -- Installing: /home/spiderweb/TestBase/install/more_interfaces/local/lib/python3.10/dist-packages/more_interfaces-0.0.0-py3.10.egg-info
[60.138s] -- Installing: /home/spiderweb/TestBase/install/more_interfaces/local/lib/python3.10/dist-packages/more_interfaces-0.0.0-py3.10.egg-info/top_level.txt
[60.139s] -- Installing: /home/spiderweb/TestBase/install/more_interfaces/local/lib/python3.10/dist-packages/more_interfaces-0.0.0-py3.10.egg-info/dependency_links.txt
[60.140s] -- Installing: /home/spiderweb/TestBase/install/more_interfaces/local/lib/python3.10/dist-packages/more_interfaces-0.0.0-py3.10.egg-info/PKG-INFO
[60.141s] -- Installing: /home/spiderweb/TestBase/install/more_interfaces/local/lib/python3.10/dist-packages/more_interfaces-0.0.0-py3.10.egg-info/SOURCES.txt
[60.142s] -- Installing: /home/spiderweb/TestBase/install/more_interfaces/local/lib/python3.10/dist-packages/more_interfaces
[60.143s] -- Installing: /home/spiderweb/TestBase/install/more_interfaces/local/lib/python3.10/dist-packages/more_interfaces/more_interfaces_s__rosidl_typesupport_fastrtps_c.cpython-310-aarch64-linux-gnu.so
[60.145s] -- Installing: /home/spiderweb/TestBase/install/more_interfaces/local/lib/python3.10/dist-packages/more_interfaces/srv
[60.145s] -- Installing: /home/spiderweb/TestBase/install/more_interfaces/local/lib/python3.10/dist-packages/more_interfaces/srv/_string_s.c
[60.147s] -- Installing: /home/spiderweb/TestBase/install/more_interfaces/local/lib/python3.10/dist-packages/more_interfaces/srv/_timer_s.c
[60.148s] -- Installing: /home/spiderweb/TestBase/install/more_interfaces/local/lib/python3.10/dist-packages/more_interfaces/srv/_string.py
[60.149s] -- Installing: /home/spiderweb/TestBase/install/more_interfaces/local/lib/python3.10/dist-packages/more_interfaces/srv/_alert.py
[60.150s] -- Installing: /home/spiderweb/TestBase/install/more_interfaces/local/lib/python3.10/dist-packages/more_interfaces/srv/_comms_s.c
[60.151s] -- Installing: /home/spiderweb/TestBase/install/more_interfaces/local/lib/python3.10/dist-packages/more_interfaces/srv/_arduino1_s.c
[60.152s] -- Installing: /home/spiderweb/TestBase/install/more_interfaces/local/lib/python3.10/dist-packages/more_interfaces/srv/_trigger_s.c
[60.153s] -- Installing: /home/spiderweb/TestBase/install/more_interfaces/local/lib/python3.10/dist-packages/more_interfaces/srv/_error.py
[60.154s] -- Installing: /home/spiderweb/TestBase/install/more_interfaces/local/lib/python3.10/dist-packages/more_interfaces/srv/_mission_s.c
[60.155s] -- Installing: /home/spiderweb/TestBase/install/more_interfaces/local/lib/python3.10/dist-packages/more_interfaces/srv/_arduino1.py
[60.157s] -- Installing: /home/spiderweb/TestBase/install/more_interfaces/local/lib/python3.10/dist-packages/more_interfaces/srv/_mission.py
[60.158s] -- Installing: /home/spiderweb/TestBase/install/more_interfaces/local/lib/python3.10/dist-packages/more_interfaces/srv/_error_s.c
[60.159s] -- Installing: /home/spiderweb/TestBase/install/more_interfaces/local/lib/python3.10/dist-packages/more_interfaces/srv/_alert_s.c
[60.160s] -- Installing: /home/spiderweb/TestBase/install/more_interfaces/local/lib/python3.10/dist-packages/more_interfaces/srv/_comms.py
[60.161s] -- Installing: /home/spiderweb/TestBase/install/more_interfaces/local/lib/python3.10/dist-packages/more_interfaces/srv/__init__.py
[60.162s] -- Installing: /home/spiderweb/TestBase/install/more_interfaces/local/lib/python3.10/dist-packages/more_interfaces/srv/_trigger.py
[60.163s] -- Installing: /home/spiderweb/TestBase/install/more_interfaces/local/lib/python3.10/dist-packages/more_interfaces/srv/_timer.py
[60.164s] -- Installing: /home/spiderweb/TestBase/install/more_interfaces/local/lib/python3.10/dist-packages/more_interfaces/_more_interfaces_s.ep.rosidl_typesupport_c.c
[60.167s] -- Installing: /home/spiderweb/TestBase/install/more_interfaces/local/lib/python3.10/dist-packages/more_interfaces/msg
[60.168s] -- Installing: /home/spiderweb/TestBase/install/more_interfaces/local/lib/python3.10/dist-packages/more_interfaces/msg/_trials1.py
[60.169s] -- Installing: /home/spiderweb/TestBase/install/more_interfaces/local/lib/python3.10/dist-packages/more_interfaces/msg/__init__.py
[60.170s] -- Installing: /home/spiderweb/TestBase/install/more_interfaces/local/lib/python3.10/dist-packages/more_interfaces/msg/_trials1_s.c
[60.171s] -- Installing: /home/spiderweb/TestBase/install/more_interfaces/local/lib/python3.10/dist-packages/more_interfaces/more_interfaces_s__rosidl_typesupport_introspection_c.cpython-310-aarch64-linux-gnu.so
[60.173s] -- Installing: /home/spiderweb/TestBase/install/more_interfaces/local/lib/python3.10/dist-packages/more_interfaces/more_interfaces_s__rosidl_typesupport_c.cpython-310-aarch64-linux-gnu.so
[60.175s] -- Installing: /home/spiderweb/TestBase/install/more_interfaces/local/lib/python3.10/dist-packages/more_interfaces/_more_interfaces_s.ep.rosidl_typesupport_introspection_c.c
[60.177s] -- Installing: /home/spiderweb/TestBase/install/more_interfaces/local/lib/python3.10/dist-packages/more_interfaces/__init__.py
[60.178s] -- Installing: /home/spiderweb/TestBase/install/more_interfaces/local/lib/python3.10/dist-packages/more_interfaces/libmore_interfaces__rosidl_generator_py.so
[60.180s] -- Installing: /home/spiderweb/TestBase/install/more_interfaces/local/lib/python3.10/dist-packages/more_interfaces/_more_interfaces_s.ep.rosidl_typesupport_fastrtps_c.c
[60.402s] Listing '/home/spiderweb/TestBase/install/more_interfaces/local/lib/python3.10/dist-packages/more_interfaces'...
[60.403s] Compiling '/home/spiderweb/TestBase/install/more_interfaces/local/lib/python3.10/dist-packages/more_interfaces/__init__.py'...
[60.404s] Listing '/home/spiderweb/TestBase/install/more_interfaces/local/lib/python3.10/dist-packages/more_interfaces/msg'...
[60.405s] Compiling '/home/spiderweb/TestBase/install/more_interfaces/local/lib/python3.10/dist-packages/more_interfaces/msg/__init__.py'...
[60.406s] Compiling '/home/spiderweb/TestBase/install/more_interfaces/local/lib/python3.10/dist-packages/more_interfaces/msg/_trials1.py'...
[60.407s] Listing '/home/spiderweb/TestBase/install/more_interfaces/local/lib/python3.10/dist-packages/more_interfaces/srv'...
[60.408s] Compiling '/home/spiderweb/TestBase/install/more_interfaces/local/lib/python3.10/dist-packages/more_interfaces/srv/__init__.py'...
[60.409s] Compiling '/home/spiderweb/TestBase/install/more_interfaces/local/lib/python3.10/dist-packages/more_interfaces/srv/_alert.py'...
[60.410s] Compiling '/home/spiderweb/TestBase/install/more_interfaces/local/lib/python3.10/dist-packages/more_interfaces/srv/_arduino1.py'...
[60.411s] Compiling '/home/spiderweb/TestBase/install/more_interfaces/local/lib/python3.10/dist-packages/more_interfaces/srv/_comms.py'...
[60.412s] Compiling '/home/spiderweb/TestBase/install/more_interfaces/local/lib/python3.10/dist-packages/more_interfaces/srv/_error.py'...
[60.413s] Compiling '/home/spiderweb/TestBase/install/more_interfaces/local/lib/python3.10/dist-packages/more_interfaces/srv/_mission.py'...
[60.414s] Compiling '/home/spiderweb/TestBase/install/more_interfaces/local/lib/python3.10/dist-packages/more_interfaces/srv/_string.py'...
[60.414s] Compiling '/home/spiderweb/TestBase/install/more_interfaces/local/lib/python3.10/dist-packages/more_interfaces/srv/_timer.py'...
[60.415s] Compiling '/home/spiderweb/TestBase/install/more_interfaces/local/lib/python3.10/dist-packages/more_interfaces/srv/_trigger.py'...
[60.429s] -- Installing: /home/spiderweb/TestBase/install/more_interfaces/local/lib/python3.10/dist-packages/more_interfaces/more_interfaces_s__rosidl_typesupport_fastrtps_c.cpython-310-aarch64-linux-gnu.so
[60.432s] -- Set runtime path of "/home/spiderweb/TestBase/install/more_interfaces/local/lib/python3.10/dist-packages/more_interfaces/more_interfaces_s__rosidl_typesupport_fastrtps_c.cpython-310-aarch64-linux-gnu.so" to ""
[60.434s] -- Installing: /home/spiderweb/TestBase/install/more_interfaces/local/lib/python3.10/dist-packages/more_interfaces/more_interfaces_s__rosidl_typesupport_introspection_c.cpython-310-aarch64-linux-gnu.so
[60.438s] -- Set runtime path of "/home/spiderweb/TestBase/install/more_interfaces/local/lib/python3.10/dist-packages/more_interfaces/more_interfaces_s__rosidl_typesupport_introspection_c.cpython-310-aarch64-linux-gnu.so" to ""
[60.440s] -- Installing: /home/spiderweb/TestBase/install/more_interfaces/local/lib/python3.10/dist-packages/more_interfaces/more_interfaces_s__rosidl_typesupport_c.cpython-310-aarch64-linux-gnu.so
[60.445s] -- Set runtime path of "/home/spiderweb/TestBase/install/more_interfaces/local/lib/python3.10/dist-packages/more_interfaces/more_interfaces_s__rosidl_typesupport_c.cpython-310-aarch64-linux-gnu.so" to ""
[60.445s] -- Installing: /home/spiderweb/TestBase/install/more_interfaces/lib/libmore_interfaces__rosidl_generator_py.so
[60.448s] -- Set runtime path of "/home/spiderweb/TestBase/install/more_interfaces/lib/libmore_interfaces__rosidl_generator_py.so" to ""
[60.449s] -- Installing: /home/spiderweb/TestBase/install/more_interfaces/share/more_interfaces/msg/Trials1.idl
[60.450s] -- Installing: /home/spiderweb/TestBase/install/more_interfaces/share/more_interfaces/srv/Alert.idl
[60.451s] -- Installing: /home/spiderweb/TestBase/install/more_interfaces/share/more_interfaces/srv/Arduino1.idl
[60.452s] -- Installing: /home/spiderweb/TestBase/install/more_interfaces/share/more_interfaces/srv/Comms.idl
[60.454s] -- Installing: /home/spiderweb/TestBase/install/more_interfaces/share/more_interfaces/srv/Error.idl
[60.455s] -- Installing: /home/spiderweb/TestBase/install/more_interfaces/share/more_interfaces/srv/Mission.idl
[60.456s] -- Installing: /home/spiderweb/TestBase/install/more_interfaces/share/more_interfaces/srv/String.idl
[60.457s] -- Installing: /home/spiderweb/TestBase/install/more_interfaces/share/more_interfaces/srv/Trigger.idl
[60.458s] -- Installing: /home/spiderweb/TestBase/install/more_interfaces/share/more_interfaces/srv/Timer.idl
[60.459s] -- Installing: /home/spiderweb/TestBase/install/more_interfaces/share/more_interfaces/msg/Trials1.msg
[60.460s] -- Installing: /home/spiderweb/TestBase/install/more_interfaces/share/more_interfaces/srv/Alert.srv
[60.462s] -- Installing: /home/spiderweb/TestBase/install/more_interfaces/share/more_interfaces/srv/Alert_Request.msg
[60.463s] -- Installing: /home/spiderweb/TestBase/install/more_interfaces/share/more_interfaces/srv/Alert_Response.msg
[60.464s] -- Installing: /home/spiderweb/TestBase/install/more_interfaces/share/more_interfaces/srv/Arduino1.srv
[60.465s] -- Installing: /home/spiderweb/TestBase/install/more_interfaces/share/more_interfaces/srv/Arduino1_Request.msg
[60.466s] -- Installing: /home/spiderweb/TestBase/install/more_interfaces/share/more_interfaces/srv/Arduino1_Response.msg
[60.467s] -- Installing: /home/spiderweb/TestBase/install/more_interfaces/share/more_interfaces/srv/Comms.srv
[60.468s] -- Installing: /home/spiderweb/TestBase/install/more_interfaces/share/more_interfaces/srv/Comms_Request.msg
[60.469s] -- Installing: /home/spiderweb/TestBase/install/more_interfaces/share/more_interfaces/srv/Comms_Response.msg
[60.470s] -- Installing: /home/spiderweb/TestBase/install/more_interfaces/share/more_interfaces/srv/Error.srv
[60.471s] -- Installing: /home/spiderweb/TestBase/install/more_interfaces/share/more_interfaces/srv/Error_Request.msg
[60.473s] -- Installing: /home/spiderweb/TestBase/install/more_interfaces/share/more_interfaces/srv/Error_Response.msg
[60.474s] -- Installing: /home/spiderweb/TestBase/install/more_interfaces/share/more_interfaces/srv/Mission.srv
[60.475s] -- Installing: /home/spiderweb/TestBase/install/more_interfaces/share/more_interfaces/srv/Mission_Request.msg
[60.476s] -- Installing: /home/spiderweb/TestBase/install/more_interfaces/share/more_interfaces/srv/Mission_Response.msg
[60.477s] -- Installing: /home/spiderweb/TestBase/install/more_interfaces/share/more_interfaces/srv/String.srv
[60.478s] -- Installing: /home/spiderweb/TestBase/install/more_interfaces/share/more_interfaces/srv/String_Request.msg
[60.480s] -- Installing: /home/spiderweb/TestBase/install/more_interfaces/share/more_interfaces/srv/String_Response.msg
[60.481s] -- Installing: /home/spiderweb/TestBase/install/more_interfaces/share/more_interfaces/srv/Trigger.srv
[60.482s] -- Installing: /home/spiderweb/TestBase/install/more_interfaces/share/more_interfaces/srv/Trigger_Request.msg
[60.483s] -- Installing: /home/spiderweb/TestBase/install/more_interfaces/share/more_interfaces/srv/Trigger_Response.msg
[60.484s] -- Installing: /home/spiderweb/TestBase/install/more_interfaces/share/more_interfaces/srv/Timer.srv
[60.485s] -- Installing: /home/spiderweb/TestBase/install/more_interfaces/share/more_interfaces/srv/Timer_Request.msg
[60.486s] -- Installing: /home/spiderweb/TestBase/install/more_interfaces/share/more_interfaces/srv/Timer_Response.msg
[60.488s] -- Installing: /home/spiderweb/TestBase/install/more_interfaces/share/ament_index/resource_index/package_run_dependencies/more_interfaces
[60.490s] -- Installing: /home/spiderweb/TestBase/install/more_interfaces/share/ament_index/resource_index/parent_prefix_path/more_interfaces
[60.491s] -- Installing: /home/spiderweb/TestBase/install/more_interfaces/share/more_interfaces/environment/ament_prefix_path.sh
[60.493s] -- Installing: /home/spiderweb/TestBase/install/more_interfaces/share/more_interfaces/environment/ament_prefix_path.dsv
[60.494s] -- Installing: /home/spiderweb/TestBase/install/more_interfaces/share/more_interfaces/environment/path.sh
[60.495s] -- Installing: /home/spiderweb/TestBase/install/more_interfaces/share/more_interfaces/environment/path.dsv
[60.497s] -- Installing: /home/spiderweb/TestBase/install/more_interfaces/share/more_interfaces/local_setup.bash
[60.498s] -- Installing: /home/spiderweb/TestBase/install/more_interfaces/share/more_interfaces/local_setup.sh
[60.499s] -- Installing: /home/spiderweb/TestBase/install/more_interfaces/share/more_interfaces/local_setup.zsh
[60.501s] -- Installing: /home/spiderweb/TestBase/install/more_interfaces/share/more_interfaces/local_setup.dsv
[60.502s] -- Installing: /home/spiderweb/TestBase/install/more_interfaces/share/more_interfaces/package.dsv
[60.503s] -- Installing: /home/spiderweb/TestBase/install/more_interfaces/share/ament_index/resource_index/packages/more_interfaces
[60.505s] -- Installing: /home/spiderweb/TestBase/install/more_interfaces/share/more_interfaces/cmake/export_more_interfaces__rosidl_generator_cExport.cmake
[60.506s] -- Installing: /home/spiderweb/TestBase/install/more_interfaces/share/more_interfaces/cmake/export_more_interfaces__rosidl_generator_cExport-noconfig.cmake
[60.508s] -- Installing: /home/spiderweb/TestBase/install/more_interfaces/share/more_interfaces/cmake/export_more_interfaces__rosidl_typesupport_fastrtps_cExport.cmake
[60.509s] -- Installing: /home/spiderweb/TestBase/install/more_interfaces/share/more_interfaces/cmake/export_more_interfaces__rosidl_typesupport_fastrtps_cExport-noconfig.cmake
[60.511s] -- Installing: /home/spiderweb/TestBase/install/more_interfaces/share/more_interfaces/cmake/more_interfaces__rosidl_typesupport_introspection_cExport.cmake
[60.512s] -- Installing: /home/spiderweb/TestBase/install/more_interfaces/share/more_interfaces/cmake/more_interfaces__rosidl_typesupport_introspection_cExport-noconfig.cmake
[60.514s] -- Installing: /home/spiderweb/TestBase/install/more_interfaces/share/more_interfaces/cmake/more_interfaces__rosidl_typesupport_cExport.cmake
[60.516s] -- Installing: /home/spiderweb/TestBase/install/more_interfaces/share/more_interfaces/cmake/more_interfaces__rosidl_typesupport_cExport-noconfig.cmake
[60.517s] -- Installing: /home/spiderweb/TestBase/install/more_interfaces/share/more_interfaces/cmake/export_more_interfaces__rosidl_generator_cppExport.cmake
[60.519s] -- Installing: /home/spiderweb/TestBase/install/more_interfaces/share/more_interfaces/cmake/export_more_interfaces__rosidl_typesupport_fastrtps_cppExport.cmake
[60.520s] -- Installing: /home/spiderweb/TestBase/install/more_interfaces/share/more_interfaces/cmake/export_more_interfaces__rosidl_typesupport_fastrtps_cppExport-noconfig.cmake
[60.522s] -- Installing: /home/spiderweb/TestBase/install/more_interfaces/share/more_interfaces/cmake/more_interfaces__rosidl_typesupport_introspection_cppExport.cmake
[60.523s] -- Installing: /home/spiderweb/TestBase/install/more_interfaces/share/more_interfaces/cmake/more_interfaces__rosidl_typesupport_introspection_cppExport-noconfig.cmake
[60.525s] -- Installing: /home/spiderweb/TestBase/install/more_interfaces/share/more_interfaces/cmake/more_interfaces__rosidl_typesupport_cppExport.cmake
[60.526s] -- Installing: /home/spiderweb/TestBase/install/more_interfaces/share/more_interfaces/cmake/more_interfaces__rosidl_typesupport_cppExport-noconfig.cmake
[60.528s] -- Installing: /home/spiderweb/TestBase/install/more_interfaces/share/more_interfaces/cmake/export_more_interfaces__rosidl_generator_pyExport.cmake
[60.530s] -- Installing: /home/spiderweb/TestBase/install/more_interfaces/share/more_interfaces/cmake/export_more_interfaces__rosidl_generator_pyExport-noconfig.cmake
[60.534s] -- Installing: /home/spiderweb/TestBase/install/more_interfaces/share/more_interfaces/cmake/rosidl_cmake-extras.cmake
[60.535s] -- Installing: /home/spiderweb/TestBase/install/more_interfaces/share/more_interfaces/cmake/ament_cmake_export_include_directories-extras.cmake
[60.535s] -- Installing: /home/spiderweb/TestBase/install/more_interfaces/share/more_interfaces/cmake/ament_cmake_export_libraries-extras.cmake
[60.537s] -- Installing: /home/spiderweb/TestBase/install/more_interfaces/share/more_interfaces/cmake/ament_cmake_export_targets-extras.cmake
[60.538s] -- Installing: /home/spiderweb/TestBase/install/more_interfaces/share/more_interfaces/cmake/rosidl_cmake_export_typesupport_targets-extras.cmake
[60.540s] -- Installing: /home/spiderweb/TestBase/install/more_interfaces/share/more_interfaces/cmake/ament_cmake_export_dependencies-extras.cmake
[60.541s] -- Installing: /home/spiderweb/TestBase/install/more_interfaces/share/more_interfaces/cmake/rosidl_cmake_export_typesupport_libraries-extras.cmake
[60.544s] -- Installing: /home/spiderweb/TestBase/install/more_interfaces/share/more_interfaces/cmake/more_interfacesConfig.cmake
[60.546s] -- Installing: /home/spiderweb/TestBase/install/more_interfaces/share/more_interfaces/cmake/more_interfacesConfig-version.cmake
[60.546s] -- Installing: /home/spiderweb/TestBase/install/more_interfaces/share/more_interfaces/package.xml
[60.556s] Invoked command in '/home/spiderweb/TestBase/build/more_interfaces' returned '0': CMAKE_PREFIX_PATH=${CMAKE_PREFIX_PATH}:/home/spiderweb/TestBase/install/my_station_pkg:/opt/ros/humble /usr/bin/cmake --install /home/spiderweb/TestBase/build/more_interfaces
