[1.549s] DEBUG:colcon:Command line arguments: ['/usr/bin/colcon', 'build']
[1.550s] DEBUG:colcon:Parsed command line arguments: Namespace(log_base=None, log_level=None, verb_name='build', build_base='build', install_base='install', merge_install=False, symlink_install=False, test_result_base=None, continue_on_error=False, executor='parallel', parallel_workers=4, event_handlers=None, ignore_user_meta=False, metas=['./colcon.meta'], base_paths=['.'], packages_ignore=None, packages_ignore_regex=None, paths=None, packages_up_to=None, packages_up_to_regex=None, packages_above=None, packages_above_and_dependencies=None, packages_above_depth=None, packages_select_by_dep=None, packages_skip_by_dep=None, packages_skip_up_to=None, packages_select_build_failed=False, packages_skip_build_finished=False, packages_select_test_failures=False, packages_skip_test_passed=False, packages_select=None, packages_skip=None, packages_select_regex=None, packages_skip_regex=None, packages_start=None, packages_end=None, allow_overriding=[], cmake_args=None, cmake_target=None, cmake_target_skip_unavailable=False, cmake_clean_cache=False, cmake_clean_first=False, cmake_force_configure=False, ament_cmake_args=None, catkin_cmake_args=None, catkin_skip_building_tests=False, verb_parser=<colcon_defaults.argument_parser.defaults.DefaultArgumentsDecorator object at 0xffff9fafbc10>, verb_extension=<colcon_core.verb.build.BuildVerb object at 0xffff9fafb6a0>, main=<bound method BuildVerb.main of <colcon_core.verb.build.BuildVerb object at 0xffff9fafb6a0>>)
[1.681s] Level 1:colcon.colcon_core.package_discovery:discover_packages(colcon_meta) check parameters
[1.681s] Level 1:colcon.colcon_core.package_discovery:discover_packages(recursive) check parameters
[1.681s] Level 1:colcon.colcon_core.package_discovery:discover_packages(ignore) check parameters
[1.682s] Level 1:colcon.colcon_core.package_discovery:discover_packages(path) check parameters
[1.682s] Level 1:colcon.colcon_core.package_discovery:discover_packages(colcon_meta) discover
[1.682s] Level 1:colcon.colcon_core.package_discovery:discover_packages(recursive) discover
[1.682s] INFO:colcon.colcon_core.package_discovery:Crawling recursively for packages in '/home/spiderweb/TestBase'
[1.683s] Level 1:colcon.colcon_core.package_identification:_identify(.) by extensions ['ignore', 'ignore_ament_install']
[1.683s] Level 1:colcon.colcon_core.package_identification:_identify(.) by extension 'ignore'
[1.683s] Level 1:colcon.colcon_core.package_identification:_identify(.) by extension 'ignore_ament_install'
[1.684s] Level 1:colcon.colcon_core.package_identification:_identify(.) by extensions ['colcon_pkg']
[1.684s] Level 1:colcon.colcon_core.package_identification:_identify(.) by extension 'colcon_pkg'
[1.684s] Level 1:colcon.colcon_core.package_identification:_identify(.) by extensions ['colcon_meta']
[1.684s] Level 1:colcon.colcon_core.package_identification:_identify(.) by extension 'colcon_meta'
[1.684s] Level 1:colcon.colcon_core.package_identification:_identify(.) by extensions ['ros']
[1.684s] Level 1:colcon.colcon_core.package_identification:_identify(.) by extension 'ros'
[1.730s] Level 1:colcon.colcon_core.package_identification:_identify(.) by extensions ['cmake', 'python']
[1.731s] Level 1:colcon.colcon_core.package_identification:_identify(.) by extension 'cmake'
[1.731s] Level 1:colcon.colcon_core.package_identification:_identify(.) by extension 'python'
[1.731s] Level 1:colcon.colcon_core.package_identification:_identify(.) by extensions ['python_setup_py']
[1.731s] Level 1:colcon.colcon_core.package_identification:_identify(.) by extension 'python_setup_py'
[1.732s] Level 1:colcon.colcon_core.package_identification:_identify(build) by extensions ['ignore', 'ignore_ament_install']
[1.732s] Level 1:colcon.colcon_core.package_identification:_identify(build) by extension 'ignore'
[1.732s] Level 1:colcon.colcon_core.package_identification:_identify(build) ignored
[1.733s] Level 1:colcon.colcon_core.package_identification:_identify(install) by extensions ['ignore', 'ignore_ament_install']
[1.733s] Level 1:colcon.colcon_core.package_identification:_identify(install) by extension 'ignore'
[1.734s] Level 1:colcon.colcon_core.package_identification:_identify(install) ignored
[1.735s] Level 1:colcon.colcon_core.package_identification:_identify(log) by extensions ['ignore', 'ignore_ament_install']
[1.735s] Level 1:colcon.colcon_core.package_identification:_identify(log) by extension 'ignore'
[1.735s] Level 1:colcon.colcon_core.package_identification:_identify(log) ignored
[1.736s] Level 1:colcon.colcon_core.package_identification:_identify(src) by extensions ['ignore', 'ignore_ament_install']
[1.736s] Level 1:colcon.colcon_core.package_identification:_identify(src) by extension 'ignore'
[1.736s] Level 1:colcon.colcon_core.package_identification:_identify(src) by extension 'ignore_ament_install'
[1.737s] Level 1:colcon.colcon_core.package_identification:_identify(src) by extensions ['colcon_pkg']
[1.737s] Level 1:colcon.colcon_core.package_identification:_identify(src) by extension 'colcon_pkg'
[1.737s] Level 1:colcon.colcon_core.package_identification:_identify(src) by extensions ['colcon_meta']
[1.737s] Level 1:colcon.colcon_core.package_identification:_identify(src) by extension 'colcon_meta'
[1.737s] Level 1:colcon.colcon_core.package_identification:_identify(src) by extensions ['ros']
[1.737s] Level 1:colcon.colcon_core.package_identification:_identify(src) by extension 'ros'
[1.738s] Level 1:colcon.colcon_core.package_identification:_identify(src) by extensions ['cmake', 'python']
[1.738s] Level 1:colcon.colcon_core.package_identification:_identify(src) by extension 'cmake'
[1.738s] Level 1:colcon.colcon_core.package_identification:_identify(src) by extension 'python'
[1.738s] Level 1:colcon.colcon_core.package_identification:_identify(src) by extensions ['python_setup_py']
[1.738s] Level 1:colcon.colcon_core.package_identification:_identify(src) by extension 'python_setup_py'
[1.739s] Level 1:colcon.colcon_core.package_identification:_identify(src/more_interfaces) by extensions ['ignore', 'ignore_ament_install']
[1.739s] Level 1:colcon.colcon_core.package_identification:_identify(src/more_interfaces) by extension 'ignore'
[1.739s] Level 1:colcon.colcon_core.package_identification:_identify(src/more_interfaces) by extension 'ignore_ament_install'
[1.740s] Level 1:colcon.colcon_core.package_identification:_identify(src/more_interfaces) by extensions ['colcon_pkg']
[1.740s] Level 1:colcon.colcon_core.package_identification:_identify(src/more_interfaces) by extension 'colcon_pkg'
[1.740s] Level 1:colcon.colcon_core.package_identification:_identify(src/more_interfaces) by extensions ['colcon_meta']
[1.740s] Level 1:colcon.colcon_core.package_identification:_identify(src/more_interfaces) by extension 'colcon_meta'
[1.740s] Level 1:colcon.colcon_core.package_identification:_identify(src/more_interfaces) by extensions ['ros']
[1.741s] Level 1:colcon.colcon_core.package_identification:_identify(src/more_interfaces) by extension 'ros'
[1.749s] DEBUG:colcon.colcon_core.package_identification:Package 'src/more_interfaces' with type 'ros.ament_cmake' and name 'more_interfaces'
[1.750s] Level 1:colcon.colcon_core.package_identification:_identify(src/my_drone_bringup) by extensions ['ignore', 'ignore_ament_install']
[1.750s] Level 1:colcon.colcon_core.package_identification:_identify(src/my_drone_bringup) by extension 'ignore'
[1.750s] Level 1:colcon.colcon_core.package_identification:_identify(src/my_drone_bringup) by extension 'ignore_ament_install'
[1.751s] Level 1:colcon.colcon_core.package_identification:_identify(src/my_drone_bringup) by extensions ['colcon_pkg']
[1.751s] Level 1:colcon.colcon_core.package_identification:_identify(src/my_drone_bringup) by extension 'colcon_pkg'
[1.751s] Level 1:colcon.colcon_core.package_identification:_identify(src/my_drone_bringup) by extensions ['colcon_meta']
[1.751s] Level 1:colcon.colcon_core.package_identification:_identify(src/my_drone_bringup) by extension 'colcon_meta'
[1.751s] Level 1:colcon.colcon_core.package_identification:_identify(src/my_drone_bringup) by extensions ['ros']
[1.751s] Level 1:colcon.colcon_core.package_identification:_identify(src/my_drone_bringup) by extension 'ros'
[1.753s] DEBUG:colcon.colcon_core.package_identification:Package 'src/my_drone_bringup' with type 'ros.ament_cmake' and name 'my_drone_bringup'
[1.754s] Level 1:colcon.colcon_core.package_identification:_identify(src/my_station_pkg) by extensions ['ignore', 'ignore_ament_install']
[1.754s] Level 1:colcon.colcon_core.package_identification:_identify(src/my_station_pkg) by extension 'ignore'
[1.755s] Level 1:colcon.colcon_core.package_identification:_identify(src/my_station_pkg) by extension 'ignore_ament_install'
[1.755s] Level 1:colcon.colcon_core.package_identification:_identify(src/my_station_pkg) by extensions ['colcon_pkg']
[1.755s] Level 1:colcon.colcon_core.package_identification:_identify(src/my_station_pkg) by extension 'colcon_pkg'
[1.755s] Level 1:colcon.colcon_core.package_identification:_identify(src/my_station_pkg) by extensions ['colcon_meta']
[1.755s] Level 1:colcon.colcon_core.package_identification:_identify(src/my_station_pkg) by extension 'colcon_meta'
[1.756s] Level 1:colcon.colcon_core.package_identification:_identify(src/my_station_pkg) by extensions ['ros']
[1.756s] Level 1:colcon.colcon_core.package_identification:_identify(src/my_station_pkg) by extension 'ros'
[1.759s] DEBUG:colcon.colcon_core.package_identification:Package 'src/my_station_pkg' with type 'ros.ament_python' and name 'my_station_pkg'
[1.759s] Level 1:colcon.colcon_core.package_discovery:discover_packages(recursive) using defaults
[1.759s] Level 1:colcon.colcon_core.package_discovery:discover_packages(ignore) discover
[1.759s] Level 1:colcon.colcon_core.package_discovery:discover_packages(ignore) using defaults
[1.759s] Level 1:colcon.colcon_core.package_discovery:discover_packages(path) discover
[1.759s] Level 1:colcon.colcon_core.package_discovery:discover_packages(path) using defaults
[1.854s] Level 1:colcon.colcon_core.package_discovery:discover_packages(prefix_path) check parameters
[1.854s] Level 1:colcon.colcon_core.package_discovery:discover_packages(prefix_path) discover
[1.867s] DEBUG:colcon.colcon_installed_package_information.package_discovery:Found 3 installed packages in /home/spiderweb/TestBase/install
[1.877s] DEBUG:colcon.colcon_installed_package_information.package_discovery:Found 270 installed packages in /opt/ros/humble
[1.884s] Level 1:colcon.colcon_core.package_discovery:discover_packages(prefix_path) using defaults
[2.142s] Level 5:colcon.colcon_core.verb:set package 'more_interfaces' build argument 'cmake_args' from command line to 'None'
[2.142s] Level 5:colcon.colcon_core.verb:set package 'more_interfaces' build argument 'cmake_target' from command line to 'None'
[2.142s] Level 5:colcon.colcon_core.verb:set package 'more_interfaces' build argument 'cmake_target_skip_unavailable' from command line to 'False'
[2.142s] Level 5:colcon.colcon_core.verb:set package 'more_interfaces' build argument 'cmake_clean_cache' from command line to 'False'
[2.142s] Level 5:colcon.colcon_core.verb:set package 'more_interfaces' build argument 'cmake_clean_first' from command line to 'False'
[2.142s] Level 5:colcon.colcon_core.verb:set package 'more_interfaces' build argument 'cmake_force_configure' from command line to 'False'
[2.143s] Level 5:colcon.colcon_core.verb:set package 'more_interfaces' build argument 'ament_cmake_args' from command line to 'None'
[2.143s] Level 5:colcon.colcon_core.verb:set package 'more_interfaces' build argument 'catkin_cmake_args' from command line to 'None'
[2.143s] Level 5:colcon.colcon_core.verb:set package 'more_interfaces' build argument 'catkin_skip_building_tests' from command line to 'False'
[2.143s] DEBUG:colcon.colcon_core.verb:Building package 'more_interfaces' with the following arguments: {'ament_cmake_args': None, 'build_base': '/home/spiderweb/TestBase/build/more_interfaces', 'catkin_cmake_args': None, 'catkin_skip_building_tests': False, 'cmake_args': None, 'cmake_clean_cache': False, 'cmake_clean_first': False, 'cmake_force_configure': False, 'cmake_target': None, 'cmake_target_skip_unavailable': False, 'install_base': '/home/spiderweb/TestBase/install/more_interfaces', 'merge_install': False, 'path': '/home/spiderweb/TestBase/src/more_interfaces', 'symlink_install': False, 'test_result_base': None}
[2.149s] Level 5:colcon.colcon_core.verb:set package 'my_station_pkg' build argument 'cmake_args' from command line to 'None'
[2.149s] Level 5:colcon.colcon_core.verb:set package 'my_station_pkg' build argument 'cmake_target' from command line to 'None'
[2.149s] Level 5:colcon.colcon_core.verb:set package 'my_station_pkg' build argument 'cmake_target_skip_unavailable' from command line to 'False'
[2.149s] Level 5:colcon.colcon_core.verb:set package 'my_station_pkg' build argument 'cmake_clean_cache' from command line to 'False'
[2.149s] Level 5:colcon.colcon_core.verb:set package 'my_station_pkg' build argument 'cmake_clean_first' from command line to 'False'
[2.150s] Level 5:colcon.colcon_core.verb:set package 'my_station_pkg' build argument 'cmake_force_configure' from command line to 'False'
[2.150s] Level 5:colcon.colcon_core.verb:set package 'my_station_pkg' build argument 'ament_cmake_args' from command line to 'None'
[2.150s] Level 5:colcon.colcon_core.verb:set package 'my_station_pkg' build argument 'catkin_cmake_args' from command line to 'None'
[2.150s] Level 5:colcon.colcon_core.verb:set package 'my_station_pkg' build argument 'catkin_skip_building_tests' from command line to 'False'
[2.150s] DEBUG:colcon.colcon_core.verb:Building package 'my_station_pkg' with the following arguments: {'ament_cmake_args': None, 'build_base': '/home/spiderweb/TestBase/build/my_station_pkg', 'catkin_cmake_args': None, 'catkin_skip_building_tests': False, 'cmake_args': None, 'cmake_clean_cache': False, 'cmake_clean_first': False, 'cmake_force_configure': False, 'cmake_target': None, 'cmake_target_skip_unavailable': False, 'install_base': '/home/spiderweb/TestBase/install/my_station_pkg', 'merge_install': False, 'path': '/home/spiderweb/TestBase/src/my_station_pkg', 'symlink_install': False, 'test_result_base': None}
[2.154s] Level 5:colcon.colcon_core.verb:set package 'my_drone_bringup' build argument 'cmake_args' from command line to 'None'
[2.155s] Level 5:colcon.colcon_core.verb:set package 'my_drone_bringup' build argument 'cmake_target' from command line to 'None'
[2.155s] Level 5:colcon.colcon_core.verb:set package 'my_drone_bringup' build argument 'cmake_target_skip_unavailable' from command line to 'False'
[2.155s] Level 5:colcon.colcon_core.verb:set package 'my_drone_bringup' build argument 'cmake_clean_cache' from command line to 'False'
[2.155s] Level 5:colcon.colcon_core.verb:set package 'my_drone_bringup' build argument 'cmake_clean_first' from command line to 'False'
[2.155s] Level 5:colcon.colcon_core.verb:set package 'my_drone_bringup' build argument 'cmake_force_configure' from command line to 'False'
[2.155s] Level 5:colcon.colcon_core.verb:set package 'my_drone_bringup' build argument 'ament_cmake_args' from command line to 'None'
[2.155s] Level 5:colcon.colcon_core.verb:set package 'my_drone_bringup' build argument 'catkin_cmake_args' from command line to 'None'
[2.155s] Level 5:colcon.colcon_core.verb:set package 'my_drone_bringup' build argument 'catkin_skip_building_tests' from command line to 'False'
[2.156s] DEBUG:colcon.colcon_core.verb:Building package 'my_drone_bringup' with the following arguments: {'ament_cmake_args': None, 'build_base': '/home/spiderweb/TestBase/build/my_drone_bringup', 'catkin_cmake_args': None, 'catkin_skip_building_tests': False, 'cmake_args': None, 'cmake_clean_cache': False, 'cmake_clean_first': False, 'cmake_force_configure': False, 'cmake_target': None, 'cmake_target_skip_unavailable': False, 'install_base': '/home/spiderweb/TestBase/install/my_drone_bringup', 'merge_install': False, 'path': '/home/spiderweb/TestBase/src/my_drone_bringup', 'symlink_install': False, 'test_result_base': None}
[2.159s] INFO:colcon.colcon_core.executor:Executing jobs using 'parallel' executor
[2.173s] DEBUG:colcon.colcon_parallel_executor.executor.parallel:run_until_complete
[2.174s] INFO:colcon.colcon_ros.task.ament_cmake.build:Building ROS package in '/home/spiderweb/TestBase/src/more_interfaces' with build type 'ament_cmake'
[2.175s] INFO:colcon.colcon_cmake.task.cmake.build:Building CMake package in '/home/spiderweb/TestBase/src/more_interfaces'
[2.194s] INFO:colcon.colcon_core.plugin_system:Skipping extension 'colcon_core.shell.bat': Not used on non-Windows systems
[2.196s] INFO:colcon.colcon_core.shell:Skip shell extension 'powershell' for command environment: Not usable outside of PowerShell
[2.196s] DEBUG:colcon.colcon_core.shell:Skip shell extension 'dsv' for command environment
[2.249s] DEBUG:colcon.colcon_core.event_handler.log_command:Invoking command in '/home/spiderweb/TestBase/build/more_interfaces': CMAKE_PREFIX_PATH=${CMAKE_PREFIX_PATH}:/home/spiderweb/TestBase/install/my_station_pkg:/opt/ros/humble /usr/bin/cmake --build /home/spiderweb/TestBase/build/more_interfaces -- -j4 -l4
[4.172s] DEBUG:colcon.colcon_core.event_handler.log_command:Invoked command in '/home/spiderweb/TestBase/build/more_interfaces' returned '0': CMAKE_PREFIX_PATH=${CMAKE_PREFIX_PATH}:/home/spiderweb/TestBase/install/my_station_pkg:/opt/ros/humble /usr/bin/cmake --build /home/spiderweb/TestBase/build/more_interfaces -- -j4 -l4
[5.713s] DEBUG:colcon.colcon_core.event_handler.log_command:Invoking command in '/home/spiderweb/TestBase/build/more_interfaces': CMAKE_PREFIX_PATH=${CMAKE_PREFIX_PATH}:/home/spiderweb/TestBase/install/my_station_pkg:/opt/ros/humble /usr/bin/cmake --install /home/spiderweb/TestBase/build/more_interfaces
[6.064s] Level 1:colcon.colcon_core.environment:create_environment_scripts_only(more_interfaces)
[6.074s] DEBUG:colcon.colcon_core.event_handler.log_command:Invoked command in '/home/spiderweb/TestBase/build/more_interfaces' returned '0': CMAKE_PREFIX_PATH=${CMAKE_PREFIX_PATH}:/home/spiderweb/TestBase/install/my_station_pkg:/opt/ros/humble /usr/bin/cmake --install /home/spiderweb/TestBase/build/more_interfaces
[6.089s] Level 1:colcon.colcon_core.environment:checking '/home/spiderweb/TestBase/install/more_interfaces' for CMake module files
[6.093s] Level 1:colcon.colcon_core.environment:checking '/home/spiderweb/TestBase/install/more_interfaces' for CMake config files
[6.097s] Level 1:colcon.colcon_core.shell:create_environment_hook('more_interfaces', 'cmake_prefix_path')
[6.101s] INFO:colcon.colcon_core.shell:Creating environment hook '/home/spiderweb/TestBase/install/more_interfaces/share/more_interfaces/hook/cmake_prefix_path.ps1'
[6.105s] INFO:colcon.colcon_core.shell:Creating environment descriptor '/home/spiderweb/TestBase/install/more_interfaces/share/more_interfaces/hook/cmake_prefix_path.dsv'
[6.107s] INFO:colcon.colcon_core.shell:Creating environment hook '/home/spiderweb/TestBase/install/more_interfaces/share/more_interfaces/hook/cmake_prefix_path.sh'
[6.112s] Level 1:colcon.colcon_core.environment:checking '/home/spiderweb/TestBase/install/more_interfaces/lib'
[6.113s] Level 1:colcon.colcon_core.shell:create_environment_hook('more_interfaces', 'ld_library_path_lib')
[6.119s] INFO:colcon.colcon_core.shell:Creating environment hook '/home/spiderweb/TestBase/install/more_interfaces/share/more_interfaces/hook/ld_library_path_lib.ps1'
[6.121s] INFO:colcon.colcon_core.shell:Creating environment descriptor '/home/spiderweb/TestBase/install/more_interfaces/share/more_interfaces/hook/ld_library_path_lib.dsv'
[6.123s] INFO:colcon.colcon_core.shell:Creating environment hook '/home/spiderweb/TestBase/install/more_interfaces/share/more_interfaces/hook/ld_library_path_lib.sh'
[6.126s] Level 1:colcon.colcon_core.environment:checking '/home/spiderweb/TestBase/install/more_interfaces/bin'
[6.126s] Level 1:colcon.colcon_core.environment:checking '/home/spiderweb/TestBase/install/more_interfaces/lib/pkgconfig/more_interfaces.pc'
[6.128s] Level 1:colcon.colcon_core.environment:checking '/home/spiderweb/TestBase/install/more_interfaces/lib/python3.10/site-packages'
[6.129s] Level 1:colcon.colcon_core.environment:checking '/home/spiderweb/TestBase/install/more_interfaces/bin'
[6.135s] INFO:colcon.colcon_core.shell:Creating package script '/home/spiderweb/TestBase/install/more_interfaces/share/more_interfaces/package.ps1'
[6.139s] INFO:colcon.colcon_core.shell:Creating package descriptor '/home/spiderweb/TestBase/install/more_interfaces/share/more_interfaces/package.dsv'
[6.141s] INFO:colcon.colcon_core.shell:Creating package script '/home/spiderweb/TestBase/install/more_interfaces/share/more_interfaces/package.sh'
[6.145s] INFO:colcon.colcon_core.shell:Creating package script '/home/spiderweb/TestBase/install/more_interfaces/share/more_interfaces/package.bash'
[6.148s] INFO:colcon.colcon_core.shell:Creating package script '/home/spiderweb/TestBase/install/more_interfaces/share/more_interfaces/package.zsh'
[6.152s] Level 1:colcon.colcon_core.environment:create_file_with_runtime_dependencies(/home/spiderweb/TestBase/install/more_interfaces/share/colcon-core/packages/more_interfaces)
[7.676s] Level 1:colcon.colcon_core.environment:create_environment_scripts_only(more_interfaces)
[7.686s] Level 1:colcon.colcon_core.environment:checking '/home/spiderweb/TestBase/install/more_interfaces' for CMake module files
[7.690s] Level 1:colcon.colcon_core.environment:checking '/home/spiderweb/TestBase/install/more_interfaces' for CMake config files
[7.694s] Level 1:colcon.colcon_core.shell:create_environment_hook('more_interfaces', 'cmake_prefix_path')
[7.698s] INFO:colcon.colcon_core.shell:Creating environment hook '/home/spiderweb/TestBase/install/more_interfaces/share/more_interfaces/hook/cmake_prefix_path.ps1'
[7.700s] INFO:colcon.colcon_core.shell:Creating environment descriptor '/home/spiderweb/TestBase/install/more_interfaces/share/more_interfaces/hook/cmake_prefix_path.dsv'
[7.702s] INFO:colcon.colcon_core.shell:Creating environment hook '/home/spiderweb/TestBase/install/more_interfaces/share/more_interfaces/hook/cmake_prefix_path.sh'
[7.705s] Level 1:colcon.colcon_core.environment:checking '/home/spiderweb/TestBase/install/more_interfaces/lib'
[7.705s] Level 1:colcon.colcon_core.shell:create_environment_hook('more_interfaces', 'ld_library_path_lib')
[7.710s] INFO:colcon.colcon_core.shell:Creating environment hook '/home/spiderweb/TestBase/install/more_interfaces/share/more_interfaces/hook/ld_library_path_lib.ps1'
[7.712s] INFO:colcon.colcon_core.shell:Creating environment descriptor '/home/spiderweb/TestBase/install/more_interfaces/share/more_interfaces/hook/ld_library_path_lib.dsv'
[7.714s] INFO:colcon.colcon_core.shell:Creating environment hook '/home/spiderweb/TestBase/install/more_interfaces/share/more_interfaces/hook/ld_library_path_lib.sh'
[7.716s] Level 1:colcon.colcon_core.environment:checking '/home/spiderweb/TestBase/install/more_interfaces/bin'
[7.717s] Level 1:colcon.colcon_core.environment:checking '/home/spiderweb/TestBase/install/more_interfaces/lib/pkgconfig/more_interfaces.pc'
[7.718s] Level 1:colcon.colcon_core.environment:checking '/home/spiderweb/TestBase/install/more_interfaces/lib/python3.10/site-packages'
[7.719s] Level 1:colcon.colcon_core.environment:checking '/home/spiderweb/TestBase/install/more_interfaces/bin'
[7.725s] INFO:colcon.colcon_core.shell:Creating package script '/home/spiderweb/TestBase/install/more_interfaces/share/more_interfaces/package.ps1'
[7.727s] INFO:colcon.colcon_core.shell:Creating package descriptor '/home/spiderweb/TestBase/install/more_interfaces/share/more_interfaces/package.dsv'
[7.730s] INFO:colcon.colcon_core.shell:Creating package script '/home/spiderweb/TestBase/install/more_interfaces/share/more_interfaces/package.sh'
[7.732s] INFO:colcon.colcon_core.shell:Creating package script '/home/spiderweb/TestBase/install/more_interfaces/share/more_interfaces/package.bash'
[7.734s] INFO:colcon.colcon_core.shell:Creating package script '/home/spiderweb/TestBase/install/more_interfaces/share/more_interfaces/package.zsh'
[7.736s] Level 1:colcon.colcon_core.environment:create_file_with_runtime_dependencies(/home/spiderweb/TestBase/install/more_interfaces/share/colcon-core/packages/more_interfaces)
[7.738s] INFO:colcon.colcon_ros.task.ament_python.build:Building ROS package in '/home/spiderweb/TestBase/src/my_station_pkg' with build type 'ament_python'
[7.738s] Level 1:colcon.colcon_core.shell:create_environment_hook('my_station_pkg', 'ament_prefix_path')
[7.744s] INFO:colcon.colcon_core.shell:Creating environment hook '/home/spiderweb/TestBase/install/my_station_pkg/share/my_station_pkg/hook/ament_prefix_path.ps1'
[7.748s] INFO:colcon.colcon_core.shell:Creating environment descriptor '/home/spiderweb/TestBase/install/my_station_pkg/share/my_station_pkg/hook/ament_prefix_path.dsv'
[7.750s] INFO:colcon.colcon_core.shell:Creating environment hook '/home/spiderweb/TestBase/install/my_station_pkg/share/my_station_pkg/hook/ament_prefix_path.sh'
[7.757s] INFO:colcon.colcon_core.shell:Skip shell extension 'powershell' for command environment: Not usable outside of PowerShell
[7.757s] DEBUG:colcon.colcon_core.shell:Skip shell extension 'dsv' for command environment
[9.065s] INFO:colcon.colcon_core.task.python.build:Building Python package in '/home/spiderweb/TestBase/src/my_station_pkg'
[9.070s] INFO:colcon.colcon_core.shell:Skip shell extension 'powershell' for command environment: Not usable outside of PowerShell
[9.071s] DEBUG:colcon.colcon_core.shell:Skip shell extension 'dsv' for command environment
[10.889s] DEBUG:colcon.colcon_core.event_handler.log_command:Invoking command in '/home/spiderweb/TestBase/src/my_station_pkg': CMAKE_PREFIX_PATH=/home/spiderweb/TestBase/install/more_interfaces:/home/spiderweb/TestBase/install/my_drone_bringup PYTHONPATH=/home/spiderweb/TestBase/build/my_station_pkg/prefix_override:/home/spiderweb/TestBase/install/my_station_pkg/lib/python3.10/site-packages:${PYTHONPATH} /usr/bin/python3 setup.py egg_info --egg-base ../../build/my_station_pkg build --build-base /home/spiderweb/TestBase/build/my_station_pkg/build install --record /home/spiderweb/TestBase/build/my_station_pkg/install.log --single-version-externally-managed
[12.369s] Level 1:colcon.colcon_core.environment:checking '/home/spiderweb/TestBase/install/my_station_pkg' for CMake module files
[12.371s] DEBUG:colcon.colcon_core.event_handler.log_command:Invoked command in '/home/spiderweb/TestBase/src/my_station_pkg' returned '0': CMAKE_PREFIX_PATH=/home/spiderweb/TestBase/install/more_interfaces:/home/spiderweb/TestBase/install/my_drone_bringup PYTHONPATH=/home/spiderweb/TestBase/build/my_station_pkg/prefix_override:/home/spiderweb/TestBase/install/my_station_pkg/lib/python3.10/site-packages:${PYTHONPATH} /usr/bin/python3 setup.py egg_info --egg-base ../../build/my_station_pkg build --build-base /home/spiderweb/TestBase/build/my_station_pkg/build install --record /home/spiderweb/TestBase/build/my_station_pkg/install.log --single-version-externally-managed
[12.373s] Level 1:colcon.colcon_core.environment:checking '/home/spiderweb/TestBase/install/my_station_pkg' for CMake config files
[12.378s] Level 1:colcon.colcon_core.environment:checking '/home/spiderweb/TestBase/install/my_station_pkg/lib'
[12.378s] Level 1:colcon.colcon_core.environment:checking '/home/spiderweb/TestBase/install/my_station_pkg/bin'
[12.379s] Level 1:colcon.colcon_core.environment:checking '/home/spiderweb/TestBase/install/my_station_pkg/lib/pkgconfig/my_station_pkg.pc'
[12.380s] Level 1:colcon.colcon_core.environment:checking '/home/spiderweb/TestBase/install/my_station_pkg/lib/python3.10/site-packages'
[12.381s] Level 1:colcon.colcon_core.shell:create_environment_hook('my_station_pkg', 'pythonpath')
[12.387s] INFO:colcon.colcon_core.shell:Creating environment hook '/home/spiderweb/TestBase/install/my_station_pkg/share/my_station_pkg/hook/pythonpath.ps1'
[12.390s] INFO:colcon.colcon_core.shell:Creating environment descriptor '/home/spiderweb/TestBase/install/my_station_pkg/share/my_station_pkg/hook/pythonpath.dsv'
[12.392s] INFO:colcon.colcon_core.shell:Creating environment hook '/home/spiderweb/TestBase/install/my_station_pkg/share/my_station_pkg/hook/pythonpath.sh'
[12.394s] Level 1:colcon.colcon_core.environment:checking '/home/spiderweb/TestBase/install/my_station_pkg/bin'
[12.395s] Level 1:colcon.colcon_core.environment:create_environment_scripts_only(my_station_pkg)
[12.400s] INFO:colcon.colcon_core.shell:Creating package script '/home/spiderweb/TestBase/install/my_station_pkg/share/my_station_pkg/package.ps1'
[12.403s] INFO:colcon.colcon_core.shell:Creating package descriptor '/home/spiderweb/TestBase/install/my_station_pkg/share/my_station_pkg/package.dsv'
[12.405s] INFO:colcon.colcon_core.shell:Creating package script '/home/spiderweb/TestBase/install/my_station_pkg/share/my_station_pkg/package.sh'
[12.407s] INFO:colcon.colcon_core.shell:Creating package script '/home/spiderweb/TestBase/install/my_station_pkg/share/my_station_pkg/package.bash'
[12.409s] INFO:colcon.colcon_core.shell:Creating package script '/home/spiderweb/TestBase/install/my_station_pkg/share/my_station_pkg/package.zsh'
[12.410s] Level 1:colcon.colcon_core.environment:create_file_with_runtime_dependencies(/home/spiderweb/TestBase/install/my_station_pkg/share/colcon-core/packages/my_station_pkg)
[12.412s] INFO:colcon.colcon_ros.task.ament_cmake.build:Building ROS package in '/home/spiderweb/TestBase/src/my_drone_bringup' with build type 'ament_cmake'
[12.413s] INFO:colcon.colcon_cmake.task.cmake.build:Building CMake package in '/home/spiderweb/TestBase/src/my_drone_bringup'
[12.418s] INFO:colcon.colcon_core.shell:Skip shell extension 'powershell' for command environment: Not usable outside of PowerShell
[12.419s] DEBUG:colcon.colcon_core.shell:Skip shell extension 'dsv' for command environment
[12.481s] DEBUG:colcon.colcon_core.event_handler.log_command:Invoking command in '/home/spiderweb/TestBase/build/my_drone_bringup': AMENT_PREFIX_PATH=/home/spiderweb/TestBase/install/my_station_pkg:/home/spiderweb/TestBase/install/my_drone_bringup:/home/spiderweb/TestBase/install/more_interfaces:/opt/ros/humble CMAKE_PREFIX_PATH=/home/spiderweb/TestBase/install/more_interfaces:/home/spiderweb/TestBase/install/my_drone_bringup:/home/spiderweb/TestBase/install/my_station_pkg:/opt/ros/humble /usr/bin/cmake --build /home/spiderweb/TestBase/build/my_drone_bringup -- -j4 -l4
[12.625s] DEBUG:colcon.colcon_core.event_handler.log_command:Invoked command in '/home/spiderweb/TestBase/build/my_drone_bringup' returned '0': AMENT_PREFIX_PATH=/home/spiderweb/TestBase/install/my_station_pkg:/home/spiderweb/TestBase/install/my_drone_bringup:/home/spiderweb/TestBase/install/more_interfaces:/opt/ros/humble CMAKE_PREFIX_PATH=/home/spiderweb/TestBase/install/more_interfaces:/home/spiderweb/TestBase/install/my_drone_bringup:/home/spiderweb/TestBase/install/my_station_pkg:/opt/ros/humble /usr/bin/cmake --build /home/spiderweb/TestBase/build/my_drone_bringup -- -j4 -l4
[12.751s] DEBUG:colcon.colcon_core.event_handler.log_command:Invoking command in '/home/spiderweb/TestBase/build/my_drone_bringup': AMENT_PREFIX_PATH=/home/spiderweb/TestBase/install/my_station_pkg:/home/spiderweb/TestBase/install/my_drone_bringup:/home/spiderweb/TestBase/install/more_interfaces:/opt/ros/humble CMAKE_PREFIX_PATH=/home/spiderweb/TestBase/install/more_interfaces:/home/spiderweb/TestBase/install/my_drone_bringup:/home/spiderweb/TestBase/install/my_station_pkg:/opt/ros/humble /usr/bin/cmake --install /home/spiderweb/TestBase/build/my_drone_bringup
[12.791s] Level 1:colcon.colcon_core.environment:create_environment_scripts_only(my_drone_bringup)
[12.800s] Level 1:colcon.colcon_core.environment:checking '/home/spiderweb/TestBase/install/my_drone_bringup' for CMake module files
[12.802s] DEBUG:colcon.colcon_core.event_handler.log_command:Invoked command in '/home/spiderweb/TestBase/build/my_drone_bringup' returned '0': AMENT_PREFIX_PATH=/home/spiderweb/TestBase/install/my_station_pkg:/home/spiderweb/TestBase/install/my_drone_bringup:/home/spiderweb/TestBase/install/more_interfaces:/opt/ros/humble CMAKE_PREFIX_PATH=/home/spiderweb/TestBase/install/more_interfaces:/home/spiderweb/TestBase/install/my_drone_bringup:/home/spiderweb/TestBase/install/my_station_pkg:/opt/ros/humble /usr/bin/cmake --install /home/spiderweb/TestBase/build/my_drone_bringup
[12.804s] Level 1:colcon.colcon_core.environment:checking '/home/spiderweb/TestBase/install/my_drone_bringup' for CMake config files
[12.806s] Level 1:colcon.colcon_core.shell:create_environment_hook('my_drone_bringup', 'cmake_prefix_path')
[12.811s] INFO:colcon.colcon_core.shell:Creating environment hook '/home/spiderweb/TestBase/install/my_drone_bringup/share/my_drone_bringup/hook/cmake_prefix_path.ps1'
[12.813s] INFO:colcon.colcon_core.shell:Creating environment descriptor '/home/spiderweb/TestBase/install/my_drone_bringup/share/my_drone_bringup/hook/cmake_prefix_path.dsv'
[12.815s] INFO:colcon.colcon_core.shell:Creating environment hook '/home/spiderweb/TestBase/install/my_drone_bringup/share/my_drone_bringup/hook/cmake_prefix_path.sh'
[12.818s] Level 1:colcon.colcon_core.environment:checking '/home/spiderweb/TestBase/install/my_drone_bringup/bin'
[12.819s] Level 1:colcon.colcon_core.environment:checking '/home/spiderweb/TestBase/install/my_drone_bringup/lib/pkgconfig/my_drone_bringup.pc'
[12.820s] Level 1:colcon.colcon_core.environment:checking '/home/spiderweb/TestBase/install/my_drone_bringup/lib/python3.10/site-packages'
[12.821s] Level 1:colcon.colcon_core.environment:checking '/home/spiderweb/TestBase/install/my_drone_bringup/bin'
[12.826s] INFO:colcon.colcon_core.shell:Creating package script '/home/spiderweb/TestBase/install/my_drone_bringup/share/my_drone_bringup/package.ps1'
[12.828s] INFO:colcon.colcon_core.shell:Creating package descriptor '/home/spiderweb/TestBase/install/my_drone_bringup/share/my_drone_bringup/package.dsv'
[12.830s] INFO:colcon.colcon_core.shell:Creating package script '/home/spiderweb/TestBase/install/my_drone_bringup/share/my_drone_bringup/package.sh'
[12.832s] INFO:colcon.colcon_core.shell:Creating package script '/home/spiderweb/TestBase/install/my_drone_bringup/share/my_drone_bringup/package.bash'
[12.834s] INFO:colcon.colcon_core.shell:Creating package script '/home/spiderweb/TestBase/install/my_drone_bringup/share/my_drone_bringup/package.zsh'
[12.836s] Level 1:colcon.colcon_core.environment:create_file_with_runtime_dependencies(/home/spiderweb/TestBase/install/my_drone_bringup/share/colcon-core/packages/my_drone_bringup)
[12.961s] Level 1:colcon.colcon_core.environment:create_environment_scripts_only(my_drone_bringup)
[12.972s] Level 1:colcon.colcon_core.environment:checking '/home/spiderweb/TestBase/install/my_drone_bringup' for CMake module files
[12.975s] Level 1:colcon.colcon_core.environment:checking '/home/spiderweb/TestBase/install/my_drone_bringup' for CMake config files
[12.977s] Level 1:colcon.colcon_core.shell:create_environment_hook('my_drone_bringup', 'cmake_prefix_path')
[12.983s] INFO:colcon.colcon_core.shell:Creating environment hook '/home/spiderweb/TestBase/install/my_drone_bringup/share/my_drone_bringup/hook/cmake_prefix_path.ps1'
[12.985s] INFO:colcon.colcon_core.shell:Creating environment descriptor '/home/spiderweb/TestBase/install/my_drone_bringup/share/my_drone_bringup/hook/cmake_prefix_path.dsv'
[12.987s] INFO:colcon.colcon_core.shell:Creating environment hook '/home/spiderweb/TestBase/install/my_drone_bringup/share/my_drone_bringup/hook/cmake_prefix_path.sh'
[12.990s] Level 1:colcon.colcon_core.environment:checking '/home/spiderweb/TestBase/install/my_drone_bringup/bin'
[12.991s] Level 1:colcon.colcon_core.environment:checking '/home/spiderweb/TestBase/install/my_drone_bringup/lib/pkgconfig/my_drone_bringup.pc'
[12.992s] Level 1:colcon.colcon_core.environment:checking '/home/spiderweb/TestBase/install/my_drone_bringup/lib/python3.10/site-packages'
[12.994s] Level 1:colcon.colcon_core.environment:checking '/home/spiderweb/TestBase/install/my_drone_bringup/bin'
[12.999s] INFO:colcon.colcon_core.shell:Creating package script '/home/spiderweb/TestBase/install/my_drone_bringup/share/my_drone_bringup/package.ps1'
[13.001s] INFO:colcon.colcon_core.shell:Creating package descriptor '/home/spiderweb/TestBase/install/my_drone_bringup/share/my_drone_bringup/package.dsv'
[13.004s] INFO:colcon.colcon_core.shell:Creating package script '/home/spiderweb/TestBase/install/my_drone_bringup/share/my_drone_bringup/package.sh'
[13.006s] INFO:colcon.colcon_core.shell:Creating package script '/home/spiderweb/TestBase/install/my_drone_bringup/share/my_drone_bringup/package.bash'
[13.008s] INFO:colcon.colcon_core.shell:Creating package script '/home/spiderweb/TestBase/install/my_drone_bringup/share/my_drone_bringup/package.zsh'
[13.011s] Level 1:colcon.colcon_core.environment:create_file_with_runtime_dependencies(/home/spiderweb/TestBase/install/my_drone_bringup/share/colcon-core/packages/my_drone_bringup)
[13.012s] DEBUG:colcon.colcon_parallel_executor.executor.parallel:closing loop
[13.013s] DEBUG:colcon.colcon_parallel_executor.executor.parallel:loop closed
[13.013s] DEBUG:colcon.colcon_parallel_executor.executor.parallel:run_until_complete finished with '0'
[13.014s] DEBUG:colcon.colcon_core.event_reactor:joining thread
[13.035s] INFO:colcon.colcon_core.plugin_system:Skipping extension 'colcon_notification.desktop_notification.notify_send': Could not find 'notify-send'
[13.036s] INFO:colcon.colcon_core.plugin_system:Skipping extension 'colcon_notification.desktop_notification.terminal_notifier': Not used on non-Darwin systems
[13.036s] INFO:colcon.colcon_core.plugin_system:Skipping extension 'colcon_notification.desktop_notification.win32': Not used on non-Windows systems
[13.036s] INFO:colcon.colcon_notification.desktop_notification:Sending desktop notification using 'notify2'
[13.039s] DEBUG:colcon.colcon_notification.desktop_notification.notify2:Failed to initialize notify2: org.freedesktop.DBus.Error.ServiceUnknown: The name org.freedesktop.Notifications was not provided by any .service files
[13.040s] DEBUG:colcon.colcon_core.event_reactor:joined thread
[13.045s] INFO:colcon.colcon_core.shell:Creating prefix script '/home/spiderweb/TestBase/install/local_setup.ps1'
[13.049s] INFO:colcon.colcon_core.shell:Creating prefix util module '/home/spiderweb/TestBase/install/_local_setup_util_ps1.py'
[13.055s] INFO:colcon.colcon_core.shell:Creating prefix chain script '/home/spiderweb/TestBase/install/setup.ps1'
[13.063s] INFO:colcon.colcon_core.shell:Creating prefix script '/home/spiderweb/TestBase/install/local_setup.sh'
[13.066s] INFO:colcon.colcon_core.shell:Creating prefix util module '/home/spiderweb/TestBase/install/_local_setup_util_sh.py'
[13.068s] INFO:colcon.colcon_core.shell:Creating prefix chain script '/home/spiderweb/TestBase/install/setup.sh'
[13.077s] INFO:colcon.colcon_core.shell:Creating prefix script '/home/spiderweb/TestBase/install/local_setup.bash'
[13.079s] INFO:colcon.colcon_core.shell:Creating prefix chain script '/home/spiderweb/TestBase/install/setup.bash'
[13.085s] INFO:colcon.colcon_core.shell:Creating prefix script '/home/spiderweb/TestBase/install/local_setup.zsh'
[13.088s] INFO:colcon.colcon_core.shell:Creating prefix chain script '/home/spiderweb/TestBase/install/setup.zsh'
