[1.520s] DEBUG:colcon:Command line arguments: ['/usr/bin/colcon', 'build']
[1.520s] DEBUG:colcon:Parsed command line arguments: Namespace(log_base=None, log_level=None, verb_name='build', build_base='build', install_base='install', merge_install=False, symlink_install=False, test_result_base=None, continue_on_error=False, executor='parallel', parallel_workers=4, event_handlers=None, ignore_user_meta=False, metas=['./colcon.meta'], base_paths=['.'], packages_ignore=None, packages_ignore_regex=None, paths=None, packages_up_to=None, packages_up_to_regex=None, packages_above=None, packages_above_and_dependencies=None, packages_above_depth=None, packages_select_by_dep=None, packages_skip_by_dep=None, packages_skip_up_to=None, packages_select_build_failed=False, packages_skip_build_finished=False, packages_select_test_failures=False, packages_skip_test_passed=False, packages_select=None, packages_skip=None, packages_select_regex=None, packages_skip_regex=None, packages_start=None, packages_end=None, allow_overriding=[], cmake_args=None, cmake_target=None, cmake_target_skip_unavailable=False, cmake_clean_cache=False, cmake_clean_first=False, cmake_force_configure=False, ament_cmake_args=None, catkin_cmake_args=None, catkin_skip_building_tests=False, verb_parser=<colcon_defaults.argument_parser.defaults.DefaultArgumentsDecorator object at 0xffffaceef9d0>, verb_extension=<colcon_core.verb.build.BuildVerb object at 0xffffaceef460>, main=<bound method BuildVerb.main of <colcon_core.verb.build.BuildVerb object at 0xffffaceef460>>)
[1.648s] Level 1:colcon.colcon_core.package_discovery:discover_packages(colcon_meta) check parameters
[1.649s] Level 1:colcon.colcon_core.package_discovery:discover_packages(recursive) check parameters
[1.649s] Level 1:colcon.colcon_core.package_discovery:discover_packages(ignore) check parameters
[1.649s] Level 1:colcon.colcon_core.package_discovery:discover_packages(path) check parameters
[1.649s] Level 1:colcon.colcon_core.package_discovery:discover_packages(colcon_meta) discover
[1.649s] Level 1:colcon.colcon_core.package_discovery:discover_packages(recursive) discover
[1.649s] INFO:colcon.colcon_core.package_discovery:Crawling recursively for packages in '/home/spiderweb/TestBase'
[1.650s] Level 1:colcon.colcon_core.package_identification:_identify(.) by extensions ['ignore', 'ignore_ament_install']
[1.650s] Level 1:colcon.colcon_core.package_identification:_identify(.) by extension 'ignore'
[1.651s] Level 1:colcon.colcon_core.package_identification:_identify(.) by extension 'ignore_ament_install'
[1.651s] Level 1:colcon.colcon_core.package_identification:_identify(.) by extensions ['colcon_pkg']
[1.651s] Level 1:colcon.colcon_core.package_identification:_identify(.) by extension 'colcon_pkg'
[1.651s] Level 1:colcon.colcon_core.package_identification:_identify(.) by extensions ['colcon_meta']
[1.651s] Level 1:colcon.colcon_core.package_identification:_identify(.) by extension 'colcon_meta'
[1.652s] Level 1:colcon.colcon_core.package_identification:_identify(.) by extensions ['ros']
[1.652s] Level 1:colcon.colcon_core.package_identification:_identify(.) by extension 'ros'
[1.698s] Level 1:colcon.colcon_core.package_identification:_identify(.) by extensions ['cmake', 'python']
[1.698s] Level 1:colcon.colcon_core.package_identification:_identify(.) by extension 'cmake'
[1.698s] Level 1:colcon.colcon_core.package_identification:_identify(.) by extension 'python'
[1.698s] Level 1:colcon.colcon_core.package_identification:_identify(.) by extensions ['python_setup_py']
[1.698s] Level 1:colcon.colcon_core.package_identification:_identify(.) by extension 'python_setup_py'
[1.699s] Level 1:colcon.colcon_core.package_identification:_identify(build) by extensions ['ignore', 'ignore_ament_install']
[1.699s] Level 1:colcon.colcon_core.package_identification:_identify(build) by extension 'ignore'
[1.700s] Level 1:colcon.colcon_core.package_identification:_identify(build) ignored
[1.700s] Level 1:colcon.colcon_core.package_identification:_identify(install) by extensions ['ignore', 'ignore_ament_install']
[1.701s] Level 1:colcon.colcon_core.package_identification:_identify(install) by extension 'ignore'
[1.701s] Level 1:colcon.colcon_core.package_identification:_identify(install) ignored
[1.703s] Level 1:colcon.colcon_core.package_identification:_identify(log) by extensions ['ignore', 'ignore_ament_install']
[1.703s] Level 1:colcon.colcon_core.package_identification:_identify(log) by extension 'ignore'
[1.703s] Level 1:colcon.colcon_core.package_identification:_identify(log) ignored
[1.704s] Level 1:colcon.colcon_core.package_identification:_identify(src) by extensions ['ignore', 'ignore_ament_install']
[1.704s] Level 1:colcon.colcon_core.package_identification:_identify(src) by extension 'ignore'
[1.704s] Level 1:colcon.colcon_core.package_identification:_identify(src) by extension 'ignore_ament_install'
[1.705s] Level 1:colcon.colcon_core.package_identification:_identify(src) by extensions ['colcon_pkg']
[1.705s] Level 1:colcon.colcon_core.package_identification:_identify(src) by extension 'colcon_pkg'
[1.705s] Level 1:colcon.colcon_core.package_identification:_identify(src) by extensions ['colcon_meta']
[1.705s] Level 1:colcon.colcon_core.package_identification:_identify(src) by extension 'colcon_meta'
[1.705s] Level 1:colcon.colcon_core.package_identification:_identify(src) by extensions ['ros']
[1.705s] Level 1:colcon.colcon_core.package_identification:_identify(src) by extension 'ros'
[1.706s] Level 1:colcon.colcon_core.package_identification:_identify(src) by extensions ['cmake', 'python']
[1.706s] Level 1:colcon.colcon_core.package_identification:_identify(src) by extension 'cmake'
[1.706s] Level 1:colcon.colcon_core.package_identification:_identify(src) by extension 'python'
[1.706s] Level 1:colcon.colcon_core.package_identification:_identify(src) by extensions ['python_setup_py']
[1.706s] Level 1:colcon.colcon_core.package_identification:_identify(src) by extension 'python_setup_py'
[1.707s] Level 1:colcon.colcon_core.package_identification:_identify(src/more_interfaces) by extensions ['ignore', 'ignore_ament_install']
[1.707s] Level 1:colcon.colcon_core.package_identification:_identify(src/more_interfaces) by extension 'ignore'
[1.707s] Level 1:colcon.colcon_core.package_identification:_identify(src/more_interfaces) by extension 'ignore_ament_install'
[1.708s] Level 1:colcon.colcon_core.package_identification:_identify(src/more_interfaces) by extensions ['colcon_pkg']
[1.708s] Level 1:colcon.colcon_core.package_identification:_identify(src/more_interfaces) by extension 'colcon_pkg'
[1.708s] Level 1:colcon.colcon_core.package_identification:_identify(src/more_interfaces) by extensions ['colcon_meta']
[1.708s] Level 1:colcon.colcon_core.package_identification:_identify(src/more_interfaces) by extension 'colcon_meta'
[1.708s] Level 1:colcon.colcon_core.package_identification:_identify(src/more_interfaces) by extensions ['ros']
[1.708s] Level 1:colcon.colcon_core.package_identification:_identify(src/more_interfaces) by extension 'ros'
[1.717s] DEBUG:colcon.colcon_core.package_identification:Package 'src/more_interfaces' with type 'ros.ament_cmake' and name 'more_interfaces'
[1.717s] Level 1:colcon.colcon_core.package_identification:_identify(src/my_drone_bringup) by extensions ['ignore', 'ignore_ament_install']
[1.718s] Level 1:colcon.colcon_core.package_identification:_identify(src/my_drone_bringup) by extension 'ignore'
[1.718s] Level 1:colcon.colcon_core.package_identification:_identify(src/my_drone_bringup) by extension 'ignore_ament_install'
[1.718s] Level 1:colcon.colcon_core.package_identification:_identify(src/my_drone_bringup) by extensions ['colcon_pkg']
[1.718s] Level 1:colcon.colcon_core.package_identification:_identify(src/my_drone_bringup) by extension 'colcon_pkg'
[1.719s] Level 1:colcon.colcon_core.package_identification:_identify(src/my_drone_bringup) by extensions ['colcon_meta']
[1.719s] Level 1:colcon.colcon_core.package_identification:_identify(src/my_drone_bringup) by extension 'colcon_meta'
[1.719s] Level 1:colcon.colcon_core.package_identification:_identify(src/my_drone_bringup) by extensions ['ros']
[1.719s] Level 1:colcon.colcon_core.package_identification:_identify(src/my_drone_bringup) by extension 'ros'
[1.721s] DEBUG:colcon.colcon_core.package_identification:Package 'src/my_drone_bringup' with type 'ros.ament_cmake' and name 'my_drone_bringup'
[1.722s] Level 1:colcon.colcon_core.package_identification:_identify(src/my_station_pkg) by extensions ['ignore', 'ignore_ament_install']
[1.722s] Level 1:colcon.colcon_core.package_identification:_identify(src/my_station_pkg) by extension 'ignore'
[1.722s] Level 1:colcon.colcon_core.package_identification:_identify(src/my_station_pkg) by extension 'ignore_ament_install'
[1.723s] Level 1:colcon.colcon_core.package_identification:_identify(src/my_station_pkg) by extensions ['colcon_pkg']
[1.723s] Level 1:colcon.colcon_core.package_identification:_identify(src/my_station_pkg) by extension 'colcon_pkg'
[1.723s] Level 1:colcon.colcon_core.package_identification:_identify(src/my_station_pkg) by extensions ['colcon_meta']
[1.723s] Level 1:colcon.colcon_core.package_identification:_identify(src/my_station_pkg) by extension 'colcon_meta'
[1.723s] Level 1:colcon.colcon_core.package_identification:_identify(src/my_station_pkg) by extensions ['ros']
[1.723s] Level 1:colcon.colcon_core.package_identification:_identify(src/my_station_pkg) by extension 'ros'
[1.726s] DEBUG:colcon.colcon_core.package_identification:Package 'src/my_station_pkg' with type 'ros.ament_python' and name 'my_station_pkg'
[1.726s] Level 1:colcon.colcon_core.package_discovery:discover_packages(recursive) using defaults
[1.727s] Level 1:colcon.colcon_core.package_discovery:discover_packages(ignore) discover
[1.727s] Level 1:colcon.colcon_core.package_discovery:discover_packages(ignore) using defaults
[1.727s] Level 1:colcon.colcon_core.package_discovery:discover_packages(path) discover
[1.727s] Level 1:colcon.colcon_core.package_discovery:discover_packages(path) using defaults
[1.820s] Level 1:colcon.colcon_core.package_discovery:discover_packages(prefix_path) check parameters
[1.820s] Level 1:colcon.colcon_core.package_discovery:discover_packages(prefix_path) discover
[1.834s] DEBUG:colcon.colcon_installed_package_information.package_discovery:Found 3 installed packages in /home/spiderweb/TestBase/install
[1.845s] DEBUG:colcon.colcon_installed_package_information.package_discovery:Found 270 installed packages in /opt/ros/humble
[1.851s] Level 1:colcon.colcon_core.package_discovery:discover_packages(prefix_path) using defaults
[2.105s] Level 5:colcon.colcon_core.verb:set package 'more_interfaces' build argument 'cmake_args' from command line to 'None'
[2.106s] Level 5:colcon.colcon_core.verb:set package 'more_interfaces' build argument 'cmake_target' from command line to 'None'
[2.106s] Level 5:colcon.colcon_core.verb:set package 'more_interfaces' build argument 'cmake_target_skip_unavailable' from command line to 'False'
[2.106s] Level 5:colcon.colcon_core.verb:set package 'more_interfaces' build argument 'cmake_clean_cache' from command line to 'False'
[2.106s] Level 5:colcon.colcon_core.verb:set package 'more_interfaces' build argument 'cmake_clean_first' from command line to 'False'
[2.106s] Level 5:colcon.colcon_core.verb:set package 'more_interfaces' build argument 'cmake_force_configure' from command line to 'False'
[2.106s] Level 5:colcon.colcon_core.verb:set package 'more_interfaces' build argument 'ament_cmake_args' from command line to 'None'
[2.106s] Level 5:colcon.colcon_core.verb:set package 'more_interfaces' build argument 'catkin_cmake_args' from command line to 'None'
[2.106s] Level 5:colcon.colcon_core.verb:set package 'more_interfaces' build argument 'catkin_skip_building_tests' from command line to 'False'
[2.106s] DEBUG:colcon.colcon_core.verb:Building package 'more_interfaces' with the following arguments: {'ament_cmake_args': None, 'build_base': '/home/spiderweb/TestBase/build/more_interfaces', 'catkin_cmake_args': None, 'catkin_skip_building_tests': False, 'cmake_args': None, 'cmake_clean_cache': False, 'cmake_clean_first': False, 'cmake_force_configure': False, 'cmake_target': None, 'cmake_target_skip_unavailable': False, 'install_base': '/home/spiderweb/TestBase/install/more_interfaces', 'merge_install': False, 'path': '/home/spiderweb/TestBase/src/more_interfaces', 'symlink_install': False, 'test_result_base': None}
[2.111s] Level 5:colcon.colcon_core.verb:set package 'my_station_pkg' build argument 'cmake_args' from command line to 'None'
[2.111s] Level 5:colcon.colcon_core.verb:set package 'my_station_pkg' build argument 'cmake_target' from command line to 'None'
[2.111s] Level 5:colcon.colcon_core.verb:set package 'my_station_pkg' build argument 'cmake_target_skip_unavailable' from command line to 'False'
[2.111s] Level 5:colcon.colcon_core.verb:set package 'my_station_pkg' build argument 'cmake_clean_cache' from command line to 'False'
[2.111s] Level 5:colcon.colcon_core.verb:set package 'my_station_pkg' build argument 'cmake_clean_first' from command line to 'False'
[2.111s] Level 5:colcon.colcon_core.verb:set package 'my_station_pkg' build argument 'cmake_force_configure' from command line to 'False'
[2.111s] Level 5:colcon.colcon_core.verb:set package 'my_station_pkg' build argument 'ament_cmake_args' from command line to 'None'
[2.112s] Level 5:colcon.colcon_core.verb:set package 'my_station_pkg' build argument 'catkin_cmake_args' from command line to 'None'
[2.112s] Level 5:colcon.colcon_core.verb:set package 'my_station_pkg' build argument 'catkin_skip_building_tests' from command line to 'False'
[2.112s] DEBUG:colcon.colcon_core.verb:Building package 'my_station_pkg' with the following arguments: {'ament_cmake_args': None, 'build_base': '/home/spiderweb/TestBase/build/my_station_pkg', 'catkin_cmake_args': None, 'catkin_skip_building_tests': False, 'cmake_args': None, 'cmake_clean_cache': False, 'cmake_clean_first': False, 'cmake_force_configure': False, 'cmake_target': None, 'cmake_target_skip_unavailable': False, 'install_base': '/home/spiderweb/TestBase/install/my_station_pkg', 'merge_install': False, 'path': '/home/spiderweb/TestBase/src/my_station_pkg', 'symlink_install': False, 'test_result_base': None}
[2.116s] Level 5:colcon.colcon_core.verb:set package 'my_drone_bringup' build argument 'cmake_args' from command line to 'None'
[2.116s] Level 5:colcon.colcon_core.verb:set package 'my_drone_bringup' build argument 'cmake_target' from command line to 'None'
[2.116s] Level 5:colcon.colcon_core.verb:set package 'my_drone_bringup' build argument 'cmake_target_skip_unavailable' from command line to 'False'
[2.116s] Level 5:colcon.colcon_core.verb:set package 'my_drone_bringup' build argument 'cmake_clean_cache' from command line to 'False'
[2.116s] Level 5:colcon.colcon_core.verb:set package 'my_drone_bringup' build argument 'cmake_clean_first' from command line to 'False'
[2.116s] Level 5:colcon.colcon_core.verb:set package 'my_drone_bringup' build argument 'cmake_force_configure' from command line to 'False'
[2.117s] Level 5:colcon.colcon_core.verb:set package 'my_drone_bringup' build argument 'ament_cmake_args' from command line to 'None'
[2.117s] Level 5:colcon.colcon_core.verb:set package 'my_drone_bringup' build argument 'catkin_cmake_args' from command line to 'None'
[2.117s] Level 5:colcon.colcon_core.verb:set package 'my_drone_bringup' build argument 'catkin_skip_building_tests' from command line to 'False'
[2.117s] DEBUG:colcon.colcon_core.verb:Building package 'my_drone_bringup' with the following arguments: {'ament_cmake_args': None, 'build_base': '/home/spiderweb/TestBase/build/my_drone_bringup', 'catkin_cmake_args': None, 'catkin_skip_building_tests': False, 'cmake_args': None, 'cmake_clean_cache': False, 'cmake_clean_first': False, 'cmake_force_configure': False, 'cmake_target': None, 'cmake_target_skip_unavailable': False, 'install_base': '/home/spiderweb/TestBase/install/my_drone_bringup', 'merge_install': False, 'path': '/home/spiderweb/TestBase/src/my_drone_bringup', 'symlink_install': False, 'test_result_base': None}
[2.120s] INFO:colcon.colcon_core.executor:Executing jobs using 'parallel' executor
[2.133s] DEBUG:colcon.colcon_parallel_executor.executor.parallel:run_until_complete
[2.134s] INFO:colcon.colcon_ros.task.ament_cmake.build:Building ROS package in '/home/spiderweb/TestBase/src/more_interfaces' with build type 'ament_cmake'
[2.135s] INFO:colcon.colcon_cmake.task.cmake.build:Building CMake package in '/home/spiderweb/TestBase/src/more_interfaces'
[2.154s] INFO:colcon.colcon_core.plugin_system:Skipping extension 'colcon_core.shell.bat': Not used on non-Windows systems
[2.155s] INFO:colcon.colcon_core.shell:Skip shell extension 'powershell' for command environment: Not usable outside of PowerShell
[2.155s] DEBUG:colcon.colcon_core.shell:Skip shell extension 'dsv' for command environment
[2.201s] DEBUG:colcon.colcon_core.event_handler.log_command:Invoking command in '/home/spiderweb/TestBase/build/more_interfaces': CMAKE_PREFIX_PATH=${CMAKE_PREFIX_PATH}:/home/spiderweb/TestBase/install/my_station_pkg:/opt/ros/humble /usr/bin/cmake --build /home/spiderweb/TestBase/build/more_interfaces -- -j4 -l4
[4.098s] DEBUG:colcon.colcon_core.event_handler.log_command:Invoked command in '/home/spiderweb/TestBase/build/more_interfaces' returned '0': CMAKE_PREFIX_PATH=${CMAKE_PREFIX_PATH}:/home/spiderweb/TestBase/install/my_station_pkg:/opt/ros/humble /usr/bin/cmake --build /home/spiderweb/TestBase/build/more_interfaces -- -j4 -l4
[5.647s] DEBUG:colcon.colcon_core.event_handler.log_command:Invoking command in '/home/spiderweb/TestBase/build/more_interfaces': CMAKE_PREFIX_PATH=${CMAKE_PREFIX_PATH}:/home/spiderweb/TestBase/install/my_station_pkg:/opt/ros/humble /usr/bin/cmake --install /home/spiderweb/TestBase/build/more_interfaces
[5.995s] Level 1:colcon.colcon_core.environment:create_environment_scripts_only(more_interfaces)
[5.997s] DEBUG:colcon.colcon_core.event_handler.log_command:Invoked command in '/home/spiderweb/TestBase/build/more_interfaces' returned '0': CMAKE_PREFIX_PATH=${CMAKE_PREFIX_PATH}:/home/spiderweb/TestBase/install/my_station_pkg:/opt/ros/humble /usr/bin/cmake --install /home/spiderweb/TestBase/build/more_interfaces
[6.016s] Level 1:colcon.colcon_core.environment:checking '/home/spiderweb/TestBase/install/more_interfaces' for CMake module files
[6.020s] Level 1:colcon.colcon_core.environment:checking '/home/spiderweb/TestBase/install/more_interfaces' for CMake config files
[6.023s] Level 1:colcon.colcon_core.shell:create_environment_hook('more_interfaces', 'cmake_prefix_path')
[6.028s] INFO:colcon.colcon_core.shell:Creating environment hook '/home/spiderweb/TestBase/install/more_interfaces/share/more_interfaces/hook/cmake_prefix_path.ps1'
[6.031s] INFO:colcon.colcon_core.shell:Creating environment descriptor '/home/spiderweb/TestBase/install/more_interfaces/share/more_interfaces/hook/cmake_prefix_path.dsv'
[6.033s] INFO:colcon.colcon_core.shell:Creating environment hook '/home/spiderweb/TestBase/install/more_interfaces/share/more_interfaces/hook/cmake_prefix_path.sh'
[6.037s] Level 1:colcon.colcon_core.environment:checking '/home/spiderweb/TestBase/install/more_interfaces/lib'
[6.037s] Level 1:colcon.colcon_core.shell:create_environment_hook('more_interfaces', 'ld_library_path_lib')
[6.042s] INFO:colcon.colcon_core.shell:Creating environment hook '/home/spiderweb/TestBase/install/more_interfaces/share/more_interfaces/hook/ld_library_path_lib.ps1'
[6.044s] INFO:colcon.colcon_core.shell:Creating environment descriptor '/home/spiderweb/TestBase/install/more_interfaces/share/more_interfaces/hook/ld_library_path_lib.dsv'
[6.046s] INFO:colcon.colcon_core.shell:Creating environment hook '/home/spiderweb/TestBase/install/more_interfaces/share/more_interfaces/hook/ld_library_path_lib.sh'
[6.048s] Level 1:colcon.colcon_core.environment:checking '/home/spiderweb/TestBase/install/more_interfaces/bin'
[6.048s] Level 1:colcon.colcon_core.environment:checking '/home/spiderweb/TestBase/install/more_interfaces/lib/pkgconfig/more_interfaces.pc'
[6.049s] Level 1:colcon.colcon_core.environment:checking '/home/spiderweb/TestBase/install/more_interfaces/lib/python3.10/site-packages'
[6.050s] Level 1:colcon.colcon_core.environment:checking '/home/spiderweb/TestBase/install/more_interfaces/bin'
[6.055s] INFO:colcon.colcon_core.shell:Creating package script '/home/spiderweb/TestBase/install/more_interfaces/share/more_interfaces/package.ps1'
[6.059s] INFO:colcon.colcon_core.shell:Creating package descriptor '/home/spiderweb/TestBase/install/more_interfaces/share/more_interfaces/package.dsv'
[6.062s] INFO:colcon.colcon_core.shell:Creating package script '/home/spiderweb/TestBase/install/more_interfaces/share/more_interfaces/package.sh'
[6.065s] INFO:colcon.colcon_core.shell:Creating package script '/home/spiderweb/TestBase/install/more_interfaces/share/more_interfaces/package.bash'
[6.069s] INFO:colcon.colcon_core.shell:Creating package script '/home/spiderweb/TestBase/install/more_interfaces/share/more_interfaces/package.zsh'
[6.072s] Level 1:colcon.colcon_core.environment:create_file_with_runtime_dependencies(/home/spiderweb/TestBase/install/more_interfaces/share/colcon-core/packages/more_interfaces)
[7.548s] Level 1:colcon.colcon_core.environment:create_environment_scripts_only(more_interfaces)
[7.556s] Level 1:colcon.colcon_core.environment:checking '/home/spiderweb/TestBase/install/more_interfaces' for CMake module files
[7.560s] Level 1:colcon.colcon_core.environment:checking '/home/spiderweb/TestBase/install/more_interfaces' for CMake config files
[7.564s] Level 1:colcon.colcon_core.shell:create_environment_hook('more_interfaces', 'cmake_prefix_path')
[7.569s] INFO:colcon.colcon_core.shell:Creating environment hook '/home/spiderweb/TestBase/install/more_interfaces/share/more_interfaces/hook/cmake_prefix_path.ps1'
[7.570s] INFO:colcon.colcon_core.shell:Creating environment descriptor '/home/spiderweb/TestBase/install/more_interfaces/share/more_interfaces/hook/cmake_prefix_path.dsv'
[7.573s] INFO:colcon.colcon_core.shell:Creating environment hook '/home/spiderweb/TestBase/install/more_interfaces/share/more_interfaces/hook/cmake_prefix_path.sh'
[7.575s] Level 1:colcon.colcon_core.environment:checking '/home/spiderweb/TestBase/install/more_interfaces/lib'
[7.576s] Level 1:colcon.colcon_core.shell:create_environment_hook('more_interfaces', 'ld_library_path_lib')
[7.581s] INFO:colcon.colcon_core.shell:Creating environment hook '/home/spiderweb/TestBase/install/more_interfaces/share/more_interfaces/hook/ld_library_path_lib.ps1'
[7.583s] INFO:colcon.colcon_core.shell:Creating environment descriptor '/home/spiderweb/TestBase/install/more_interfaces/share/more_interfaces/hook/ld_library_path_lib.dsv'
[7.585s] INFO:colcon.colcon_core.shell:Creating environment hook '/home/spiderweb/TestBase/install/more_interfaces/share/more_interfaces/hook/ld_library_path_lib.sh'
[7.587s] Level 1:colcon.colcon_core.environment:checking '/home/spiderweb/TestBase/install/more_interfaces/bin'
[7.587s] Level 1:colcon.colcon_core.environment:checking '/home/spiderweb/TestBase/install/more_interfaces/lib/pkgconfig/more_interfaces.pc'
[7.588s] Level 1:colcon.colcon_core.environment:checking '/home/spiderweb/TestBase/install/more_interfaces/lib/python3.10/site-packages'
[7.589s] Level 1:colcon.colcon_core.environment:checking '/home/spiderweb/TestBase/install/more_interfaces/bin'
[7.595s] INFO:colcon.colcon_core.shell:Creating package script '/home/spiderweb/TestBase/install/more_interfaces/share/more_interfaces/package.ps1'
[7.597s] INFO:colcon.colcon_core.shell:Creating package descriptor '/home/spiderweb/TestBase/install/more_interfaces/share/more_interfaces/package.dsv'
[7.600s] INFO:colcon.colcon_core.shell:Creating package script '/home/spiderweb/TestBase/install/more_interfaces/share/more_interfaces/package.sh'
[7.602s] INFO:colcon.colcon_core.shell:Creating package script '/home/spiderweb/TestBase/install/more_interfaces/share/more_interfaces/package.bash'
[7.604s] INFO:colcon.colcon_core.shell:Creating package script '/home/spiderweb/TestBase/install/more_interfaces/share/more_interfaces/package.zsh'
[7.606s] Level 1:colcon.colcon_core.environment:create_file_with_runtime_dependencies(/home/spiderweb/TestBase/install/more_interfaces/share/colcon-core/packages/more_interfaces)
[7.608s] INFO:colcon.colcon_ros.task.ament_python.build:Building ROS package in '/home/spiderweb/TestBase/src/my_station_pkg' with build type 'ament_python'
[7.611s] Level 1:colcon.colcon_core.shell:create_environment_hook('my_station_pkg', 'ament_prefix_path')
[7.617s] INFO:colcon.colcon_core.shell:Creating environment hook '/home/spiderweb/TestBase/install/my_station_pkg/share/my_station_pkg/hook/ament_prefix_path.ps1'
[7.620s] INFO:colcon.colcon_core.shell:Creating environment descriptor '/home/spiderweb/TestBase/install/my_station_pkg/share/my_station_pkg/hook/ament_prefix_path.dsv'
[7.622s] INFO:colcon.colcon_core.shell:Creating environment hook '/home/spiderweb/TestBase/install/my_station_pkg/share/my_station_pkg/hook/ament_prefix_path.sh'
[7.629s] INFO:colcon.colcon_core.shell:Skip shell extension 'powershell' for command environment: Not usable outside of PowerShell
[7.629s] DEBUG:colcon.colcon_core.shell:Skip shell extension 'dsv' for command environment
[8.944s] INFO:colcon.colcon_core.task.python.build:Building Python package in '/home/spiderweb/TestBase/src/my_station_pkg'
[8.950s] INFO:colcon.colcon_core.shell:Skip shell extension 'powershell' for command environment: Not usable outside of PowerShell
[8.950s] DEBUG:colcon.colcon_core.shell:Skip shell extension 'dsv' for command environment
[10.660s] DEBUG:colcon.colcon_core.event_handler.log_command:Invoking command in '/home/spiderweb/TestBase/src/my_station_pkg': CMAKE_PREFIX_PATH=/home/spiderweb/TestBase/install/more_interfaces:/home/spiderweb/TestBase/install/my_drone_bringup PYTHONPATH=/home/spiderweb/TestBase/build/my_station_pkg/prefix_override:/home/spiderweb/TestBase/install/my_station_pkg/lib/python3.10/site-packages:${PYTHONPATH} /usr/bin/python3 setup.py egg_info --egg-base ../../build/my_station_pkg build --build-base /home/spiderweb/TestBase/build/my_station_pkg/build install --record /home/spiderweb/TestBase/build/my_station_pkg/install.log --single-version-externally-managed
[12.161s] Level 1:colcon.colcon_core.environment:checking '/home/spiderweb/TestBase/install/my_station_pkg' for CMake module files
[12.163s] DEBUG:colcon.colcon_core.event_handler.log_command:Invoked command in '/home/spiderweb/TestBase/src/my_station_pkg' returned '0': CMAKE_PREFIX_PATH=/home/spiderweb/TestBase/install/more_interfaces:/home/spiderweb/TestBase/install/my_drone_bringup PYTHONPATH=/home/spiderweb/TestBase/build/my_station_pkg/prefix_override:/home/spiderweb/TestBase/install/my_station_pkg/lib/python3.10/site-packages:${PYTHONPATH} /usr/bin/python3 setup.py egg_info --egg-base ../../build/my_station_pkg build --build-base /home/spiderweb/TestBase/build/my_station_pkg/build install --record /home/spiderweb/TestBase/build/my_station_pkg/install.log --single-version-externally-managed
[12.166s] Level 1:colcon.colcon_core.environment:checking '/home/spiderweb/TestBase/install/my_station_pkg' for CMake config files
[12.171s] Level 1:colcon.colcon_core.environment:checking '/home/spiderweb/TestBase/install/my_station_pkg/lib'
[12.171s] Level 1:colcon.colcon_core.environment:checking '/home/spiderweb/TestBase/install/my_station_pkg/bin'
[12.172s] Level 1:colcon.colcon_core.environment:checking '/home/spiderweb/TestBase/install/my_station_pkg/lib/pkgconfig/my_station_pkg.pc'
[12.173s] Level 1:colcon.colcon_core.environment:checking '/home/spiderweb/TestBase/install/my_station_pkg/lib/python3.10/site-packages'
[12.173s] Level 1:colcon.colcon_core.shell:create_environment_hook('my_station_pkg', 'pythonpath')
[12.178s] INFO:colcon.colcon_core.shell:Creating environment hook '/home/spiderweb/TestBase/install/my_station_pkg/share/my_station_pkg/hook/pythonpath.ps1'
[12.180s] INFO:colcon.colcon_core.shell:Creating environment descriptor '/home/spiderweb/TestBase/install/my_station_pkg/share/my_station_pkg/hook/pythonpath.dsv'
[12.182s] INFO:colcon.colcon_core.shell:Creating environment hook '/home/spiderweb/TestBase/install/my_station_pkg/share/my_station_pkg/hook/pythonpath.sh'
[12.185s] Level 1:colcon.colcon_core.environment:checking '/home/spiderweb/TestBase/install/my_station_pkg/bin'
[12.185s] Level 1:colcon.colcon_core.environment:create_environment_scripts_only(my_station_pkg)
[12.191s] INFO:colcon.colcon_core.shell:Creating package script '/home/spiderweb/TestBase/install/my_station_pkg/share/my_station_pkg/package.ps1'
[12.193s] INFO:colcon.colcon_core.shell:Creating package descriptor '/home/spiderweb/TestBase/install/my_station_pkg/share/my_station_pkg/package.dsv'
[12.195s] INFO:colcon.colcon_core.shell:Creating package script '/home/spiderweb/TestBase/install/my_station_pkg/share/my_station_pkg/package.sh'
[12.197s] INFO:colcon.colcon_core.shell:Creating package script '/home/spiderweb/TestBase/install/my_station_pkg/share/my_station_pkg/package.bash'
[12.199s] INFO:colcon.colcon_core.shell:Creating package script '/home/spiderweb/TestBase/install/my_station_pkg/share/my_station_pkg/package.zsh'
[12.200s] Level 1:colcon.colcon_core.environment:create_file_with_runtime_dependencies(/home/spiderweb/TestBase/install/my_station_pkg/share/colcon-core/packages/my_station_pkg)
[12.202s] INFO:colcon.colcon_ros.task.ament_cmake.build:Building ROS package in '/home/spiderweb/TestBase/src/my_drone_bringup' with build type 'ament_cmake'
[12.202s] INFO:colcon.colcon_cmake.task.cmake.build:Building CMake package in '/home/spiderweb/TestBase/src/my_drone_bringup'
[12.208s] INFO:colcon.colcon_core.shell:Skip shell extension 'powershell' for command environment: Not usable outside of PowerShell
[12.208s] DEBUG:colcon.colcon_core.shell:Skip shell extension 'dsv' for command environment
[12.273s] DEBUG:colcon.colcon_core.event_handler.log_command:Invoking command in '/home/spiderweb/TestBase/build/my_drone_bringup': AMENT_PREFIX_PATH=/home/spiderweb/TestBase/install/my_station_pkg:/home/spiderweb/TestBase/install/my_drone_bringup:/home/spiderweb/TestBase/install/more_interfaces:/opt/ros/humble CMAKE_PREFIX_PATH=/home/spiderweb/TestBase/install/more_interfaces:/home/spiderweb/TestBase/install/my_drone_bringup:/home/spiderweb/TestBase/install/my_station_pkg:/opt/ros/humble /usr/bin/cmake --build /home/spiderweb/TestBase/build/my_drone_bringup -- -j4 -l4
[12.416s] DEBUG:colcon.colcon_core.event_handler.log_command:Invoked command in '/home/spiderweb/TestBase/build/my_drone_bringup' returned '0': AMENT_PREFIX_PATH=/home/spiderweb/TestBase/install/my_station_pkg:/home/spiderweb/TestBase/install/my_drone_bringup:/home/spiderweb/TestBase/install/more_interfaces:/opt/ros/humble CMAKE_PREFIX_PATH=/home/spiderweb/TestBase/install/more_interfaces:/home/spiderweb/TestBase/install/my_drone_bringup:/home/spiderweb/TestBase/install/my_station_pkg:/opt/ros/humble /usr/bin/cmake --build /home/spiderweb/TestBase/build/my_drone_bringup -- -j4 -l4
[12.545s] DEBUG:colcon.colcon_core.event_handler.log_command:Invoking command in '/home/spiderweb/TestBase/build/my_drone_bringup': AMENT_PREFIX_PATH=/home/spiderweb/TestBase/install/my_station_pkg:/home/spiderweb/TestBase/install/my_drone_bringup:/home/spiderweb/TestBase/install/more_interfaces:/opt/ros/humble CMAKE_PREFIX_PATH=/home/spiderweb/TestBase/install/more_interfaces:/home/spiderweb/TestBase/install/my_drone_bringup:/home/spiderweb/TestBase/install/my_station_pkg:/opt/ros/humble /usr/bin/cmake --install /home/spiderweb/TestBase/build/my_drone_bringup
[12.586s] Level 1:colcon.colcon_core.environment:create_environment_scripts_only(my_drone_bringup)
[12.596s] Level 1:colcon.colcon_core.environment:checking '/home/spiderweb/TestBase/install/my_drone_bringup' for CMake module files
[12.598s] DEBUG:colcon.colcon_core.event_handler.log_command:Invoked command in '/home/spiderweb/TestBase/build/my_drone_bringup' returned '0': AMENT_PREFIX_PATH=/home/spiderweb/TestBase/install/my_station_pkg:/home/spiderweb/TestBase/install/my_drone_bringup:/home/spiderweb/TestBase/install/more_interfaces:/opt/ros/humble CMAKE_PREFIX_PATH=/home/spiderweb/TestBase/install/more_interfaces:/home/spiderweb/TestBase/install/my_drone_bringup:/home/spiderweb/TestBase/install/my_station_pkg:/opt/ros/humble /usr/bin/cmake --install /home/spiderweb/TestBase/build/my_drone_bringup
[12.600s] Level 1:colcon.colcon_core.environment:checking '/home/spiderweb/TestBase/install/my_drone_bringup' for CMake config files
[12.603s] Level 1:colcon.colcon_core.shell:create_environment_hook('my_drone_bringup', 'cmake_prefix_path')
[12.608s] INFO:colcon.colcon_core.shell:Creating environment hook '/home/spiderweb/TestBase/install/my_drone_bringup/share/my_drone_bringup/hook/cmake_prefix_path.ps1'
[12.610s] INFO:colcon.colcon_core.shell:Creating environment descriptor '/home/spiderweb/TestBase/install/my_drone_bringup/share/my_drone_bringup/hook/cmake_prefix_path.dsv'
[12.612s] INFO:colcon.colcon_core.shell:Creating environment hook '/home/spiderweb/TestBase/install/my_drone_bringup/share/my_drone_bringup/hook/cmake_prefix_path.sh'
[12.615s] Level 1:colcon.colcon_core.environment:checking '/home/spiderweb/TestBase/install/my_drone_bringup/bin'
[12.616s] Level 1:colcon.colcon_core.environment:checking '/home/spiderweb/TestBase/install/my_drone_bringup/lib/pkgconfig/my_drone_bringup.pc'
[12.616s] Level 1:colcon.colcon_core.environment:checking '/home/spiderweb/TestBase/install/my_drone_bringup/lib/python3.10/site-packages'
[12.617s] Level 1:colcon.colcon_core.environment:checking '/home/spiderweb/TestBase/install/my_drone_bringup/bin'
[12.623s] INFO:colcon.colcon_core.shell:Creating package script '/home/spiderweb/TestBase/install/my_drone_bringup/share/my_drone_bringup/package.ps1'
[12.626s] INFO:colcon.colcon_core.shell:Creating package descriptor '/home/spiderweb/TestBase/install/my_drone_bringup/share/my_drone_bringup/package.dsv'
[12.627s] INFO:colcon.colcon_core.shell:Creating package script '/home/spiderweb/TestBase/install/my_drone_bringup/share/my_drone_bringup/package.sh'
[12.629s] INFO:colcon.colcon_core.shell:Creating package script '/home/spiderweb/TestBase/install/my_drone_bringup/share/my_drone_bringup/package.bash'
[12.631s] INFO:colcon.colcon_core.shell:Creating package script '/home/spiderweb/TestBase/install/my_drone_bringup/share/my_drone_bringup/package.zsh'
[12.633s] Level 1:colcon.colcon_core.environment:create_file_with_runtime_dependencies(/home/spiderweb/TestBase/install/my_drone_bringup/share/colcon-core/packages/my_drone_bringup)
[12.753s] Level 1:colcon.colcon_core.environment:create_environment_scripts_only(my_drone_bringup)
[12.764s] Level 1:colcon.colcon_core.environment:checking '/home/spiderweb/TestBase/install/my_drone_bringup' for CMake module files
[12.767s] Level 1:colcon.colcon_core.environment:checking '/home/spiderweb/TestBase/install/my_drone_bringup' for CMake config files
[12.770s] Level 1:colcon.colcon_core.shell:create_environment_hook('my_drone_bringup', 'cmake_prefix_path')
[12.775s] INFO:colcon.colcon_core.shell:Creating environment hook '/home/spiderweb/TestBase/install/my_drone_bringup/share/my_drone_bringup/hook/cmake_prefix_path.ps1'
[12.778s] INFO:colcon.colcon_core.shell:Creating environment descriptor '/home/spiderweb/TestBase/install/my_drone_bringup/share/my_drone_bringup/hook/cmake_prefix_path.dsv'
[12.780s] INFO:colcon.colcon_core.shell:Creating environment hook '/home/spiderweb/TestBase/install/my_drone_bringup/share/my_drone_bringup/hook/cmake_prefix_path.sh'
[12.783s] Level 1:colcon.colcon_core.environment:checking '/home/spiderweb/TestBase/install/my_drone_bringup/bin'
[12.784s] Level 1:colcon.colcon_core.environment:checking '/home/spiderweb/TestBase/install/my_drone_bringup/lib/pkgconfig/my_drone_bringup.pc'
[12.785s] Level 1:colcon.colcon_core.environment:checking '/home/spiderweb/TestBase/install/my_drone_bringup/lib/python3.10/site-packages'
[12.786s] Level 1:colcon.colcon_core.environment:checking '/home/spiderweb/TestBase/install/my_drone_bringup/bin'
[12.791s] INFO:colcon.colcon_core.shell:Creating package script '/home/spiderweb/TestBase/install/my_drone_bringup/share/my_drone_bringup/package.ps1'
[12.793s] INFO:colcon.colcon_core.shell:Creating package descriptor '/home/spiderweb/TestBase/install/my_drone_bringup/share/my_drone_bringup/package.dsv'
[12.795s] INFO:colcon.colcon_core.shell:Creating package script '/home/spiderweb/TestBase/install/my_drone_bringup/share/my_drone_bringup/package.sh'
[12.798s] INFO:colcon.colcon_core.shell:Creating package script '/home/spiderweb/TestBase/install/my_drone_bringup/share/my_drone_bringup/package.bash'
[12.799s] INFO:colcon.colcon_core.shell:Creating package script '/home/spiderweb/TestBase/install/my_drone_bringup/share/my_drone_bringup/package.zsh'
[12.801s] Level 1:colcon.colcon_core.environment:create_file_with_runtime_dependencies(/home/spiderweb/TestBase/install/my_drone_bringup/share/colcon-core/packages/my_drone_bringup)
[12.803s] DEBUG:colcon.colcon_parallel_executor.executor.parallel:closing loop
[12.804s] DEBUG:colcon.colcon_parallel_executor.executor.parallel:loop closed
[12.804s] DEBUG:colcon.colcon_parallel_executor.executor.parallel:run_until_complete finished with '0'
[12.804s] DEBUG:colcon.colcon_core.event_reactor:joining thread
[12.828s] INFO:colcon.colcon_core.plugin_system:Skipping extension 'colcon_notification.desktop_notification.notify_send': Could not find 'notify-send'
[12.828s] INFO:colcon.colcon_core.plugin_system:Skipping extension 'colcon_notification.desktop_notification.terminal_notifier': Not used on non-Darwin systems
[12.829s] INFO:colcon.colcon_core.plugin_system:Skipping extension 'colcon_notification.desktop_notification.win32': Not used on non-Windows systems
[12.829s] INFO:colcon.colcon_notification.desktop_notification:Sending desktop notification using 'notify2'
[12.832s] DEBUG:colcon.colcon_notification.desktop_notification.notify2:Failed to initialize notify2: org.freedesktop.DBus.Error.ServiceUnknown: The name org.freedesktop.Notifications was not provided by any .service files
[12.832s] DEBUG:colcon.colcon_core.event_reactor:joined thread
[12.837s] INFO:colcon.colcon_core.shell:Creating prefix script '/home/spiderweb/TestBase/install/local_setup.ps1'
[12.841s] INFO:colcon.colcon_core.shell:Creating prefix util module '/home/spiderweb/TestBase/install/_local_setup_util_ps1.py'
[12.848s] INFO:colcon.colcon_core.shell:Creating prefix chain script '/home/spiderweb/TestBase/install/setup.ps1'
[12.855s] INFO:colcon.colcon_core.shell:Creating prefix script '/home/spiderweb/TestBase/install/local_setup.sh'
[12.857s] INFO:colcon.colcon_core.shell:Creating prefix util module '/home/spiderweb/TestBase/install/_local_setup_util_sh.py'
[12.859s] INFO:colcon.colcon_core.shell:Creating prefix chain script '/home/spiderweb/TestBase/install/setup.sh'
[12.865s] INFO:colcon.colcon_core.shell:Creating prefix script '/home/spiderweb/TestBase/install/local_setup.bash'
[12.868s] INFO:colcon.colcon_core.shell:Creating prefix chain script '/home/spiderweb/TestBase/install/setup.bash'
[12.874s] INFO:colcon.colcon_core.shell:Creating prefix script '/home/spiderweb/TestBase/install/local_setup.zsh'
[12.877s] INFO:colcon.colcon_core.shell:Creating prefix chain script '/home/spiderweb/TestBase/install/setup.zsh'
