running egg_info
creating ../../build/my_station_pkg/my_station_pkg.egg-info
writing ../../build/my_station_pkg/my_station_pkg.egg-info/PKG-INFO
writing dependency_links to ../../build/my_station_pkg/my_station_pkg.egg-info/dependency_links.txt
writing entry points to ../../build/my_station_pkg/my_station_pkg.egg-info/entry_points.txt
writing requirements to ../../build/my_station_pkg/my_station_pkg.egg-info/requires.txt
writing top-level names to ../../build/my_station_pkg/my_station_pkg.egg-info/top_level.txt
writing manifest file '../../build/my_station_pkg/my_station_pkg.egg-info/SOURCES.txt'
reading manifest file '../../build/my_station_pkg/my_station_pkg.egg-info/SOURCES.txt'
writing manifest file '../../build/my_station_pkg/my_station_pkg.egg-info/SOURCES.txt'
running build
running build_py
creating /home/spiderweb/TestBase/build/my_station_pkg/build
creating /home/spiderweb/TestBase/build/my_station_pkg/build/lib
creating /home/spiderweb/TestBase/build/my_station_pkg/build/lib/my_station_pkg
copying my_station_pkg/drone_comms_node.py -> /home/spiderweb/TestBase/build/my_station_pkg/build/lib/my_station_pkg
copying my_station_pkg/serialrecv.py -> /home/spiderweb/TestBase/build/my_station_pkg/build/lib/my_station_pkg
copying my_station_pkg/__init__.py -> /home/spiderweb/TestBase/build/my_station_pkg/build/lib/my_station_pkg
copying my_station_pkg/telemetrypoll_node.py -> /home/spiderweb/TestBase/build/my_station_pkg/build/lib/my_station_pkg
running install
running install_lib
creating /home/spiderweb/TestBase/install/my_station_pkg/lib/python3.10/site-packages/my_station_pkg
copying /home/spiderweb/TestBase/build/my_station_pkg/build/lib/my_station_pkg/drone_comms_node.py -> /home/spiderweb/TestBase/install/my_station_pkg/lib/python3.10/site-packages/my_station_pkg
copying /home/spiderweb/TestBase/build/my_station_pkg/build/lib/my_station_pkg/serialrecv.py -> /home/spiderweb/TestBase/install/my_station_pkg/lib/python3.10/site-packages/my_station_pkg
copying /home/spiderweb/TestBase/build/my_station_pkg/build/lib/my_station_pkg/__init__.py -> /home/spiderweb/TestBase/install/my_station_pkg/lib/python3.10/site-packages/my_station_pkg
copying /home/spiderweb/TestBase/build/my_station_pkg/build/lib/my_station_pkg/telemetrypoll_node.py -> /home/spiderweb/TestBase/install/my_station_pkg/lib/python3.10/site-packages/my_station_pkg
byte-compiling /home/spiderweb/TestBase/install/my_station_pkg/lib/python3.10/site-packages/my_station_pkg/drone_comms_node.py to drone_comms_node.cpython-310.pyc
byte-compiling /home/spiderweb/TestBase/install/my_station_pkg/lib/python3.10/site-packages/my_station_pkg/serialrecv.py to serialrecv.cpython-310.pyc
byte-compiling /home/spiderweb/TestBase/install/my_station_pkg/lib/python3.10/site-packages/my_station_pkg/__init__.py to __init__.cpython-310.pyc
byte-compiling /home/spiderweb/TestBase/install/my_station_pkg/lib/python3.10/site-packages/my_station_pkg/telemetrypoll_node.py to telemetrypoll_node.cpython-310.pyc
running install_data
creating /home/spiderweb/TestBase/install/my_station_pkg/share/ament_index
creating /home/spiderweb/TestBase/install/my_station_pkg/share/ament_index/resource_index
creating /home/spiderweb/TestBase/install/my_station_pkg/share/ament_index/resource_index/packages
copying resource/my_station_pkg -> /home/spiderweb/TestBase/install/my_station_pkg/share/ament_index/resource_index/packages
copying package.xml -> /home/spiderweb/TestBase/install/my_station_pkg/share/my_station_pkg
running install_egg_info
Copying ../../build/my_station_pkg/my_station_pkg.egg-info to /home/spiderweb/TestBase/install/my_station_pkg/lib/python3.10/site-packages/my_station_pkg-0.0.0-py3.10.egg-info
running install_scripts
Installing drone_comms_node script to /home/spiderweb/TestBase/install/my_station_pkg/lib/my_station_pkg
Installing serialrecv script to /home/spiderweb/TestBase/install/my_station_pkg/lib/my_station_pkg
Installing telemetrypoll_node script to /home/spiderweb/TestBase/install/my_station_pkg/lib/my_station_pkg
writing list of installed files to '/home/spiderweb/TestBase/build/my_station_pkg/install.log'
