[3.142s] Invoking command in '/home/spiderweb/TestBase/src/my_station_pkg': CMAKE_PREFIX_PATH=/home/spiderweb/TestBase/install/more_interfaces:/home/spiderweb/TestBase/install/my_drone_bringup PYTHONPATH=/home/spiderweb/TestBase/build/my_station_pkg/prefix_override:/home/spiderweb/TestBase/install/my_station_pkg/lib/python3.10/site-packages:${PYTHONPATH} /usr/bin/python3 setup.py egg_info --egg-base ../../build/my_station_pkg build --build-base /home/spiderweb/TestBase/build/my_station_pkg/build install --record /home/spiderweb/TestBase/build/my_station_pkg/install.log --single-version-externally-managed
[4.329s] running egg_info
[4.333s] writing ../../build/my_station_pkg/my_station_pkg.egg-info/PKG-INFO
[4.335s] writing dependency_links to ../../build/my_station_pkg/my_station_pkg.egg-info/dependency_links.txt
[4.336s] writing entry points to ../../build/my_station_pkg/my_station_pkg.egg-info/entry_points.txt
[4.336s] writing requirements to ../../build/my_station_pkg/my_station_pkg.egg-info/requires.txt
[4.337s] writing top-level names to ../../build/my_station_pkg/my_station_pkg.egg-info/top_level.txt
[4.345s] reading manifest file '../../build/my_station_pkg/my_station_pkg.egg-info/SOURCES.txt'
[4.349s] writing manifest file '../../build/my_station_pkg/my_station_pkg.egg-info/SOURCES.txt'
[4.350s] running build
[4.350s] running build_py
[4.351s] copying my_station_pkg/serialrecv.py -> /home/spiderweb/TestBase/build/my_station_pkg/build/lib/my_station_pkg
[4.353s] running install
[4.354s] running install_lib
[4.358s] copying /home/spiderweb/TestBase/build/my_station_pkg/build/lib/my_station_pkg/serialrecv.py -> /home/spiderweb/TestBase/install/my_station_pkg/lib/python3.10/site-packages/my_station_pkg
[4.362s] byte-compiling /home/spiderweb/TestBase/install/my_station_pkg/lib/python3.10/site-packages/my_station_pkg/serialrecv.py to serialrecv.cpython-310.pyc
[4.367s] running install_data
[4.369s] running install_egg_info
[4.376s] removing '/home/spiderweb/TestBase/install/my_station_pkg/lib/python3.10/site-packages/my_station_pkg-0.0.0-py3.10.egg-info' (and everything under it)
[4.377s] Copying ../../build/my_station_pkg/my_station_pkg.egg-info to /home/spiderweb/TestBase/install/my_station_pkg/lib/python3.10/site-packages/my_station_pkg-0.0.0-py3.10.egg-info
[4.384s] running install_scripts
[4.455s] Installing drone_comms_node script to /home/spiderweb/TestBase/install/my_station_pkg/lib/my_station_pkg
[4.456s] Installing serialrecv script to /home/spiderweb/TestBase/install/my_station_pkg/lib/my_station_pkg
[4.456s] Installing telemetrypoll_node script to /home/spiderweb/TestBase/install/my_station_pkg/lib/my_station_pkg
[4.457s] Installing video_node script to /home/spiderweb/TestBase/install/my_station_pkg/lib/my_station_pkg
[4.459s] writing list of installed files to '/home/spiderweb/TestBase/build/my_station_pkg/install.log'
[4.594s] Invoked command in '/home/spiderweb/TestBase/src/my_station_pkg' returned '0': CMAKE_PREFIX_PATH=/home/spiderweb/TestBase/install/more_interfaces:/home/spiderweb/TestBase/install/my_drone_bringup PYTHONPATH=/home/spiderweb/TestBase/build/my_station_pkg/prefix_override:/home/spiderweb/TestBase/install/my_station_pkg/lib/python3.10/site-packages:${PYTHONPATH} /usr/bin/python3 setup.py egg_info --egg-base ../../build/my_station_pkg build --build-base /home/spiderweb/TestBase/build/my_station_pkg/build install --record /home/spiderweb/TestBase/build/my_station_pkg/install.log --single-version-externally-managed
