[3.099s] Invoking command in '/home/spiderweb/TestBase/src/my_station_pkg': CMAKE_PREFIX_PATH=/home/spiderweb/TestBase/install/more_interfaces:/home/spiderweb/TestBase/install/my_drone_bringup PYTHONPATH=/home/spiderweb/TestBase/build/my_station_pkg/prefix_override:/home/spiderweb/TestBase/install/my_station_pkg/lib/python3.10/site-packages:${PYTHONPATH} /usr/bin/python3 setup.py egg_info --egg-base ../../build/my_station_pkg build --build-base /home/spiderweb/TestBase/build/my_station_pkg/build install --record /home/spiderweb/TestBase/build/my_station_pkg/install.log --single-version-externally-managed
[4.302s] running egg_info
[4.304s] writing ../../build/my_station_pkg/my_station_pkg.egg-info/PKG-INFO
[4.306s] writing dependency_links to ../../build/my_station_pkg/my_station_pkg.egg-info/dependency_links.txt
[4.307s] writing entry points to ../../build/my_station_pkg/my_station_pkg.egg-info/entry_points.txt
[4.307s] writing requirements to ../../build/my_station_pkg/my_station_pkg.egg-info/requires.txt
[4.308s] writing top-level names to ../../build/my_station_pkg/my_station_pkg.egg-info/top_level.txt
[4.317s] reading manifest file '../../build/my_station_pkg/my_station_pkg.egg-info/SOURCES.txt'
[4.321s] writing manifest file '../../build/my_station_pkg/my_station_pkg.egg-info/SOURCES.txt'
[4.322s] running build
[4.322s] running build_py
[4.323s] copying my_station_pkg/serialrecv.py -> /home/spiderweb/TestBase/build/my_station_pkg/build/lib/my_station_pkg
[4.325s] running install
[4.326s] running install_lib
[4.330s] copying /home/spiderweb/TestBase/build/my_station_pkg/build/lib/my_station_pkg/serialrecv.py -> /home/spiderweb/TestBase/install/my_station_pkg/lib/python3.10/site-packages/my_station_pkg
[4.333s] byte-compiling /home/spiderweb/TestBase/install/my_station_pkg/lib/python3.10/site-packages/my_station_pkg/serialrecv.py to serialrecv.cpython-310.pyc
[4.338s] running install_data
[4.340s] running install_egg_info
[4.347s] removing '/home/spiderweb/TestBase/install/my_station_pkg/lib/python3.10/site-packages/my_station_pkg-0.0.0-py3.10.egg-info' (and everything under it)
[4.348s] Copying ../../build/my_station_pkg/my_station_pkg.egg-info to /home/spiderweb/TestBase/install/my_station_pkg/lib/python3.10/site-packages/my_station_pkg-0.0.0-py3.10.egg-info
[4.355s] running install_scripts
[4.428s] Installing drone_comms_node script to /home/spiderweb/TestBase/install/my_station_pkg/lib/my_station_pkg
[4.430s] Installing serialrecv script to /home/spiderweb/TestBase/install/my_station_pkg/lib/my_station_pkg
[4.431s] Installing telemetrypoll_node script to /home/spiderweb/TestBase/install/my_station_pkg/lib/my_station_pkg
[4.432s] writing list of installed files to '/home/spiderweb/TestBase/build/my_station_pkg/install.log'
[4.568s] Invoked command in '/home/spiderweb/TestBase/src/my_station_pkg' returned '0': CMAKE_PREFIX_PATH=/home/spiderweb/TestBase/install/more_interfaces:/home/spiderweb/TestBase/install/my_drone_bringup PYTHONPATH=/home/spiderweb/TestBase/build/my_station_pkg/prefix_override:/home/spiderweb/TestBase/install/my_station_pkg/lib/python3.10/site-packages:${PYTHONPATH} /usr/bin/python3 setup.py egg_info --egg-base ../../build/my_station_pkg build --build-base /home/spiderweb/TestBase/build/my_station_pkg/build install --record /home/spiderweb/TestBase/build/my_station_pkg/install.log --single-version-externally-managed
