[  1%] Built target more_interfaces__cpp
[ 12%] Built target more_interfaces__rosidl_generator_c
[ 12%] Built target ament_cmake_python_copy_more_interfaces
[ 24%] Built target more_interfaces__rosidl_typesupport_cpp
[ 47%] Built target more_interfaces__rosidl_typesupport_introspection_cpp
[ 46%] Built target more_interfaces__rosidl_typesupport_fastrtps_cpp
[ 58%] Built target more_interfaces__rosidl_typesupport_fastrtps_c
[ 70%] Built target more_interfaces__rosidl_typesupport_introspection_c
[ 82%] Built target more_interfaces__rosidl_typesupport_c
[ 82%] Built target more_interfaces
[ 83%] Built target more_interfaces__py
[ 93%] Built target more_interfaces__rosidl_generator_py
[ 95%] Built target more_interfaces__rosidl_typesupport_fastrtps_c__pyext
[ 97%] Built target more_interfaces__rosidl_typesupport_introspection_c__pyext
[100%] Built target more_interfaces__rosidl_typesupport_c__pyext
running egg_info
writing more_interfaces.egg-info/PKG-INFO
writing dependency_links to more_interfaces.egg-info/dependency_links.txt
writing top-level names to more_interfaces.egg-info/top_level.txt
reading manifest file 'more_interfaces.egg-info/SOURCES.txt'
writing manifest file 'more_interfaces.egg-info/SOURCES.txt'
[100%] Built target ament_cmake_python_build_more_interfaces_egg
