[3.076s] Invoking command in '/home/spiderweb/TestBase/src/my_station_pkg': CMAKE_PREFIX_PATH=/home/spiderweb/TestBase/install/more_interfaces:/home/spiderweb/TestBase/install/my_drone_bringup PYTHONPATH=/home/spiderweb/TestBase/build/my_station_pkg/prefix_override:/home/spiderweb/TestBase/install/my_station_pkg/lib/python3.10/site-packages:${PYTHONPATH} /usr/bin/python3 setup.py egg_info --egg-base ../../build/my_station_pkg build --build-base /home/spiderweb/TestBase/build/my_station_pkg/build install --record /home/spiderweb/TestBase/build/my_station_pkg/install.log --single-version-externally-managed
[4.240s] running egg_info
[4.242s] writing ../../build/my_station_pkg/my_station_pkg.egg-info/PKG-INFO
[4.243s] writing dependency_links to ../../build/my_station_pkg/my_station_pkg.egg-info/dependency_links.txt
[4.244s] writing entry points to ../../build/my_station_pkg/my_station_pkg.egg-info/entry_points.txt
[4.245s] writing requirements to ../../build/my_station_pkg/my_station_pkg.egg-info/requires.txt
[4.245s] writing top-level names to ../../build/my_station_pkg/my_station_pkg.egg-info/top_level.txt
[4.255s] reading manifest file '../../build/my_station_pkg/my_station_pkg.egg-info/SOURCES.txt'
[4.259s] writing manifest file '../../build/my_station_pkg/my_station_pkg.egg-info/SOURCES.txt'
[4.259s] running build
[4.260s] running build_py
[4.261s] copying my_station_pkg/serialrecv.py -> /home/spiderweb/TestBase/build/my_station_pkg/build/lib/my_station_pkg
[4.263s] running install
[4.264s] running install_lib
[4.267s] copying /home/spiderweb/TestBase/build/my_station_pkg/build/lib/my_station_pkg/serialrecv.py -> /home/spiderweb/TestBase/install/my_station_pkg/lib/python3.10/site-packages/my_station_pkg
[4.270s] byte-compiling /home/spiderweb/TestBase/install/my_station_pkg/lib/python3.10/site-packages/my_station_pkg/serialrecv.py to serialrecv.cpython-310.pyc
[4.276s] running install_data
[4.278s] running install_egg_info
[4.285s] removing '/home/spiderweb/TestBase/install/my_station_pkg/lib/python3.10/site-packages/my_station_pkg-0.0.0-py3.10.egg-info' (and everything under it)
[4.287s] Copying ../../build/my_station_pkg/my_station_pkg.egg-info to /home/spiderweb/TestBase/install/my_station_pkg/lib/python3.10/site-packages/my_station_pkg-0.0.0-py3.10.egg-info
[4.292s] running install_scripts
[4.364s] Installing drone_comms_node script to /home/spiderweb/TestBase/install/my_station_pkg/lib/my_station_pkg
[4.365s] Installing serialrecv script to /home/spiderweb/TestBase/install/my_station_pkg/lib/my_station_pkg
[4.366s] Installing telemetrypoll_node script to /home/spiderweb/TestBase/install/my_station_pkg/lib/my_station_pkg
[4.367s] writing list of installed files to '/home/spiderweb/TestBase/build/my_station_pkg/install.log'
[4.503s] Invoked command in '/home/spiderweb/TestBase/src/my_station_pkg' returned '0': CMAKE_PREFIX_PATH=/home/spiderweb/TestBase/install/more_interfaces:/home/spiderweb/TestBase/install/my_drone_bringup PYTHONPATH=/home/spiderweb/TestBase/build/my_station_pkg/prefix_override:/home/spiderweb/TestBase/install/my_station_pkg/lib/python3.10/site-packages:${PYTHONPATH} /usr/bin/python3 setup.py egg_info --egg-base ../../build/my_station_pkg build --build-base /home/spiderweb/TestBase/build/my_station_pkg/build install --record /home/spiderweb/TestBase/build/my_station_pkg/install.log --single-version-externally-managed
