[0.069s] Invoking command in '/home/spiderweb/TestBase/build/more_interfaces': CMAKE_PREFIX_PATH=${CMAKE_PREFIX_PATH}:/home/spiderweb/TestBase/install/my_station_pkg:/opt/ros/humble /usr/bin/cmake --build /home/spiderweb/TestBase/build/more_interfaces -- -j4 -l4
[0.314s] [  1%] Built target more_interfaces__cpp
[0.332s] [ 12%] Built target more_interfaces__rosidl_generator_c
[0.422s] [ 12%] Built target ament_cmake_python_copy_more_interfaces
[0.433s] [ 24%] Built target more_interfaces__rosidl_typesupport_cpp
[0.490s] [ 35%] Built target more_interfaces__rosidl_typesupport_introspection_cpp
[0.521s] [ 47%] Built target more_interfaces__rosidl_typesupport_fastrtps_cpp
[0.557s] [ 58%] Built target more_interfaces__rosidl_typesupport_fastrtps_c
[0.573s] [ 70%] Built target more_interfaces__rosidl_typesupport_introspection_c
[0.604s] [ 82%] Built target more_interfaces__rosidl_typesupport_c
[0.695s] [ 82%] Built target more_interfaces
[0.820s] [ 83%] Built target more_interfaces__py
[0.974s] [ 93%] Built target more_interfaces__rosidl_generator_py
[1.131s] [ 95%] Built target more_interfaces__rosidl_typesupport_fastrtps_c__pyext
[1.171s] [ 97%] Built target more_interfaces__rosidl_typesupport_introspection_c__pyext
[1.229s] [100%] Built target more_interfaces__rosidl_typesupport_c__pyext
[2.012s] running egg_info
[2.014s] writing more_interfaces.egg-info/PKG-INFO
[2.015s] writing dependency_links to more_interfaces.egg-info/dependency_links.txt
[2.016s] writing top-level names to more_interfaces.egg-info/top_level.txt
[2.027s] reading manifest file 'more_interfaces.egg-info/SOURCES.txt'
[2.030s] writing manifest file 'more_interfaces.egg-info/SOURCES.txt'
[2.164s] [100%] Built target ament_cmake_python_build_more_interfaces_egg
[2.215s] Invoked command in '/home/spiderweb/TestBase/build/more_interfaces' returned '0': CMAKE_PREFIX_PATH=${CMAKE_PREFIX_PATH}:/home/spiderweb/TestBase/install/my_station_pkg:/opt/ros/humble /usr/bin/cmake --build /home/spiderweb/TestBase/build/more_interfaces -- -j4 -l4
[3.805s] Invoking command in '/home/spiderweb/TestBase/build/more_interfaces': CMAKE_PREFIX_PATH=${CMAKE_PREFIX_PATH}:/home/spiderweb/TestBase/install/my_station_pkg:/opt/ros/humble /usr/bin/cmake --install /home/spiderweb/TestBase/build/more_interfaces
[3.835s] -- Install configuration: ""
[3.836s] -- Up-to-date: /home/spiderweb/TestBase/install/more_interfaces/share/ament_index/resource_index/rosidl_interfaces/more_interfaces
[3.837s] -- Up-to-date: /home/spiderweb/TestBase/install/more_interfaces/include/more_interfaces/more_interfaces
[3.837s] -- Up-to-date: /home/spiderweb/TestBase/install/more_interfaces/include/more_interfaces/more_interfaces/srv
[3.837s] -- Up-to-date: /home/spiderweb/TestBase/install/more_interfaces/include/more_interfaces/more_interfaces/srv/timer.h
[3.838s] -- Up-to-date: /home/spiderweb/TestBase/install/more_interfaces/include/more_interfaces/more_interfaces/srv/arduino1.h
[3.838s] -- Up-to-date: /home/spiderweb/TestBase/install/more_interfaces/include/more_interfaces/more_interfaces/srv/detail
[3.839s] -- Up-to-date: /home/spiderweb/TestBase/install/more_interfaces/include/more_interfaces/more_interfaces/srv/detail/comms__type_support.h
[3.839s] -- Up-to-date: /home/spiderweb/TestBase/install/more_interfaces/include/more_interfaces/more_interfaces/srv/detail/trigger__type_support.h
[3.840s] -- Up-to-date: /home/spiderweb/TestBase/install/more_interfaces/include/more_interfaces/more_interfaces/srv/detail/alert__functions.c
[3.840s] -- Up-to-date: /home/spiderweb/TestBase/install/more_interfaces/include/more_interfaces/more_interfaces/srv/detail/arduino1__functions.c
[3.841s] -- Up-to-date: /home/spiderweb/TestBase/install/more_interfaces/include/more_interfaces/more_interfaces/srv/detail/trigger__functions.c
[3.841s] -- Up-to-date: /home/spiderweb/TestBase/install/more_interfaces/include/more_interfaces/more_interfaces/srv/detail/comms__struct.h
[3.842s] -- Up-to-date: /home/spiderweb/TestBase/install/more_interfaces/include/more_interfaces/more_interfaces/srv/detail/trigger__functions.h
[3.842s] -- Up-to-date: /home/spiderweb/TestBase/install/more_interfaces/include/more_interfaces/more_interfaces/srv/detail/trigger__struct.h
[3.843s] -- Up-to-date: /home/spiderweb/TestBase/install/more_interfaces/include/more_interfaces/more_interfaces/srv/detail/arduino1__functions.h
[3.843s] -- Up-to-date: /home/spiderweb/TestBase/install/more_interfaces/include/more_interfaces/more_interfaces/srv/detail/alert__type_support.h
[3.844s] -- Up-to-date: /home/spiderweb/TestBase/install/more_interfaces/include/more_interfaces/more_interfaces/srv/detail/error__type_support.h
[3.844s] -- Up-to-date: /home/spiderweb/TestBase/install/more_interfaces/include/more_interfaces/more_interfaces/srv/detail/mission__functions.h
[3.844s] -- Up-to-date: /home/spiderweb/TestBase/install/more_interfaces/include/more_interfaces/more_interfaces/srv/detail/comms__functions.c
[3.845s] -- Up-to-date: /home/spiderweb/TestBase/install/more_interfaces/include/more_interfaces/more_interfaces/srv/detail/error__functions.h
[3.845s] -- Up-to-date: /home/spiderweb/TestBase/install/more_interfaces/include/more_interfaces/more_interfaces/srv/detail/mission__type_support.h
[3.846s] -- Up-to-date: /home/spiderweb/TestBase/install/more_interfaces/include/more_interfaces/more_interfaces/srv/detail/alert__struct.h
[3.846s] -- Up-to-date: /home/spiderweb/TestBase/install/more_interfaces/include/more_interfaces/more_interfaces/srv/detail/error__struct.h
[3.847s] -- Up-to-date: /home/spiderweb/TestBase/install/more_interfaces/include/more_interfaces/more_interfaces/srv/detail/timer__functions.h
[3.847s] -- Up-to-date: /home/spiderweb/TestBase/install/more_interfaces/include/more_interfaces/more_interfaces/srv/detail/arduino1__struct.h
[3.848s] -- Up-to-date: /home/spiderweb/TestBase/install/more_interfaces/include/more_interfaces/more_interfaces/srv/detail/comms__functions.h
[3.848s] -- Up-to-date: /home/spiderweb/TestBase/install/more_interfaces/include/more_interfaces/more_interfaces/srv/detail/string__struct.h
[3.849s] -- Up-to-date: /home/spiderweb/TestBase/install/more_interfaces/include/more_interfaces/more_interfaces/srv/detail/string__type_support.h
[3.849s] -- Up-to-date: /home/spiderweb/TestBase/install/more_interfaces/include/more_interfaces/more_interfaces/srv/detail/timer__functions.c
[3.850s] -- Up-to-date: /home/spiderweb/TestBase/install/more_interfaces/include/more_interfaces/more_interfaces/srv/detail/timer__struct.h
[3.850s] -- Up-to-date: /home/spiderweb/TestBase/install/more_interfaces/include/more_interfaces/more_interfaces/srv/detail/string__functions.c
[3.851s] -- Up-to-date: /home/spiderweb/TestBase/install/more_interfaces/include/more_interfaces/more_interfaces/srv/detail/alert__functions.h
[3.851s] -- Up-to-date: /home/spiderweb/TestBase/install/more_interfaces/include/more_interfaces/more_interfaces/srv/detail/arduino1__type_support.h
[3.851s] -- Up-to-date: /home/spiderweb/TestBase/install/more_interfaces/include/more_interfaces/more_interfaces/srv/detail/mission__struct.h
[3.852s] -- Up-to-date: /home/spiderweb/TestBase/install/more_interfaces/include/more_interfaces/more_interfaces/srv/detail/error__functions.c
[3.852s] -- Up-to-date: /home/spiderweb/TestBase/install/more_interfaces/include/more_interfaces/more_interfaces/srv/detail/mission__functions.c
[3.853s] -- Up-to-date: /home/spiderweb/TestBase/install/more_interfaces/include/more_interfaces/more_interfaces/srv/detail/string__functions.h
[3.853s] -- Up-to-date: /home/spiderweb/TestBase/install/more_interfaces/include/more_interfaces/more_interfaces/srv/detail/timer__type_support.h
[3.853s] -- Up-to-date: /home/spiderweb/TestBase/install/more_interfaces/include/more_interfaces/more_interfaces/srv/mission.h
[3.854s] -- Up-to-date: /home/spiderweb/TestBase/install/more_interfaces/include/more_interfaces/more_interfaces/srv/alert.h
[3.854s] -- Up-to-date: /home/spiderweb/TestBase/install/more_interfaces/include/more_interfaces/more_interfaces/srv/comms.h
[3.855s] -- Up-to-date: /home/spiderweb/TestBase/install/more_interfaces/include/more_interfaces/more_interfaces/srv/error.h
[3.855s] -- Up-to-date: /home/spiderweb/TestBase/install/more_interfaces/include/more_interfaces/more_interfaces/srv/trigger.h
[3.856s] -- Up-to-date: /home/spiderweb/TestBase/install/more_interfaces/include/more_interfaces/more_interfaces/srv/string.h
[3.856s] -- Up-to-date: /home/spiderweb/TestBase/install/more_interfaces/include/more_interfaces/more_interfaces/msg
[3.857s] -- Up-to-date: /home/spiderweb/TestBase/install/more_interfaces/include/more_interfaces/more_interfaces/msg/rosidl_generator_c__visibility_control.h
[3.857s] -- Up-to-date: /home/spiderweb/TestBase/install/more_interfaces/include/more_interfaces/more_interfaces/msg/detail
[3.857s] -- Up-to-date: /home/spiderweb/TestBase/install/more_interfaces/include/more_interfaces/more_interfaces/msg/detail/trials1__functions.h
[3.858s] -- Up-to-date: /home/spiderweb/TestBase/install/more_interfaces/include/more_interfaces/more_interfaces/msg/detail/trials1__functions.c
[3.858s] -- Up-to-date: /home/spiderweb/TestBase/install/more_interfaces/include/more_interfaces/more_interfaces/msg/detail/trials1__type_support.h
[3.859s] -- Up-to-date: /home/spiderweb/TestBase/install/more_interfaces/include/more_interfaces/more_interfaces/msg/detail/trials1__struct.h
[3.859s] -- Up-to-date: /home/spiderweb/TestBase/install/more_interfaces/include/more_interfaces/more_interfaces/msg/trials1.h
[3.860s] -- Up-to-date: /home/spiderweb/TestBase/install/more_interfaces/share/more_interfaces/environment/library_path.sh
[3.860s] -- Up-to-date: /home/spiderweb/TestBase/install/more_interfaces/share/more_interfaces/environment/library_path.dsv
[3.860s] -- Up-to-date: /home/spiderweb/TestBase/install/more_interfaces/lib/libmore_interfaces__rosidl_generator_c.so
[3.861s] -- Up-to-date: /home/spiderweb/TestBase/install/more_interfaces/include/more_interfaces/more_interfaces
[3.861s] -- Up-to-date: /home/spiderweb/TestBase/install/more_interfaces/include/more_interfaces/more_interfaces/srv
[3.862s] -- Up-to-date: /home/spiderweb/TestBase/install/more_interfaces/include/more_interfaces/more_interfaces/srv/detail
[3.862s] -- Up-to-date: /home/spiderweb/TestBase/install/more_interfaces/include/more_interfaces/more_interfaces/srv/detail/error__rosidl_typesupport_fastrtps_c.h
[3.862s] -- Up-to-date: /home/spiderweb/TestBase/install/more_interfaces/include/more_interfaces/more_interfaces/srv/detail/arduino1__rosidl_typesupport_fastrtps_c.h
[3.863s] -- Up-to-date: /home/spiderweb/TestBase/install/more_interfaces/include/more_interfaces/more_interfaces/srv/detail/string__rosidl_typesupport_fastrtps_c.h
[3.863s] -- Up-to-date: /home/spiderweb/TestBase/install/more_interfaces/include/more_interfaces/more_interfaces/srv/detail/timer__rosidl_typesupport_fastrtps_c.h
[3.864s] -- Up-to-date: /home/spiderweb/TestBase/install/more_interfaces/include/more_interfaces/more_interfaces/srv/detail/alert__rosidl_typesupport_fastrtps_c.h
[3.864s] -- Up-to-date: /home/spiderweb/TestBase/install/more_interfaces/include/more_interfaces/more_interfaces/srv/detail/trigger__rosidl_typesupport_fastrtps_c.h
[3.865s] -- Up-to-date: /home/spiderweb/TestBase/install/more_interfaces/include/more_interfaces/more_interfaces/srv/detail/mission__rosidl_typesupport_fastrtps_c.h
[3.865s] -- Up-to-date: /home/spiderweb/TestBase/install/more_interfaces/include/more_interfaces/more_interfaces/srv/detail/comms__rosidl_typesupport_fastrtps_c.h
[3.865s] -- Up-to-date: /home/spiderweb/TestBase/install/more_interfaces/include/more_interfaces/more_interfaces/msg
[3.866s] -- Up-to-date: /home/spiderweb/TestBase/install/more_interfaces/include/more_interfaces/more_interfaces/msg/rosidl_typesupport_fastrtps_c__visibility_control.h
[3.866s] -- Up-to-date: /home/spiderweb/TestBase/install/more_interfaces/include/more_interfaces/more_interfaces/msg/detail
[3.867s] -- Up-to-date: /home/spiderweb/TestBase/install/more_interfaces/include/more_interfaces/more_interfaces/msg/detail/trials1__rosidl_typesupport_fastrtps_c.h
[3.867s] -- Up-to-date: /home/spiderweb/TestBase/install/more_interfaces/lib/libmore_interfaces__rosidl_typesupport_fastrtps_c.so
[3.868s] -- Up-to-date: /home/spiderweb/TestBase/install/more_interfaces/include/more_interfaces/more_interfaces
[3.868s] -- Up-to-date: /home/spiderweb/TestBase/install/more_interfaces/include/more_interfaces/more_interfaces/srv
[3.869s] -- Up-to-date: /home/spiderweb/TestBase/install/more_interfaces/include/more_interfaces/more_interfaces/srv/detail
[3.869s] -- Up-to-date: /home/spiderweb/TestBase/install/more_interfaces/include/more_interfaces/more_interfaces/srv/detail/arduino1__type_support.c
[3.869s] -- Up-to-date: /home/spiderweb/TestBase/install/more_interfaces/include/more_interfaces/more_interfaces/srv/detail/timer__rosidl_typesupport_introspection_c.h
[3.870s] -- Up-to-date: /home/spiderweb/TestBase/install/more_interfaces/include/more_interfaces/more_interfaces/srv/detail/trigger__rosidl_typesupport_introspection_c.h
[3.870s] -- Up-to-date: /home/spiderweb/TestBase/install/more_interfaces/include/more_interfaces/more_interfaces/srv/detail/arduino1__rosidl_typesupport_introspection_c.h
[3.871s] -- Up-to-date: /home/spiderweb/TestBase/install/more_interfaces/include/more_interfaces/more_interfaces/srv/detail/mission__type_support.c
[3.871s] -- Up-to-date: /home/spiderweb/TestBase/install/more_interfaces/include/more_interfaces/more_interfaces/srv/detail/error__type_support.c
[3.871s] -- Up-to-date: /home/spiderweb/TestBase/install/more_interfaces/include/more_interfaces/more_interfaces/srv/detail/timer__type_support.c
[3.872s] -- Up-to-date: /home/spiderweb/TestBase/install/more_interfaces/include/more_interfaces/more_interfaces/srv/detail/alert__rosidl_typesupport_introspection_c.h
[3.872s] -- Up-to-date: /home/spiderweb/TestBase/install/more_interfaces/include/more_interfaces/more_interfaces/srv/detail/error__rosidl_typesupport_introspection_c.h
[3.873s] -- Up-to-date: /home/spiderweb/TestBase/install/more_interfaces/include/more_interfaces/more_interfaces/srv/detail/comms__type_support.c
[3.873s] -- Up-to-date: /home/spiderweb/TestBase/install/more_interfaces/include/more_interfaces/more_interfaces/srv/detail/string__rosidl_typesupport_introspection_c.h
[3.873s] -- Up-to-date: /home/spiderweb/TestBase/install/more_interfaces/include/more_interfaces/more_interfaces/srv/detail/mission__rosidl_typesupport_introspection_c.h
[3.874s] -- Up-to-date: /home/spiderweb/TestBase/install/more_interfaces/include/more_interfaces/more_interfaces/srv/detail/string__type_support.c
[3.874s] -- Up-to-date: /home/spiderweb/TestBase/install/more_interfaces/include/more_interfaces/more_interfaces/srv/detail/trigger__type_support.c
[3.875s] -- Up-to-date: /home/spiderweb/TestBase/install/more_interfaces/include/more_interfaces/more_interfaces/srv/detail/comms__rosidl_typesupport_introspection_c.h
[3.875s] -- Up-to-date: /home/spiderweb/TestBase/install/more_interfaces/include/more_interfaces/more_interfaces/srv/detail/alert__type_support.c
[3.876s] -- Up-to-date: /home/spiderweb/TestBase/install/more_interfaces/include/more_interfaces/more_interfaces/msg
[3.877s] -- Up-to-date: /home/spiderweb/TestBase/install/more_interfaces/include/more_interfaces/more_interfaces/msg/detail
[3.877s] -- Up-to-date: /home/spiderweb/TestBase/install/more_interfaces/include/more_interfaces/more_interfaces/msg/detail/trials1__type_support.c
[3.878s] -- Up-to-date: /home/spiderweb/TestBase/install/more_interfaces/include/more_interfaces/more_interfaces/msg/detail/trials1__rosidl_typesupport_introspection_c.h
[3.878s] -- Up-to-date: /home/spiderweb/TestBase/install/more_interfaces/include/more_interfaces/more_interfaces/msg/rosidl_typesupport_introspection_c__visibility_control.h
[3.879s] -- Up-to-date: /home/spiderweb/TestBase/install/more_interfaces/lib/libmore_interfaces__rosidl_typesupport_introspection_c.so
[3.879s] -- Up-to-date: /home/spiderweb/TestBase/install/more_interfaces/lib/libmore_interfaces__rosidl_typesupport_c.so
[3.880s] -- Up-to-date: /home/spiderweb/TestBase/install/more_interfaces/include/more_interfaces/more_interfaces
[3.880s] -- Up-to-date: /home/spiderweb/TestBase/install/more_interfaces/include/more_interfaces/more_interfaces/srv
[3.880s] -- Up-to-date: /home/spiderweb/TestBase/install/more_interfaces/include/more_interfaces/more_interfaces/srv/arduino1.hpp
[3.881s] -- Up-to-date: /home/spiderweb/TestBase/install/more_interfaces/include/more_interfaces/more_interfaces/srv/alert.hpp
[3.881s] -- Up-to-date: /home/spiderweb/TestBase/install/more_interfaces/include/more_interfaces/more_interfaces/srv/detail
[3.882s] -- Up-to-date: /home/spiderweb/TestBase/install/more_interfaces/include/more_interfaces/more_interfaces/srv/detail/trigger__struct.hpp
[3.882s] -- Up-to-date: /home/spiderweb/TestBase/install/more_interfaces/include/more_interfaces/more_interfaces/srv/detail/error__struct.hpp
[3.883s] -- Up-to-date: /home/spiderweb/TestBase/install/more_interfaces/include/more_interfaces/more_interfaces/srv/detail/alert__struct.hpp
[3.883s] -- Up-to-date: /home/spiderweb/TestBase/install/more_interfaces/include/more_interfaces/more_interfaces/srv/detail/comms__traits.hpp
[3.884s] -- Up-to-date: /home/spiderweb/TestBase/install/more_interfaces/include/more_interfaces/more_interfaces/srv/detail/comms__struct.hpp
[3.884s] -- Up-to-date: /home/spiderweb/TestBase/install/more_interfaces/include/more_interfaces/more_interfaces/srv/detail/string__builder.hpp
[3.884s] -- Up-to-date: /home/spiderweb/TestBase/install/more_interfaces/include/more_interfaces/more_interfaces/srv/detail/arduino1__traits.hpp
[3.885s] -- Up-to-date: /home/spiderweb/TestBase/install/more_interfaces/include/more_interfaces/more_interfaces/srv/detail/arduino1__struct.hpp
[3.885s] -- Up-to-date: /home/spiderweb/TestBase/install/more_interfaces/include/more_interfaces/more_interfaces/srv/detail/arduino1__builder.hpp
[3.886s] -- Up-to-date: /home/spiderweb/TestBase/install/more_interfaces/include/more_interfaces/more_interfaces/srv/detail/timer__builder.hpp
[3.886s] -- Up-to-date: /home/spiderweb/TestBase/install/more_interfaces/include/more_interfaces/more_interfaces/srv/detail/mission__builder.hpp
[3.887s] -- Up-to-date: /home/spiderweb/TestBase/install/more_interfaces/include/more_interfaces/more_interfaces/srv/detail/string__struct.hpp
[3.887s] -- Up-to-date: /home/spiderweb/TestBase/install/more_interfaces/include/more_interfaces/more_interfaces/srv/detail/string__traits.hpp
[3.888s] -- Up-to-date: /home/spiderweb/TestBase/install/more_interfaces/include/more_interfaces/more_interfaces/srv/detail/trigger__traits.hpp
[3.888s] -- Up-to-date: /home/spiderweb/TestBase/install/more_interfaces/include/more_interfaces/more_interfaces/srv/detail/trigger__builder.hpp
[3.888s] -- Up-to-date: /home/spiderweb/TestBase/install/more_interfaces/include/more_interfaces/more_interfaces/srv/detail/alert__traits.hpp
[3.889s] -- Up-to-date: /home/spiderweb/TestBase/install/more_interfaces/include/more_interfaces/more_interfaces/srv/detail/mission__struct.hpp
[3.889s] -- Up-to-date: /home/spiderweb/TestBase/install/more_interfaces/include/more_interfaces/more_interfaces/srv/detail/error__traits.hpp
[3.890s] -- Up-to-date: /home/spiderweb/TestBase/install/more_interfaces/include/more_interfaces/more_interfaces/srv/detail/alert__builder.hpp
[3.890s] -- Up-to-date: /home/spiderweb/TestBase/install/more_interfaces/include/more_interfaces/more_interfaces/srv/detail/error__builder.hpp
[3.891s] -- Up-to-date: /home/spiderweb/TestBase/install/more_interfaces/include/more_interfaces/more_interfaces/srv/detail/timer__struct.hpp
[3.891s] -- Up-to-date: /home/spiderweb/TestBase/install/more_interfaces/include/more_interfaces/more_interfaces/srv/detail/timer__traits.hpp
[3.892s] -- Up-to-date: /home/spiderweb/TestBase/install/more_interfaces/include/more_interfaces/more_interfaces/srv/detail/mission__traits.hpp
[3.892s] -- Up-to-date: /home/spiderweb/TestBase/install/more_interfaces/include/more_interfaces/more_interfaces/srv/detail/comms__builder.hpp
[3.892s] -- Up-to-date: /home/spiderweb/TestBase/install/more_interfaces/include/more_interfaces/more_interfaces/srv/mission.hpp
[3.893s] -- Up-to-date: /home/spiderweb/TestBase/install/more_interfaces/include/more_interfaces/more_interfaces/srv/comms.hpp
[3.893s] -- Up-to-date: /home/spiderweb/TestBase/install/more_interfaces/include/more_interfaces/more_interfaces/srv/trigger.hpp
[3.894s] -- Up-to-date: /home/spiderweb/TestBase/install/more_interfaces/include/more_interfaces/more_interfaces/srv/string.hpp
[3.894s] -- Up-to-date: /home/spiderweb/TestBase/install/more_interfaces/include/more_interfaces/more_interfaces/srv/timer.hpp
[3.894s] -- Up-to-date: /home/spiderweb/TestBase/install/more_interfaces/include/more_interfaces/more_interfaces/srv/error.hpp
[3.895s] -- Up-to-date: /home/spiderweb/TestBase/install/more_interfaces/include/more_interfaces/more_interfaces/msg
[3.895s] -- Up-to-date: /home/spiderweb/TestBase/install/more_interfaces/include/more_interfaces/more_interfaces/msg/detail
[3.896s] -- Up-to-date: /home/spiderweb/TestBase/install/more_interfaces/include/more_interfaces/more_interfaces/msg/detail/trials1__struct.hpp
[3.896s] -- Up-to-date: /home/spiderweb/TestBase/install/more_interfaces/include/more_interfaces/more_interfaces/msg/detail/trials1__traits.hpp
[3.896s] -- Up-to-date: /home/spiderweb/TestBase/install/more_interfaces/include/more_interfaces/more_interfaces/msg/detail/trials1__builder.hpp
[3.897s] -- Up-to-date: /home/spiderweb/TestBase/install/more_interfaces/include/more_interfaces/more_interfaces/msg/trials1.hpp
[3.897s] -- Up-to-date: /home/spiderweb/TestBase/install/more_interfaces/include/more_interfaces/more_interfaces
[3.898s] -- Up-to-date: /home/spiderweb/TestBase/install/more_interfaces/include/more_interfaces/more_interfaces/srv
[3.898s] -- Up-to-date: /home/spiderweb/TestBase/install/more_interfaces/include/more_interfaces/more_interfaces/srv/detail
[3.899s] -- Up-to-date: /home/spiderweb/TestBase/install/more_interfaces/include/more_interfaces/more_interfaces/srv/detail/comms__rosidl_typesupport_fastrtps_cpp.hpp
[3.899s] -- Up-to-date: /home/spiderweb/TestBase/install/more_interfaces/include/more_interfaces/more_interfaces/srv/detail/error__rosidl_typesupport_fastrtps_cpp.hpp
[3.900s] -- Up-to-date: /home/spiderweb/TestBase/install/more_interfaces/include/more_interfaces/more_interfaces/srv/detail/trigger__rosidl_typesupport_fastrtps_cpp.hpp
[3.900s] -- Up-to-date: /home/spiderweb/TestBase/install/more_interfaces/include/more_interfaces/more_interfaces/srv/detail/mission__rosidl_typesupport_fastrtps_cpp.hpp
[3.900s] -- Up-to-date: /home/spiderweb/TestBase/install/more_interfaces/include/more_interfaces/more_interfaces/srv/detail/dds_fastrtps
[3.901s] -- Up-to-date: /home/spiderweb/TestBase/install/more_interfaces/include/more_interfaces/more_interfaces/srv/detail/arduino1__rosidl_typesupport_fastrtps_cpp.hpp
[3.901s] -- Up-to-date: /home/spiderweb/TestBase/install/more_interfaces/include/more_interfaces/more_interfaces/srv/detail/string__rosidl_typesupport_fastrtps_cpp.hpp
[3.902s] -- Up-to-date: /home/spiderweb/TestBase/install/more_interfaces/include/more_interfaces/more_interfaces/srv/detail/timer__rosidl_typesupport_fastrtps_cpp.hpp
[3.902s] -- Up-to-date: /home/spiderweb/TestBase/install/more_interfaces/include/more_interfaces/more_interfaces/srv/detail/alert__rosidl_typesupport_fastrtps_cpp.hpp
[3.903s] -- Up-to-date: /home/spiderweb/TestBase/install/more_interfaces/include/more_interfaces/more_interfaces/msg
[3.903s] -- Up-to-date: /home/spiderweb/TestBase/install/more_interfaces/include/more_interfaces/more_interfaces/msg/rosidl_typesupport_fastrtps_cpp__visibility_control.h
[3.903s] -- Up-to-date: /home/spiderweb/TestBase/install/more_interfaces/include/more_interfaces/more_interfaces/msg/detail
[3.904s] -- Up-to-date: /home/spiderweb/TestBase/install/more_interfaces/include/more_interfaces/more_interfaces/msg/detail/dds_fastrtps
[3.904s] -- Up-to-date: /home/spiderweb/TestBase/install/more_interfaces/include/more_interfaces/more_interfaces/msg/detail/trials1__rosidl_typesupport_fastrtps_cpp.hpp
[3.904s] -- Up-to-date: /home/spiderweb/TestBase/install/more_interfaces/lib/libmore_interfaces__rosidl_typesupport_fastrtps_cpp.so
[3.905s] -- Up-to-date: /home/spiderweb/TestBase/install/more_interfaces/include/more_interfaces/more_interfaces
[3.905s] -- Up-to-date: /home/spiderweb/TestBase/install/more_interfaces/include/more_interfaces/more_interfaces/srv
[3.906s] -- Up-to-date: /home/spiderweb/TestBase/install/more_interfaces/include/more_interfaces/more_interfaces/srv/detail
[3.906s] -- Up-to-date: /home/spiderweb/TestBase/install/more_interfaces/include/more_interfaces/more_interfaces/srv/detail/arduino1__rosidl_typesupport_introspection_cpp.hpp
[3.906s] -- Up-to-date: /home/spiderweb/TestBase/install/more_interfaces/include/more_interfaces/more_interfaces/srv/detail/alert__type_support.cpp
[3.907s] -- Up-to-date: /home/spiderweb/TestBase/install/more_interfaces/include/more_interfaces/more_interfaces/srv/detail/arduino1__type_support.cpp
[3.907s] -- Up-to-date: /home/spiderweb/TestBase/install/more_interfaces/include/more_interfaces/more_interfaces/srv/detail/comms__rosidl_typesupport_introspection_cpp.hpp
[3.908s] -- Up-to-date: /home/spiderweb/TestBase/install/more_interfaces/include/more_interfaces/more_interfaces/srv/detail/timer__rosidl_typesupport_introspection_cpp.hpp
[3.908s] -- Up-to-date: /home/spiderweb/TestBase/install/more_interfaces/include/more_interfaces/more_interfaces/srv/detail/mission__rosidl_typesupport_introspection_cpp.hpp
[3.909s] -- Up-to-date: /home/spiderweb/TestBase/install/more_interfaces/include/more_interfaces/more_interfaces/srv/detail/mission__type_support.cpp
[3.909s] -- Up-to-date: /home/spiderweb/TestBase/install/more_interfaces/include/more_interfaces/more_interfaces/srv/detail/error__rosidl_typesupport_introspection_cpp.hpp
[3.909s] -- Up-to-date: /home/spiderweb/TestBase/install/more_interfaces/include/more_interfaces/more_interfaces/srv/detail/error__type_support.cpp
[3.910s] -- Up-to-date: /home/spiderweb/TestBase/install/more_interfaces/include/more_interfaces/more_interfaces/srv/detail/string__rosidl_typesupport_introspection_cpp.hpp
[3.910s] -- Up-to-date: /home/spiderweb/TestBase/install/more_interfaces/include/more_interfaces/more_interfaces/srv/detail/timer__type_support.cpp
[3.910s] -- Up-to-date: /home/spiderweb/TestBase/install/more_interfaces/include/more_interfaces/more_interfaces/srv/detail/string__type_support.cpp
[3.911s] -- Up-to-date: /home/spiderweb/TestBase/install/more_interfaces/include/more_interfaces/more_interfaces/srv/detail/comms__type_support.cpp
[3.911s] -- Up-to-date: /home/spiderweb/TestBase/install/more_interfaces/include/more_interfaces/more_interfaces/srv/detail/trigger__rosidl_typesupport_introspection_cpp.hpp
[3.912s] -- Up-to-date: /home/spiderweb/TestBase/install/more_interfaces/include/more_interfaces/more_interfaces/srv/detail/trigger__type_support.cpp
[3.912s] -- Up-to-date: /home/spiderweb/TestBase/install/more_interfaces/include/more_interfaces/more_interfaces/srv/detail/alert__rosidl_typesupport_introspection_cpp.hpp
[3.912s] -- Up-to-date: /home/spiderweb/TestBase/install/more_interfaces/include/more_interfaces/more_interfaces/msg
[3.913s] -- Up-to-date: /home/spiderweb/TestBase/install/more_interfaces/include/more_interfaces/more_interfaces/msg/detail
[3.913s] -- Up-to-date: /home/spiderweb/TestBase/install/more_interfaces/include/more_interfaces/more_interfaces/msg/detail/trials1__type_support.cpp
[3.913s] -- Up-to-date: /home/spiderweb/TestBase/install/more_interfaces/include/more_interfaces/more_interfaces/msg/detail/trials1__rosidl_typesupport_introspection_cpp.hpp
[3.914s] -- Up-to-date: /home/spiderweb/TestBase/install/more_interfaces/lib/libmore_interfaces__rosidl_typesupport_introspection_cpp.so
[3.914s] -- Up-to-date: /home/spiderweb/TestBase/install/more_interfaces/lib/libmore_interfaces__rosidl_typesupport_cpp.so
[3.915s] -- Up-to-date: /home/spiderweb/TestBase/install/more_interfaces/share/more_interfaces/environment/pythonpath.sh
[3.915s] -- Up-to-date: /home/spiderweb/TestBase/install/more_interfaces/share/more_interfaces/environment/pythonpath.dsv
[3.916s] -- Up-to-date: /home/spiderweb/TestBase/install/more_interfaces/local/lib/python3.10/dist-packages/more_interfaces-0.0.0-py3.10.egg-info
[3.916s] -- Installing: /home/spiderweb/TestBase/install/more_interfaces/local/lib/python3.10/dist-packages/more_interfaces-0.0.0-py3.10.egg-info/top_level.txt
[3.917s] -- Installing: /home/spiderweb/TestBase/install/more_interfaces/local/lib/python3.10/dist-packages/more_interfaces-0.0.0-py3.10.egg-info/dependency_links.txt
[3.917s] -- Installing: /home/spiderweb/TestBase/install/more_interfaces/local/lib/python3.10/dist-packages/more_interfaces-0.0.0-py3.10.egg-info/PKG-INFO
[3.918s] -- Installing: /home/spiderweb/TestBase/install/more_interfaces/local/lib/python3.10/dist-packages/more_interfaces-0.0.0-py3.10.egg-info/SOURCES.txt
[3.918s] -- Up-to-date: /home/spiderweb/TestBase/install/more_interfaces/local/lib/python3.10/dist-packages/more_interfaces
[3.919s] -- Up-to-date: /home/spiderweb/TestBase/install/more_interfaces/local/lib/python3.10/dist-packages/more_interfaces/more_interfaces_s__rosidl_typesupport_fastrtps_c.cpython-310-aarch64-linux-gnu.so
[3.919s] -- Up-to-date: /home/spiderweb/TestBase/install/more_interfaces/local/lib/python3.10/dist-packages/more_interfaces/srv
[3.920s] -- Up-to-date: /home/spiderweb/TestBase/install/more_interfaces/local/lib/python3.10/dist-packages/more_interfaces/srv/_string_s.c
[3.920s] -- Up-to-date: /home/spiderweb/TestBase/install/more_interfaces/local/lib/python3.10/dist-packages/more_interfaces/srv/_timer_s.c
[3.920s] -- Up-to-date: /home/spiderweb/TestBase/install/more_interfaces/local/lib/python3.10/dist-packages/more_interfaces/srv/_string.py
[3.921s] -- Up-to-date: /home/spiderweb/TestBase/install/more_interfaces/local/lib/python3.10/dist-packages/more_interfaces/srv/_alert.py
[3.921s] -- Up-to-date: /home/spiderweb/TestBase/install/more_interfaces/local/lib/python3.10/dist-packages/more_interfaces/srv/_comms_s.c
[3.922s] -- Up-to-date: /home/spiderweb/TestBase/install/more_interfaces/local/lib/python3.10/dist-packages/more_interfaces/srv/_arduino1_s.c
[3.922s] -- Up-to-date: /home/spiderweb/TestBase/install/more_interfaces/local/lib/python3.10/dist-packages/more_interfaces/srv/_trigger_s.c
[3.923s] -- Up-to-date: /home/spiderweb/TestBase/install/more_interfaces/local/lib/python3.10/dist-packages/more_interfaces/srv/_error.py
[3.923s] -- Up-to-date: /home/spiderweb/TestBase/install/more_interfaces/local/lib/python3.10/dist-packages/more_interfaces/srv/_mission_s.c
[3.924s] -- Up-to-date: /home/spiderweb/TestBase/install/more_interfaces/local/lib/python3.10/dist-packages/more_interfaces/srv/_arduino1.py
[3.925s] -- Up-to-date: /home/spiderweb/TestBase/install/more_interfaces/local/lib/python3.10/dist-packages/more_interfaces/srv/_mission.py
[3.925s] -- Up-to-date: /home/spiderweb/TestBase/install/more_interfaces/local/lib/python3.10/dist-packages/more_interfaces/srv/_error_s.c
[3.926s] -- Up-to-date: /home/spiderweb/TestBase/install/more_interfaces/local/lib/python3.10/dist-packages/more_interfaces/srv/_alert_s.c
[3.926s] -- Up-to-date: /home/spiderweb/TestBase/install/more_interfaces/local/lib/python3.10/dist-packages/more_interfaces/srv/_comms.py
[3.926s] -- Up-to-date: /home/spiderweb/TestBase/install/more_interfaces/local/lib/python3.10/dist-packages/more_interfaces/srv/__init__.py
[3.927s] -- Up-to-date: /home/spiderweb/TestBase/install/more_interfaces/local/lib/python3.10/dist-packages/more_interfaces/srv/_trigger.py
[3.928s] -- Up-to-date: /home/spiderweb/TestBase/install/more_interfaces/local/lib/python3.10/dist-packages/more_interfaces/srv/_timer.py
[3.928s] -- Up-to-date: /home/spiderweb/TestBase/install/more_interfaces/local/lib/python3.10/dist-packages/more_interfaces/_more_interfaces_s.ep.rosidl_typesupport_c.c
[3.929s] -- Up-to-date: /home/spiderweb/TestBase/install/more_interfaces/local/lib/python3.10/dist-packages/more_interfaces/msg
[3.929s] -- Up-to-date: /home/spiderweb/TestBase/install/more_interfaces/local/lib/python3.10/dist-packages/more_interfaces/msg/_trials1.py
[3.929s] -- Up-to-date: /home/spiderweb/TestBase/install/more_interfaces/local/lib/python3.10/dist-packages/more_interfaces/msg/__init__.py
[3.930s] -- Up-to-date: /home/spiderweb/TestBase/install/more_interfaces/local/lib/python3.10/dist-packages/more_interfaces/msg/_trials1_s.c
[3.930s] -- Up-to-date: /home/spiderweb/TestBase/install/more_interfaces/local/lib/python3.10/dist-packages/more_interfaces/more_interfaces_s__rosidl_typesupport_introspection_c.cpython-310-aarch64-linux-gnu.so
[3.931s] -- Up-to-date: /home/spiderweb/TestBase/install/more_interfaces/local/lib/python3.10/dist-packages/more_interfaces/more_interfaces_s__rosidl_typesupport_c.cpython-310-aarch64-linux-gnu.so
[3.932s] -- Up-to-date: /home/spiderweb/TestBase/install/more_interfaces/local/lib/python3.10/dist-packages/more_interfaces/_more_interfaces_s.ep.rosidl_typesupport_introspection_c.c
[3.932s] -- Up-to-date: /home/spiderweb/TestBase/install/more_interfaces/local/lib/python3.10/dist-packages/more_interfaces/__init__.py
[3.933s] -- Up-to-date: /home/spiderweb/TestBase/install/more_interfaces/local/lib/python3.10/dist-packages/more_interfaces/libmore_interfaces__rosidl_generator_py.so
[3.933s] -- Up-to-date: /home/spiderweb/TestBase/install/more_interfaces/local/lib/python3.10/dist-packages/more_interfaces/_more_interfaces_s.ep.rosidl_typesupport_fastrtps_c.c
[4.090s] Listing '/home/spiderweb/TestBase/install/more_interfaces/local/lib/python3.10/dist-packages/more_interfaces'...
[4.092s] Listing '/home/spiderweb/TestBase/install/more_interfaces/local/lib/python3.10/dist-packages/more_interfaces/msg'...
[4.093s] Listing '/home/spiderweb/TestBase/install/more_interfaces/local/lib/python3.10/dist-packages/more_interfaces/srv'...
[4.114s] -- Up-to-date: /home/spiderweb/TestBase/install/more_interfaces/local/lib/python3.10/dist-packages/more_interfaces/more_interfaces_s__rosidl_typesupport_fastrtps_c.cpython-310-aarch64-linux-gnu.so
[4.117s] -- Up-to-date: /home/spiderweb/TestBase/install/more_interfaces/local/lib/python3.10/dist-packages/more_interfaces/more_interfaces_s__rosidl_typesupport_introspection_c.cpython-310-aarch64-linux-gnu.so
[4.119s] -- Up-to-date: /home/spiderweb/TestBase/install/more_interfaces/local/lib/python3.10/dist-packages/more_interfaces/more_interfaces_s__rosidl_typesupport_c.cpython-310-aarch64-linux-gnu.so
[4.121s] -- Up-to-date: /home/spiderweb/TestBase/install/more_interfaces/lib/libmore_interfaces__rosidl_generator_py.so
[4.123s] -- Up-to-date: /home/spiderweb/TestBase/install/more_interfaces/share/more_interfaces/msg/Trials1.idl
[4.123s] -- Up-to-date: /home/spiderweb/TestBase/install/more_interfaces/share/more_interfaces/srv/Alert.idl
[4.124s] -- Up-to-date: /home/spiderweb/TestBase/install/more_interfaces/share/more_interfaces/srv/Arduino1.idl
[4.127s] -- Up-to-date: /home/spiderweb/TestBase/install/more_interfaces/share/more_interfaces/srv/Comms.idl
[4.129s] -- Up-to-date: /home/spiderweb/TestBase/install/more_interfaces/share/more_interfaces/srv/Error.idl
[4.130s] -- Up-to-date: /home/spiderweb/TestBase/install/more_interfaces/share/more_interfaces/srv/Mission.idl
[4.131s] -- Up-to-date: /home/spiderweb/TestBase/install/more_interfaces/share/more_interfaces/srv/String.idl
[4.132s] -- Up-to-date: /home/spiderweb/TestBase/install/more_interfaces/share/more_interfaces/srv/Trigger.idl
[4.133s] -- Up-to-date: /home/spiderweb/TestBase/install/more_interfaces/share/more_interfaces/srv/Timer.idl
[4.133s] -- Up-to-date: /home/spiderweb/TestBase/install/more_interfaces/share/more_interfaces/msg/Trials1.msg
[4.134s] -- Up-to-date: /home/spiderweb/TestBase/install/more_interfaces/share/more_interfaces/srv/Alert.srv
[4.134s] -- Up-to-date: /home/spiderweb/TestBase/install/more_interfaces/share/more_interfaces/srv/Alert_Request.msg
[4.135s] -- Up-to-date: /home/spiderweb/TestBase/install/more_interfaces/share/more_interfaces/srv/Alert_Response.msg
[4.136s] -- Up-to-date: /home/spiderweb/TestBase/install/more_interfaces/share/more_interfaces/srv/Arduino1.srv
[4.136s] -- Up-to-date: /home/spiderweb/TestBase/install/more_interfaces/share/more_interfaces/srv/Arduino1_Request.msg
[4.137s] -- Up-to-date: /home/spiderweb/TestBase/install/more_interfaces/share/more_interfaces/srv/Arduino1_Response.msg
[4.137s] -- Up-to-date: /home/spiderweb/TestBase/install/more_interfaces/share/more_interfaces/srv/Comms.srv
[4.138s] -- Up-to-date: /home/spiderweb/TestBase/install/more_interfaces/share/more_interfaces/srv/Comms_Request.msg
[4.138s] -- Up-to-date: /home/spiderweb/TestBase/install/more_interfaces/share/more_interfaces/srv/Comms_Response.msg
[4.139s] -- Up-to-date: /home/spiderweb/TestBase/install/more_interfaces/share/more_interfaces/srv/Error.srv
[4.139s] -- Up-to-date: /home/spiderweb/TestBase/install/more_interfaces/share/more_interfaces/srv/Error_Request.msg
[4.140s] -- Up-to-date: /home/spiderweb/TestBase/install/more_interfaces/share/more_interfaces/srv/Error_Response.msg
[4.140s] -- Up-to-date: /home/spiderweb/TestBase/install/more_interfaces/share/more_interfaces/srv/Mission.srv
[4.141s] -- Up-to-date: /home/spiderweb/TestBase/install/more_interfaces/share/more_interfaces/srv/Mission_Request.msg
[4.141s] -- Up-to-date: /home/spiderweb/TestBase/install/more_interfaces/share/more_interfaces/srv/Mission_Response.msg
[4.142s] -- Up-to-date: /home/spiderweb/TestBase/install/more_interfaces/share/more_interfaces/srv/String.srv
[4.142s] -- Up-to-date: /home/spiderweb/TestBase/install/more_interfaces/share/more_interfaces/srv/String_Request.msg
[4.143s] -- Up-to-date: /home/spiderweb/TestBase/install/more_interfaces/share/more_interfaces/srv/String_Response.msg
[4.143s] -- Up-to-date: /home/spiderweb/TestBase/install/more_interfaces/share/more_interfaces/srv/Trigger.srv
[4.144s] -- Up-to-date: /home/spiderweb/TestBase/install/more_interfaces/share/more_interfaces/srv/Trigger_Request.msg
[4.144s] -- Up-to-date: /home/spiderweb/TestBase/install/more_interfaces/share/more_interfaces/srv/Trigger_Response.msg
[4.145s] -- Up-to-date: /home/spiderweb/TestBase/install/more_interfaces/share/more_interfaces/srv/Timer.srv
[4.145s] -- Up-to-date: /home/spiderweb/TestBase/install/more_interfaces/share/more_interfaces/srv/Timer_Request.msg
[4.145s] -- Up-to-date: /home/spiderweb/TestBase/install/more_interfaces/share/more_interfaces/srv/Timer_Response.msg
[4.146s] -- Up-to-date: /home/spiderweb/TestBase/install/more_interfaces/share/ament_index/resource_index/package_run_dependencies/more_interfaces
[4.146s] -- Up-to-date: /home/spiderweb/TestBase/install/more_interfaces/share/ament_index/resource_index/parent_prefix_path/more_interfaces
[4.147s] -- Up-to-date: /home/spiderweb/TestBase/install/more_interfaces/share/more_interfaces/environment/ament_prefix_path.sh
[4.147s] -- Up-to-date: /home/spiderweb/TestBase/install/more_interfaces/share/more_interfaces/environment/ament_prefix_path.dsv
[4.148s] -- Up-to-date: /home/spiderweb/TestBase/install/more_interfaces/share/more_interfaces/environment/path.sh
[4.148s] -- Up-to-date: /home/spiderweb/TestBase/install/more_interfaces/share/more_interfaces/environment/path.dsv
[4.149s] -- Up-to-date: /home/spiderweb/TestBase/install/more_interfaces/share/more_interfaces/local_setup.bash
[4.149s] -- Up-to-date: /home/spiderweb/TestBase/install/more_interfaces/share/more_interfaces/local_setup.sh
[4.150s] -- Up-to-date: /home/spiderweb/TestBase/install/more_interfaces/share/more_interfaces/local_setup.zsh
[4.150s] -- Up-to-date: /home/spiderweb/TestBase/install/more_interfaces/share/more_interfaces/local_setup.dsv
[4.151s] -- Installing: /home/spiderweb/TestBase/install/more_interfaces/share/more_interfaces/package.dsv
[4.151s] -- Up-to-date: /home/spiderweb/TestBase/install/more_interfaces/share/ament_index/resource_index/packages/more_interfaces
[4.152s] -- Up-to-date: /home/spiderweb/TestBase/install/more_interfaces/share/more_interfaces/cmake/export_more_interfaces__rosidl_generator_cExport.cmake
[4.152s] -- Up-to-date: /home/spiderweb/TestBase/install/more_interfaces/share/more_interfaces/cmake/export_more_interfaces__rosidl_generator_cExport-noconfig.cmake
[4.152s] -- Up-to-date: /home/spiderweb/TestBase/install/more_interfaces/share/more_interfaces/cmake/export_more_interfaces__rosidl_typesupport_fastrtps_cExport.cmake
[4.153s] -- Up-to-date: /home/spiderweb/TestBase/install/more_interfaces/share/more_interfaces/cmake/export_more_interfaces__rosidl_typesupport_fastrtps_cExport-noconfig.cmake
[4.154s] -- Up-to-date: /home/spiderweb/TestBase/install/more_interfaces/share/more_interfaces/cmake/more_interfaces__rosidl_typesupport_introspection_cExport.cmake
[4.154s] -- Up-to-date: /home/spiderweb/TestBase/install/more_interfaces/share/more_interfaces/cmake/more_interfaces__rosidl_typesupport_introspection_cExport-noconfig.cmake
[4.155s] -- Up-to-date: /home/spiderweb/TestBase/install/more_interfaces/share/more_interfaces/cmake/more_interfaces__rosidl_typesupport_cExport.cmake
[4.155s] -- Up-to-date: /home/spiderweb/TestBase/install/more_interfaces/share/more_interfaces/cmake/more_interfaces__rosidl_typesupport_cExport-noconfig.cmake
[4.155s] -- Up-to-date: /home/spiderweb/TestBase/install/more_interfaces/share/more_interfaces/cmake/export_more_interfaces__rosidl_generator_cppExport.cmake
[4.156s] -- Up-to-date: /home/spiderweb/TestBase/install/more_interfaces/share/more_interfaces/cmake/export_more_interfaces__rosidl_typesupport_fastrtps_cppExport.cmake
[4.156s] -- Up-to-date: /home/spiderweb/TestBase/install/more_interfaces/share/more_interfaces/cmake/export_more_interfaces__rosidl_typesupport_fastrtps_cppExport-noconfig.cmake
[4.157s] -- Up-to-date: /home/spiderweb/TestBase/install/more_interfaces/share/more_interfaces/cmake/more_interfaces__rosidl_typesupport_introspection_cppExport.cmake
[4.157s] -- Up-to-date: /home/spiderweb/TestBase/install/more_interfaces/share/more_interfaces/cmake/more_interfaces__rosidl_typesupport_introspection_cppExport-noconfig.cmake
[4.158s] -- Up-to-date: /home/spiderweb/TestBase/install/more_interfaces/share/more_interfaces/cmake/more_interfaces__rosidl_typesupport_cppExport.cmake
[4.159s] -- Up-to-date: /home/spiderweb/TestBase/install/more_interfaces/share/more_interfaces/cmake/more_interfaces__rosidl_typesupport_cppExport-noconfig.cmake
[4.159s] -- Up-to-date: /home/spiderweb/TestBase/install/more_interfaces/share/more_interfaces/cmake/export_more_interfaces__rosidl_generator_pyExport.cmake
[4.160s] -- Up-to-date: /home/spiderweb/TestBase/install/more_interfaces/share/more_interfaces/cmake/export_more_interfaces__rosidl_generator_pyExport-noconfig.cmake
[4.160s] -- Up-to-date: /home/spiderweb/TestBase/install/more_interfaces/share/more_interfaces/cmake/rosidl_cmake-extras.cmake
[4.161s] -- Up-to-date: /home/spiderweb/TestBase/install/more_interfaces/share/more_interfaces/cmake/ament_cmake_export_include_directories-extras.cmake
[4.161s] -- Up-to-date: /home/spiderweb/TestBase/install/more_interfaces/share/more_interfaces/cmake/ament_cmake_export_libraries-extras.cmake
[4.161s] -- Up-to-date: /home/spiderweb/TestBase/install/more_interfaces/share/more_interfaces/cmake/ament_cmake_export_targets-extras.cmake
[4.162s] -- Up-to-date: /home/spiderweb/TestBase/install/more_interfaces/share/more_interfaces/cmake/rosidl_cmake_export_typesupport_targets-extras.cmake
[4.163s] -- Up-to-date: /home/spiderweb/TestBase/install/more_interfaces/share/more_interfaces/cmake/ament_cmake_export_dependencies-extras.cmake
[4.163s] -- Up-to-date: /home/spiderweb/TestBase/install/more_interfaces/share/more_interfaces/cmake/rosidl_cmake_export_typesupport_libraries-extras.cmake
[4.164s] -- Up-to-date: /home/spiderweb/TestBase/install/more_interfaces/share/more_interfaces/cmake/more_interfacesConfig.cmake
[4.164s] -- Up-to-date: /home/spiderweb/TestBase/install/more_interfaces/share/more_interfaces/cmake/more_interfacesConfig-version.cmake
[4.164s] -- Up-to-date: /home/spiderweb/TestBase/install/more_interfaces/share/more_interfaces/package.xml
[4.170s] Invoked command in '/home/spiderweb/TestBase/build/more_interfaces' returned '0': CMAKE_PREFIX_PATH=${CMAKE_PREFIX_PATH}:/home/spiderweb/TestBase/install/my_station_pkg:/opt/ros/humble /usr/bin/cmake --install /home/spiderweb/TestBase/build/more_interfaces
