/home/spiderweb/TestBase/install/my_station_pkg/lib/python3.10/site-packages/my_station_pkg/video_node.py
/home/spiderweb/TestBase/install/my_station_pkg/lib/python3.10/site-packages/my_station_pkg/drone_comms_node.py
/home/spiderweb/TestBase/install/my_station_pkg/lib/python3.10/site-packages/my_station_pkg/serialrecv.py
/home/spiderweb/TestBase/install/my_station_pkg/lib/python3.10/site-packages/my_station_pkg/telem.py
/home/spiderweb/TestBase/install/my_station_pkg/lib/python3.10/site-packages/my_station_pkg/__init__.py
/home/spiderweb/TestBase/install/my_station_pkg/lib/python3.10/site-packages/my_station_pkg/telemetrypoll_node.py
/home/spiderweb/TestBase/install/my_station_pkg/lib/python3.10/site-packages/my_station_pkg/__pycache__/video_node.cpython-310.pyc
/home/spiderweb/TestBase/install/my_station_pkg/lib/python3.10/site-packages/my_station_pkg/__pycache__/drone_comms_node.cpython-310.pyc
/home/spiderweb/TestBase/install/my_station_pkg/lib/python3.10/site-packages/my_station_pkg/__pycache__/serialrecv.cpython-310.pyc
/home/spiderweb/TestBase/install/my_station_pkg/lib/python3.10/site-packages/my_station_pkg/__pycache__/telem.cpython-310.pyc
/home/spiderweb/TestBase/install/my_station_pkg/lib/python3.10/site-packages/my_station_pkg/__pycache__/__init__.cpython-310.pyc
/home/spiderweb/TestBase/install/my_station_pkg/lib/python3.10/site-packages/my_station_pkg/__pycache__/telemetrypoll_node.cpython-310.pyc
/home/spiderweb/TestBase/install/my_station_pkg/share/ament_index/resource_index/packages/my_station_pkg
/home/spiderweb/TestBase/install/my_station_pkg/share/my_station_pkg/package.xml
/home/spiderweb/TestBase/install/my_station_pkg/lib/python3.10/site-packages/my_station_pkg-0.0.0-py3.10.egg-info/top_level.txt
/home/spiderweb/TestBase/install/my_station_pkg/lib/python3.10/site-packages/my_station_pkg-0.0.0-py3.10.egg-info/dependency_links.txt
/home/spiderweb/TestBase/install/my_station_pkg/lib/python3.10/site-packages/my_station_pkg-0.0.0-py3.10.egg-info/entry_points.txt
/home/spiderweb/TestBase/install/my_station_pkg/lib/python3.10/site-packages/my_station_pkg-0.0.0-py3.10.egg-info/PKG-INFO
/home/spiderweb/TestBase/install/my_station_pkg/lib/python3.10/site-packages/my_station_pkg-0.0.0-py3.10.egg-info/requires.txt
/home/spiderweb/TestBase/install/my_station_pkg/lib/python3.10/site-packages/my_station_pkg-0.0.0-py3.10.egg-info/SOURCES.txt
/home/spiderweb/TestBase/install/my_station_pkg/lib/python3.10/site-packages/my_station_pkg-0.0.0-py3.10.egg-info/zip-safe
/home/spiderweb/TestBase/install/my_station_pkg/lib/my_station_pkg/drone_comms_node
/home/spiderweb/TestBase/install/my_station_pkg/lib/my_station_pkg/serialrecv
/home/spiderweb/TestBase/install/my_station_pkg/lib/my_station_pkg/telemetrypoll_node
/home/spiderweb/TestBase/install/my_station_pkg/lib/my_station_pkg/video_node
