[1.483s] DEBUG:colcon:Command line arguments: ['/usr/bin/colcon', 'build']
[1.483s] DEBUG:colcon:Parsed command line arguments: Namespace(log_base=None, log_level=None, verb_name='build', build_base='build', install_base='install', merge_install=False, symlink_install=False, test_result_base=None, continue_on_error=False, executor='parallel', parallel_workers=4, event_handlers=None, ignore_user_meta=False, metas=['./colcon.meta'], base_paths=['.'], packages_ignore=None, packages_ignore_regex=None, paths=None, packages_up_to=None, packages_up_to_regex=None, packages_above=None, packages_above_and_dependencies=None, packages_above_depth=None, packages_select_by_dep=None, packages_skip_by_dep=None, packages_skip_up_to=None, packages_select_build_failed=False, packages_skip_build_finished=False, packages_select_test_failures=False, packages_skip_test_passed=False, packages_select=None, packages_skip=None, packages_select_regex=None, packages_skip_regex=None, packages_start=None, packages_end=None, allow_overriding=[], cmake_args=None, cmake_target=None, cmake_target_skip_unavailable=False, cmake_clean_cache=False, cmake_clean_first=False, cmake_force_configure=False, ament_cmake_args=None, catkin_cmake_args=None, catkin_skip_building_tests=False, verb_parser=<colcon_defaults.argument_parser.defaults.DefaultArgumentsDecorator object at 0xffff8f54fa30>, verb_extension=<colcon_core.verb.build.BuildVerb object at 0xffff8f54f4c0>, main=<bound method BuildVerb.main of <colcon_core.verb.build.BuildVerb object at 0xffff8f54f4c0>>)
[1.612s] Level 1:colcon.colcon_core.package_discovery:discover_packages(colcon_meta) check parameters
[1.613s] Level 1:colcon.colcon_core.package_discovery:discover_packages(recursive) check parameters
[1.613s] Level 1:colcon.colcon_core.package_discovery:discover_packages(ignore) check parameters
[1.613s] Level 1:colcon.colcon_core.package_discovery:discover_packages(path) check parameters
[1.613s] Level 1:colcon.colcon_core.package_discovery:discover_packages(colcon_meta) discover
[1.613s] Level 1:colcon.colcon_core.package_discovery:discover_packages(recursive) discover
[1.614s] INFO:colcon.colcon_core.package_discovery:Crawling recursively for packages in '/home/spiderweb/TestBase'
[1.614s] Level 1:colcon.colcon_core.package_identification:_identify(.) by extensions ['ignore', 'ignore_ament_install']
[1.614s] Level 1:colcon.colcon_core.package_identification:_identify(.) by extension 'ignore'
[1.615s] Level 1:colcon.colcon_core.package_identification:_identify(.) by extension 'ignore_ament_install'
[1.615s] Level 1:colcon.colcon_core.package_identification:_identify(.) by extensions ['colcon_pkg']
[1.615s] Level 1:colcon.colcon_core.package_identification:_identify(.) by extension 'colcon_pkg'
[1.615s] Level 1:colcon.colcon_core.package_identification:_identify(.) by extensions ['colcon_meta']
[1.615s] Level 1:colcon.colcon_core.package_identification:_identify(.) by extension 'colcon_meta'
[1.616s] Level 1:colcon.colcon_core.package_identification:_identify(.) by extensions ['ros']
[1.616s] Level 1:colcon.colcon_core.package_identification:_identify(.) by extension 'ros'
[1.662s] Level 1:colcon.colcon_core.package_identification:_identify(.) by extensions ['cmake', 'python']
[1.662s] Level 1:colcon.colcon_core.package_identification:_identify(.) by extension 'cmake'
[1.662s] Level 1:colcon.colcon_core.package_identification:_identify(.) by extension 'python'
[1.662s] Level 1:colcon.colcon_core.package_identification:_identify(.) by extensions ['python_setup_py']
[1.663s] Level 1:colcon.colcon_core.package_identification:_identify(.) by extension 'python_setup_py'
[1.663s] Level 1:colcon.colcon_core.package_identification:_identify(build) by extensions ['ignore', 'ignore_ament_install']
[1.663s] Level 1:colcon.colcon_core.package_identification:_identify(build) by extension 'ignore'
[1.664s] Level 1:colcon.colcon_core.package_identification:_identify(build) ignored
[1.664s] Level 1:colcon.colcon_core.package_identification:_identify(install) by extensions ['ignore', 'ignore_ament_install']
[1.665s] Level 1:colcon.colcon_core.package_identification:_identify(install) by extension 'ignore'
[1.665s] Level 1:colcon.colcon_core.package_identification:_identify(install) ignored
[1.667s] Level 1:colcon.colcon_core.package_identification:_identify(log) by extensions ['ignore', 'ignore_ament_install']
[1.667s] Level 1:colcon.colcon_core.package_identification:_identify(log) by extension 'ignore'
[1.668s] Level 1:colcon.colcon_core.package_identification:_identify(log) ignored
[1.668s] Level 1:colcon.colcon_core.package_identification:_identify(src) by extensions ['ignore', 'ignore_ament_install']
[1.668s] Level 1:colcon.colcon_core.package_identification:_identify(src) by extension 'ignore'
[1.669s] Level 1:colcon.colcon_core.package_identification:_identify(src) by extension 'ignore_ament_install'
[1.669s] Level 1:colcon.colcon_core.package_identification:_identify(src) by extensions ['colcon_pkg']
[1.669s] Level 1:colcon.colcon_core.package_identification:_identify(src) by extension 'colcon_pkg'
[1.669s] Level 1:colcon.colcon_core.package_identification:_identify(src) by extensions ['colcon_meta']
[1.669s] Level 1:colcon.colcon_core.package_identification:_identify(src) by extension 'colcon_meta'
[1.669s] Level 1:colcon.colcon_core.package_identification:_identify(src) by extensions ['ros']
[1.670s] Level 1:colcon.colcon_core.package_identification:_identify(src) by extension 'ros'
[1.670s] Level 1:colcon.colcon_core.package_identification:_identify(src) by extensions ['cmake', 'python']
[1.670s] Level 1:colcon.colcon_core.package_identification:_identify(src) by extension 'cmake'
[1.670s] Level 1:colcon.colcon_core.package_identification:_identify(src) by extension 'python'
[1.670s] Level 1:colcon.colcon_core.package_identification:_identify(src) by extensions ['python_setup_py']
[1.671s] Level 1:colcon.colcon_core.package_identification:_identify(src) by extension 'python_setup_py'
[1.671s] Level 1:colcon.colcon_core.package_identification:_identify(src/more_interfaces) by extensions ['ignore', 'ignore_ament_install']
[1.671s] Level 1:colcon.colcon_core.package_identification:_identify(src/more_interfaces) by extension 'ignore'
[1.672s] Level 1:colcon.colcon_core.package_identification:_identify(src/more_interfaces) by extension 'ignore_ament_install'
[1.672s] Level 1:colcon.colcon_core.package_identification:_identify(src/more_interfaces) by extensions ['colcon_pkg']
[1.672s] Level 1:colcon.colcon_core.package_identification:_identify(src/more_interfaces) by extension 'colcon_pkg'
[1.672s] Level 1:colcon.colcon_core.package_identification:_identify(src/more_interfaces) by extensions ['colcon_meta']
[1.672s] Level 1:colcon.colcon_core.package_identification:_identify(src/more_interfaces) by extension 'colcon_meta'
[1.672s] Level 1:colcon.colcon_core.package_identification:_identify(src/more_interfaces) by extensions ['ros']
[1.673s] Level 1:colcon.colcon_core.package_identification:_identify(src/more_interfaces) by extension 'ros'
[1.681s] DEBUG:colcon.colcon_core.package_identification:Package 'src/more_interfaces' with type 'ros.ament_cmake' and name 'more_interfaces'
[1.682s] Level 1:colcon.colcon_core.package_identification:_identify(src/my_drone_bringup) by extensions ['ignore', 'ignore_ament_install']
[1.682s] Level 1:colcon.colcon_core.package_identification:_identify(src/my_drone_bringup) by extension 'ignore'
[1.682s] Level 1:colcon.colcon_core.package_identification:_identify(src/my_drone_bringup) by extension 'ignore_ament_install'
[1.683s] Level 1:colcon.colcon_core.package_identification:_identify(src/my_drone_bringup) by extensions ['colcon_pkg']
[1.683s] Level 1:colcon.colcon_core.package_identification:_identify(src/my_drone_bringup) by extension 'colcon_pkg'
[1.683s] Level 1:colcon.colcon_core.package_identification:_identify(src/my_drone_bringup) by extensions ['colcon_meta']
[1.683s] Level 1:colcon.colcon_core.package_identification:_identify(src/my_drone_bringup) by extension 'colcon_meta'
[1.683s] Level 1:colcon.colcon_core.package_identification:_identify(src/my_drone_bringup) by extensions ['ros']
[1.683s] Level 1:colcon.colcon_core.package_identification:_identify(src/my_drone_bringup) by extension 'ros'
[1.685s] DEBUG:colcon.colcon_core.package_identification:Package 'src/my_drone_bringup' with type 'ros.ament_cmake' and name 'my_drone_bringup'
[1.686s] Level 1:colcon.colcon_core.package_identification:_identify(src/my_station_pkg) by extensions ['ignore', 'ignore_ament_install']
[1.686s] Level 1:colcon.colcon_core.package_identification:_identify(src/my_station_pkg) by extension 'ignore'
[1.687s] Level 1:colcon.colcon_core.package_identification:_identify(src/my_station_pkg) by extension 'ignore_ament_install'
[1.687s] Level 1:colcon.colcon_core.package_identification:_identify(src/my_station_pkg) by extensions ['colcon_pkg']
[1.687s] Level 1:colcon.colcon_core.package_identification:_identify(src/my_station_pkg) by extension 'colcon_pkg'
[1.687s] Level 1:colcon.colcon_core.package_identification:_identify(src/my_station_pkg) by extensions ['colcon_meta']
[1.687s] Level 1:colcon.colcon_core.package_identification:_identify(src/my_station_pkg) by extension 'colcon_meta'
[1.688s] Level 1:colcon.colcon_core.package_identification:_identify(src/my_station_pkg) by extensions ['ros']
[1.688s] Level 1:colcon.colcon_core.package_identification:_identify(src/my_station_pkg) by extension 'ros'
[1.690s] DEBUG:colcon.colcon_core.package_identification:Package 'src/my_station_pkg' with type 'ros.ament_python' and name 'my_station_pkg'
[1.691s] Level 1:colcon.colcon_core.package_discovery:discover_packages(recursive) using defaults
[1.691s] Level 1:colcon.colcon_core.package_discovery:discover_packages(ignore) discover
[1.691s] Level 1:colcon.colcon_core.package_discovery:discover_packages(ignore) using defaults
[1.691s] Level 1:colcon.colcon_core.package_discovery:discover_packages(path) discover
[1.691s] Level 1:colcon.colcon_core.package_discovery:discover_packages(path) using defaults
[1.784s] Level 1:colcon.colcon_core.package_discovery:discover_packages(prefix_path) check parameters
[1.784s] Level 1:colcon.colcon_core.package_discovery:discover_packages(prefix_path) discover
[1.799s] DEBUG:colcon.colcon_installed_package_information.package_discovery:Found 3 installed packages in /home/spiderweb/TestBase/install
[1.810s] DEBUG:colcon.colcon_installed_package_information.package_discovery:Found 270 installed packages in /opt/ros/humble
[1.816s] Level 1:colcon.colcon_core.package_discovery:discover_packages(prefix_path) using defaults
[2.070s] Level 5:colcon.colcon_core.verb:set package 'more_interfaces' build argument 'cmake_args' from command line to 'None'
[2.070s] Level 5:colcon.colcon_core.verb:set package 'more_interfaces' build argument 'cmake_target' from command line to 'None'
[2.071s] Level 5:colcon.colcon_core.verb:set package 'more_interfaces' build argument 'cmake_target_skip_unavailable' from command line to 'False'
[2.071s] Level 5:colcon.colcon_core.verb:set package 'more_interfaces' build argument 'cmake_clean_cache' from command line to 'False'
[2.071s] Level 5:colcon.colcon_core.verb:set package 'more_interfaces' build argument 'cmake_clean_first' from command line to 'False'
[2.071s] Level 5:colcon.colcon_core.verb:set package 'more_interfaces' build argument 'cmake_force_configure' from command line to 'False'
[2.071s] Level 5:colcon.colcon_core.verb:set package 'more_interfaces' build argument 'ament_cmake_args' from command line to 'None'
[2.071s] Level 5:colcon.colcon_core.verb:set package 'more_interfaces' build argument 'catkin_cmake_args' from command line to 'None'
[2.071s] Level 5:colcon.colcon_core.verb:set package 'more_interfaces' build argument 'catkin_skip_building_tests' from command line to 'False'
[2.071s] DEBUG:colcon.colcon_core.verb:Building package 'more_interfaces' with the following arguments: {'ament_cmake_args': None, 'build_base': '/home/spiderweb/TestBase/build/more_interfaces', 'catkin_cmake_args': None, 'catkin_skip_building_tests': False, 'cmake_args': None, 'cmake_clean_cache': False, 'cmake_clean_first': False, 'cmake_force_configure': False, 'cmake_target': None, 'cmake_target_skip_unavailable': False, 'install_base': '/home/spiderweb/TestBase/install/more_interfaces', 'merge_install': False, 'path': '/home/spiderweb/TestBase/src/more_interfaces', 'symlink_install': False, 'test_result_base': None}
[2.076s] Level 5:colcon.colcon_core.verb:set package 'my_station_pkg' build argument 'cmake_args' from command line to 'None'
[2.076s] Level 5:colcon.colcon_core.verb:set package 'my_station_pkg' build argument 'cmake_target' from command line to 'None'
[2.076s] Level 5:colcon.colcon_core.verb:set package 'my_station_pkg' build argument 'cmake_target_skip_unavailable' from command line to 'False'
[2.077s] Level 5:colcon.colcon_core.verb:set package 'my_station_pkg' build argument 'cmake_clean_cache' from command line to 'False'
[2.077s] Level 5:colcon.colcon_core.verb:set package 'my_station_pkg' build argument 'cmake_clean_first' from command line to 'False'
[2.077s] Level 5:colcon.colcon_core.verb:set package 'my_station_pkg' build argument 'cmake_force_configure' from command line to 'False'
[2.077s] Level 5:colcon.colcon_core.verb:set package 'my_station_pkg' build argument 'ament_cmake_args' from command line to 'None'
[2.077s] Level 5:colcon.colcon_core.verb:set package 'my_station_pkg' build argument 'catkin_cmake_args' from command line to 'None'
[2.077s] Level 5:colcon.colcon_core.verb:set package 'my_station_pkg' build argument 'catkin_skip_building_tests' from command line to 'False'
[2.077s] DEBUG:colcon.colcon_core.verb:Building package 'my_station_pkg' with the following arguments: {'ament_cmake_args': None, 'build_base': '/home/spiderweb/TestBase/build/my_station_pkg', 'catkin_cmake_args': None, 'catkin_skip_building_tests': False, 'cmake_args': None, 'cmake_clean_cache': False, 'cmake_clean_first': False, 'cmake_force_configure': False, 'cmake_target': None, 'cmake_target_skip_unavailable': False, 'install_base': '/home/spiderweb/TestBase/install/my_station_pkg', 'merge_install': False, 'path': '/home/spiderweb/TestBase/src/my_station_pkg', 'symlink_install': False, 'test_result_base': None}
[2.081s] Level 5:colcon.colcon_core.verb:set package 'my_drone_bringup' build argument 'cmake_args' from command line to 'None'
[2.082s] Level 5:colcon.colcon_core.verb:set package 'my_drone_bringup' build argument 'cmake_target' from command line to 'None'
[2.082s] Level 5:colcon.colcon_core.verb:set package 'my_drone_bringup' build argument 'cmake_target_skip_unavailable' from command line to 'False'
[2.082s] Level 5:colcon.colcon_core.verb:set package 'my_drone_bringup' build argument 'cmake_clean_cache' from command line to 'False'
[2.082s] Level 5:colcon.colcon_core.verb:set package 'my_drone_bringup' build argument 'cmake_clean_first' from command line to 'False'
[2.082s] Level 5:colcon.colcon_core.verb:set package 'my_drone_bringup' build argument 'cmake_force_configure' from command line to 'False'
[2.082s] Level 5:colcon.colcon_core.verb:set package 'my_drone_bringup' build argument 'ament_cmake_args' from command line to 'None'
[2.082s] Level 5:colcon.colcon_core.verb:set package 'my_drone_bringup' build argument 'catkin_cmake_args' from command line to 'None'
[2.082s] Level 5:colcon.colcon_core.verb:set package 'my_drone_bringup' build argument 'catkin_skip_building_tests' from command line to 'False'
[2.083s] DEBUG:colcon.colcon_core.verb:Building package 'my_drone_bringup' with the following arguments: {'ament_cmake_args': None, 'build_base': '/home/spiderweb/TestBase/build/my_drone_bringup', 'catkin_cmake_args': None, 'catkin_skip_building_tests': False, 'cmake_args': None, 'cmake_clean_cache': False, 'cmake_clean_first': False, 'cmake_force_configure': False, 'cmake_target': None, 'cmake_target_skip_unavailable': False, 'install_base': '/home/spiderweb/TestBase/install/my_drone_bringup', 'merge_install': False, 'path': '/home/spiderweb/TestBase/src/my_drone_bringup', 'symlink_install': False, 'test_result_base': None}
[2.085s] INFO:colcon.colcon_core.executor:Executing jobs using 'parallel' executor
[2.099s] DEBUG:colcon.colcon_parallel_executor.executor.parallel:run_until_complete
[2.100s] INFO:colcon.colcon_ros.task.ament_cmake.build:Building ROS package in '/home/spiderweb/TestBase/src/more_interfaces' with build type 'ament_cmake'
[2.101s] INFO:colcon.colcon_cmake.task.cmake.build:Building CMake package in '/home/spiderweb/TestBase/src/more_interfaces'
[2.121s] INFO:colcon.colcon_core.plugin_system:Skipping extension 'colcon_core.shell.bat': Not used on non-Windows systems
[2.122s] INFO:colcon.colcon_core.shell:Skip shell extension 'powershell' for command environment: Not usable outside of PowerShell
[2.122s] DEBUG:colcon.colcon_core.shell:Skip shell extension 'dsv' for command environment
[2.169s] DEBUG:colcon.colcon_core.event_handler.log_command:Invoking command in '/home/spiderweb/TestBase/build/more_interfaces': CMAKE_PREFIX_PATH=${CMAKE_PREFIX_PATH}:/home/spiderweb/TestBase/install/my_station_pkg:/opt/ros/humble /usr/bin/cmake --build /home/spiderweb/TestBase/build/more_interfaces -- -j4 -l4
[4.078s] DEBUG:colcon.colcon_core.event_handler.log_command:Invoked command in '/home/spiderweb/TestBase/build/more_interfaces' returned '0': CMAKE_PREFIX_PATH=${CMAKE_PREFIX_PATH}:/home/spiderweb/TestBase/install/my_station_pkg:/opt/ros/humble /usr/bin/cmake --build /home/spiderweb/TestBase/build/more_interfaces -- -j4 -l4
[5.587s] DEBUG:colcon.colcon_core.event_handler.log_command:Invoking command in '/home/spiderweb/TestBase/build/more_interfaces': CMAKE_PREFIX_PATH=${CMAKE_PREFIX_PATH}:/home/spiderweb/TestBase/install/my_station_pkg:/opt/ros/humble /usr/bin/cmake --install /home/spiderweb/TestBase/build/more_interfaces
[5.932s] Level 1:colcon.colcon_core.environment:create_environment_scripts_only(more_interfaces)
[5.935s] DEBUG:colcon.colcon_core.event_handler.log_command:Invoked command in '/home/spiderweb/TestBase/build/more_interfaces' returned '0': CMAKE_PREFIX_PATH=${CMAKE_PREFIX_PATH}:/home/spiderweb/TestBase/install/my_station_pkg:/opt/ros/humble /usr/bin/cmake --install /home/spiderweb/TestBase/build/more_interfaces
[5.955s] Level 1:colcon.colcon_core.environment:checking '/home/spiderweb/TestBase/install/more_interfaces' for CMake module files
[5.960s] Level 1:colcon.colcon_core.environment:checking '/home/spiderweb/TestBase/install/more_interfaces' for CMake config files
[5.963s] Level 1:colcon.colcon_core.shell:create_environment_hook('more_interfaces', 'cmake_prefix_path')
[5.968s] INFO:colcon.colcon_core.shell:Creating environment hook '/home/spiderweb/TestBase/install/more_interfaces/share/more_interfaces/hook/cmake_prefix_path.ps1'
[5.970s] INFO:colcon.colcon_core.shell:Creating environment descriptor '/home/spiderweb/TestBase/install/more_interfaces/share/more_interfaces/hook/cmake_prefix_path.dsv'
[5.972s] INFO:colcon.colcon_core.shell:Creating environment hook '/home/spiderweb/TestBase/install/more_interfaces/share/more_interfaces/hook/cmake_prefix_path.sh'
[5.976s] Level 1:colcon.colcon_core.environment:checking '/home/spiderweb/TestBase/install/more_interfaces/lib'
[5.977s] Level 1:colcon.colcon_core.shell:create_environment_hook('more_interfaces', 'ld_library_path_lib')
[5.982s] INFO:colcon.colcon_core.shell:Creating environment hook '/home/spiderweb/TestBase/install/more_interfaces/share/more_interfaces/hook/ld_library_path_lib.ps1'
[5.984s] INFO:colcon.colcon_core.shell:Creating environment descriptor '/home/spiderweb/TestBase/install/more_interfaces/share/more_interfaces/hook/ld_library_path_lib.dsv'
[5.985s] INFO:colcon.colcon_core.shell:Creating environment hook '/home/spiderweb/TestBase/install/more_interfaces/share/more_interfaces/hook/ld_library_path_lib.sh'
[5.987s] Level 1:colcon.colcon_core.environment:checking '/home/spiderweb/TestBase/install/more_interfaces/bin'
[5.988s] Level 1:colcon.colcon_core.environment:checking '/home/spiderweb/TestBase/install/more_interfaces/lib/pkgconfig/more_interfaces.pc'
[5.989s] Level 1:colcon.colcon_core.environment:checking '/home/spiderweb/TestBase/install/more_interfaces/lib/python3.10/site-packages'
[5.990s] Level 1:colcon.colcon_core.environment:checking '/home/spiderweb/TestBase/install/more_interfaces/bin'
[5.995s] INFO:colcon.colcon_core.shell:Creating package script '/home/spiderweb/TestBase/install/more_interfaces/share/more_interfaces/package.ps1'
[5.999s] INFO:colcon.colcon_core.shell:Creating package descriptor '/home/spiderweb/TestBase/install/more_interfaces/share/more_interfaces/package.dsv'
[6.001s] INFO:colcon.colcon_core.shell:Creating package script '/home/spiderweb/TestBase/install/more_interfaces/share/more_interfaces/package.sh'
[6.004s] INFO:colcon.colcon_core.shell:Creating package script '/home/spiderweb/TestBase/install/more_interfaces/share/more_interfaces/package.bash'
[6.008s] INFO:colcon.colcon_core.shell:Creating package script '/home/spiderweb/TestBase/install/more_interfaces/share/more_interfaces/package.zsh'
[6.011s] Level 1:colcon.colcon_core.environment:create_file_with_runtime_dependencies(/home/spiderweb/TestBase/install/more_interfaces/share/colcon-core/packages/more_interfaces)
[7.534s] Level 1:colcon.colcon_core.environment:create_environment_scripts_only(more_interfaces)
[7.543s] Level 1:colcon.colcon_core.environment:checking '/home/spiderweb/TestBase/install/more_interfaces' for CMake module files
[7.547s] Level 1:colcon.colcon_core.environment:checking '/home/spiderweb/TestBase/install/more_interfaces' for CMake config files
[7.551s] Level 1:colcon.colcon_core.shell:create_environment_hook('more_interfaces', 'cmake_prefix_path')
[7.556s] INFO:colcon.colcon_core.shell:Creating environment hook '/home/spiderweb/TestBase/install/more_interfaces/share/more_interfaces/hook/cmake_prefix_path.ps1'
[7.558s] INFO:colcon.colcon_core.shell:Creating environment descriptor '/home/spiderweb/TestBase/install/more_interfaces/share/more_interfaces/hook/cmake_prefix_path.dsv'
[7.560s] INFO:colcon.colcon_core.shell:Creating environment hook '/home/spiderweb/TestBase/install/more_interfaces/share/more_interfaces/hook/cmake_prefix_path.sh'
[7.562s] Level 1:colcon.colcon_core.environment:checking '/home/spiderweb/TestBase/install/more_interfaces/lib'
[7.563s] Level 1:colcon.colcon_core.shell:create_environment_hook('more_interfaces', 'ld_library_path_lib')
[7.569s] INFO:colcon.colcon_core.shell:Creating environment hook '/home/spiderweb/TestBase/install/more_interfaces/share/more_interfaces/hook/ld_library_path_lib.ps1'
[7.571s] INFO:colcon.colcon_core.shell:Creating environment descriptor '/home/spiderweb/TestBase/install/more_interfaces/share/more_interfaces/hook/ld_library_path_lib.dsv'
[7.572s] INFO:colcon.colcon_core.shell:Creating environment hook '/home/spiderweb/TestBase/install/more_interfaces/share/more_interfaces/hook/ld_library_path_lib.sh'
[7.574s] Level 1:colcon.colcon_core.environment:checking '/home/spiderweb/TestBase/install/more_interfaces/bin'
[7.575s] Level 1:colcon.colcon_core.environment:checking '/home/spiderweb/TestBase/install/more_interfaces/lib/pkgconfig/more_interfaces.pc'
[7.576s] Level 1:colcon.colcon_core.environment:checking '/home/spiderweb/TestBase/install/more_interfaces/lib/python3.10/site-packages'
[7.576s] Level 1:colcon.colcon_core.environment:checking '/home/spiderweb/TestBase/install/more_interfaces/bin'
[7.583s] INFO:colcon.colcon_core.shell:Creating package script '/home/spiderweb/TestBase/install/more_interfaces/share/more_interfaces/package.ps1'
[7.585s] INFO:colcon.colcon_core.shell:Creating package descriptor '/home/spiderweb/TestBase/install/more_interfaces/share/more_interfaces/package.dsv'
[7.588s] INFO:colcon.colcon_core.shell:Creating package script '/home/spiderweb/TestBase/install/more_interfaces/share/more_interfaces/package.sh'
[7.590s] INFO:colcon.colcon_core.shell:Creating package script '/home/spiderweb/TestBase/install/more_interfaces/share/more_interfaces/package.bash'
[7.592s] INFO:colcon.colcon_core.shell:Creating package script '/home/spiderweb/TestBase/install/more_interfaces/share/more_interfaces/package.zsh'
[7.594s] Level 1:colcon.colcon_core.environment:create_file_with_runtime_dependencies(/home/spiderweb/TestBase/install/more_interfaces/share/colcon-core/packages/more_interfaces)
[7.595s] INFO:colcon.colcon_ros.task.ament_python.build:Building ROS package in '/home/spiderweb/TestBase/src/my_station_pkg' with build type 'ament_python'
[7.596s] Level 1:colcon.colcon_core.shell:create_environment_hook('my_station_pkg', 'ament_prefix_path')
[7.602s] INFO:colcon.colcon_core.shell:Creating environment hook '/home/spiderweb/TestBase/install/my_station_pkg/share/my_station_pkg/hook/ament_prefix_path.ps1'
[7.604s] INFO:colcon.colcon_core.shell:Creating environment descriptor '/home/spiderweb/TestBase/install/my_station_pkg/share/my_station_pkg/hook/ament_prefix_path.dsv'
[7.606s] INFO:colcon.colcon_core.shell:Creating environment hook '/home/spiderweb/TestBase/install/my_station_pkg/share/my_station_pkg/hook/ament_prefix_path.sh'
[7.614s] INFO:colcon.colcon_core.shell:Skip shell extension 'powershell' for command environment: Not usable outside of PowerShell
[7.614s] DEBUG:colcon.colcon_core.shell:Skip shell extension 'dsv' for command environment
[8.919s] INFO:colcon.colcon_core.task.python.build:Building Python package in '/home/spiderweb/TestBase/src/my_station_pkg'
[8.925s] INFO:colcon.colcon_core.shell:Skip shell extension 'powershell' for command environment: Not usable outside of PowerShell
[8.925s] DEBUG:colcon.colcon_core.shell:Skip shell extension 'dsv' for command environment
[10.699s] DEBUG:colcon.colcon_core.event_handler.log_command:Invoking command in '/home/spiderweb/TestBase/src/my_station_pkg': CMAKE_PREFIX_PATH=/home/spiderweb/TestBase/install/more_interfaces:/home/spiderweb/TestBase/install/my_drone_bringup PYTHONPATH=/home/spiderweb/TestBase/build/my_station_pkg/prefix_override:/home/spiderweb/TestBase/install/my_station_pkg/lib/python3.10/site-packages:${PYTHONPATH} /usr/bin/python3 setup.py egg_info --egg-base ../../build/my_station_pkg build --build-base /home/spiderweb/TestBase/build/my_station_pkg/build install --record /home/spiderweb/TestBase/build/my_station_pkg/install.log --single-version-externally-managed
[12.165s] Level 1:colcon.colcon_core.environment:checking '/home/spiderweb/TestBase/install/my_station_pkg' for CMake module files
[12.167s] DEBUG:colcon.colcon_core.event_handler.log_command:Invoked command in '/home/spiderweb/TestBase/src/my_station_pkg' returned '0': CMAKE_PREFIX_PATH=/home/spiderweb/TestBase/install/more_interfaces:/home/spiderweb/TestBase/install/my_drone_bringup PYTHONPATH=/home/spiderweb/TestBase/build/my_station_pkg/prefix_override:/home/spiderweb/TestBase/install/my_station_pkg/lib/python3.10/site-packages:${PYTHONPATH} /usr/bin/python3 setup.py egg_info --egg-base ../../build/my_station_pkg build --build-base /home/spiderweb/TestBase/build/my_station_pkg/build install --record /home/spiderweb/TestBase/build/my_station_pkg/install.log --single-version-externally-managed
[12.169s] Level 1:colcon.colcon_core.environment:checking '/home/spiderweb/TestBase/install/my_station_pkg' for CMake config files
[12.173s] Level 1:colcon.colcon_core.environment:checking '/home/spiderweb/TestBase/install/my_station_pkg/lib'
[12.174s] Level 1:colcon.colcon_core.environment:checking '/home/spiderweb/TestBase/install/my_station_pkg/bin'
[12.174s] Level 1:colcon.colcon_core.environment:checking '/home/spiderweb/TestBase/install/my_station_pkg/lib/pkgconfig/my_station_pkg.pc'
[12.175s] Level 1:colcon.colcon_core.environment:checking '/home/spiderweb/TestBase/install/my_station_pkg/lib/python3.10/site-packages'
[12.175s] Level 1:colcon.colcon_core.shell:create_environment_hook('my_station_pkg', 'pythonpath')
[12.181s] INFO:colcon.colcon_core.shell:Creating environment hook '/home/spiderweb/TestBase/install/my_station_pkg/share/my_station_pkg/hook/pythonpath.ps1'
[12.184s] INFO:colcon.colcon_core.shell:Creating environment descriptor '/home/spiderweb/TestBase/install/my_station_pkg/share/my_station_pkg/hook/pythonpath.dsv'
[12.185s] INFO:colcon.colcon_core.shell:Creating environment hook '/home/spiderweb/TestBase/install/my_station_pkg/share/my_station_pkg/hook/pythonpath.sh'
[12.188s] Level 1:colcon.colcon_core.environment:checking '/home/spiderweb/TestBase/install/my_station_pkg/bin'
[12.189s] Level 1:colcon.colcon_core.environment:create_environment_scripts_only(my_station_pkg)
[12.195s] INFO:colcon.colcon_core.shell:Creating package script '/home/spiderweb/TestBase/install/my_station_pkg/share/my_station_pkg/package.ps1'
[12.197s] INFO:colcon.colcon_core.shell:Creating package descriptor '/home/spiderweb/TestBase/install/my_station_pkg/share/my_station_pkg/package.dsv'
[12.199s] INFO:colcon.colcon_core.shell:Creating package script '/home/spiderweb/TestBase/install/my_station_pkg/share/my_station_pkg/package.sh'
[12.201s] INFO:colcon.colcon_core.shell:Creating package script '/home/spiderweb/TestBase/install/my_station_pkg/share/my_station_pkg/package.bash'
[12.203s] INFO:colcon.colcon_core.shell:Creating package script '/home/spiderweb/TestBase/install/my_station_pkg/share/my_station_pkg/package.zsh'
[12.204s] Level 1:colcon.colcon_core.environment:create_file_with_runtime_dependencies(/home/spiderweb/TestBase/install/my_station_pkg/share/colcon-core/packages/my_station_pkg)
[12.206s] INFO:colcon.colcon_ros.task.ament_cmake.build:Building ROS package in '/home/spiderweb/TestBase/src/my_drone_bringup' with build type 'ament_cmake'
[12.207s] INFO:colcon.colcon_cmake.task.cmake.build:Building CMake package in '/home/spiderweb/TestBase/src/my_drone_bringup'
[12.212s] INFO:colcon.colcon_core.shell:Skip shell extension 'powershell' for command environment: Not usable outside of PowerShell
[12.213s] DEBUG:colcon.colcon_core.shell:Skip shell extension 'dsv' for command environment
[12.277s] DEBUG:colcon.colcon_core.event_handler.log_command:Invoking command in '/home/spiderweb/TestBase/build/my_drone_bringup': AMENT_PREFIX_PATH=/home/spiderweb/TestBase/install/my_station_pkg:/home/spiderweb/TestBase/install/my_drone_bringup:/home/spiderweb/TestBase/install/more_interfaces:/opt/ros/humble CMAKE_PREFIX_PATH=/home/spiderweb/TestBase/install/more_interfaces:/home/spiderweb/TestBase/install/my_drone_bringup:/home/spiderweb/TestBase/install/my_station_pkg:/opt/ros/humble /usr/bin/cmake --build /home/spiderweb/TestBase/build/my_drone_bringup -- -j4 -l4
[12.419s] DEBUG:colcon.colcon_core.event_handler.log_command:Invoked command in '/home/spiderweb/TestBase/build/my_drone_bringup' returned '0': AMENT_PREFIX_PATH=/home/spiderweb/TestBase/install/my_station_pkg:/home/spiderweb/TestBase/install/my_drone_bringup:/home/spiderweb/TestBase/install/more_interfaces:/opt/ros/humble CMAKE_PREFIX_PATH=/home/spiderweb/TestBase/install/more_interfaces:/home/spiderweb/TestBase/install/my_drone_bringup:/home/spiderweb/TestBase/install/my_station_pkg:/opt/ros/humble /usr/bin/cmake --build /home/spiderweb/TestBase/build/my_drone_bringup -- -j4 -l4
[12.546s] DEBUG:colcon.colcon_core.event_handler.log_command:Invoking command in '/home/spiderweb/TestBase/build/my_drone_bringup': AMENT_PREFIX_PATH=/home/spiderweb/TestBase/install/my_station_pkg:/home/spiderweb/TestBase/install/my_drone_bringup:/home/spiderweb/TestBase/install/more_interfaces:/opt/ros/humble CMAKE_PREFIX_PATH=/home/spiderweb/TestBase/install/more_interfaces:/home/spiderweb/TestBase/install/my_drone_bringup:/home/spiderweb/TestBase/install/my_station_pkg:/opt/ros/humble /usr/bin/cmake --install /home/spiderweb/TestBase/build/my_drone_bringup
[12.587s] Level 1:colcon.colcon_core.environment:create_environment_scripts_only(my_drone_bringup)
[12.596s] Level 1:colcon.colcon_core.environment:checking '/home/spiderweb/TestBase/install/my_drone_bringup' for CMake module files
[12.597s] DEBUG:colcon.colcon_core.event_handler.log_command:Invoked command in '/home/spiderweb/TestBase/build/my_drone_bringup' returned '0': AMENT_PREFIX_PATH=/home/spiderweb/TestBase/install/my_station_pkg:/home/spiderweb/TestBase/install/my_drone_bringup:/home/spiderweb/TestBase/install/more_interfaces:/opt/ros/humble CMAKE_PREFIX_PATH=/home/spiderweb/TestBase/install/more_interfaces:/home/spiderweb/TestBase/install/my_drone_bringup:/home/spiderweb/TestBase/install/my_station_pkg:/opt/ros/humble /usr/bin/cmake --install /home/spiderweb/TestBase/build/my_drone_bringup
[12.600s] Level 1:colcon.colcon_core.environment:checking '/home/spiderweb/TestBase/install/my_drone_bringup' for CMake config files
[12.602s] Level 1:colcon.colcon_core.shell:create_environment_hook('my_drone_bringup', 'cmake_prefix_path')
[12.607s] INFO:colcon.colcon_core.shell:Creating environment hook '/home/spiderweb/TestBase/install/my_drone_bringup/share/my_drone_bringup/hook/cmake_prefix_path.ps1'
[12.609s] INFO:colcon.colcon_core.shell:Creating environment descriptor '/home/spiderweb/TestBase/install/my_drone_bringup/share/my_drone_bringup/hook/cmake_prefix_path.dsv'
[12.611s] INFO:colcon.colcon_core.shell:Creating environment hook '/home/spiderweb/TestBase/install/my_drone_bringup/share/my_drone_bringup/hook/cmake_prefix_path.sh'
[12.614s] Level 1:colcon.colcon_core.environment:checking '/home/spiderweb/TestBase/install/my_drone_bringup/bin'
[12.614s] Level 1:colcon.colcon_core.environment:checking '/home/spiderweb/TestBase/install/my_drone_bringup/lib/pkgconfig/my_drone_bringup.pc'
[12.615s] Level 1:colcon.colcon_core.environment:checking '/home/spiderweb/TestBase/install/my_drone_bringup/lib/python3.10/site-packages'
[12.616s] Level 1:colcon.colcon_core.environment:checking '/home/spiderweb/TestBase/install/my_drone_bringup/bin'
[12.622s] INFO:colcon.colcon_core.shell:Creating package script '/home/spiderweb/TestBase/install/my_drone_bringup/share/my_drone_bringup/package.ps1'
[12.624s] INFO:colcon.colcon_core.shell:Creating package descriptor '/home/spiderweb/TestBase/install/my_drone_bringup/share/my_drone_bringup/package.dsv'
[12.626s] INFO:colcon.colcon_core.shell:Creating package script '/home/spiderweb/TestBase/install/my_drone_bringup/share/my_drone_bringup/package.sh'
[12.628s] INFO:colcon.colcon_core.shell:Creating package script '/home/spiderweb/TestBase/install/my_drone_bringup/share/my_drone_bringup/package.bash'
[12.630s] INFO:colcon.colcon_core.shell:Creating package script '/home/spiderweb/TestBase/install/my_drone_bringup/share/my_drone_bringup/package.zsh'
[12.632s] Level 1:colcon.colcon_core.environment:create_file_with_runtime_dependencies(/home/spiderweb/TestBase/install/my_drone_bringup/share/colcon-core/packages/my_drone_bringup)
[12.753s] Level 1:colcon.colcon_core.environment:create_environment_scripts_only(my_drone_bringup)
[12.761s] Level 1:colcon.colcon_core.environment:checking '/home/spiderweb/TestBase/install/my_drone_bringup' for CMake module files
[12.764s] Level 1:colcon.colcon_core.environment:checking '/home/spiderweb/TestBase/install/my_drone_bringup' for CMake config files
[12.766s] Level 1:colcon.colcon_core.shell:create_environment_hook('my_drone_bringup', 'cmake_prefix_path')
[12.772s] INFO:colcon.colcon_core.shell:Creating environment hook '/home/spiderweb/TestBase/install/my_drone_bringup/share/my_drone_bringup/hook/cmake_prefix_path.ps1'
[12.774s] INFO:colcon.colcon_core.shell:Creating environment descriptor '/home/spiderweb/TestBase/install/my_drone_bringup/share/my_drone_bringup/hook/cmake_prefix_path.dsv'
[12.776s] INFO:colcon.colcon_core.shell:Creating environment hook '/home/spiderweb/TestBase/install/my_drone_bringup/share/my_drone_bringup/hook/cmake_prefix_path.sh'
[12.780s] Level 1:colcon.colcon_core.environment:checking '/home/spiderweb/TestBase/install/my_drone_bringup/bin'
[12.780s] Level 1:colcon.colcon_core.environment:checking '/home/spiderweb/TestBase/install/my_drone_bringup/lib/pkgconfig/my_drone_bringup.pc'
[12.781s] Level 1:colcon.colcon_core.environment:checking '/home/spiderweb/TestBase/install/my_drone_bringup/lib/python3.10/site-packages'
[12.782s] Level 1:colcon.colcon_core.environment:checking '/home/spiderweb/TestBase/install/my_drone_bringup/bin'
[12.788s] INFO:colcon.colcon_core.shell:Creating package script '/home/spiderweb/TestBase/install/my_drone_bringup/share/my_drone_bringup/package.ps1'
[12.790s] INFO:colcon.colcon_core.shell:Creating package descriptor '/home/spiderweb/TestBase/install/my_drone_bringup/share/my_drone_bringup/package.dsv'
[12.793s] INFO:colcon.colcon_core.shell:Creating package script '/home/spiderweb/TestBase/install/my_drone_bringup/share/my_drone_bringup/package.sh'
[12.795s] INFO:colcon.colcon_core.shell:Creating package script '/home/spiderweb/TestBase/install/my_drone_bringup/share/my_drone_bringup/package.bash'
[12.797s] INFO:colcon.colcon_core.shell:Creating package script '/home/spiderweb/TestBase/install/my_drone_bringup/share/my_drone_bringup/package.zsh'
[12.800s] Level 1:colcon.colcon_core.environment:create_file_with_runtime_dependencies(/home/spiderweb/TestBase/install/my_drone_bringup/share/colcon-core/packages/my_drone_bringup)
[12.801s] DEBUG:colcon.colcon_parallel_executor.executor.parallel:closing loop
[12.803s] DEBUG:colcon.colcon_parallel_executor.executor.parallel:loop closed
[12.803s] DEBUG:colcon.colcon_parallel_executor.executor.parallel:run_until_complete finished with '0'
[12.803s] DEBUG:colcon.colcon_core.event_reactor:joining thread
[12.827s] INFO:colcon.colcon_core.plugin_system:Skipping extension 'colcon_notification.desktop_notification.notify_send': Could not find 'notify-send'
[12.827s] INFO:colcon.colcon_core.plugin_system:Skipping extension 'colcon_notification.desktop_notification.terminal_notifier': Not used on non-Darwin systems
[12.827s] INFO:colcon.colcon_core.plugin_system:Skipping extension 'colcon_notification.desktop_notification.win32': Not used on non-Windows systems
[12.828s] INFO:colcon.colcon_notification.desktop_notification:Sending desktop notification using 'notify2'
[12.831s] DEBUG:colcon.colcon_notification.desktop_notification.notify2:Failed to initialize notify2: org.freedesktop.DBus.Error.ServiceUnknown: The name org.freedesktop.Notifications was not provided by any .service files
[12.831s] DEBUG:colcon.colcon_core.event_reactor:joined thread
[12.837s] INFO:colcon.colcon_core.shell:Creating prefix script '/home/spiderweb/TestBase/install/local_setup.ps1'
[12.841s] INFO:colcon.colcon_core.shell:Creating prefix util module '/home/spiderweb/TestBase/install/_local_setup_util_ps1.py'
[12.847s] INFO:colcon.colcon_core.shell:Creating prefix chain script '/home/spiderweb/TestBase/install/setup.ps1'
[12.854s] INFO:colcon.colcon_core.shell:Creating prefix script '/home/spiderweb/TestBase/install/local_setup.sh'
[12.856s] INFO:colcon.colcon_core.shell:Creating prefix util module '/home/spiderweb/TestBase/install/_local_setup_util_sh.py'
[12.859s] INFO:colcon.colcon_core.shell:Creating prefix chain script '/home/spiderweb/TestBase/install/setup.sh'
[12.865s] INFO:colcon.colcon_core.shell:Creating prefix script '/home/spiderweb/TestBase/install/local_setup.bash'
[12.868s] INFO:colcon.colcon_core.shell:Creating prefix chain script '/home/spiderweb/TestBase/install/setup.bash'
[12.874s] INFO:colcon.colcon_core.shell:Creating prefix script '/home/spiderweb/TestBase/install/local_setup.zsh'
[12.876s] INFO:colcon.colcon_core.shell:Creating prefix chain script '/home/spiderweb/TestBase/install/setup.zsh'
